Input: [4.000000 10.000000 16.000000 ]
label: [22.000000 28.000000 34.000000 ]
Output: [22.062459 28.003322 33.900014 ]
Error: [-0.062636 -0.003323 0.099692 ]
Training successful
Input: [1.000000 2.000000 3.000000 ]
label: [6.000000 8.000000 10.000000 ]
Output: [6.033769 8.075662 10.099986 ]
Error: [-0.033959 -0.076377 -0.100986 ]
Training successful
Input: [5.000000 7.000000 9.000000 ]
label: [15.000000 21.000000 27.000000 ]
Output: [15.066778 20.954615 26.900012 ]
Error: [-0.067076 0.045287 0.099618 ]
Training successful
in iteration: 0
Input: [4.000000 10.000000 16.000000 ]
label: [22.000000 28.000000 34.000000 ]
Output: [21.986250 28.045973 34.099913 ]
Error: [0.013741 -0.046049 -0.100207 ]
Training successful
Input: [1.000000 2.000000 3.000000 ]
label: [6.000000 8.000000 10.000000 ]
Output: [6.099974 7.976898 9.944353 ]
Error: [-0.101640 0.023035 0.055338 ]
Training successful
Input: [5.000000 7.000000 9.000000 ]
label: [15.000000 21.000000 27.000000 ]
Output: [14.977177 21.048578 27.099960 ]
Error: [0.022788 -0.048691 -0.100330 ]
Training successful
in iteration: 1
Input: [4.000000 10.000000 16.000000 ]
label: [22.000000 28.000000 34.000000 ]
Output: [21.982818 28.099920 34.035736 ]
Error: [0.017168 -0.100277 -0.035774 ]
Training successful
Input: [1.000000 2.000000 3.000000 ]
label: [6.000000 8.000000 10.000000 ]
Output: [6.010961 7.900009 9.904433 ]
Error: [-0.010981 0.098741 0.094653 ]
Training successful
Input: [5.000000 7.000000 9.000000 ]
label: [15.000000 21.000000 27.000000 ]
Output: [14.982180 21.099994 27.077744 ]
Error: [0.017799 -0.100470 -0.077968 ]
Training successful
in iteration: 2
Input: [4.000000 10.000000 16.000000 ]
label: [22.000000 28.000000 34.000000 ]
Output: [21.993676 28.100000 33.993437 ]
Error: [0.006322 -0.100357 0.006561 ]
Training successful
Input: [1.000000 2.000000 3.000000 ]
label: [6.000000 8.000000 10.000000 ]
Output: [6.009355 7.943690 9.900002 ]
Error: [-0.009370 0.055913 0.098998 ]
Training successful
Input: [5.000000 7.000000 9.000000 ]
label: [15.000000 21.000000 27.000000 ]
Output: [14.986045 21.078129 27.099993 ]
Error: [0.013942 -0.078420 -0.100363 ]
Training successful
in iteration: 3
Input: [4.000000 10.000000 16.000000 ]
label: [22.000000 28.000000 34.000000 ]
Output: [21.992523 28.081617 34.099994 ]
Error: [0.007475 -0.081855 -0.100288 ]
Training successful