Error: [-1.#IND00 -1.#IND00 -1.#IND00 ]
Training successful
Input: [1.000000 2.000000 3.000000 ]
label: [6.000000 8.000000 10.000000 ]
Output: [-1.#IND00 -1.#IND00 -1.#IND00 ]
Error: [-1.#IND00 -1.#IND00 -1.#IND00 ]
Training successful
Input: [5.000000 7.000000 9.000000 ]
label: [15.000000 21.000000 27.000000 ]
Output: [-1.#IND00 -1.#IND00 -1.#IND00 ]
Error: [-1.#IND00 -1.#IND00 -1.#IND00 ]
Training successful
in iteration: 36
Input: [4.000000 10.000000 16.000000 ]
label: [22.000000 28.000000 34.000000 ]
Output: [-1.#IND00 -1.#IND00 -1.#IND00 ]
Error: [-1.#IND00 -1.#IND00 -1.#IND00 ]
Training successful
Input: [1.000000 2.000000 3.000000 ]
label: [6.000000 8.000000 10.000000 ]
Output: [-1.#IND00 -1.#IND00 -1.#IND00 ]
Error: [-1.#IND00 -1.#IND00 -1.#IND00 ]
Training successful
Input: [5.000000 7.000000 9.000000 ]
label: [15.000000 21.000000 27.000000 ]
Output: [-1.#IND00 -1.#IND00 -1.#IND00 ]
Error: [-1.#IND00 -1.#IND00 -1.#IND00 ]
Training successful
in iteration: 37
Input: [4.000000 10.000000 16.000000 ]
label: [22.000000 28.000000 34.000000 ]
Output: [-1.#IND00 -1.#IND00 -1.#IND00 ]
Error: [-1.#IND00 -1.#IND00 -1.#IND00 ]
Training successful
Input: [1.000000 2.000000 3.000000 ]
label: [6.000000 8.000000 10.000000 ]
Output: [-1.#IND00 -1.#IND00 -1.#IND00 ]
Error: [-1.#IND00 -1.#IND00 -1.#IND00 ]
Training successful
Input: [5.000000 7.000000 9.000000 ]
label: [15.000000 21.000000 27.000000 ]
Output: [-1.#IND00 -1.#IND00 -1.#IND00 ]
Error: [-1.#IND00 -1.#IND00 -1.#IND00 ]
Training successful
in iteration: 38
Input: [4.000000 10.000000 16.000000 ]
label: [22.000000 28.000000 34.000000 ]
Output: [-1.#IND00 -1.#IND00 -1.#IND00 ]
Error: [-1.#IND00 -1.#IND00 -1.#IND00 ]
Training successful
Input: [1.000000 2.000000 3.000000 ]
label: [6.000000 8.000000 10.000000 ]
Output: [-1.#IND00 -1.#IND00 -1.#IND00 ]
Error: [-1.#IND00 -1.#IND00 -1.#IND00 ]
Training successful
Input: [5.000000 7.000000 9.000000 ]
label: [15.000000 21.000000 27.000000 ]
Output: [-1.#IND00 -1.#IND00 -1.#IND00 ]
Error: [-1.#IND00 -1.#IND00 -1.#IND00 ]
Training successful
in iteration: 39
Input: [4.000000 10.000000 16.000000 ]
label: [22.000000 28.000000 34.000000 ]
Output: [-1.#IND00 -1.#IND00 -1.#IND00 ]
Error: [-1.#IND00 -1.#IND00 -1.#IND00 ]
Training successful
Input: [1.000000 2.000000 3.000000 ]
label: [6.000000 8.000000 10.000000 ]
Output: [-1.#IND00 -1.#IND00 -1.#IND00 ]
Error: [-1.#IND00 -1.#IND00 -1.#IND00 ]
Training successful
Input: [5.000000 7.000000 9.000000 ]
label: [15.000000 21.000000 27.000000 ]
Output: [-1.#IND00 -1.#IND00 -1.#IND00 ]
Error: [-1.#IND00 -1.#IND00 -1.#IND00 ]
Training successful
in iteration: 40
Input: [4.000000 10.000000 16.000000 ]
label: [22.000000 28.000000 34.000000 ]
Output: [-1.#IND00 -1.#IND00 -1.#IND00 ]
Error: [-1.#IND00 -1.#IND00 -1.#IND00 ]
Training successful
Input: [1.000000 2.000000 3.000000 ]
label: [6.000000 8.000000 10.000000 ]
Output: [-1.#IND00 -1.#IND00 -1.#IND00 ]
Error: [-1.#IND00 -1.#IND00 -1.#IND00 ]
Training successful
Input: [5.000000 7.000000 9.000000 ]
label: [15.000000 21.000000 27.000000 ]
Output: [-1.#IND00 -1.#IND00 -1.#IND00 ]
Error: [-1.#IND00 -1.#IND00 -1.#IND00 ]
Training successful
in iteration: 41
Input: [4.000000 10.000000 16.000000 ]
label: [22.000000 28.000000 34.000000 ]
Output: [-1.#IND00 -1.#IND00 -1.#IND00 ]
Error: [-1.#IND00 -1.#IND00 -1.#IND00 ]
Training successful
Input: [1.000000 2.000000 3.000000 ]
label: [6.000000 8.000000 10.000000 ]
Output: [-1.#IND00 -1.#IND00 -1.#IND00 ]
Error: [-1.#IND00 -1.#IND00 -1.#IND00 ]
Training successful
Input: [5.000000 7.000000 9.000000 ]
label: [15.000000 21.000000 27.000000 ]
Output: [-1.#IND00 -1.#IND00 -1.#IND00 ]
Error: [-1.#IND00 -1.#IND00 -1.#IND00 ]
Training successful
in iteration: 42
Input: [4.000000 10.000000 16.000000 ]
label: [22.000000 28.000000 34.000000 ]
Output: [-1.#IND00 -1.#IND00 -1.#IND00 ]
Error: [-1.#IND00 -1.#IND00 -1.#IND00 ]
Training successful
Input: [1.000000 2.000000 3.000000 ]
label: [6.000000 8.000000 10.000000 ]
Output: [-1.#IND00 -1.#IND00 -1.#IND00 ]
Error: [-1.#IND00 -1.#IND00 -1.#IND00 ]
Training successful
Input: [5.000000 7.000000 9.000000 ]
label: [15.000000 21.000000 27.000000 ]
Output: [-1.#IND00 -1.#IND00 -1.#IND00 ]
Error: [-1.#IND00 -1.#IND00 -1.#IND00 ]
Training successful
in iteration: 43
Input: [4.000000 10.000000 16.000000 ]
label: [22.000000 28.000000 34.000000 ]
Output: [-1.#IND00 -1.#IND00 -1.#IND00 ]
Error: [-1.#IND00 -1.#IND00 -1.#IND00 ]
Training successful
Input: [1.000000 2.000000 3.000000 ]
label: [6.000000 8.000000 10.000000 ]
Output: [-1.#IND00 -1.#IND00 -1.#IND00 ]
Error: [-1.#IND00 -1.#IND00 -1.#IND00 ]
Training successful
Input: [5.000000 7.000000 9.000000 ]
label: [15.000000 21.000000 27.000000 ]
Output: [-1.#IND00 -1.#IND00 -1.#IND00 ]
Error: [-1.#IND00 -1.#IND00 -1.#IND00 ]
Training successful
in iteration: 44
Input: [4.000000 10.000000 16.000000 ]
label: [22.000000 28.000000 34.000000 ]
Output: [-1.#IND00 -1.#IND00 -1.#IND00 ]
Error: [-1.#IND00 -1.#IND00 -1.#IND00 ]
Training successful
Input: [1.000000 2.000000 3.000000 ]
label: [6.000000 8.000000 10.000000 ]
Output: [-1.#IND00 -1.#IND00 -1.#IND00 ]
Error: [-1.#IND00 -1.#IND00 -1.#IND00 ]
Training successful
Input: [5.000000 7.000000 9.000000 ]
label: [15.000000 21.000000 27.000000 ]
Output: [-1.#IND00 -1.#IND00 -1.#IND00 ]
Error: [-1.#IND00 -1.#IND00 -1.#IND00 ]
Training successful
in iteration: 45
Input: [4.000000 10.000000 16.000000 ]
label: [22.000000 28.000000 34.000000 ]
Output: [-1.#IND00 -1.#IND00 -1.#IND00 ]
Error: [-1.#IND00 -1.#IND00 -1.#IND00 ]
Training successful
Input: [1.000000 2.000000 3.000000 ]
label: [6.000000 8.000000 10.000000 ]
Output: [-1.#IND00 -1.#IND00 -1.#IND00 ]
Error: [-1.#IND00 -1.#IND00 -1.#IND00 ]
Training successful
Input: [5.000000 7.000000 9.000000 ]
label: [15.000000 21.000000 27.000000 ]
Output: [-1.#IND00 -1.#IND00 -1.#IND00 ]
Error: [-1.#IND00 -1.#IND00 -1.#IND00 ]
Training successful
in iteration: 46
Input: [4.000000 10.000000 16.000000 ]
label: [22.000000 28.000000 34.000000 ]
Output: [-1.#IND00 -1.#IND00 -1.#IND00 ]
Error: [-1.#IND00 -1.#IND00 -1.#IND00 ]
Training successful
Input: [1.000000 2.000000 3.000000 ]
label: [6.000000 8.000000 10.000000 ]
Output: [-1.#IND00 -1.#IND00 -1.#IND00 ]
Error: [-1.#IND00 -1.#IND00 -1.#IND00 ]
Training successful
Input: [5.000000 7.000000 9.000000 ]
label: [15.000000 21.000000 27.000000 ]
Output: [-1.#IND00 -1.#IND00 -1.#IND00 ]
Error: [-1.#IND00 -1.#IND00 -1.#IND00 ]
Training successful
in iteration: 47
Input: [4.000000 10.000000 16.000000 ]
label: [22.000000 28.000000 34.000000 ]
Output: [-1.#IND00 -1.#IND00 -1.#IND00 ]
Error: [-1.#IND00 -1.#IND00 -1.#IND00 ]
Training successful
Input: [1.000000 2.000000 3.000000 ]
label: [6.000000 8.000000 10.000000 ]
Output: [-1.#IND00 -1.#IND00 -1.#IND00 ]
Error: [-1.#IND00 -1.#IND00 -1.#IND00 ]
Training successful
Input: [5.000000 7.000000 9.000000 ]
label: [15.000000 21.000000 27.000000 ]
Output: [-1.#IND00 -1.#IND00 -1.#IND00 ]
Error: [-1.#IND00 -1.#IND00 -1.#IND00 ]
Training successful
in iteration: 48
Input: [4.000000 10.000000 16.000000 ]
label: [22.000000 28.000000 34.000000 ]
Output: [-1.#IND00 -1.#IND00 -1.#IND00 ]
Error: [-1.#IND00 -1.#IND00 -1.#IND00 ]
Training successful
Input: [1.000000 2.000000 3.000000 ]
label: [6.000000 8.000000 10.000000 ]
Output: [-1.#IND00 -1.#IND00 -1.#IND00 ]
Error: [-1.#IND00 -1.#IND00 -1.#IND00 ]
Training successful
Input: [5.000000 7.000000 9.000000 ]
label: [15.000000 21.000000 27.000000 ]
Output: [-1.#IND00 -1.#IND00 -1.#IND00 ]
Error: [-1.#IND00 -1.#IND00 -1.#IND00 ]
Training successful
in iteration: 49
Input: [4.000000 10.000000 16.000000 ]
label: [22.000000 28.000000 34.000000 ]
Output: [-1.#IND00 -1.#IND00 -1.#IND00 ]
Error: [-1.#IND00 -1.#IND00 -1.#IND00 ]
Training successful
Input: [1.000000 2.000000 3.000000 ]
label: [6.000000 8.000000 10.000000 ]
Output: [-1.#IND00 -1.#IND00 -1.#IND00 ]
Error: [-1.#IND00 -1.#IND00 -1.#IND00 ]
Training successful
Input: [5.000000 7.000000 9.000000 ]
label: [15.000000 21.000000 27.000000 ]
Output: [-1.#IND00 -1.#IND00 -1.#IND00 ]
Error: [-1.#IND00 -1.#IND00 -1.#IND00 ]
Training successful
in iteration: 50
Input: [4.000000 10.000000 16.000000 ]
label: [22.000000 28.000000 34.000000 ]
Output: [-1.#IND00 -1.#IND00 -1.#IND00 ]
Error: [-1.#IND00 -1.#IND00 -1.#IND00 ]
Training successful
Input: [1.000000 2.000000 3.000000 ]
label: [6.000000 8.000000 10.000000 ]
Output: [-1.#IND00 -1.#IND00 -1.#IND00 ]
Error: [-1.#IND00 -1.#IND00 -1.#IND00 ]
Training successful
Input: [5.000000 7.000000 9.000000 ]
label: [15.000000 21.000000 27.000000 ]
Output: [-1.#IND00 -1.#IND00 -1.#IND00 ]
Error: [-1.#IND00 -1.#IND00 -1.#IND00 ]
Training successful
in iteration: 51
Input: [4.000000 10.000000 16.000000 ]
label: [22.000000 28.000000 34.000000 ]
Output: [-1.#IND00 -1.#IND00 -1.#IND00 ]
Error: [-1.#IND00 -1.#IND00 -1.#IND00 ]
Training successful
Input: [1.000000 2.000000 3.000000 ]
label: [6.000000 8.000000 10.000000 ]
Output: [-1.#IND00 -1.#IND00 -1.#IND00 ]
Error: [-1.#IND00 -1.#IND00 -1.#IND00 ]
Training successful
Input: [5.000000 7.000000 9.000000 ]
label: [15.000000 21.000000 27.000000 ]
Output: [-1.#IND00 -1.#IND00 -1.#IND00 ]
Error: [-1.#IND00 -1.#IND00 -1.#IND00 ]
Training successful
in iteration: 52
Input: [4.000000 10.000000 16.000000 ]
label: [22.000000 28.000000 34.000000 ]
Output: [-1.#IND00 -1.#IND00 -1.#IND00 ]
Error: [-1.#IND00 -1.#IND00 -1.#IND00 ]
Training successful
Input: [1.000000 2.000000 3.000000 ]
label: [6.000000 8.000000 10.000000 ]
Output: [-1.#IND00 -1.#IND00 -1.#IND00 ]
Error: [-1.#IND00 -1.#IND00 -1.#IND00 ]
Training successful
Input: [5.000000 7.000000 9.000000 ]
label: [15.000000 21.000000 27.000000 ]
Output: [-1.#IND00 -1.#IND00 -1.#IND00 ]
Error: [-1.#IND00 -1.#IND00 -1.#IND00 ]
Training successful
in iteration: 53
Input: [4.000000 10.000000 16.000000 ]
label: [22.000000 28.000000 34.000000 ]
Output: [-1.#IND00 -1.#IND00 -1.#IND00 ]
Error: [-1.#IND00 -1.#IND00 -1.#IND00 ]
Training successful
Input: [1.000000 2.000000 3.000000 ]
label: [6.000000 8.000000 10.000000 ]
Output: [-1.#IND00 -1.#IND00 -1.#IND00 ]
Error: [-1.#IND00 -1.#IND00 -1.#IND00 ]
Training successful
Input: [5.000000 7.000000 9.000000 ]
label: [15.000000 21.000000 27.000000 ]
Output: [-1.#IND00 -1.#IND00 -1.#IND00 ]
Error: [-1.#IND00 -1.#IND00 -1.#IND00 ]
Training successful
in iteration: 54
Input: [4.000000 10.000000 16.000000 ]
label: [22.000000 28.000000 34.000000 ]
Output: [-1.#IND00 -1.#IND00 -1.#IND00 ]
Error: [-1.#IND00 -1.#IND00 -1.#IND00 ]
Training successful
Input: [1.000000 2.000000 3.000000 ]
label: [6.000000 8.000000 10.000000 ]
Output: [-1.#IND00 -1.#IND00 -1.#IND00 ]
Error: [-1.#IND00 -1.#IND00 -1.#IND00 ]
Training successful
Input: [5.000000 7.000000 9.000000 ]
label: [15.000000 21.000000 27.000000 ]
Output: [-1.#IND00 -1.#IND00 -1.#IND00 ]
Error: [-1.#IND00 -1.#IND00 -1.#IND00 ]
Training successful
in iteration: 55
Input: [4.000000 10.000000 16.000000 ]
label: [22.000000 28.000000 34.000000 ]
Output: [-1.#IND00 -1.#IND00 -1.#IND00 ]
Error: [-1.#IND00 -1.#IND00 -1.#IND00 ]
Training successful
Input: [1.000000 2.000000 3.000000 ]
label: [6.000000 8.000000 10.000000 ]
Output: [-1.#IND00 -1.#IND00 -1.#IND00 ]
Error: [-1.#IND00 -1.#IND00 -1.#IND00 ]
Training successful
Input: [5.000000 7.000000 9.000000 ]
label: [15.000000 21.000000 27.000000 ]
Output: [-1.#IND00 -1.#IND00 -1.#IND00 ]
Error: [-1.#IND00 -1.#IND00 -1.#IND00 ]
Training successful
in iteration: 56
Input: [4.000000 10.000000 16.000000 ]
label: [22.000000 28.000000 34.000000 ]
Output: [-1.#IND00 -1.#IND00 -1.#IND00 ]
Error: [-1.#IND00 -1.#IND00 -1.#IND00 ]
Training successful
Input: [1.000000 2.000000 3.000000 ]
label: [6.000000 8.000000 10.000000 ]
Output: [-1.#IND00 -1.#IND00 -1.#IND00 ]
Error: [-1.#IND00 -1.#IND00 -1.#IND00 ]
Training successful
Input: [5.000000 7.000000 9.000000 ]
label: [15.000000 21.000000 27.000000 ]
Output: [-1.#IND00 -1.#IND00 -1.#IND00 ]
Error: [-1.#IND00 -1.#IND00 -1.#IND00 ]
Training successful
in iteration: 57
Input: [4.000000 10.000000 16.000000 ]
label: [22.000000 28.000000 34.000000 ]
Output: [-1.#IND00 -1.#IND00 -1.#IND00 ]
Error: [-1.#IND00 -1.#IND00 -1.#IND00 ]
Training successful
Input: [1.000000 2.000000 3.000000 ]
label: [6.000000 8.000000 10.000000 ]
Output: [-1.#IND00 -1.#IND00 -1.#IND00 ]
Error: [-1.#IND00 -1.#IND00 -1.#IND00 ]
Training successful
Input: [5.000000 7.000000 9.000000 ]
label: [15.000000 21.000000 27.000000 ]
Output: [-1.#IND00 -1.#IND00 -1.#IND00 ]
Error: [-1.#IND00 -1.#IND00 -1.#IND00 ]
Training successful
in iteration: 58
Input: [4.000000 10.000000 16.000000 ]
label: [22.000000 28.000000 34.000000 ]
Output: [-1.#IND00 -1.#IND00 -1.#IND00 ]
Error: [-1.#IND00 -1.#IND00 -1.#IND00 ]
Training successful
Input: [1.000000 2.000000 3.000000 ]
label: [6.000000 8.000000 10.000000 ]
Output: [-1.#IND00 -1.#IND00 -1.#IND00 ]
Error: [-1.#IND00 -1.#IND00 -1.#IND00 ]
Training successful
Input: [5.000000 7.000000 9.000000 ]
label: [15.000000 21.000000 27.000000 ]
Output: [-1.#IND00 -1.#IND00 -1.#IND00 ]
Error: [-1.#IND00 -1.#IND00 -1.#IND00 ]
Training successful
in iteration: 59
Input: [4.000000 10.000000 16.000000 ]
label: [22.000000 28.000000 34.000000 ]
Output: [-1.#IND00 -1.#IND00 -1.#IND00 ]
Error: [-1.#IND00 -1.#IND00 -1.#IND00 ]
Training successful
Input: [1.000000 2.000000 3.000000 ]
label: [6.000000 8.000000 10.000000 ]
Output: [-1.#IND00 -1.#IND00 -1.#IND00 ]
Error: [-1.#IND00 -1.#IND00 -1.#IND00 ]
Training successful
Input: [5.000000 7.000000 9.000000 ]
label: [15.000000 21.000000 27.000000 ]
Output: [-1.#IND00 -1.#IND00 -1.#IND00 ]
Error: [-1.#IND00 -1.#IND00 -1.#IND00 ]
Training successful
in iteration: 60
Input: [4.000000 10.000000 16.000000 ]
label: [22.000000 28.000000 34.000000 ]
Output: [-1.#IND00 -1.#IND00 -1.#IND00 ]
Error: [-1.#IND00 -1.#IND00 -1.#IND00 ]
Training successful
Input: [1.000000 2.000000 3.000000 ]
label: [6.000000 8.000000 10.000000 ]
Output: [-1.#IND00 -1.#IND00 -1.#IND00 ]
Error: [-1.#IND00 -1.#IND00 -1.#IND00 ]
Training successful
Input: [5.000000 7.000000 9.000000 ]
label: [15.000000 21.000000 27.000000 ]
Output: [-1.#IND00 -1.#IND00 -1.#IND00 ]
Error: [-1.#IND00 -1.#IND00 -1.#IND00 ]
Training successful
in iteration: 61
Input: [4.000000 10.000000 16.000000 ]
label: [22.000000 28.000000 34.000000 ]
Output: [-1.#IND00 -1.#IND00 -1.#IND00 ]
Error: [-1.#IND00 -1.#IND00 -1.#IND00 ]
Training successful
Input: [1.000000 2.000000 3.000000 ]
label: [6.000000 8.000000 10.000000 ]
Output: [-1.#IND00 -1.#IND00 -1.#IND00 ]
Error: [-1.#IND00 -1.#IND00 -1.#IND00 ]
Training successful
Input: [5.000000 7.000000 9.000000 ]
label: [15.000000 21.000000 27.000000 ]
Output: [-1.#IND00 -1.#IND00 -1.#IND00 ]
Error: [-1.#IND00 -1.#IND00 -1.#IND00 ]
Training successful
in iteration: 62
Input: [4.000000 10.000000 16.000000 ]
label: [22.000000 28.000000 34.000000 ]
Output: [-1.#IND00 -1.#IND00 -1.#IND00 ]
Error: [-1.#IND00 -1.#IND00 -1.#IND00 ]
Training successful
Input: [1.000000 2.000000 3.000000 ]
label: [6.000000 8.000000 10.000000 ]
Output: [-1.#IND00 -1.#IND00 -1.#IND00 ]
Error: [-1.#IND00 -1.#IND00 -1.#IND00 ]
Training successful
Input: [5.000000 7.000000 9.000000 ]
label: [15.000000 21.000000 27.000000 ]
Output: [-1.#IND00 -1.#IND00 -1.#IND00 ]
Error: [-1.#IND00 -1.#IND00 -1.#IND00 ]
Training successful
in iteration: 63
Input: [4.000000 10.000000 16.000000 ]
label: [22.000000 28.000000 34.000000 ]
Output: [-1.#IND00 -1.#IND00 -1.#IND00 ]
Error: [-1.#IND00 -1.#IND00 -1.#IND00 ]
Training successful
Input: [1.000000 2.000000 3.000000 ]
label: [6.000000 8.000000 10.000000 ]
Output: [-1.#IND00 -1.#IND00 -1.#IND00 ]
Error: [-1.#IND00 -1.#IND00 -1.#IND00 ]
Training successful
Input: [5.000000 7.000000 9.000000 ]
label: [15.000000 21.000000 27.000000 ]
Output: [-1.#IND00 -1.#IND00 -1.#IND00 ]
Error: [-1.#IND00 -1.#IND00 -1.#IND00 ]
Training successful
in iteration: 64
Input: [4.000000 10.000000 16.000000 ]
label: [22.000000 28.000000 34.000000 ]
Output: [-1.#IND00 -1.#IND00 -1.#IND00 ]
Error: [-1.#IND00 -1.#IND00 -1.#IND00 ]
Training successful
Input: [1.000000 2.000000 3.000000 ]
label: [6.000000 8.000000 10.000000 ]
Output: [-1.#IND00 -1.#IND00 -1.#IND00 ]
Error: [-1.#IND00 -1.#IND00 -1.#IND00 ]
Training successful
Input: [5.000000 7.000000 9.000000 ]
label: [15.000000 21.000000 27.000000 ]
Output: [-1.#IND00 -1.#IND00 -1.#IND00 ]
Error: [-1.#IND00 -1.#IND00 -1.#IND00 ]
Training successful
in iteration: 65
Input: [4.000000 10.000000 16.000000 ]
label: [22.000000 28.000000 34.000000 ]
Output: [-1.#IND00 -1.#IND00 -1.#IND00 ]
Error: [-1.#IND00 -1.#IND00 -1.#IND00 ]
Training successful
Input: [1.000000 2.000000 3.000000 ]
label: [6.000000 8.000000 10.000000 ]
Output: [-1.#IND00 -1.#IND00 -1.#IND00 ]
Error: [-1.#IND00 -1.#IND00 -1.#IND00 ]
Training successful
Input: [5.000000 7.000000 9.000000 ]
label: [15.000000 21.000000 27.000000 ]
Output: [-1.#IND00 -1.#IND00 -1.#IND00 ]
Error: [-1.#IND00 -1.#IND00 -1.#IND00 ]
Training successful
in iteration: 66
Input: [4.000000 10.000000 16.000000 ]
label: [22.000000 28.000000 34.000000 ]
Output: [-1.#IND00 -1.#IND00 -1.#IND00 ]
Error: [-1.#IND00 -1.#IND00 -1.#IND00 ]
Training successful
Input: [1.000000 2.000000 3.000000 ]
label: [6.000000 8.000000 10.000000 ]
Output: [-1.#IND00 -1.#IND00 -1.#IND00 ]
Error: [-1.#IND00 -1.#IND00 -1.#IND00 ]
Training successful
Input: [5.000000 7.000000 9.000000 ]
label: [15.000000 21.000000 27.000000 ]
Output: [-1.#IND00 -1.#IND00 -1.#IND00 ]
Error: [-1.#IND00 -1.#IND00 -1.#IND00 ]
Training successful
in iteration: 67
Input: [4.000000 10.000000 16.000000 ]
label: [22.000000 28.000000 34.000000 ]
Output: [-1.#IND00 -1.#IND00 -1.#IND00 ]
Error: [-1.#IND00 -1.#IND00 -1.#IND00 ]
Training successful
Input: [1.000000 2.000000 3.000000 ]
label: [6.000000 8.000000 10.000000 ]
Output: [-1.#IND00 -1.#IND00 -1.#IND00 ]
Error: [-1.#IND00 -1.#IND00 -1.#IND00 ]
Training successful
Input: [5.000000 7.000000 9.000000 ]
label: [15.000000 21.000000 27.000000 ]
Output: [-1.#IND00 -1.#IND00 -1.#IND00 ]
Error: [-1.#IND00 -1.#IND00 -1.#IND00 ]
Training successful
in iteration: 68
Input: [4.000000 10.000000 16.000000 ]
label: [22.000000 28.000000 34.000000 ]
Output: [-1.#IND00 -1.#IND00 -1.#IND00 ]
Error: [-1.#IND00 -1.#IND00 -1.#IND00 ]
Training successful
Input: [1.000000 2.000000 3.000000 ]
label: [6.000000 8.000000 10.000000 ]
Output: [-1.#IND00 -1.#IND00 -1.#IND00 ]
Error: [-1.#IND00 -1.#IND00 -1.#IND00 ]
Training successful
Input: [5.000000 7.000000 9.000000 ]
label: [15.000000 21.000000 27.000000 ]
Output: [-1.#IND00 -1.#IND00 -1.#IND00 ]
Error: [-1.#IND00 -1.#IND00 -1.#IND00 ]
Training successful
in iteration: 69
Input: [4.000000 10.000000 16.000000 ]
label: [22.000000 28.000000 34.000000 ]
Output: [-1.#IND00 -1.#IND00 -1.#IND00 ]
Error: [-1.#IND00 -1.#IND00 -1.#IND00 ]
Training successful
Input: [1.000000 2.000000 3.000000 ]
label: [6.000000 8.000000 10.000000 ]
Output: [-1.#IND00 -1.#IND00 -1.#IND00 ]
Error: [-1.#IND00 -1.#IND00 -1.#IND00 ]
Training successful
Input: [5.000000 7.000000 9.000000 ]
label: [15.000000 21.000000 27.000000 ]
Output: [-1.#IND00 -1.#IND00 -1.#IND00 ]
Error: [-1.#IND00 -1.#IND00 -1.#IND00 ]
Training successful
in iteration: 70
Input: [4.000000 10.000000 16.000000 ]
label: [22.000000 28.000000 34.000000 ]
Output: [-1.#IND00 -1.#IND00 -1.#IND00 ]
Error: [-1.#IND00 -1.#IND00 -1.#IND00 ]
Training successful
Input: [1.000000 2.000000 3.000000 ]
label: [6.000000 8.000000 10.000000 ]
Output: [-1.#IND00 -1.#IND00 -1.#IND00 ]
Error: [-1.#IND00 -1.#IND00 -1.#IND00 ]
Training successful
Input: [5.000000 7.000000 9.000000 ]
label: [15.000000 21.000000 27.000000 ]
Output: [-1.#IND00 -1.#IND00 -1.#IND00 ]
Error: [-1.#IND00 -1.#IND00 -1.#IND00 ]
Training successful
in iteration: 71
Input: [4.000000 10.000000 16.000000 ]
label: [22.000000 28.000000 34.000000 ]
Output: [-1.#IND00 -1.#IND00 -1.#IND00 ]
Error: [-1.#IND00 -1.#IND00 -1.#IND00 ]
Training successful
Input: [1.000000 2.000000 3.000000 ]
label: [6.000000 8.000000 10.000000 ]
Output: [-1.#IND00 -1.#IND00 -1.#IND00 ]
Error: [-1.#IND00 -1.#IND00 -1.#IND00 ]
Training successful
Input: [5.000000 7.000000 9.000000 ]
label: [15.000000 21.000000 27.000000 ]
Output: [-1.#IND00 -1.#IND00 -1.#IND00 ]
Error: [-1.#IND00 -1.#IND00 -1.#IND00 ]
Training successful
in iteration: 72
Input: [4.000000 10.000000 16.000000 ]
label: [22.000000 28.000000 34.000000 ]
Output: [-1.#IND00 -1.#IND00 -1.#IND00 ]
Error: [-1.#IND00 -1.#IND00 -1.#IND00 ]
Training successful
Input: [1.000000 2.000000 3.000000 ]
label: [6.000000 8.000000 10.000000 ]
Output: [-1.#IND00 -1.#IND00 -1.#IND00 ]
Error: [-1.#IND00 -1.#IND00 -1.#IND00 ]
Training successful
Input: [5.000000 7.000000 9.000000 ]
label: [15.000000 21.000000 27.000000 ]
Output: [-1.#IND00 -1.#IND00 -1.#IND00 ]
Error: [-1.#IND00 -1.#IND00 -1.#IND00 ]
Training successful
in iteration: 73
Input: [4.000000 10.000000 16.000000 ]
label: [22.000000 28.000000 34.000000 ]
Output: [-1.#IND00 -1.#IND00 -1.#IND00 ]
Error: [-1.#IND00 -1.#IND00 -1.#IND00 ]
Training successful
Input: [1.000000 2.000000 3.000000 ]
label: [6.000000 8.000000 10.000000 ]
Output: [-1.#IND00 -1.#IND00 -1.#IND00 ]
Error: [-1.#IND00 -1.#IND00 -1.#IND00 ]
Training successful
Input: [5.000000 7.000000 9.000000 ]
label: [15.000000 21.000000 27.000000 ]
Output: [-1.#IND00 -1.#IND00 -1.#IND00 ]
Error: [-1.#IND00 -1.#IND00 -1.#IND00 ]
Training successful
in iteration: 74
Input: [4.000000 10.000000 16.000000 ]
label: [22.000000 28.000000 34.000000 ]
Output: [-1.#IND00 -1.#IND00 -1.#IND00 ]
Error: [-1.#IND00 -1.#IND00 -1.#IND00 ]
Training successful
Input: [1.000000 2.000000 3.000000 ]
label: [6.000000 8.000000 10.000000 ]
Output: [-1.#IND00 -1.#IND00 -1.#IND00 ]
Error: [-1.#IND00 -1.#IND00 -1.#IND00 ]
Training successful
Input: [5.000000 7.000000 9.000000 ]
label: [15.000000 21.000000 27.000000 ]
Output: [-1.#IND00 -1.#IND00 -1.#IND00 ]
Error: [-1.#IND00 -1.#IND00 -1.#IND00 ]
Training successful
in iteration: 75
Input: [4.000000 10.000000 16.000000 ]
label: [22.000000 28.000000 34.000000 ]
Output: [-1.#IND00 -1.#IND00 -1.#IND00 ]
Error: [-1.#IND00 -1.#IND00 -1.#IND00 ]
Training successful
Input: [1.000000 2.000000 3.000000 ]
label: [6.000000 8.000000 10.000000 ]
Output: [-1.#IND00 -1.#IND00 -1.#IND00 ]
Error: [-1.#IND00 -1.#IND00 -1.#IND00 ]
Training successful
Input: [5.000000 7.000000 9.000000 ]
label: [15.000000 21.000000 27.000000 ]
Output: [-1.#IND00 -1.#IND00 -1.#IND00 ]
Error: [-1.#IND00 -1.#IND00 -1.#IND00 ]
Training successful
in iteration: 76
Input: [4.000000 10.000000 16.000000 ]
label: [22.000000 28.000000 34.000000 ]
Output: [-1.#IND00 -1.#IND00 -1.#IND00 ]
Error: [-1.#IND00 -1.#IND00 -1.#IND00 ]
Training successful
Input: [1.000000 2.000000 3.000000 ]
label: [6.000000 8.000000 10.000000 ]
Output: [-1.#IND00 -1.#IND00 -1.#IND00 ]
Error: [-1.#IND00 -1.#IND00 -1.#IND00 ]
Training successful
Input: [5.000000 7.000000 9.000000 ]
label: [15.000000 21.000000 27.000000 ]
Output: [-1.#IND00 -1.#IND00 -1.#IND00 ]
Error: [-1.#IND00 -1.#IND00 -1.#IND00 ]
Training successful
in iteration: 77
Input: [4.000000 10.000000 16.000000 ]
label: [22.000000 28.000000 34.000000 ]
Output: [-1.#IND00 -1.#IND00 -1.#IND00 ]
Error: [-1.#IND00 -1.#IND00 -1.#IND00 ]
Training successful
Input: [1.000000 2.000000 3.000000 ]
label: [6.000000 8.000000 10.000000 ]
Output: [-1.#IND00 -1.#IND00 -1.#IND00 ]
Error: [-1.#IND00 -1.#IND00 -1.#IND00 ]
Training successful
Input: [5.000000 7.000000 9.000000 ]
label: [15.000000 21.000000 27.000000 ]
Output: [-1.#IND00 -1.#IND00 -1.#IND00 ]
Error: [-1.#IND00 -1.#IND00 -1.#IND00 ]
Training successful
in iteration: 78
Input: [4.000000 10.000000 16.000000 ]
label: [22.000000 28.000000 34.000000 ]
Output: [-1.#IND00 -1.#IND00 -1.#IND00 ]
Error: [-1.#IND00 -1.#IND00 -1.#IND00 ]
Training successful
Input: [1.000000 2.000000 3.000000 ]
label: [6.000000 8.000000 10.000000 ]
Output: [-1.#IND00 -1.#IND00 -1.#IND00 ]
Error: [-1.#IND00 -1.#IND00 -1.#IND00 ]
Training successful
Input: [5.000000 7.000000 9.000000 ]
label: [15.000000 21.000000 27.000000 ]
Output: [-1.#IND00 -1.#IND00 -1.#IND00 ]
Error: [-1.#IND00 -1.#IND00 -1.#IND00 ]
Training successful
in iteration: 79
Input: [4.000000 10.000000 16.000000 ]
label: [22.000000 28.000000 34.000000 ]
Output: [-1.#IND00 -1.#IND00 -1.#IND00 ]
Error: [-1.#IND00 -1.#IND00 -1.#IND00 ]
Training successful
Input: [1.000000 2.000000 3.000000 ]
label: [6.000000 8.000000 10.000000 ]
Output: [-1.#IND00 -1.#IND00 -1.#IND00 ]
Error: [-1.#IND00 -1.#IND00 -1.#IND00 ]
Training successful
Input: [5.000000 7.000000 9.000000 ]
label: [15.000000 21.000000 27.000000 ]
Output: [-1.#IND00 -1.#IND00 -1.#IND00 ]
Error: [-1.#IND00 -1.#IND00 -1.#IND00 ]
Training successful
in iteration: 80
Input: [4.000000 10.000000 16.000000 ]
label: [22.000000 28.000000 34.000000 ]
Output: [-1.#IND00 -1.#IND00 -1.#IND00 ]
Error: [-1.#IND00 -1.#IND00 -1.#IND00 ]
Training successful
Input: [1.000000 2.000000 3.000000 ]
label: [6.000000 8.000000 10.000000 ]
Output: [-1.#IND00 -1.#IND00 -1.#IND00 ]
Error: [-1.#IND00 -1.#IND00 -1.#IND00 ]
Training successful
Input: [5.000000 7.000000 9.000000 ]
label: [15.000000 21.000000 27.000000 ]
Output: [-1.#IND00 -1.#IND00 -1.#IND00 ]
Error: [-1.#IND00 -1.#IND00 -1.#IND00 ]
Training successful
in iteration: 81
Input: [4.000000 10.000000 16.000000 ]
label: [22.000000 28.000000 34.000000 ]
Output: [-1.#IND00 -1.#IND00 -1.#IND00 ]
Error: [-1.#IND00 -1.#IND00 -1.#IND00 ]
Training successful
Input: [1.000000 2.000000 3.000000 ]
label: [6.000000 8.000000 10.000000 ]
Output: [-1.#IND00 -1.#IND00 -1.#IND00 ]
Error: [-1.#IND00 -1.#IND00 -1.#IND00 ]
Training successful
Input: [5.000000 7.000000 9.000000 ]
label: [15.000000 21.000000 27.000000 ]
Output: [-1.#IND00 -1.#IND00 -1.#IND00 ]
Error: [-1.#IND00 -1.#IND00 -1.#IND00 ]
Training successful
in iteration: 82
Input: [4.000000 10.000000 16.000000 ]
label: [22.000000 28.000000 34.000000 ]
Output: [-1.#IND00 -1.#IND00 -1.#IND00 ]
Error: [-1.#IND00 -1.#IND00 -1.#IND00 ]
Training successful
Input: [1.000000 2.000000 3.000000 ]
label: [6.000000 8.000000 10.000000 ]
Output: [-1.#IND00 -1.#IND00 -1.#IND00 ]
Error: [-1.#IND00 -1.#IND00 -1.#IND00 ]
Training successful
Input: [5.000000 7.000000 9.000000 ]
label: [15.000000 21.000000 27.000000 ]
Output: [-1.#IND00 -1.#IND00 -1.#IND00 ]
Error: [-1.#IND00 -1.#IND00 -1.#IND00 ]
Training successful
in iteration: 83
Input: [4.000000 10.000000 16.000000 ]
label: [22.000000 28.000000 34.000000 ]
Output: [-1.#IND00 -1.#IND00 -1.#IND00 ]
Error: [-1.#IND00 -1.#IND00 -1.#IND00 ]
Training successful
Input: [1.000000 2.000000 3.000000 ]
label: [6.000000 8.000000 10.000000 ]
Output: [-1.#IND00 -1.#IND00 -1.#IND00 ]
Error: [-1.#IND00 -1.#IND00 -1.#IND00 ]
Training successful
Input: [5.000000 7.000000 9.000000 ]
label: [15.000000 21.000000 27.000000 ]
Output: [-1.#IND00 -1.#IND00 -1.#IND00 ]
Error: [-1.#IND00 -1.#IND00 -1.#IND00 ]
Training successful
in iteration: 84
Input: [4.000000 10.000000 16.000000 ]
label: [22.000000 28.000000 34.000000 ]
Output: [-1.#IND00 -1.#IND00 -1.#IND00 ]
Error: [-1.#IND00 -1.#IND00 -1.#IND00 ]
Training successful
Input: [1.000000 2.000000 3.000000 ]
label: [6.000000 8.000000 10.000000 ]
Output: [-1.#IND00 -1.#IND00 -1.#IND00 ]
Error: [-1.#IND00 -1.#IND00 -1.#IND00 ]
Training successful
Input: [5.000000 7.000000 9.000000 ]
label: [15.000000 21.000000 27.000000 ]
Output: [-1.#IND00 -1.#IND00 -1.#IND00 ]
Error: [-1.#IND00 -1.#IND00 -1.#IND00 ]
Training successful
in iteration: 85
Input: [4.000000 10.000000 16.000000 ]
label: [22.000000 28.000000 34.000000 ]
Output: [-1.#IND00 -1.#IND00 -1.#IND00 ]
Error: [-1.#IND00 -1.#IND00 -1.#IND00 ]
Training successful
Input: [1.000000 2.000000 3.000000 ]
label: [6.000000 8.000000 10.000000 ]
Output: [-1.#IND00 -1.#IND00 -1.#IND00 ]
Error: [-1.#IND00 -1.#IND00 -1.#IND00 ]
Training successful
Input: [5.000000 7.000000 9.000000 ]
label: [15.000000 21.000000 27.000000 ]
Output: [-1.#IND00 -1.#IND00 -1.#IND00 ]
Error: [-1.#IND00 -1.#IND00 -1.#IND00 ]
Training successful
in iteration: 86
Input: [4.000000 10.000000 16.000000 ]
label: [22.000000 28.000000 34.000000 ]
Output: [-1.#IND00 -1.#IND00 -1.#IND00 ]
Error: [-1.#IND00 -1.#IND00 -1.#IND00 ]
Training successful
Input: [1.000000 2.000000 3.000000 ]
label: [6.000000 8.000000 10.000000 ]
Output: [-1.#IND00 -1.#IND00 -1.#IND00 ]
Error: [-1.#IND00 -1.#IND00 -1.#IND00 ]
Training successful
Input: [5.000000 7.000000 9.000000 ]
label: [15.000000 21.000000 27.000000 ]
Output: [-1.#IND00 -1.#IND00 -1.#IND00 ]
Error: [-1.#IND00 -1.#IND00 -1.#IND00 ]
Training successful
in iteration: 87
Input: [4.000000 10.000000 16.000000 ]
label: [22.000000 28.000000 34.000000 ]
Output: [-1.#IND00 -1.#IND00 -1.#IND00 ]
Error: [-1.#IND00 -1.#IND00 -1.#IND00 ]
Training successful
Input: [1.000000 2.000000 3.000000 ]
label: [6.000000 8.000000 10.000000 ]
Output: [-1.#IND00 -1.#IND00 -1.#IND00 ]
Error: [-1.#IND00 -1.#IND00 -1.#IND00 ]
Training successful
Input: [5.000000 7.000000 9.000000 ]
label: [15.000000 21.000000 27.000000 ]
Output: [-1.#IND00 -1.#IND00 -1.#IND00 ]
Error: [-1.#IND00 -1.#IND00 -1.#IND00 ]
Training successful
in iteration: 88
Input: [4.000000 10.000000 16.000000 ]
label: [22.000000 28.000000 34.000000 ]
Output: [-1.#IND00 -1.#IND00 -1.#IND00 ]
Error: [-1.#IND00 -1.#IND00 -1.#IND00 ]
Training successful
Input: [1.000000 2.000000 3.000000 ]
label: [6.000000 8.000000 10.000000 ]
Output: [-1.#IND00 -1.#IND00 -1.#IND00 ]
Error: [-1.#IND00 -1.#IND00 -1.#IND00 ]
Training successful
Input: [5.000000 7.000000 9.000000 ]
label: [15.000000 21.000000 27.000000 ]
Output: [-1.#IND00 -1.#IND00 -1.#IND00 ]
Error: [-1.#IND00 -1.#IND00 -1.#IND00 ]
Training successful
in iteration: 89
Input: [4.000000 10.000000 16.000000 ]
label: [22.000000 28.000000 34.000000 ]
Output: [-1.#IND00 -1.#IND00 -1.#IND00 ]
Error: [-1.#IND00 -1.#IND00 -1.#IND00 ]
Training successful
Input: [1.000000 2.000000 3.000000 ]
label: [6.000000 8.000000 10.000000 ]
Output: [-1.#IND00 -1.#IND00 -1.#IND00 ]
Error: [-1.#IND00 -1.#IND00 -1.#IND00 ]
Training successful
Input: [5.000000 7.000000 9.000000 ]
label: [15.000000 21.000000 27.000000 ]
Output: [-1.#IND00 -1.#IND00 -1.#IND00 ]
Error: [-1.#IND00 -1.#IND00 -1.#IND00 ]
Training successful
in iteration: 90
Input: [4.000000 10.000000 16.000000 ]
label: [22.000000 28.000000 34.000000 ]
Output: [-1.#IND00 -1.#IND00 -1.#IND00 ]
Error: [-1.#IND00 -1.#IND00 -1.#IND00 ]
Training successful
Input: [1.000000 2.000000 3.000000 ]
label: [6.000000 8.000000 10.000000 ]
Output: [-1.#IND00 -1.#IND00 -1.#IND00 ]
Error: [-1.#IND00 -1.#IND00 -1.#IND00 ]
Training successful
Input: [5.000000 7.000000 9.000000 ]
label: [15.000000 21.000000 27.000000 ]
Output: [-1.#IND00 -1.#IND00 -1.#IND00 ]
Error: [-1.#IND00 -1.#IND00 -1.#IND00 ]
Training successful
in iteration: 91
Input: [4.000000 10.000000 16.000000 ]
label: [22.000000 28.000000 34.000000 ]
Output: [-1.#IND00 -1.#IND00 -1.#IND00 ]
Error: [-1.#IND00 -1.#IND00 -1.#IND00 ]
Training successful
Input: [1.000000 2.000000 3.000000 ]
label: [6.000000 8.000000 10.000000 ]
Output: [-1.#IND00 -1.#IND00 -1.#IND00 ]
Error: [-1.#IND00 -1.#IND00 -1.#IND00 ]
Training successful
Input: [5.000000 7.000000 9.000000 ]
label: [15.000000 21.000000 27.000000 ]
Output: [-1.#IND00 -1.#IND00 -1.#IND00 ]
Error: [-1.#IND00 -1.#IND00 -1.#IND00 ]
Training successful
in iteration: 92
Input: [4.000000 10.000000 16.000000 ]
label: [22.000000 28.000000 34.000000 ]
Output: [-1.#IND00 -1.#IND00 -1.#IND00 ]
Error: [-1.#IND00 -1.#IND00 -1.#IND00 ]
Training successful
Input: [1.000000 2.000000 3.000000 ]
label: [6.000000 8.000000 10.000000 ]
Output: [-1.#IND00 -1.#IND00 -1.#IND00 ]
Error: [-1.#IND00 -1.#IND00 -1.#IND00 ]
Training successful
Input: [5.000000 7.000000 9.000000 ]
label: [15.000000 21.000000 27.000000 ]
Output: [-1.#IND00 -1.#IND00 -1.#IND00 ]
Error: [-1.#IND00 -1.#IND00 -1.#IND00 ]
Training successful
in iteration: 93
Input: [4.000000 10.000000 16.000000 ]
label: [22.000000 28.000000 34.000000 ]
Output: [-1.#IND00 -1.#IND00 -1.#IND00 ]
Error: [-1.#IND00 -1.#IND00 -1.#IND00 ]
Training successful
Input: [1.000000 2.000000 3.000000 ]
label: [6.000000 8.000000 10.000000 ]
Output: [-1.#IND00 -1.#IND00 -1.#IND00 ]
Error: [-1.#IND00 -1.#IND00 -1.#IND00 ]
Training successful
Input: [5.000000 7.000000 9.000000 ]
label: [15.000000 21.000000 27.000000 ]
Output: [-1.#IND00 -1.#IND00 -1.#IND00 ]
Error: [-1.#IND00 -1.#IND00 -1.#IND00 ]
Training successful
in iteration: 94
Input: [4.000000 10.000000 16.000000 ]
label: [22.000000 28.000000 34.000000 ]
Output: [-1.#IND00 -1.#IND00 -1.#IND00 ]
Error: [-1.#IND00 -1.#IND00 -1.#IND00 ]
Training successful
Input: [1.000000 2.000000 3.000000 ]
label: [6.000000 8.000000 10.000000 ]
Output: [-1.#IND00 -1.#IND00 -1.#IND00 ]
Error: [-1.#IND00 -1.#IND00 -1.#IND00 ]
Training successful
Input: [5.000000 7.000000 9.000000 ]
label: [15.000000 21.000000 27.000000 ]
Output: [-1.#IND00 -1.#IND00 -1.#IND00 ]
Error: [-1.#IND00 -1.#IND00 -1.#IND00 ]
Training successful
in iteration: 95
Input: [4.000000 10.000000 16.000000 ]
label: [22.000000 28.000000 34.000000 ]
Output: [-1.#IND00 -1.#IND00 -1.#IND00 ]
Error: [-1.#IND00 -1.#IND00 -1.#IND00 ]
Training successful
Input: [1.000000 2.000000 3.000000 ]
label: [6.000000 8.000000 10.000000 ]
Output: [-1.#IND00 -1.#IND00 -1.#IND00 ]
Error: [-1.#IND00 -1.#IND00 -1.#IND00 ]
Training successful
Input: [5.000000 7.000000 9.000000 ]
label: [15.000000 21.000000 27.000000 ]
Output: [-1.#IND00 -1.#IND00 -1.#IND00 ]
Error: [-1.#IND00 -1.#IND00 -1.#IND00 ]
Training successful
in iteration: 96
Input: [4.000000 10.000000 16.000000 ]
label: [22.000000 28.000000 34.000000 ]
Output: [-1.#IND00 -1.#IND00 -1.#IND00 ]
Error: [-1.#IND00 -1.#IND00 -1.#IND00 ]
Training successful
Input: [1.000000 2.000000 3.000000 ]
label: [6.000000 8.000000 10.000000 ]
Output: [-1.#IND00 -1.#IND00 -1.#IND00 ]
Error: [-1.#IND00 -1.#IND00 -1.#IND00 ]
Training successful
Input: [5.000000 7.000000 9.000000 ]
label: [15.000000 21.000000 27.000000 ]
Output: [-1.#IND00 -1.#IND00 -1.#IND00 ]
Error: [-1.#IND00 -1.#IND00 -1.#IND00 ]
Training successful
in iteration: 97
Input: [4.000000 10.000000 16.000000 ]
label: [22.000000 28.000000 34.000000 ]
Output: [-1.#IND00 -1.#IND00 -1.#IND00 ]
Error: [-1.#IND00 -1.#IND00 -1.#IND00 ]
Training successful
Input: [1.000000 2.000000 3.000000 ]
label: [6.000000 8.000000 10.000000 ]
Output: [-1.#IND00 -1.#IND00 -1.#IND00 ]
Error: [-1.#IND00 -1.#IND00 -1.#IND00 ]
Training successful
Input: [5.000000 7.000000 9.000000 ]
label: [15.000000 21.000000 27.000000 ]
Output: [-1.#IND00 -1.#IND00 -1.#IND00 ]
Error: [-1.#IND00 -1.#IND00 -1.#IND00 ]
Training successful
in iteration: 98
Input: [4.000000 10.000000 16.000000 ]
label: [22.000000 28.000000 34.000000 ]
Output: [-1.#IND00 -1.#IND00 -1.#IND00 ]
Error: [-1.#IND00 -1.#IND00 -1.#IND00 ]
Training successful
Input: [1.000000 2.000000 3.000000 ]
label: [6.000000 8.000000 10.000000 ]
Output: [-1.#IND00 -1.#IND00 -1.#IND00 ]
Error: [-1.#IND00 -1.#IND00 -1.#IND00 ]
Training successful
Input: [5.000000 7.000000 9.000000 ]
label: [15.000000 21.000000 27.000000 ]
Output: [-1.#IND00 -1.#IND00 -1.#IND00 ]
Error: [-1.#IND00 -1.#IND00 -1.#IND00 ]
Training successful
in iteration: 99