Input: [1.000000 2.000000 3.000000 ]
label: [4.000000 7.000000 12.000000 ]
Output: [4.018663 7.008717 11.900681 ]
Error: [-0.018750 -0.008728 0.098497 ]
Training successful
Input: [2.000000 3.000000 4.000000 ]
label: [7.000000 12.000000 19.000000 ]
Output: [7.039732 11.974174 18.900795 ]
Error: [-0.039958 0.025770 0.098687 ]
Training successful
Input: [3.000000 4.000000 5.000000 ]
label: [12.000000 19.000000 28.000000 ]
Output: [11.981959 18.910984 27.902158 ]
Error: [0.018014 0.088599 0.097500 ]
Training successful
Input: [4.000000 5.000000 6.000000 ]
label: [19.000000 28.000000 39.000000 ]
Output: [18.901468 27.930306 39.025911 ]
Error: [0.098021 0.069521 -0.025928 ]
Training successful
Input: [5.000000 6.000000 7.000000 ]
label: [28.000000 39.000000 52.000000 ]
Output: [27.901656 38.976957 52.085085 ]
Error: [0.097999 0.023030 -0.085224 ]
Training successful
in iteration: 0
Input: [1.000000 2.000000 3.000000 ]
label: [4.000000 7.000000 12.000000 ]
Output: [4.022746 7.078678 12.098173 ]
Error: [-0.022876 -0.079563 -0.098976 ]
Training successful
Input: [2.000000 3.000000 4.000000 ]
label: [7.000000 12.000000 19.000000 ]
Output: [7.034399 11.956470 18.900496 ]
Error: [-0.034568 0.043372 0.098983 ]
Training successful
Input: [3.000000 4.000000 5.000000 ]
label: [12.000000 19.000000 28.000000 ]
Output: [11.943324 18.900668 27.938542 ]
Error: [0.056409 0.098813 0.061324 ]
Training successful
Input: [4.000000 5.000000 6.000000 ]
label: [19.000000 28.000000 39.000000 ]
Output: [18.900023 27.952302 39.060890 ]
Error: [0.099450 0.047617 -0.060985 ]
Training successful
Input: [5.000000 6.000000 7.000000 ]
label: [28.000000 39.000000 52.000000 ]
Output: [27.900814 38.983204 52.089700 ]
Error: [0.098835 0.016789 -0.089855 ]
Training successful
in iteration: 1
Input: [1.000000 2.000000 3.000000 ]
label: [4.000000 7.000000 12.000000 ]
Output: [4.060725 7.098855 12.081596 ]
Error: [-0.061647 -0.100251 -0.082151 ]
Training successful
Input: [2.000000 3.000000 4.000000 ]
label: [7.000000 12.000000 19.000000 ]
Output: [7.020769 11.941692 18.901370 ]
Error: [-0.020831 0.058025 0.098118 ]
Training successful
Input: [3.000000 4.000000 5.000000 ]
label: [12.000000 19.000000 28.000000 ]
Output: [11.911717 18.900551 27.976227 ]
Error: [0.087634 0.098929 0.023753 ]
Training successful
Input: [4.000000 5.000000 6.000000 ]
label: [19.000000 28.000000 39.000000 ]
Output: [18.900432 27.967267 39.075525 ]
Error: [0.099046 0.032695 -0.075672 ]
Training successful
Input: [5.000000 6.000000 7.000000 ]
label: [28.000000 39.000000 52.000000 ]
Output: [27.900080 38.988004 52.089280 ]
Error: [0.099563 0.011993 -0.089433 ]
Training successful
in iteration: 2
Input: [1.000000 2.000000 3.000000 ]
label: [4.000000 7.000000 12.000000 ]
Output: [4.082545 7.098647 12.049372 ]
Error: [-0.084248 -0.100037 -0.049575 ]
Training successful
Input: [2.000000 3.000000 4.000000 ]
label: [7.000000 12.000000 19.000000 ]
Output: [7.004547 11.925475 18.901271 ]
Error: [-0.004550 0.074062 0.098216 ]
Training successful
Input: [3.000000 4.000000 5.000000 ]
label: [12.000000 19.000000 28.000000 ]
Output: [11.901587 18.914954 28.009752 ]
Error: [0.097606 0.084665 -0.009755 ]
Training successful
Input: [4.000000 5.000000 6.000000 ]
label: [19.000000 28.000000 39.000000 ]
Output: [18.901369 27.974790 39.077375 ]
Error: [0.098119 0.025187 -0.077529 ]
Training successful
Input: [5.000000 6.000000 7.000000 ]
label: [28.000000 39.000000 52.000000 ]
Output: [27.900167 38.990674 52.085189 ]
Error: [0.099477 0.009324 -0.085328 ]
Training successful
in iteration: 3
Input: [1.000000 2.000000 3.000000 ]
label: [4.000000 7.000000 12.000000 ]
Output: [4.094943 7.098619 12.029346 ]
Error: [-0.097197 -0.100008 -0.029418 ]
Training successful
Input: [2.000000 3.000000 4.000000 ]
label: [7.000000 12.000000 19.000000 ]
Output: [6.990412 11.911157 18.900276 ]
Error: [0.009575 0.088185 0.099201 ]
Training successful
Input: [3.000000 4.000000 5.000000 ]
label: [12.000000 19.000000 28.000000 ]
Output: [11.900673 18.924502 28.024572 ]
Error: [0.098505 0.075198 -0.024593 ]
Training successful
Input: [4.000000 5.000000 6.000000 ]
label: [19.000000 28.000000 39.000000 ]
Output: [18.900929 27.975813 39.074204 ]
Error: [0.098554 0.024166 -0.074345 ]
Training successful
Input: [5.000000 6.000000 7.000000 ]
label: [28.000000 39.000000 52.000000 ]
Output: [27.900376 38.990688 52.079602 ]
Error: [0.099270 0.009310 -0.079724 ]
Training successful
in iteration: 4
Input: [1.000000 2.000000 3.000000 ]
label: [4.000000 7.000000 12.000000 ]
Output: [4.098373 7.099867 12.022566 ]
Error: [-0.100793 -0.101291 -0.022609 ]
Training successful
Input: [2.000000 3.000000 4.000000 ]
label: [7.000000 12.000000 19.000000 ]
Output: [6.982085 11.902944 18.900510 ]
Error: [0.017869 0.096271 0.098969 ]
Training successful
Input: [3.000000 4.000000 5.000000 ]
label: [12.000000 19.000000 28.000000 ]
Output: [11.901012 18.923998 28.024492 ]
Error: [0.098172 0.075698 -0.024513 ]
Training successful
Input: [4.000000 5.000000 6.000000 ]
label: [19.000000 28.000000 39.000000 ]
Output: [18.900373 27.971983 39.068670 ]
Error: [0.099104 0.027989 -0.068791 ]
Training successful
Input: [5.000000 6.000000 7.000000 ]
label: [28.000000 39.000000 52.000000 ]
Output: [27.900711 38.987810 52.073695 ]
Error: [0.098937 0.012186 -0.073800 ]
Training successful
in iteration: 5
Input: [1.000000 2.000000 3.000000 ]
label: [4.000000 7.000000 12.000000 ]
Output: [4.091837 7.098954 12.025622 ]
Error: [-0.093946 -0.100353 -0.025677 ]
Training successful
Input: [2.000000 3.000000 4.000000 ]
label: [7.000000 12.000000 19.000000 ]
Output: [6.979746 11.900913 18.900881 ]
Error: [0.020196 0.098269 0.098602 ]
Training successful
Input: [3.000000 4.000000 5.000000 ]
label: [12.000000 19.000000 28.000000 ]
Output: [11.900014 18.913890 28.013625 ]
Error: [0.099153 0.085719 -0.013632 ]
Training successful
Input: [4.000000 5.000000 6.000000 ]
label: [19.000000 28.000000 39.000000 ]
Output: [18.900580 27.964084 39.061043 ]
Error: [0.098900 0.035870 -0.061138 ]
Training successful
Input: [5.000000 6.000000 7.000000 ]
label: [28.000000 39.000000 52.000000 ]
Output: [27.900181 38.981485 52.068418 ]
Error: [0.099463 0.018506 -0.068508 ]
Training successful
in iteration: 6
Input: [1.000000 2.000000 3.000000 ]
label: [4.000000 7.000000 12.000000 ]
Output: [4.081104 7.098595 12.037962 ]
Error: [-0.082748 -0.099984 -0.038082 ]
Training successful
Input: [2.000000 3.000000 4.000000 ]
label: [7.000000 12.000000 19.000000 ]
Output: [6.981845 11.904263 18.900827 ]
Error: [0.018107 0.094973 0.098655 ]
Training successful
Input: [3.000000 4.000000 5.000000 ]
label: [12.000000 19.000000 28.000000 ]
Output: [11.901507 18.900557 27.994333 ]
Error: [0.097684 0.098923 0.005666 ]
Training successful
Input: [4.000000 5.000000 6.000000 ]
label: [19.000000 28.000000 39.000000 ]
Output: [18.900398 27.951902 39.050706 ]
Error: [0.099080 0.048015 -0.050772 ]
Training successful
Input: [5.000000 6.000000 7.000000 ]
label: [28.000000 39.000000 52.000000 ]
Output: [27.900773 38.972158 52.062058 ]
Error: [0.098875 0.027822 -0.062132 ]
Training successful
in iteration: 7
Input: [1.000000 2.000000 3.000000 ]
label: [4.000000 7.000000 12.000000 ]
Output: [4.069916 7.099656 12.057768 ]
Error: [-0.071138 -0.101075 -0.058046 ]
Training successful
Input: [2.000000 3.000000 4.000000 ]
label: [7.000000 12.000000 19.000000 ]
Output: [6.986175 11.911419 18.900701 ]
Error: [0.013798 0.087927 0.098780 ]
Training successful
Input: [3.000000 4.000000 5.000000 ]
label: [12.000000 19.000000 28.000000 ]
Output: [11.916146 18.901266 27.976294 ]
Error: [0.083268 0.098221 0.023686 ]
Training successful
Input: [4.000000 5.000000 6.000000 ]
label: [19.000000 28.000000 39.000000 ]
Output: [18.900966 27.937045 39.035150 ]
Error: [0.098518 0.062813 -0.035182 ]
Training successful
Input: [5.000000 6.000000 7.000000 ]
label: [28.000000 39.000000 52.000000 ]
Output: [27.900765 38.959478 52.053830 ]
Error: [0.098883 0.040479 -0.053886 ]
Training successful
in iteration: 8
Input: [1.000000 2.000000 3.000000 ]
label: [4.000000 7.000000 12.000000 ]
Output: [4.058516 7.099710 12.080996 ]
Error: [-0.059372 -0.101130 -0.081543 ]
Training successful
Input: [2.000000 3.000000 4.000000 ]
label: [7.000000 12.000000 19.000000 ]
Output: [6.990882 11.920363 18.901103 ]
Error: [0.009106 0.079109 0.098382 ]
Training successful
Input: [3.000000 4.000000 5.000000 ]
label: [12.000000 19.000000 28.000000 ]
Output: [11.928044 18.901259 27.955700 ]
Error: [0.071525 0.098228 0.044230 ]
Training successful
Input: [4.000000 5.000000 6.000000 ]
label: [19.000000 28.000000 39.000000 ]
Output: [18.900349 27.919755 39.012890 ]
Error: [0.099128 0.080015 -0.012894 ]
Training successful
Input: [5.000000 6.000000 7.000000 ]
label: [28.000000 39.000000 52.000000 ]
Output: [27.900414 38.944364 52.041123 ]
Error: [0.099231 0.055556 -0.041155 ]
Training successful
in iteration: 9
Input: [1.000000 2.000000 3.000000 ]
label: [4.000000 7.000000 12.000000 ]
Output: [4.045314 7.093723 12.099210 ]
Error: [-0.045828 -0.094978 -0.100030 ]
Training successful
Input: [2.000000 3.000000 4.000000 ]
label: [7.000000 12.000000 19.000000 ]
Output: [6.994791 11.928281 18.900782 ]
Error: [0.005205 0.071291 0.098700 ]
Training successful
Input: [3.000000 4.000000 5.000000 ]
label: [12.000000 19.000000 28.000000 ]
Output: [11.936765 18.900504 27.933815 ]
Error: [0.062902 0.098975 0.066028 ]
Training successful
Input: [4.000000 5.000000 6.000000 ]
label: [19.000000 28.000000 39.000000 ]
Output: [18.900081 27.903107 38.983626 ]
Error: [0.099393 0.096558 0.016367 ]
Training successful
Input: [5.000000 6.000000 7.000000 ]
label: [28.000000 39.000000 52.000000 ]
Output: [27.900313 38.928743 52.021845 ]
Error: [0.099333 0.071127 -0.021854 ]
Training successful
in iteration: 10
Input: [1.000000 2.000000 3.000000 ]
label: [4.000000 7.000000 12.000000 ]
Output: [4.028970 7.076100 12.099646 ]
Error: [-0.029179 -0.076927 -0.100474 ]
Training successful
Input: [2.000000 3.000000 4.000000 ]
label: [7.000000 12.000000 19.000000 ]
Output: [6.997894 11.934818 18.900312 ]
Error: [0.002106 0.064828 0.099165 ]
Training successful
Input: [3.000000 4.000000 5.000000 ]
label: [12.000000 19.000000 28.000000 ]
Output: [11.943664 18.900699 27.913606 ]
Error: [0.056071 0.098782 0.086127 ]
Training successful
Input: [4.000000 5.000000 6.000000 ]
label: [19.000000 28.000000 39.000000 ]
Output: [18.909716 27.900015 38.957413 ]
Error: [0.089855 0.099627 0.042541 ]
Training successful
Input: [5.000000 6.000000 7.000000 ]
label: [28.000000 39.000000 52.000000 ]
Output: [27.901112 38.915036 51.996311 ]
Error: [0.098539 0.084779 0.003689 ]
Training successful
in iteration: 11
Input: [1.000000 2.000000 3.000000 ]
label: [4.000000 7.000000 12.000000 ]
Output: [4.018057 7.063171 12.099223 ]
Error: [-0.018139 -0.063741 -0.100043 ]
Training successful
Input: [2.000000 3.000000 4.000000 ]
label: [7.000000 12.000000 19.000000 ]
Output: [7.000354 11.940234 18.900152 ]
Error: [-0.000354 0.059468 0.099324 ]
Training successful
Input: [3.000000 4.000000 5.000000 ]
label: [12.000000 19.000000 28.000000 ]
Output: [11.951181 18.905486 27.900988 ]
Error: [0.048621 0.094044 0.098662 ]
Training successful
Input: [4.000000 5.000000 6.000000 ]
label: [19.000000 28.000000 39.000000 ]
Output: [18.918612 27.900535 38.935277 ]
Error: [0.081039 0.099111 0.064615 ]
Training successful
Input: [5.000000 6.000000 7.000000 ]
label: [28.000000 39.000000 52.000000 ]
Output: [27.900079 38.901991 51.966456 ]
Error: [0.099564 0.097763 0.033522 ]
Training successful
in iteration: 12
Input: [1.000000 2.000000 3.000000 ]
label: [4.000000 7.000000 12.000000 ]
Output: [4.011073 7.054705 12.099674 ]
Error: [-0.011104 -0.055132 -0.100502 ]
Training successful
Input: [2.000000 3.000000 4.000000 ]
label: [7.000000 12.000000 19.000000 ]
Output: [7.002315 11.944992 18.901132 ]
Error: [-0.002316 0.054755 0.098354 ]
Training successful
Input: [3.000000 4.000000 5.000000 ]
label: [12.000000 19.000000 28.000000 ]
Output: [11.960300 18.916380 27.900063 ]
Error: [0.039569 0.083252 0.099580 ]
Training successful
Input: [4.000000 5.000000 6.000000 ]
label: [19.000000 28.000000 39.000000 ]
Output: [18.924485 27.900965 38.916565 ]
Error: [0.075215 0.098685 0.083257 ]
Training successful
Input: [5.000000 6.000000 7.000000 ]
label: [28.000000 39.000000 52.000000 ]
Output: [27.907350 38.900847 51.943157 ]
Error: [0.092344 0.098901 0.056781 ]
Training successful
in iteration: 13
Input: [1.000000 2.000000 3.000000 ]
label: [4.000000 7.000000 12.000000 ]
Output: [4.006234 7.048507 12.099425 ]
Error: [-0.006243 -0.048843 -0.100249 ]
Training successful
Input: [2.000000 3.000000 4.000000 ]
label: [7.000000 12.000000 19.000000 ]
Output: [7.003751 11.947572 18.900247 ]
Error: [-0.003753 0.052199 0.099229 ]
Training successful
Input: [3.000000 4.000000 5.000000 ]
label: [12.000000 19.000000 28.000000 ]
Output: [11.966642 18.924487 27.900377 ]
Error: [0.033265 0.075213 0.099269 ]
Training successful
Input: [4.000000 5.000000 6.000000 ]
label: [19.000000 28.000000 39.000000 ]
Output: [18.927439 27.900072 38.900424 ]
Error: [0.072284 0.099572 0.099322 ]
Training successful
Input: [5.000000 6.000000 7.000000 ]
label: [28.000000 39.000000 52.000000 ]
Output: [27.912316 38.900389 51.923995 ]
Error: [0.087410 0.099357 0.075894 ]
Training successful
in iteration: 14
Input: [1.000000 2.000000 3.000000 ]
label: [4.000000 7.000000 12.000000 ]
Output: [4.002875 7.044318 12.099520 ]
Error: [-0.002877 -0.044598 -0.100345 ]
Training successful
Input: [2.000000 3.000000 4.000000 ]
label: [7.000000 12.000000 19.000000 ]
Output: [7.004955 11.949857 18.900307 ]
Error: [-0.004958 0.049934 0.099170 ]
Training successful
Input: [3.000000 4.000000 5.000000 ]
label: [12.000000 19.000000 28.000000 ]
Output: [11.970875 18.930040 27.900782 ]
Error: [0.029054 0.069702 0.098866 ]
Training successful
Input: [4.000000 5.000000 6.000000 ]
label: [19.000000 28.000000 39.000000 ]
Output: [18.937533 27.910758 38.901134 ]
Error: [0.062261 0.088958 0.098615 ]
Training successful
Input: [5.000000 6.000000 7.000000 ]
label: [28.000000 39.000000 52.000000 ]
Output: [27.916161 38.900938 51.909870 ]
Error: [0.083588 0.098811 0.089974 ]
Training successful
in iteration: 15
Input: [1.000000 2.000000 3.000000 ]
label: [4.000000 7.000000 12.000000 ]
Output: [4.000411 7.041371 12.099651 ]
Error: [-0.000411 -0.041616 -0.100478 ]
Training successful
Input: [2.000000 3.000000 4.000000 ]
label: [7.000000 12.000000 19.000000 ]
Output: [7.005966 11.951698 18.900688 ]
Error: [-0.005971 0.048108 0.098793 ]
Training successful
Input: [3.000000 4.000000 5.000000 ]
label: [12.000000 19.000000 28.000000 ]
Output: [11.973468 18.933212 27.900267 ]
Error: [0.026473 0.066553 0.099378 ]
Training successful
Input: [4.000000 5.000000 6.000000 ]
label: [19.000000 28.000000 39.000000 ]
Output: [18.943508 27.917126 38.901078 ]
Error: [0.056324 0.082629 0.098672 ]
Training successful
Input: [5.000000 6.000000 7.000000 ]
label: [28.000000 39.000000 52.000000 ]
Output: [27.919698 38.902666 51.900968 ]
Error: [0.080071 0.097091 0.098844 ]
Training successful
in iteration: 16
Input: [1.000000 2.000000 3.000000 ]
label: [4.000000 7.000000 12.000000 ]
Output: [3.998486 7.039064 12.099355 ]
Error: [0.001514 -0.039282 -0.100178 ]
Training successful
Input: [2.000000 3.000000 4.000000 ]
label: [7.000000 12.000000 19.000000 ]
Output: [7.006829 11.953020 18.900914 ]
Error: [-0.006835 0.046796 0.098569 ]
Training successful
Input: [3.000000 4.000000 5.000000 ]
label: [12.000000 19.000000 28.000000 ]
Output: [11.975444 18.935681 27.900371 ]
Error: [0.024506 0.064101 0.099274 ]
Training successful
Input: [4.000000 5.000000 6.000000 ]
label: [19.000000 28.000000 39.000000 ]
Output: [18.946907 27.920650 38.900316 ]
Error: [0.052944 0.079125 0.099429 ]
Training successful
Input: [5.000000 6.000000 7.000000 ]
label: [28.000000 39.000000 52.000000 ]
Output: [27.926517 38.909424 51.901036 ]
Error: [0.073290 0.090365 0.098776 ]
Training successful
in iteration: 17
Input: [1.000000 2.000000 3.000000 ]
label: [4.000000 7.000000 12.000000 ]
Output: [3.996961 7.037384 12.099160 ]
Error: [0.003037 -0.037583 -0.099980 ]
Training successful
Input: [2.000000 3.000000 4.000000 ]
label: [7.000000 12.000000 19.000000 ]
Output: [7.007579 11.953795 18.900678 ]
Error: [-0.007587 0.046027 0.098802 ]
Training successful
Input: [3.000000 4.000000 5.000000 ]
label: [12.000000 19.000000 28.000000 ]
Output: [11.976889 18.937394 27.900488 ]
Error: [0.023066 0.062400 0.099158 ]
Training successful
Input: [4.000000 5.000000 6.000000 ]
label: [19.000000 28.000000 39.000000 ]
Output: [18.949389 27.923325 38.900303 ]
Error: [0.050476 0.076465 0.099442 ]
Training successful
Input: [5.000000 6.000000 7.000000 ]
label: [28.000000 39.000000 52.000000 ]
Output: [27.930237 38.913063 51.900392 ]
Error: [0.069589 0.086743 0.099417 ]
Training successful
in iteration: 18
Input: [1.000000 2.000000 3.000000 ]
label: [4.000000 7.000000 12.000000 ]
Output: [3.995731 7.036299 12.099417 ]
Error: [0.004264 -0.036487 -0.100241 ]
Training successful
Input: [2.000000 3.000000 4.000000 ]
label: [7.000000 12.000000 19.000000 ]
Output: [7.008248 11.954565 18.900876 ]
Error: [-0.008258 0.045263 0.098606 ]
Training successful
Input: [3.000000 4.000000 5.000000 ]
label: [12.000000 19.000000 28.000000 ]
Output: [11.977858 18.938343 27.900237 ]
Error: [0.022101 0.061457 0.099408 ]
Training successful
Input: [4.000000 5.000000 6.000000 ]
label: [19.000000 28.000000 39.000000 ]
Output: [18.951057 27.925106 38.900377 ]
Error: [0.048816 0.074693 0.099369 ]
Training successful
Input: [5.000000 6.000000 7.000000 ]
label: [28.000000 39.000000 52.000000 ]
Output: [27.932880 38.915758 51.900474 ]
Error: [0.066959 0.084060 0.099335 ]
Training successful
in iteration: 19
Input: [1.000000 2.000000 3.000000 ]
label: [4.000000 7.000000 12.000000 ]
Output: [3.994667 7.035304 12.099219 ]
Error: [0.005326 -0.035482 -0.100039 ]
Training successful
Input: [2.000000 3.000000 4.000000 ]
label: [7.000000 12.000000 19.000000 ]
Output: [7.008854 11.954750 18.900237 ]
Error: [-0.008865 0.045079 0.099239 ]
Training successful
Input: [3.000000 4.000000 5.000000 ]
label: [12.000000 19.000000 28.000000 ]
Output: [11.978739 18.939258 27.900473 ]
Error: [0.021224 0.060548 0.099174 ]
Training successful
Input: [4.000000 5.000000 6.000000 ]
label: [19.000000 28.000000 39.000000 ]
Output: [18.951985 27.925991 38.900122 ]
Error: [0.047893 0.073813 0.099622 ]
Training successful
Input: [5.000000 6.000000 7.000000 ]
label: [28.000000 39.000000 52.000000 ]
Output: [27.934556 38.917484 51.900639 ]
Error: [0.065291 0.082342 0.099171 ]
Training successful
in iteration: 20
Input: [1.000000 2.000000 3.000000 ]
label: [4.000000 7.000000 12.000000 ]
Output: [3.993783 7.034868 12.099799 ]
Error: [0.006208 -0.035042 -0.100629 ]
Training successful
Input: [2.000000 3.000000 4.000000 ]
label: [7.000000 12.000000 19.000000 ]
Output: [6.929826 11.901075 19.096034 ]
Error: [0.069470 0.098109 -0.096519 ]
Training successful
Input: [3.000000 4.000000 5.000000 ]
label: [12.000000 19.000000 28.000000 ]
Output: [11.900291 18.907878 28.077155 ]
Error: [0.098880 0.091675 -0.077368 ]
Training successful
Input: [4.000000 5.000000 6.000000 ]
label: [19.000000 28.000000 39.000000 ]
Output: [18.900370 27.945151 39.065140 ]
Error: [0.099108 0.054741 -0.065248 ]
Training successful
Input: [5.000000 6.000000 7.000000 ]
label: [28.000000 39.000000 52.000000 ]
Output: [27.900501 38.959575 52.057167 ]
Error: [0.099146 0.040384 -0.057230 ]
Training successful
in iteration: 21
Input: [1.000000 2.000000 3.000000 ]
label: [4.000000 7.000000 12.000000 ]
Output: [4.080092 7.099929 11.901840 ]
Error: [-0.081696 -0.101355 0.097357 ]
Training successful
Input: [2.000000 3.000000 4.000000 ]
label: [7.000000 12.000000 19.000000 ]
Output: [6.982292 11.901153 19.030136 ]
Error: [0.017663 0.098033 -0.030183 ]
Training successful
Input: [3.000000 4.000000 5.000000 ]
label: [12.000000 19.000000 28.000000 ]
Output: [11.907152 18.900335 28.075222 ]
Error: [0.092130 0.099142 -0.075425 ]
Training successful
Input: [4.000000 5.000000 6.000000 ]
label: [19.000000 28.000000 39.000000 ]
Output: [18.900286 27.935922 39.067261 ]
Error: [0.099190 0.063932 -0.067377 ]
Training successful
Input: [5.000000 6.000000 7.000000 ]
label: [28.000000 39.000000 52.000000 ]
Output: [27.900919 38.951879 52.058807 ]
Error: [0.098730 0.048061 -0.058873 ]
Training successful
in iteration: 22
Input: [1.000000 2.000000 3.000000 ]
label: [4.000000 7.000000 12.000000 ]
Output: [4.072044 7.098857 11.907865 ]
Error: [-0.073342 -0.100253 0.091427 ]
Training successful
Input: [2.000000 3.000000 4.000000 ]
label: [7.000000 12.000000 19.000000 ]
Output: [6.983939 11.900587 19.030548 ]
Error: [0.016024 0.098589 -0.030597 ]
Training successful
Input: [3.000000 4.000000 5.000000 ]
label: [12.000000 19.000000 28.000000 ]
Output: [11.915497 18.900080 28.071642 ]
Error: [0.083908 0.099395 -0.071825 ]
Training successful
Input: [4.000000 5.000000 6.000000 ]
label: [19.000000 28.000000 39.000000 ]
Output: [18.900677 27.926857 39.069077 ]
Error: [0.098804 0.072952 -0.069199 ]
Training successful
Input: [5.000000 6.000000 7.000000 ]
label: [28.000000 39.000000 52.000000 ]
Output: [27.900792 38.943453 52.060852 ]
Error: [0.098857 0.056465 -0.060923 ]
Training successful
in iteration: 23
Input: [1.000000 2.000000 3.000000 ]
label: [4.000000 7.000000 12.000000 ]
Output: [4.065834 7.099337 11.912407 ]
Error: [-0.066917 -0.100747 0.086954 ]
Training successful
Input: [2.000000 3.000000 4.000000 ]
label: [7.000000 12.000000 19.000000 ]
Output: [6.985662 11.900997 19.030321 ]
Error: [0.014308 0.098186 -0.030369 ]
Training successful
Input: [3.000000 4.000000 5.000000 ]
label: [12.000000 19.000000 28.000000 ]
Output: [11.923385 18.900951 28.067823 ]
Error: [0.076126 0.098533 -0.067987 ]
Training successful
Input: [4.000000 5.000000 6.000000 ]
label: [19.000000 28.000000 39.000000 ]
Output: [18.900361 27.917270 39.071271 ]
Error: [0.099117 0.082486 -0.071401 ]
Training successful
Input: [5.000000 6.000000 7.000000 ]
label: [28.000000 39.000000 52.000000 ]
Output: [27.901043 38.935189 52.062674 ]
Error: [0.098608 0.064704 -0.062749 ]
Training successful
in iteration: 24
Input: [1.000000 2.000000 3.000000 ]
label: [4.000000 7.000000 12.000000 ]
Output: [4.060433 7.099744 11.916443 ]
Error: [-0.061346 -0.101166 0.082975 ]
Training successful
Input: [2.000000 3.000000 4.000000 ]
label: [7.000000 12.000000 19.000000 ]
Output: [6.986965 11.900106 19.029962 ]
Error: [0.013011 0.099063 -0.030009 ]
Training successful
Input: [3.000000 4.000000 5.000000 ]
label: [12.000000 19.000000 28.000000 ]
Output: [11.929213 18.900641 28.065035 ]
Error: [0.070369 0.098840 -0.065186 ]
Training successful
Input: [4.000000 5.000000 6.000000 ]
label: [19.000000 28.000000 39.000000 ]
Output: [18.900277 27.908276 39.073175 ]
Error: [0.099200 0.091424 -0.073312 ]
Training successful
Input: [5.000000 6.000000 7.000000 ]
label: [28.000000 39.000000 52.000000 ]
Output: [27.900569 38.926570 52.064853 ]
Error: [0.099078 0.073292 -0.064934 ]
Training successful
in iteration: 25
Input: [1.000000 2.000000 3.000000 ]
label: [4.000000 7.000000 12.000000 ]
Output: [4.055768 7.099964 11.919984 ]
Error: [-0.056546 -0.101391 0.079483 ]
Training successful
Input: [2.000000 3.000000 4.000000 ]
label: [7.000000 12.000000 19.000000 ]
Output: [6.988324 11.900292 19.029223 ]
Error: [0.011656 0.098879 -0.029268 ]
Training successful
Input: [3.000000 4.000000 5.000000 ]
label: [12.000000 19.000000 28.000000 ]
Output: [11.934067 18.900496 28.062573 ]
Error: [0.065571 0.098983 -0.062713 ]
Training successful
Input: [4.000000 5.000000 6.000000 ]
label: [19.000000 28.000000 39.000000 ]
Output: [18.900403 27.900166 39.074731 ]
Error: [0.099075 0.099478 -0.074875 ]
Training successful
Input: [5.000000 6.000000 7.000000 ]
label: [28.000000 39.000000 52.000000 ]
Output: [27.900344 38.918586 52.066741 ]
Error: [0.099302 0.081244 -0.066827 ]
Training successful
in iteration: 26
Input: [1.000000 2.000000 3.000000 ]
label: [4.000000 7.000000 12.000000 ]
Output: [4.051153 7.098839 11.923856 ]
Error: [-0.051808 -0.100234 0.075661 ]
Training successful
Input: [2.000000 3.000000 4.000000 ]
label: [7.000000 12.000000 19.000000 ]
Output: [6.989509 11.900294 19.028367 ]
Error: [0.010476 0.098878 -0.028409 ]
Training successful
Input: [3.000000 4.000000 5.000000 ]
label: [12.000000 19.000000 28.000000 ]
Output: [11.938062 18.900431 28.060443 ]
Error: [0.061618 0.099047 -0.060573 ]
Training successful
Input: [4.000000 5.000000 6.000000 ]
label: [19.000000 28.000000 39.000000 ]
Output: [18.906869 27.900093 39.071760 ]
Error: [0.092674 0.099550 -0.071892 ]
Training successful
Input: [5.000000 6.000000 7.000000 ]
label: [28.000000 39.000000 52.000000 ]
Output: [27.900453 38.911557 52.068220 ]
Error: [0.099193 0.088243 -0.068309 ]
Training successful
in iteration: 27
Input: [1.000000 2.000000 3.000000 ]
label: [4.000000 7.000000 12.000000 ]
Output: [4.048363 7.099950 11.925653 ]
Error: [-0.048948 -0.101377 0.073887 ]
Training successful
Input: [2.000000 3.000000 4.000000 ]
label: [7.000000 12.000000 19.000000 ]
Output: [6.990631 11.900268 19.027269 ]
Error: [0.009357 0.098903 -0.027308 ]
Training successful
Input: [3.000000 4.000000 5.000000 ]
label: [12.000000 19.000000 28.000000 ]
Output: [11.941304 18.900366 28.058623 ]
Error: [0.058409 0.099112 -0.058746 ]
Training successful
Input: [4.000000 5.000000 6.000000 ]
label: [19.000000 28.000000 39.000000 ]
Output: [18.912116 27.900150 39.069268 ]
Error: [0.087477 0.099493 -0.069391 ]
Training successful
Input: [5.000000 6.000000 7.000000 ]
label: [28.000000 39.000000 52.000000 ]
Output: [27.900692 38.905488 52.069396 ]
Error: [0.098956 0.094283 -0.069489 ]
Training successful
in iteration: 28
Input: [1.000000 2.000000 3.000000 ]
label: [4.000000 7.000000 12.000000 ]
Output: [4.045488 7.099911 11.927828 ]
Error: [-0.046005 -0.101337 0.071738 ]
Training successful
Input: [2.000000 3.000000 4.000000 ]
label: [7.000000 12.000000 19.000000 ]
Output: [6.991776 11.901009 19.025952 ]
Error: [0.008215 0.098175 -0.025987 ]
Training successful
Input: [3.000000 4.000000 5.000000 ]
label: [12.000000 19.000000 28.000000 ]
Output: [11.943868 18.900212 28.057094 ]
Error: [0.055869 0.099264 -0.057211 ]
Training successful
Input: [4.000000 5.000000 6.000000 ]
label: [19.000000 28.000000 39.000000 ]
Output: [18.916286 27.900210 39.067231 ]
Error: [0.083345 0.099434 -0.067347 ]
Training successful
Input: [5.000000 6.000000 7.000000 ]
label: [28.000000 39.000000 52.000000 ]
Output: [27.901035 38.900403 52.070280 ]
Error: [0.098615 0.099343 -0.070375 ]
Training successful
in iteration: 29
Input: [1.000000 2.000000 3.000000 ]
label: [4.000000 7.000000 12.000000 ]
Output: [4.042567 7.098887 11.930323 ]
Error: [-0.043020 -0.100284 0.069273 ]
Training successful
Input: [2.000000 3.000000 4.000000 ]
label: [7.000000 12.000000 19.000000 ]
Output: [6.992646 11.900213 19.024667 ]
Error: [0.007347 0.098957 -0.024699 ]
Training successful
Input: [3.000000 4.000000 5.000000 ]
label: [12.000000 19.000000 28.000000 ]
Output: [11.946423 18.900853 28.055380 ]
Error: [0.053338 0.098629 -0.055489 ]
Training successful
Input: [4.000000 5.000000 6.000000 ]
label: [19.000000 28.000000 39.000000 ]
Output: [18.919505 27.900157 39.065614 ]
Error: [0.080154 0.099487 -0.065725 ]
Training successful
Input: [5.000000 6.000000 7.000000 ]
label: [28.000000 39.000000 52.000000 ]
Output: [27.905532 38.900682 52.068232 ]
Error: [0.094150 0.099065 -0.068322 ]
Training successful
in iteration: 30
Input: [1.000000 2.000000 3.000000 ]
label: [4.000000 7.000000 12.000000 ]
Output: [4.040623 7.099295 11.931672 ]
Error: [-0.041036 -0.100703 0.067938 ]
Training successful
Input: [2.000000 3.000000 4.000000 ]
label: [7.000000 12.000000 19.000000 ]
Output: [6.993605 11.900123 19.023051 ]
Error: [0.006389 0.099045 -0.023079 ]
Training successful
Input: [3.000000 4.000000 5.000000 ]
label: [12.000000 19.000000 28.000000 ]
Output: [11.947791 18.900058 28.054434 ]
Error: [0.051981 0.099416 -0.054540 ]
Training successful
Input: [4.000000 5.000000 6.000000 ]
label: [19.000000 28.000000 39.000000 ]
Output: [18.922662 27.900885 39.063841 ]
Error: [0.077023 0.098764 -0.063945 ]
Training successful
Input: [5.000000 6.000000 7.000000 ]
label: [28.000000 39.000000 52.000000 ]
Output: [27.908959 38.900803 52.066651 ]
Error: [0.090745 0.098945 -0.066737 ]
Training successful
in iteration: 31
Input: [1.000000 2.000000 3.000000 ]
label: [4.000000 7.000000 12.000000 ]
Output: [4.038582 7.098978 11.933362 ]
Error: [-0.038954 -0.100377 0.066268 ]
Training successful
Input: [2.000000 3.000000 4.000000 ]
label: [7.000000 12.000000 19.000000 ]
Output: [6.994599 11.900502 19.021203 ]
Error: [0.005397 0.098673 -0.021226 ]
Training successful
Input: [3.000000 4.000000 5.000000 ]
label: [12.000000 19.000000 28.000000 ]
Output: [11.949776 18.900973 28.052807 ]
Error: [0.050014 0.098511 -0.052906 ]
Training successful
Input: [4.000000 5.000000 6.000000 ]
label: [19.000000 28.000000 39.000000 ]
Output: [18.924173 27.900178 39.063053 ]
Error: [0.075524 0.099466 -0.063155 ]
Training successful
Input: [5.000000 6.000000 7.000000 ]
label: [28.000000 39.000000 52.000000 ]
Output: [27.911378 38.900592 52.065549 ]
Error: [0.088341 0.099154 -0.065632 ]
Training successful
in iteration: 32
Input: [1.000000 2.000000 3.000000 ]
label: [4.000000 7.000000 12.000000 ]
Output: [4.036916 7.099170 11.934717 ]
Error: [-0.037257 -0.100575 0.064928 ]
Training successful
Input: [2.000000 3.000000 4.000000 ]
label: [7.000000 12.000000 19.000000 ]
Output: [6.995521 11.900245 19.019113 ]
Error: [0.004477 0.098925 -0.019133 ]
Training successful
Input: [3.000000 4.000000 5.000000 ]
label: [12.000000 19.000000 28.000000 ]
Output: [11.950657 18.900198 28.051905 ]
Error: [0.049140 0.099278 -0.052001 ]
Training successful
Input: [4.000000 5.000000 6.000000 ]
label: [19.000000 28.000000 39.000000 ]
Output: [18.925699 27.900001 39.062102 ]
Error: [0.074010 0.099641 -0.062201 ]
Training successful
Input: [5.000000 6.000000 7.000000 ]
label: [28.000000 39.000000 52.000000 ]
Output: [27.913802 38.901028 52.064278 ]
Error: [0.085933 0.098721 -0.064358 ]
Training successful
in iteration: 33
Input: [1.000000 2.000000 3.000000 ]
label: [4.000000 7.000000 12.000000 ]
Output: [4.035594 7.099973 11.935795 ]
Error: [-0.035910 -0.101401 0.063861 ]
Training successful
Input: [2.000000 3.000000 4.000000 ]
label: [7.000000 12.000000 19.000000 ]
Output: [6.996500 11.900379 19.016687 ]
Error: [0.003499 0.098794 -0.016702 ]
Training successful
Input: [3.000000 4.000000 5.000000 ]
label: [12.000000 19.000000 28.000000 ]
Output: [11.952142 18.900934 28.050347 ]
Error: [0.047667 0.098550 -0.050438 ]
Training successful
Input: [4.000000 5.000000 6.000000 ]
label: [19.000000 28.000000 39.000000 ]
Output: [18.927273 27.900333 39.060958 ]
Error: [0.072449 0.099312 -0.061054 ]
Training successful
Input: [5.000000 6.000000 7.000000 ]
label: [28.000000 39.000000 52.000000 ]
Output: [27.915331 38.900934 52.063457 ]
Error: [0.084413 0.098815 -0.063535 ]
Training successful
in iteration: 34
Input: [1.000000 2.000000 3.000000 ]
label: [4.000000 7.000000 12.000000 ]
Output: [4.033711 7.099216 11.937899 ]
Error: [-0.033996 -0.100622 0.061780 ]
Training successful
Input: [2.000000 3.000000 4.000000 ]
label: [7.000000 12.000000 19.000000 ]
Output: [6.997497 11.900699 19.013995 ]
Error: [0.002502 0.098479 -0.014005 ]
Training successful
Input: [3.000000 4.000000 5.000000 ]
label: [12.000000 19.000000 28.000000 ]
Output: [11.953119 18.900937 28.049004 ]
Error: [0.046698 0.098547 -0.049090 ]
Training successful
Input: [4.000000 5.000000 6.000000 ]
label: [19.000000 28.000000 39.000000 ]
Output: [18.928865 27.901030 39.059665 ]
Error: [0.070869 0.098620 -0.059756 ]
Training successful
Input: [5.000000 6.000000 7.000000 ]
label: [28.000000 39.000000 52.000000 ]
Output: [27.916003 38.900216 52.063069 ]
Error: [0.083745 0.099528 -0.063145 ]
Training successful
in iteration: 35
Input: [1.000000 2.000000 3.000000 ]
label: [4.000000 7.000000 12.000000 ]
Output: [4.032159 7.099214 11.939806 ]
Error: [-0.032417 -0.100620 0.059892 ]
Training successful
Input: [2.000000 3.000000 4.000000 ]
label: [7.000000 12.000000 19.000000 ]
Output: [6.998442 11.900210 19.010845 ]
Error: [0.001558 0.098961 -0.010851 ]
Training successful
Input: [3.000000 4.000000 5.000000 ]
label: [12.000000 19.000000 28.000000 ]
Output: [11.953613 18.900113 28.047816 ]
Error: [0.046208 0.099362 -0.047898 ]
Training successful
Input: [4.000000 5.000000 6.000000 ]
label: [19.000000 28.000000 39.000000 ]
Output: [18.929711 27.900956 39.058749 ]
Error: [0.070029 0.098694 -0.058837 ]
Training successful
Input: [5.000000 6.000000 7.000000 ]
label: [28.000000 39.000000 52.000000 ]
Output: [27.917591 38.900902 52.061952 ]
Error: [0.082167 0.098846 -0.062026 ]
Training successful
in iteration: 36
Input: [1.000000 2.000000 3.000000 ]
label: [4.000000 7.000000 12.000000 ]
Output: [4.030500 7.098907 11.942170 ]
Error: [-0.030732 -0.100305 0.057551 ]
Training successful
Input: [2.000000 3.000000 4.000000 ]
label: [7.000000 12.000000 19.000000 ]
Output: [6.999523 11.900986 19.007393 ]
Error: [0.000477 0.098197 -0.007396 ]
Training successful
Input: [3.000000 4.000000 5.000000 ]
label: [12.000000 19.000000 28.000000 ]
Output: [11.954691 18.900653 28.045968 ]
Error: [0.045138 0.098828 -0.046043 ]
Training successful
Input: [4.000000 5.000000 6.000000 ]
label: [19.000000 28.000000 39.000000 ]
Output: [18.929855 27.900107 39.058132 ]
Error: [0.069886 0.099537 -0.058219 ]
Training successful
Input: [5.000000 6.000000 7.000000 ]
label: [28.000000 39.000000 52.000000 ]
Output: [27.918323 38.900806 52.061271 ]
Error: [0.081438 0.098942 -0.061344 ]
Training successful
in iteration: 37
Input: [1.000000 2.000000 3.000000 ]
label: [4.000000 7.000000 12.000000 ]
Output: [4.029131 7.099463 11.944538 ]
Error: [-0.029343 -0.100876 0.055205 ]
Training successful
Input: [2.000000 3.000000 4.000000 ]
label: [7.000000 12.000000 19.000000 ]
Output: [7.000553 11.900877 19.003337 ]
Error: [-0.000553 0.098304 -0.003338 ]
Training successful
Input: [3.000000 4.000000 5.000000 ]
label: [12.000000 19.000000 28.000000 ]
Output: [11.955295 18.900274 28.044194 ]
Error: [0.044538 0.099203 -0.044264 ]
Training successful
Input: [4.000000 5.000000 6.000000 ]
label: [19.000000 28.000000 39.000000 ]
Output: [18.930802 27.900528 39.056806 ]
Error: [0.068946 0.099119 -0.056889 ]
Training successful
Input: [5.000000 6.000000 7.000000 ]
label: [28.000000 39.000000 52.000000 ]
Output: [27.919115 38.900974 52.060416 ]
Error: [0.080651 0.098774 -0.060486 ]
Training successful
in iteration: 38
Input: [1.000000 2.000000 3.000000 ]
label: [4.000000 7.000000 12.000000 ]
Output: [4.027643 7.099804 11.947535 ]
Error: [-0.027834 -0.101227 0.052235 ]
Training successful
Input: [2.000000 3.000000 4.000000 ]
label: [7.000000 12.000000 19.000000 ]
Output: [7.001612 11.900876 18.998769 ]
Error: [-0.001613 0.098305 0.001231 ]
Training successful
Input: [3.000000 4.000000 5.000000 ]
label: [12.000000 19.000000 28.000000 ]
Output: [11.955954 18.900062 28.042078 ]
Error: [0.043884 0.099412 -0.042141 ]
Training successful
Input: [4.000000 5.000000 6.000000 ]
label: [19.000000 28.000000 39.000000 ]
Output: [18.931041 27.900063 39.055737 ]
Error: [0.068709 0.099580 -0.055817 ]
Training successful
Input: [5.000000 6.000000 7.000000 ]
label: [28.000000 39.000000 52.000000 ]
Output: [27.919075 38.900269 52.059940 ]
Error: [0.080691 0.099476 -0.060009 ]
Training successful
in iteration: 39
Input: [1.000000 2.000000 3.000000 ]
label: [4.000000 7.000000 12.000000 ]
Output: [4.026040 7.099958 11.951226 ]
Error: [-0.026210 -0.101386 0.048576 ]
Training successful
Input: [2.000000 3.000000 4.000000 ]
label: [7.000000 12.000000 19.000000 ]
Output: [7.002696 11.900957 18.993652 ]
Error: [-0.002697 0.098225 0.006346 ]
Training successful
Input: [3.000000 4.000000 5.000000 ]
label: [12.000000 19.000000 28.000000 ]
Output: [11.957181 18.901084 28.039333 ]
Error: [0.042666 0.098401 -0.039389 ]
Training successful
Input: [4.000000 5.000000 6.000000 ]
label: [19.000000 28.000000 39.000000 ]
Output: [18.932095 27.900862 39.053935 ]
Error: [0.067662 0.098787 -0.054009 ]
Training successful
Input: [5.000000 6.000000 7.000000 ]
label: [28.000000 39.000000 52.000000 ]
Output: [27.919961 38.900818 52.058722 ]
Error: [0.079810 0.098929 -0.058788 ]
Training successful
in iteration: 40
Input: [1.000000 2.000000 3.000000 ]
label: [4.000000 7.000000 12.000000 ]
Output: [4.024335 7.099963 11.955666 ]
Error: [-0.024483 -0.101390 0.044171 ]
Training successful
Input: [2.000000 3.000000 4.000000 ]
label: [7.000000 12.000000 19.000000 ]
Output: [7.003797 11.901099 18.987953 ]
Error: [-0.003799 0.098085 0.012040 ]
Training successful
Input: [3.000000 4.000000 5.000000 ]
label: [12.000000 19.000000 28.000000 ]
Output: [11.957428 18.900044 28.036691 ]
Error: [0.042421 0.099431 -0.036740 ]
Training successful
Input: [4.000000 5.000000 6.000000 ]
label: [19.000000 28.000000 39.000000 ]
Output: [18.932426 27.900668 39.052335 ]
Error: [0.067334 0.098980 -0.052406 ]
Training successful
Input: [5.000000 6.000000 7.000000 ]
label: [28.000000 39.000000 52.000000 ]
Output: [27.920019 38.900432 52.057828 ]
Error: [0.079753 0.099314 -0.057893 ]
Training successful
in iteration: 41
Input: [1.000000 2.000000 3.000000 ]
label: [4.000000 7.000000 12.000000 ]
Output: [4.022534 7.099839 11.960923 ]
Error: [-0.022661 -0.101263 0.038949 ]
Training successful
Input: [2.000000 3.000000 4.000000 ]
label: [7.000000 12.000000 19.000000 ]
Output: [7.004838 11.900155 18.981141 ]
Error: [-0.004842 0.099014 0.018840 ]
Training successful
Input: [3.000000 4.000000 5.000000 ]
label: [12.000000 19.000000 28.000000 ]
Output: [11.958244 18.900156 28.033359 ]
Error: [0.041611 0.099320 -0.033399 ]
Training successful
Input: [4.000000 5.000000 6.000000 ]
label: [19.000000 28.000000 39.000000 ]
Output: [18.932815 27.900615 39.050398 ]
Error: [0.066947 0.099033 -0.050463 ]
Training successful
Input: [5.000000 6.000000 7.000000 ]
label: [28.000000 39.000000 52.000000 ]
Output: [27.920123 38.900170 52.056688 ]
Error: [0.079649 0.099574 -0.056750 ]
Training successful
in iteration: 42
Input: [1.000000 2.000000 3.000000 ]
label: [4.000000 7.000000 12.000000 ]
Output: [4.020651 7.099616 11.967053 ]
Error: [-0.020758 -0.101034 0.032857 ]
Training successful
Input: [2.000000 3.000000 4.000000 ]
label: [7.000000 12.000000 19.000000 ]
Output: [7.005956 11.900354 18.974101 ]
Error: [-0.005961 0.098818 0.025863 ]
Training successful
Input: [3.000000 4.000000 5.000000 ]
label: [12.000000 19.000000 28.000000 ]
Output: [11.959095 18.900393 28.029540 ]
Error: [0.040765 0.099085 -0.029571 ]
Training successful
Input: [4.000000 5.000000 6.000000 ]
label: [19.000000 28.000000 39.000000 ]
Output: [18.933251 27.900662 39.048107 ]
Error: [0.066515 0.098985 -0.048166 ]
Training successful
Input: [5.000000 6.000000 7.000000 ]
label: [28.000000 39.000000 52.000000 ]
Output: [27.920273 38.900016 52.055276 ]
Error: [0.079500 0.099728 -0.055335 ]
Training successful
in iteration: 43
Input: [1.000000 2.000000 3.000000 ]
label: [4.000000 7.000000 12.000000 ]
Output: [4.018699 7.099321 11.974104 ]
Error: [-0.018787 -0.100730 0.025840 ]
Training successful
Input: [2.000000 3.000000 4.000000 ]
label: [7.000000 12.000000 19.000000 ]
Output: [7.007065 11.900557 18.966403 ]
Error: [-0.007072 0.098619 0.033538 ]
Training successful
Input: [3.000000 4.000000 5.000000 ]
label: [12.000000 19.000000 28.000000 ]
Output: [11.959983 18.900698 28.025208 ]
Error: [0.039883 0.098783 -0.025231 ]
Training successful
Input: [4.000000 5.000000 6.000000 ]
label: [19.000000 28.000000 39.000000 ]
Output: [18.933729 27.900795 39.045429 ]
Error: [0.066040 0.098854 -0.045482 ]
Training successful
Input: [5.000000 6.000000 7.000000 ]
label: [28.000000 39.000000 52.000000 ]
Output: [27.921326 38.901029 52.053131 ]
Error: [0.078453 0.098720 -0.053185 ]
Training successful
in iteration: 44
Input: [1.000000 2.000000 3.000000 ]
label: [4.000000 7.000000 12.000000 ]
Output: [4.016696 7.098983 11.982112 ]
Error: [-0.016766 -0.100383 0.017861 ]
Training successful
Input: [2.000000 3.000000 4.000000 ]
label: [7.000000 12.000000 19.000000 ]
Output: [7.008156 11.900748 18.958043 ]
Error: [-0.008165 0.098431 0.041865 ]
Training successful
Input: [3.000000 4.000000 5.000000 ]
label: [12.000000 19.000000 28.000000 ]
Output: [11.960901 18.901057 28.020333 ]
Error: [0.038972 0.098428 -0.020348 ]
Training successful
Input: [4.000000 5.000000 6.000000 ]
label: [19.000000 28.000000 39.000000 ]
Output: [18.934245 27.900998 39.042333 ]
Error: [0.065527 0.098652 -0.042379 ]
Training successful
Input: [5.000000 6.000000 7.000000 ]
label: [28.000000 39.000000 52.000000 ]
Output: [27.921561 38.901052 52.051120 ]
Error: [0.078220 0.098697 -0.051170 ]
Training successful
in iteration: 45
Input: [1.000000 2.000000 3.000000 ]
label: [4.000000 7.000000 12.000000 ]
Output: [4.014972 7.099824 11.991286 ]
Error: [-0.015028 -0.101248 0.008708 ]
Training successful
Input: [2.000000 3.000000 4.000000 ]
label: [7.000000 12.000000 19.000000 ]
Output: [7.009218 11.900986 18.949007 ]
Error: [-0.009230 0.098197 0.050856 ]
Training successful
Input: [3.000000 4.000000 5.000000 ]
label: [12.000000 19.000000 28.000000 ]
Output: [11.961342 18.900336 28.014801 ]
Error: [0.038533 0.099141 -0.014809 ]
Training successful
Input: [4.000000 5.000000 6.000000 ]
label: [19.000000 28.000000 39.000000 ]
Output: [18.934038 27.900134 39.039022 ]
Error: [0.065733 0.099510 -0.039061 ]
Training successful
Input: [5.000000 6.000000 7.000000 ]
label: [28.000000 39.000000 52.000000 ]
Output: [27.920959 38.900044 52.049133 ]
Error: [0.078818 0.099700 -0.049179 ]
Training successful
in iteration: 46
Input: [1.000000 2.000000 3.000000 ]
label: [4.000000 7.000000 12.000000 ]
Output: [4.012898 7.099472 12.001418 ]
Error: [-0.012939 -0.100885 -0.001418 ]
Training successful
Input: [2.000000 3.000000 4.000000 ]
label: [7.000000 12.000000 19.000000 ]
Output: [7.010241 11.901106 18.939376 ]
Error: [-0.010256 0.098079 0.060430 ]
Training successful
Input: [3.000000 4.000000 5.000000 ]
label: [12.000000 19.000000 28.000000 ]
Output: [11.962299 18.900753 28.008688 ]
Error: [0.037582 0.098728 -0.008690 ]
Training successful
Input: [4.000000 5.000000 6.000000 ]
label: [19.000000 28.000000 39.000000 ]
Output: [18.934615 27.900439 39.034940 ]
Error: [0.065160 0.099207 -0.034972 ]
Training successful
Input: [5.000000 6.000000 7.000000 ]
label: [28.000000 39.000000 52.000000 ]
Output: [27.921262 38.900190 52.046339 ]
Error: [0.078516 0.099555 -0.046380 ]
Training successful
in iteration: 47
Input: [1.000000 2.000000 3.000000 ]
label: [4.000000 7.000000 12.000000 ]
Output: [4.010823 7.099150 12.012544 ]
Error: [-0.010853 -0.100555 -0.012557 ]
Training successful
Input: [2.000000 3.000000 4.000000 ]
label: [7.000000 12.000000 19.000000 ]
Output: [7.011216 11.901171 18.929164 ]
Error: [-0.011234 0.098016 0.070572 ]
Training successful
Input: [3.000000 4.000000 5.000000 ]
label: [12.000000 19.000000 28.000000 ]
Output: [11.962762 18.900040 28.001716 ]
Error: [0.037122 0.099434 -0.001717 ]
Training successful
Input: [4.000000 5.000000 6.000000 ]
label: [19.000000 28.000000 39.000000 ]
Output: [18.935203 27.900749 39.030361 ]
Error: [0.064576 0.098900 -0.030385 ]
Training successful
Input: [5.000000 6.000000 7.000000 ]
label: [28.000000 39.000000 52.000000 ]
Output: [27.921592 38.900381 52.043122 ]
Error: [0.078189 0.099364 -0.043158 ]
Training successful
in iteration: 48
Input: [1.000000 2.000000 3.000000 ]
label: [4.000000 7.000000 12.000000 ]
Output: [4.008764 7.098881 12.024640 ]
Error: [-0.008783 -0.100277 -0.024691 ]
Training successful
Input: [2.000000 3.000000 4.000000 ]
label: [7.000000 12.000000 19.000000 ]
Output: [7.012136 11.901169 18.918427 ]
Error: [-0.012158 0.098017 0.081223 ]
Training successful
Input: [3.000000 4.000000 5.000000 ]
label: [12.000000 19.000000 28.000000 ]
Output: [11.963721 18.900456 27.994303 ]
Error: [0.036170 0.099023 0.005696 ]
Training successful
Input: [4.000000 5.000000 6.000000 ]
label: [19.000000 28.000000 39.000000 ]
Output: [18.935810 27.901105 39.025242 ]
Error: [0.063973 0.098546 -0.025258 ]
Training successful
Input: [5.000000 6.000000 7.000000 ]
label: [28.000000 39.000000 52.000000 ]
Output: [27.921942 38.900608 52.039457 ]
Error: [0.077841 0.099139 -0.039487 ]
Training successful
in iteration: 49
