Epoch: 1
Input: [-92.400000 -92.400000 -92.400000 ]
label: [-92.400000 -92.400000 -92.400000 ]
Output: [-91.372506 -91.372506 -91.372506 ]
Error: [-1.016068 -1.016068 -1.016068 ]
Try again
Input: [-92.400000 -92.400000 -92.400000 ]
label: [-92.400000 -92.400000 -92.400000 ]
Output: [-92.165865 -92.165865 -92.165865 ]
Error: [-0.233542 -0.233542 -0.233542 ]
Try again
Input: [-92.400000 -92.400000 -92.400000 ]
label: [-92.400000 -92.400000 -92.400000 ]
Output: [-92.300000 -92.300000 -92.300000 ]
Error: [-0.099892 -0.099892 -0.099892 ]
Training successful
--------------------------
Epoch: 2
Input: [-92.400000 -92.400000 -92.400000 ]
label: [-92.400000 -92.400000 -92.400000 ]
Output: [-92.300000 -92.300000 -92.300000 ]
Error: [-0.099892 -0.099892 -0.099892 ]
Training successful
Input: [-92.400000 -92.400000 -92.400000 ]
label: [-92.400000 -92.400000 -92.400000 ]
Output: [-92.300000 -92.300000 -92.300000 ]
Error: [-0.099892 -0.099892 -0.099892 ]
Training successful
Input: [-92.400000 -92.400000 -92.400000 ]
label: [-92.400000 -92.400000 -92.400000 ]
Output: [-92.300000 -92.300000 -92.300000 ]
Error: [-0.099892 -0.099892 -0.099892 ]
Training successful
--------------------------
Epoch: 3
Input: [-92.400000 -92.400000 -92.400000 ]
label: [-92.400000 -92.400000 -92.400000 ]
Output: [-92.300000 -92.300000 -92.300000 ]
Error: [-0.099892 -0.099892 -0.099892 ]
Training successful
Input: [-92.400000 -92.400000 -92.400000 ]
label: [-92.400000 -92.400000 -92.400000 ]
Output: [-92.300000 -92.300000 -92.300000 ]
Error: [-0.099892 -0.099892 -0.099892 ]
Training successful
Input: [-92.400000 -92.400000 -92.400000 ]
label: [-92.400000 -92.400000 -92.400000 ]
Output: [-92.300000 -92.300000 -92.300000 ]
Error: [-0.099892 -0.099892 -0.099892 ]
Training successful
--------------------------
Epoch: 4
Input: [-92.400000 -92.400000 -92.400000 ]
label: [-92.400000 -92.400000 -92.400000 ]
Output: [-92.300000 -92.300000 -92.300000 ]
Error: [-0.099892 -0.099892 -0.099892 ]
Training successful
Input: [-92.400000 -92.400000 -92.400000 ]
label: [-92.400000 -92.400000 -92.400000 ]
Output: [-92.300000 -92.300000 -92.300000 ]
Error: [-0.099892 -0.099892 -0.099892 ]
Training successful
Input: [-92.400000 -92.400000 -92.400000 ]
label: [-92.400000 -92.400000 -92.400000 ]
Output: [-92.300000 -92.300000 -92.300000 ]
Error: [-0.099892 -0.099892 -0.099892 ]
Training successful
--------------------------
Epoch: 5
Input: [-92.400000 -92.400000 -92.400000 ]
label: [-92.400000 -92.400000 -92.400000 ]
Output: [-92.300000 -92.300000 -92.300000 ]
Error: [-0.099892 -0.099892 -0.099892 ]
Training successful
Input: [-92.400000 -92.400000 -92.400000 ]
label: [-92.400000 -92.400000 -92.400000 ]
Output: [-92.300000 -92.300000 -92.300000 ]
Error: [-0.099892 -0.099892 -0.099892 ]
Training successful
Input: [-92.400000 -92.400000 -92.400000 ]
label: [-92.400000 -92.400000 -92.400000 ]
Output: [-92.300000 -92.300000 -92.300000 ]
Error: [-0.099892 -0.099892 -0.099892 ]
Training successful
--------------------------
Epoch: 6
Input: [-92.400000 -92.400000 -92.400000 ]
label: [-92.400000 -92.400000 -92.400000 ]
Output: [-92.300000 -92.300000 -92.300000 ]
Error: [-0.099892 -0.099892 -0.099892 ]
Training successful
Input: [-92.400000 -92.400000 -92.400000 ]
label: [-92.400000 -92.400000 -92.400000 ]
Output: [-92.300000 -92.300000 -92.300000 ]
Error: [-0.099892 -0.099892 -0.099892 ]
Training successful
Input: [-92.400000 -92.400000 -92.400000 ]
label: [-92.400000 -92.400000 -92.400000 ]
Output: [-92.300000 -92.300000 -92.300000 ]
Error: [-0.099892 -0.099892 -0.099892 ]
Training successful
--------------------------
Epoch: 7
Input: [-92.400000 -92.400000 -92.400000 ]
label: [-92.400000 -92.400000 -92.400000 ]
Output: [-92.300000 -92.300000 -92.300000 ]
Error: [-0.099892 -0.099892 -0.099892 ]
Training successful
Input: [-92.400000 -92.400000 -92.400000 ]
label: [-92.400000 -92.400000 -92.400000 ]
Output: [-92.300000 -92.300000 -92.300000 ]
Error: [-0.099892 -0.099892 -0.099892 ]
Training successful
Input: [-92.400000 -92.400000 -92.400000 ]
label: [-92.400000 -92.400000 -92.400000 ]
Output: [-92.300000 -92.300000 -92.300000 ]
Error: [-0.099892 -0.099892 -0.099892 ]
Training successful
--------------------------
Epoch: 8
Input: [-92.400000 -92.400000 -92.400000 ]
label: [-92.400000 -92.400000 -92.400000 ]
Output: [-92.300000 -92.300000 -92.300000 ]
Error: [-0.099892 -0.099892 -0.099892 ]
Training successful
Input: [-92.400000 -92.400000 -92.400000 ]
label: [-92.400000 -92.400000 -92.400000 ]
Output: [-92.300000 -92.300000 -92.300000 ]
Error: [-0.099892 -0.099892 -0.099892 ]
Training successful
Input: [-92.400000 -92.400000 -92.400000 ]
label: [-92.400000 -92.400000 -92.400000 ]
Output: [-92.300000 -92.300000 -92.300000 ]
Error: [-0.099892 -0.099892 -0.099892 ]
Training successful
--------------------------
Epoch: 9
Input: [-92.400000 -92.400000 -92.400000 ]
label: [-92.400000 -92.400000 -92.400000 ]
Output: [-92.300000 -92.300000 -92.300000 ]
Error: [-0.099892 -0.099892 -0.099892 ]
Training successful
Input: [-92.400000 -92.400000 -92.400000 ]
label: [-92.400000 -92.400000 -92.400000 ]
Output: [-92.300000 -92.300000 -92.300000 ]
Error: [-0.099892 -0.099892 -0.099892 ]
Training successful
Input: [-92.400000 -92.400000 -92.400000 ]
label: [-92.400000 -92.400000 -92.400000 ]
Output: [-92.300000 -92.300000 -92.300000 ]
Error: [-0.099892 -0.099892 -0.099892 ]
Training successful
--------------------------
Epoch: 10
Input: [-92.400000 -92.400000 -92.400000 ]
label: [-92.400000 -92.400000 -92.400000 ]
Output: [-92.300000 -92.300000 -92.300000 ]
Error: [-0.099892 -0.099892 -0.099892 ]
Training successful
Input: [-92.400000 -92.400000 -92.400000 ]
label: [-92.400000 -92.400000 -92.400000 ]
Output: [-92.300000 -92.300000 -92.300000 ]
Error: [-0.099892 -0.099892 -0.099892 ]
Training successful
Input: [-92.400000 -92.400000 -92.400000 ]
label: [-92.400000 -92.400000 -92.400000 ]
Output: [-92.300000 -92.300000 -92.300000 ]
Error: [-0.099892 -0.099892 -0.099892 ]
Training successful
--------------------------
Epoch: 11
Input: [-92.400000 -92.400000 -92.400000 ]
label: [-92.400000 -92.400000 -92.400000 ]
Output: [-92.300000 -92.300000 -92.300000 ]
Error: [-0.099892 -0.099892 -0.099892 ]
Training successful
Input: [-92.400000 -92.400000 -92.400000 ]
label: [-92.400000 -92.400000 -92.400000 ]
Output: [-92.300000 -92.300000 -92.300000 ]
Error: [-0.099892 -0.099892 -0.099892 ]
Training successful
Input: [-92.400000 -92.400000 -92.400000 ]
label: [-92.400000 -92.400000 -92.400000 ]
Output: [-92.300000 -92.300000 -92.300000 ]
Error: [-0.099892 -0.099892 -0.099892 ]
Training successful
--------------------------
Epoch: 12
Input: [-92.400000 -92.400000 -92.400000 ]
label: [-92.400000 -92.400000 -92.400000 ]
Output: [-92.300000 -92.300000 -92.300000 ]
Error: [-0.099892 -0.099892 -0.099892 ]
Training successful
Input: [-92.400000 -92.400000 -92.400000 ]
label: [-92.400000 -92.400000 -92.400000 ]
Output: [-92.300000 -92.300000 -92.300000 ]
Error: [-0.099892 -0.099892 -0.099892 ]
Training successful
Input: [-92.400000 -92.400000 -92.400000 ]
label: [-92.400000 -92.400000 -92.400000 ]
Output: [-92.300000 -92.300000 -92.300000 ]
Error: [-0.099892 -0.099892 -0.099892 ]
Training successful
--------------------------
Epoch: 13
Input: [-92.400000 -92.400000 -92.400000 ]
label: [-92.400000 -92.400000 -92.400000 ]
Output: [-92.300000 -92.300000 -92.300000 ]
Error: [-0.099892 -0.099892 -0.099892 ]
Training successful
Input: [-92.400000 -92.400000 -92.400000 ]
label: [-92.400000 -92.400000 -92.400000 ]
Output: [-92.300000 -92.300000 -92.300000 ]
Error: [-0.099892 -0.099892 -0.099892 ]
Training successful
Input: [-92.400000 -92.400000 -92.400000 ]
label: [-92.400000 -92.400000 -92.400000 ]
Output: [-92.300000 -92.300000 -92.300000 ]
Error: [-0.099892 -0.099892 -0.099892 ]
Training successful
--------------------------
Epoch: 14
Input: [-92.400000 -92.400000 -92.400000 ]
label: [-92.400000 -92.400000 -92.400000 ]
Output: [-92.300000 -92.300000 -92.300000 ]
Error: [-0.099892 -0.099892 -0.099892 ]
Training successful
Input: [-92.400000 -92.400000 -92.400000 ]
label: [-92.400000 -92.400000 -92.400000 ]
Output: [-92.300000 -92.300000 -92.300000 ]
Error: [-0.099892 -0.099892 -0.099892 ]
Training successful
Input: [-92.400000 -92.400000 -92.400000 ]
label: [-92.400000 -92.400000 -92.400000 ]
Output: [-92.300000 -92.300000 -92.300000 ]
Error: [-0.099892 -0.099892 -0.099892 ]
Training successful
--------------------------
Epoch: 15
Input: [-92.400000 -92.400000 -92.400000 ]
label: [-92.400000 -92.400000 -92.400000 ]
Output: [-92.300000 -92.300000 -92.300000 ]
Error: [-0.099892 -0.099892 -0.099892 ]
Training successful
Input: [-92.400000 -92.400000 -92.400000 ]
label: [-92.400000 -92.400000 -92.400000 ]
Output: [-92.300000 -92.300000 -92.300000 ]
Error: [-0.099892 -0.099892 -0.099892 ]
Training successful
Input: [-92.400000 -92.400000 -92.400000 ]
label: [-92.400000 -92.400000 -92.400000 ]
Output: [-92.300000 -92.300000 -92.300000 ]
Error: [-0.099892 -0.099892 -0.099892 ]
Training successful
--------------------------
Epoch: 16
Input: [-92.400000 -92.400000 -92.400000 ]
label: [-92.400000 -92.400000 -92.400000 ]
Output: [-92.300000 -92.300000 -92.300000 ]
Error: [-0.099892 -0.099892 -0.099892 ]
Training successful
Input: [-92.400000 -92.400000 -92.400000 ]
label: [-92.400000 -92.400000 -92.400000 ]
Output: [-92.300000 -92.300000 -92.300000 ]
Error: [-0.099892 -0.099892 -0.099892 ]
Training successful
Input: [-92.400000 -92.400000 -92.400000 ]
label: [-92.400000 -92.400000 -92.400000 ]
Output: [-92.300000 -92.300000 -92.300000 ]
Error: [-0.099892 -0.099892 -0.099892 ]
Training successful
--------------------------
Epoch: 17
Input: [-92.400000 -92.400000 -92.400000 ]
label: [-92.400000 -92.400000 -92.400000 ]
Output: [-92.300000 -92.300000 -92.300000 ]
Error: [-0.099892 -0.099892 -0.099892 ]
Training successful
Input: [-92.400000 -92.400000 -92.400000 ]
label: [-92.400000 -92.400000 -92.400000 ]
Output: [-92.300000 -92.300000 -92.300000 ]
Error: [-0.099892 -0.099892 -0.099892 ]
Training successful
Input: [-92.400000 -92.400000 -92.400000 ]
label: [-92.400000 -92.400000 -92.400000 ]
Output: [-92.300000 -92.300000 -92.300000 ]
Error: [-0.099892 -0.099892 -0.099892 ]
Training successful
--------------------------
Epoch: 18
Input: [-92.400000 -92.400000 -92.400000 ]
label: [-92.400000 -92.400000 -92.400000 ]
Output: [-92.300000 -92.300000 -92.300000 ]
Error: [-0.099892 -0.099892 -0.099892 ]
Training successful
Input: [-92.400000 -92.400000 -92.400000 ]
label: [-92.400000 -92.400000 -92.400000 ]
Output: [-92.300000 -92.300000 -92.300000 ]
Error: [-0.099892 -0.099892 -0.099892 ]
Training successful
Input: [-92.400000 -92.400000 -92.400000 ]
label: [-92.400000 -92.400000 -92.400000 ]
Output: [-92.300000 -92.300000 -92.300000 ]
Error: [-0.099892 -0.099892 -0.099892 ]
Training successful
--------------------------
Epoch: 19
Input: [-92.400000 -92.400000 -92.400000 ]
label: [-92.400000 -92.400000 -92.400000 ]
Output: [-92.300000 -92.300000 -92.300000 ]
Error: [-0.099892 -0.099892 -0.099892 ]
Training successful
Input: [-92.400000 -92.400000 -92.400000 ]
label: [-92.400000 -92.400000 -92.400000 ]
Output: [-92.300000 -92.300000 -92.300000 ]
Error: [-0.099892 -0.099892 -0.099892 ]
Training successful
Input: [-92.400000 -92.400000 -92.400000 ]
label: [-92.400000 -92.400000 -92.400000 ]
Output: [-92.300000 -92.300000 -92.300000 ]
Error: [-0.099892 -0.099892 -0.099892 ]
Training successful
--------------------------
Epoch: 20
Input: [-92.400000 -92.400000 -92.400000 ]
label: [-92.400000 -92.400000 -92.400000 ]
Output: [-92.300000 -92.300000 -92.300000 ]
Error: [-0.099892 -0.099892 -0.099892 ]
Training successful
Input: [-92.400000 -92.400000 -92.400000 ]
label: [-92.400000 -92.400000 -92.400000 ]
Output: [-92.300000 -92.300000 -92.300000 ]
Error: [-0.099892 -0.099892 -0.099892 ]
Training successful
Input: [-92.400000 -92.400000 -92.400000 ]
label: [-92.400000 -92.400000 -92.400000 ]
Output: [-92.300000 -92.300000 -92.300000 ]
Error: [-0.099892 -0.099892 -0.099892 ]
Training successful
--------------------------
Epoch: 21
Input: [-92.400000 -92.400000 -92.400000 ]
label: [-92.400000 -92.400000 -92.400000 ]
Output: [-92.300000 -92.300000 -92.300000 ]
Error: [-0.099892 -0.099892 -0.099892 ]
Training successful
Input: [-92.400000 -92.400000 -92.400000 ]
label: [-92.400000 -92.400000 -92.400000 ]
Output: [-92.300000 -92.300000 -92.300000 ]
Error: [-0.099892 -0.099892 -0.099892 ]
Training successful
Input: [-92.400000 -92.400000 -92.400000 ]
label: [-92.400000 -92.400000 -92.400000 ]
Output: [-92.300000 -92.300000 -92.300000 ]
Error: [-0.099892 -0.099892 -0.099892 ]
Training successful
--------------------------
Epoch: 22
Input: [-92.400000 -92.400000 -92.400000 ]
label: [-92.400000 -92.400000 -92.400000 ]
Output: [-92.300000 -92.300000 -92.300000 ]
Error: [-0.099892 -0.099892 -0.099892 ]
Training successful
Input: [-92.400000 -92.400000 -92.400000 ]
label: [-92.400000 -92.400000 -92.400000 ]
Output: [-92.300000 -92.300000 -92.300000 ]
Error: [-0.099892 -0.099892 -0.099892 ]
Training successful
Input: [-92.400000 -92.400000 -92.400000 ]
label: [-92.400000 -92.400000 -92.400000 ]
Output: [-92.300000 -92.300000 -92.300000 ]
Error: [-0.099892 -0.099892 -0.099892 ]
Training successful
--------------------------
Epoch: 23
Input: [-92.400000 -92.400000 -92.400000 ]
label: [-92.400000 -92.400000 -92.400000 ]
Output: [-92.300000 -92.300000 -92.300000 ]
Error: [-0.099892 -0.099892 -0.099892 ]
Training successful
Input: [-92.400000 -92.400000 -92.400000 ]
label: [-92.400000 -92.400000 -92.400000 ]
Output: [-92.300000 -92.300000 -92.300000 ]
Error: [-0.099892 -0.099892 -0.099892 ]
Training successful
Input: [-92.400000 -92.400000 -92.400000 ]
label: [-92.400000 -92.400000 -92.400000 ]
Output: [-92.300000 -92.300000 -92.300000 ]
Error: [-0.099892 -0.099892 -0.099892 ]
Training successful
--------------------------
Epoch: 24
Input: [-92.400000 -92.400000 -92.400000 ]
label: [-92.400000 -92.400000 -92.400000 ]
Output: [-92.300000 -92.300000 -92.300000 ]
Error: [-0.099892 -0.099892 -0.099892 ]
Training successful
Input: [-92.400000 -92.400000 -92.400000 ]
label: [-92.400000 -92.400000 -92.400000 ]
Output: [-92.300000 -92.300000 -92.300000 ]
Error: [-0.099892 -0.099892 -0.099892 ]
Training successful
Input: [-92.400000 -92.400000 -92.400000 ]
label: [-92.400000 -92.400000 -92.400000 ]
Output: [-92.300000 -92.300000 -92.300000 ]
Error: [-0.099892 -0.099892 -0.099892 ]
Training successful