Input: [0.100000 0.200000 0.300000 ]
label: [0.060000 0.003600 0.000216 ]
Output: [0.061000 0.003603 0.000216 ]
Error: [-0.000042 -0.000000 -0.000000 ]
Training successful | Inputs: 0.1 0.2 0.3 | Labels: 0.06 0.0036 0.000216
Input: [0.200000 0.300000 0.400000 ]
label: [0.090000 0.008100 0.000729 ]
Output: [0.089001 0.008086 0.000728 ]
Error: [0.000040 0.000001 0.000000 ]
Training successful | Inputs: 0.2 0.3 0.4 | Labels: 0.09 0.0081 0.000729
Input: [0.300000 0.400000 0.500000 ]
label: [0.120000 0.014400 0.001728 ]
Output: [0.119000 0.014362 0.001719 ]
Error: [0.000041 0.000002 0.000000 ]
Training successful | Inputs: 0.3 0.4 0.5 | Labels: 0.12 0.0144 0.001728
Input: [0.400000 0.500000 0.600000 ]
label: [0.150000 0.022500 0.003375 ]
Output: [0.149000 0.022365 0.003204 ]
Error: [0.000041 0.000008 0.000004 ]
Training successful | Inputs: 0.4 0.5 0.6 | Labels: 0.15 0.0225 0.003375
Input: [0.500000 0.600000 0.700000 ]
label: [0.180000 0.032400 0.005832 ]
Output: [0.179001 0.032077 0.004963 ]
Error: [0.000041 0.000019 0.000019 ]
Training successful | Inputs: 0.5 0.6 0.7 | Labels: 0.18 0.0324 0.005832
Input: [0.600000 0.700000 0.800000 ]
label: [0.210000 0.044100 0.009261 ]
Output: [0.210105 0.043997 0.008261 ]
Error: [-0.000004 0.000006 0.000023 ]
Training successful | Inputs: 0.6 0.7 0.8 | Labels: 0.21 0.0441 0.009261
Input: [0.700000 0.800000 0.900000 ]
label: [0.240000 0.057600 0.013824 ]
Output: [0.239979 0.057513 0.012824 ]
Error: [0.000001 0.000005 0.000024 ]
Training successful | Inputs: 0.7 0.8 0.9 | Labels: 0.24 0.0576 0.013824
Input: [0.800000 0.900000 1.000000 ]
label: [0.270000 0.072900 0.019683 ]
Output: [0.269850 0.072817 0.018683 ]
Error: [0.000006 0.000005 0.000025 ]
Training successful | Inputs: 0.8 0.9 1 | Labels: 0.27 0.0729 0.019683
Input: [0.900000 1.000000 1.100000 ]
label: [0.300000 0.090000 0.027000 ]
Output: [0.299803 0.089927 0.026000 ]
Error: [0.000008 0.000004 0.000025 ]
Training successful | Inputs: 0.9 1 1.1 | Labels: 0.3 0.09 0.027
Input: [1.000000 1.100000 1.200000 ]
label: [0.330000 0.108900 0.035937 ]
Output: [0.329797 0.108838 0.034937 ]
Error: [0.000008 0.000004 0.000025 ]
Training successful | Inputs: 1 1.1 1.2 | Labels: 0.33 0.1089 0.035937
Epoch 0 completed
Input: [0.100000 0.200000 0.300000 ]
label: [0.060000 0.003600 0.000216 ]
Output: [0.060999 0.003604 0.000216 ]
Error: [-0.000042 -0.000000 -0.000000 ]
Training successful | Inputs: 0.1 0.2 0.3 | Labels: 0.06 0.0036 0.000216
Input: [0.200000 0.300000 0.400000 ]
label: [0.090000 0.008100 0.000729 ]
Output: [0.089001 0.008085 0.000728 ]
Error: [0.000040 0.000001 0.000000 ]
Training successful | Inputs: 0.2 0.3 0.4 | Labels: 0.09 0.0081 0.000729
Input: [0.300000 0.400000 0.500000 ]
label: [0.120000 0.014400 0.001728 ]
Output: [0.119000 0.014357 0.001717 ]
Error: [0.000041 0.000002 0.000000 ]
Training successful | Inputs: 0.3 0.4 0.5 | Labels: 0.12 0.0144 0.001728
Input: [0.400000 0.500000 0.600000 ]
label: [0.150000 0.022500 0.003375 ]
Output: [0.149001 0.022343 0.003164 ]
Error: [0.000041 0.000009 0.000005 ]
Training successful | Inputs: 0.4 0.5 0.6 | Labels: 0.15 0.0225 0.003375
Input: [0.500000 0.600000 0.700000 ]
label: [0.180000 0.032400 0.005832 ]
Output: [0.179001 0.032028 0.004864 ]
Error: [0.000041 0.000021 0.000021 ]
Training successful | Inputs: 0.5 0.6 0.7 | Labels: 0.18 0.0324 0.005832
Input: [0.600000 0.700000 0.800000 ]
label: [0.210000 0.044100 0.009261 ]
Output: [0.210249 0.044009 0.008261 ]
Error: [-0.000010 0.000005 0.000023 ]
Training successful | Inputs: 0.6 0.7 0.8 | Labels: 0.21 0.0441 0.009261
Input: [0.700000 0.800000 0.900000 ]
label: [0.240000 0.057600 0.013824 ]
Output: [0.240030 0.057513 0.012824 ]
Error: [-0.000001 0.000005 0.000024 ]
Training successful | Inputs: 0.7 0.8 0.9 | Labels: 0.24 0.0576 0.013824
Input: [0.800000 0.900000 1.000000 ]
label: [0.270000 0.072900 0.019683 ]
Output: [0.269884 0.072817 0.018683 ]
Error: [0.000005 0.000005 0.000025 ]
Training successful | Inputs: 0.8 0.9 1 | Labels: 0.27 0.0729 0.019683
Input: [0.900000 1.000000 1.100000 ]
label: [0.300000 0.090000 0.027000 ]
Output: [0.299826 0.089927 0.026000 ]
Error: [0.000007 0.000004 0.000025 ]
Training successful | Inputs: 0.9 1 1.1 | Labels: 0.3 0.09 0.027
Input: [1.000000 1.100000 1.200000 ]
label: [0.330000 0.108900 0.035937 ]
Output: [0.329814 0.108837 0.034937 ]
Error: [0.000008 0.000004 0.000025 ]
Training successful | Inputs: 1 1.1 1.2 | Labels: 0.33 0.1089 0.035937
Epoch 1 completed
Input: [0.100000 0.200000 0.300000 ]
label: [0.060000 0.003600 0.000216 ]
Output: [0.061000 0.003604 0.000216 ]
Error: [-0.000042 -0.000000 -0.000000 ]
Training successful | Inputs: 0.1 0.2 0.3 | Labels: 0.06 0.0036 0.000216
Input: [0.200000 0.300000 0.400000 ]
label: [0.090000 0.008100 0.000729 ]
Output: [0.089000 0.008083 0.000727 ]
Error: [0.000040 0.000001 0.000000 ]
Training successful | Inputs: 0.2 0.3 0.4 | Labels: 0.09 0.0081 0.000729
Input: [0.300000 0.400000 0.500000 ]
label: [0.120000 0.014400 0.001728 ]
Output: [0.119001 0.014352 0.001714 ]
Error: [0.000041 0.000003 0.000000 ]
Training successful | Inputs: 0.3 0.4 0.5 | Labels: 0.12 0.0144 0.001728
Input: [0.400000 0.500000 0.600000 ]
label: [0.150000 0.022500 0.003375 ]
Output: [0.149001 0.022316 0.003119 ]
Error: [0.000041 0.000011 0.000006 ]
Training successful | Inputs: 0.4 0.5 0.6 | Labels: 0.15 0.0225 0.003375
Input: [0.500000 0.600000 0.700000 ]
label: [0.180000 0.032400 0.005832 ]
Output: [0.179288 0.032051 0.004832 ]
Error: [0.000029 0.000020 0.000022 ]
Training successful | Inputs: 0.5 0.6 0.7 | Labels: 0.18 0.0324 0.005832
Input: [0.600000 0.700000 0.800000 ]
label: [0.210000 0.044100 0.009261 ]
Output: [0.210360 0.044014 0.008261 ]
Error: [-0.000015 0.000005 0.000023 ]
Training successful | Inputs: 0.6 0.7 0.8 | Labels: 0.21 0.0441 0.009261
Input: [0.700000 0.800000 0.900000 ]
label: [0.240000 0.057600 0.013824 ]
Output: [0.240083 0.057513 0.012824 ]
Error: [-0.000003 0.000005 0.000024 ]
Training successful | Inputs: 0.7 0.8 0.9 | Labels: 0.24 0.0576 0.013824
Input: [0.800000 0.900000 1.000000 ]
label: [0.270000 0.072900 0.019683 ]
Output: [0.269920 0.072816 0.018683 ]
Error: [0.000003 0.000005 0.000025 ]
Training successful | Inputs: 0.8 0.9 1 | Labels: 0.27 0.0729 0.019683
Input: [0.900000 1.000000 1.100000 ]
label: [0.300000 0.090000 0.027000 ]
Output: [0.299852 0.089926 0.026000 ]
Error: [0.000006 0.000004 0.000025 ]
Training successful | Inputs: 0.9 1 1.1 | Labels: 0.3 0.09 0.027
Input: [1.000000 1.100000 1.200000 ]
label: [0.330000 0.108900 0.035937 ]
Output: [0.329832 0.108837 0.034937 ]
Error: [0.000007 0.000004 0.000025 ]
Training successful | Inputs: 1 1.1 1.2 | Labels: 0.33 0.1089 0.035937
Epoch 2 completed
Input: [0.100000 0.200000 0.300000 ]
label: [0.060000 0.003600 0.000216 ]
Output: [0.060998 0.003605 0.000216 ]
Error: [-0.000042 -0.000000 -0.000000 ]
Training successful | Inputs: 0.1 0.2 0.3 | Labels: 0.06 0.0036 0.000216
Input: [0.200000 0.300000 0.400000 ]
label: [0.090000 0.008100 0.000729 ]
Output: [0.089001 0.008081 0.000727 ]
Error: [0.000040 0.000001 0.000000 ]
Training successful | Inputs: 0.2 0.3 0.4 | Labels: 0.09 0.0081 0.000729
Input: [0.300000 0.400000 0.500000 ]
label: [0.120000 0.014400 0.001728 ]
Output: [0.119000 0.014345 0.001711 ]
Error: [0.000041 0.000003 0.000000 ]
Training successful | Inputs: 0.3 0.4 0.5 | Labels: 0.12 0.0144 0.001728
Input: [0.400000 0.500000 0.600000 ]
label: [0.150000 0.022500 0.003375 ]
Output: [0.149001 0.022286 0.003071 ]
Error: [0.000041 0.000012 0.000007 ]
Training successful | Inputs: 0.4 0.5 0.6 | Labels: 0.15 0.0225 0.003375
Input: [0.500000 0.600000 0.700000 ]
label: [0.180000 0.032400 0.005832 ]
Output: [0.179669 0.032100 0.004832 ]
Error: [0.000014 0.000017 0.000022 ]
Training successful | Inputs: 0.5 0.6 0.7 | Labels: 0.18 0.0324 0.005832
Input: [0.600000 0.700000 0.800000 ]
label: [0.210000 0.044100 0.009261 ]
Output: [0.210456 0.044017 0.008261 ]
Error: [-0.000019 0.000005 0.000023 ]
Training successful | Inputs: 0.6 0.7 0.8 | Labels: 0.21 0.0441 0.009261
Input: [0.700000 0.800000 0.900000 ]
label: [0.240000 0.057600 0.013824 ]
Output: [0.240139 0.057512 0.012824 ]
Error: [-0.000006 0.000005 0.000024 ]
Training successful | Inputs: 0.7 0.8 0.9 | Labels: 0.24 0.0576 0.013824
Input: [0.800000 0.900000 1.000000 ]
label: [0.270000 0.072900 0.019683 ]
Output: [0.269959 0.072816 0.018683 ]
Error: [0.000002 0.000005 0.000025 ]
Training successful | Inputs: 0.8 0.9 1 | Labels: 0.27 0.0729 0.019683
Input: [0.900000 1.000000 1.100000 ]
label: [0.300000 0.090000 0.027000 ]
Output: [0.299880 0.089926 0.026000 ]
Error: [0.000005 0.000004 0.000025 ]
Training successful | Inputs: 0.9 1 1.1 | Labels: 0.3 0.09 0.027
Input: [1.000000 1.100000 1.200000 ]
label: [0.330000 0.108900 0.035937 ]
Output: [0.329852 0.108837 0.034937 ]
Error: [0.000006 0.000004 0.000025 ]
Training successful | Inputs: 1 1.1 1.2 | Labels: 0.33 0.1089 0.035937 
Epoch 3 completed
Input: [0.100000 0.200000 0.300000 ]
label: [0.060000 0.003600 0.000216 ]
Output: [0.060999 0.003605 0.000216 ]
Error: [-0.000042 -0.000000 -0.000000 ]
Training successful | Inputs: 0.1 0.2 0.3 | Labels: 0.06 0.0036 0.000216
Input: [0.200000 0.300000 0.400000 ]
label: [0.090000 0.008100 0.000729 ]
Output: [0.089001 0.008079 0.000727 ]
Error: [0.000040 0.000001 0.000000 ]
Training successful | Inputs: 0.2 0.3 0.4 | Labels: 0.09 0.0081 0.000729
Input: [0.300000 0.400000 0.500000 ]
label: [0.120000 0.014400 0.001728 ]
Output: [0.119001 0.014339 0.001708 ]
Error: [0.000041 0.000004 0.000001 ]
Training successful | Inputs: 0.3 0.4 0.5 | Labels: 0.12 0.0144 0.001728
Input: [0.400000 0.500000 0.600000 ]
label: [0.150000 0.022500 0.003375 ]
Output: [0.149000 0.022251 0.003023 ]
Error: [0.000041 0.000014 0.000008 ]
Training successful | Inputs: 0.4 0.5 0.6 | Labels: 0.15 0.0225 0.003375
Input: [0.500000 0.600000 0.700000 ]
label: [0.180000 0.032400 0.005832 ]
Output: [0.180005 0.032138 0.004832 ]
Error: [-0.000000 0.000015 0.000022 ]
Training successful | Inputs: 0.5 0.6 0.7 | Labels: 0.18 0.0324 0.005832
Input: [0.600000 0.700000 0.800000 ]
label: [0.210000 0.044100 0.009261 ]
Output: [0.210552 0.044019 0.008261 ]
Error: [-0.000023 0.000005 0.000023 ]
Training successful | Inputs: 0.6 0.7 0.8 | Labels: 0.21 0.0441 0.009261
Input: [0.700000 0.800000 0.900000 ]
label: [0.240000 0.057600 0.013824 ]
Output: [0.240199 0.057512 0.012824 ]
Error: [-0.000008 0.000005 0.000024 ]
Training successful | Inputs: 0.7 0.8 0.9 | Labels: 0.24 0.0576 0.013824
Input: [0.800000 0.900000 1.000000 ]
label: [0.270000 0.072900 0.019683 ]
Output: [0.270001 0.072815 0.018683 ]
Error: [-0.000000 0.000005 0.000025 ]
Training successful | Inputs: 0.8 0.9 1 | Labels: 0.27 0.0729 0.019683
Input: [0.900000 1.000000 1.100000 ]
label: [0.300000 0.090000 0.027000 ]
Output: [0.299911 0.089925 0.026000 ]
Error: [0.000004 0.000004 0.000025 ]
Training successful | Inputs: 0.9 1 1.1 | Labels: 0.3 0.09 0.027
Input: [1.000000 1.100000 1.200000 ]
label: [0.330000 0.108900 0.035937 ]
Output: [0.329874 0.108836 0.034937 ]
Error: [0.000005 0.000004 0.000025 ]
Training successful | Inputs: 1 1.1 1.2 | Labels: 0.33 0.1089 0.035937
Epoch 4 completed
Input: [0.100000 0.200000 0.300000 ]
label: [0.060000 0.003600 0.000216 ]
Output: [0.060999 0.003606 0.000216 ]
Error: [-0.000042 -0.000000 -0.000000 ]
Training successful | Inputs: 0.1 0.2 0.3 | Labels: 0.06 0.0036 0.000216
Input: [0.200000 0.300000 0.400000 ]
label: [0.090000 0.008100 0.000729 ]
Output: [0.089000 0.008076 0.000727 ]
Error: [0.000040 0.000001 0.000000 ]
Training successful | Inputs: 0.2 0.3 0.4 | Labels: 0.09 0.0081 0.000729
Input: [0.300000 0.400000 0.500000 ]
label: [0.120000 0.014400 0.001728 ]
Output: [0.119000 0.014331 0.001705 ]
Error: [0.000041 0.000004 0.000001 ]
Training successful | Inputs: 0.3 0.4 0.5 | Labels: 0.12 0.0144 0.001728
Input: [0.400000 0.500000 0.600000 ]
label: [0.150000 0.022500 0.003375 ]
Output: [0.149000 0.022213 0.002976 ]
Error: [0.000041 0.000017 0.000009 ]
Training successful | Inputs: 0.4 0.5 0.6 | Labels: 0.15 0.0225 0.003375
Input: [0.500000 0.600000 0.700000 ]
label: [0.180000 0.032400 0.005832 ]
Output: [0.180300 0.032168 0.004832 ]
Error: [-0.000012 0.000013 0.000022 ]
Training successful | Inputs: 0.5 0.6 0.7 | Labels: 0.18 0.0324 0.005832
Input: [0.600000 0.700000 0.800000 ]
label: [0.210000 0.044100 0.009261 ]
Output: [0.210649 0.044020 0.008261 ]
Error: [-0.000027 0.000005 0.000023 ]
Training successful | Inputs: 0.6 0.7 0.8 | Labels: 0.21 0.0441 0.009261
Input: [0.700000 0.800000 0.900000 ]
label: [0.240000 0.057600 0.013824 ]
Output: [0.240263 0.057512 0.012824 ]
Error: [-0.000011 0.000005 0.000024 ]
Training successful | Inputs: 0.7 0.8 0.9 | Labels: 0.24 0.0576 0.013824
Input: [0.800000 0.900000 1.000000 ]
label: [0.270000 0.072900 0.019683 ]
Output: [0.270048 0.072815 0.018683 ]
Error: [-0.000002 0.000005 0.000025 ]
Training successful | Inputs: 0.8 0.9 1 | Labels: 0.27 0.0729 0.019683
Input: [0.900000 1.000000 1.100000 ]
label: [0.300000 0.090000 0.027000 ]
Output: [0.299944 0.089925 0.026000 ]
Error: [0.000002 0.000004 0.000025 ]
Training successful | Inputs: 0.9 1 1.1 | Labels: 0.3 0.09 0.027
Input: [1.000000 1.100000 1.200000 ]
label: [0.330000 0.108900 0.035937 ]
Output: [0.329899 0.108835 0.034937 ]
Error: [0.000004 0.000004 0.000025 ]
Training successful | Inputs: 1 1.1 1.2 | Labels: 0.33 0.1089 0.035937
Epoch 5 completed
Input: [0.100000 0.200000 0.300000 ]
label: [0.060000 0.003600 0.000216 ]
Output: [0.060999 0.003607 0.000216 ]
Error: [-0.000042 -0.000000 -0.000000 ]
Training successful | Inputs: 0.1 0.2 0.3 | Labels: 0.06 0.0036 0.000216
Input: [0.200000 0.300000 0.400000 ]
label: [0.090000 0.008100 0.000729 ]
Output: [0.089000 0.008074 0.000727 ]
Error: [0.000040 0.000002 0.000000 ]
Training successful | Inputs: 0.2 0.3 0.4 | Labels: 0.09 0.0081 0.000729
Input: [0.300000 0.400000 0.500000 ]
label: [0.120000 0.014400 0.001728 ]
Output: [0.119001 0.014324 0.001701 ]
Error: [0.000041 0.000004 0.000001 ]
Training successful | Inputs: 0.3 0.4 0.5 | Labels: 0.12 0.0144 0.001728
Input: [0.400000 0.500000 0.600000 ]
label: [0.150000 0.022500 0.003375 ]
Output: [0.149000 0.022172 0.002934 ]
Error: [0.000041 0.000019 0.000010 ]
Training successful | Inputs: 0.4 0.5 0.6 | Labels: 0.15 0.0225 0.003375
Input: [0.500000 0.600000 0.700000 ]
label: [0.180000 0.032400 0.005832 ]
Output: [0.180560 0.032191 0.004832 ]
Error: [-0.000023 0.000012 0.000022 ]
Training successful | Inputs: 0.5 0.6 0.7 | Labels: 0.18 0.0324 0.005832
Input: [0.600000 0.700000 0.800000 ]
label: [0.210000 0.044100 0.009261 ]
Output: [0.210749 0.044022 0.008261 ]
Error: [-0.000031 0.000005 0.000023 ]
Training successful | Inputs: 0.6 0.7 0.8 | Labels: 0.21 0.0441 0.009261
Input: [0.700000 0.800000 0.900000 ]
label: [0.240000 0.057600 0.013824 ]
Output: [0.240332 0.057512 0.012824 ]
Error: [-0.000014 0.000005 0.000024 ]
Training successful | Inputs: 0.7 0.8 0.9 | Labels: 0.24 0.0576 0.013824
Input: [0.800000 0.900000 1.000000 ]
label: [0.270000 0.072900 0.019683 ]
Output: [0.270098 0.072815 0.018683 ]
Error: [-0.000004 0.000005 0.000025 ]
Training successful | Inputs: 0.8 0.9 1 | Labels: 0.27 0.0729 0.019683
Input: [0.900000 1.000000 1.100000 ]
label: [0.300000 0.090000 0.027000 ]
Output: [0.299982 0.089924 0.026000 ]
Error: [0.000001 0.000004 0.000025 ]
Training successful | Inputs: 0.9 1 1.1 | Labels: 0.3 0.09 0.027
Input: [1.000000 1.100000 1.200000 ]
label: [0.330000 0.108900 0.035937 ]
Output: [0.329927 0.108835 0.034937 ]
Error: [0.000003 0.000004 0.000025 ]
Training successful | Inputs: 1 1.1 1.2 | Labels: 0.33 0.1089 0.035937
Epoch 6 completed
Input: [0.100000 0.200000 0.300000 ]
label: [0.060000 0.003600 0.000216 ]
Output: [0.060999 0.003608 0.000216 ]
Error: [-0.000042 -0.000000 -0.000000 ]
Training successful | Inputs: 0.1 0.2 0.3 | Labels: 0.06 0.0036 0.000216
Input: [0.200000 0.300000 0.400000 ]
label: [0.090000 0.008100 0.000729 ]
Output: [0.089001 0.008071 0.000727 ]
Error: [0.000040 0.000002 0.000000 ]
Training successful | Inputs: 0.2 0.3 0.4 | Labels: 0.09 0.0081 0.000729
Input: [0.300000 0.400000 0.500000 ]
label: [0.120000 0.014400 0.001728 ]
Output: [0.119000 0.014315 0.001698 ]
Error: [0.000041 0.000005 0.000001 ]
Training successful | Inputs: 0.3 0.4 0.5 | Labels: 0.12 0.0144 0.001728
Input: [0.400000 0.500000 0.600000 ]
label: [0.150000 0.022500 0.003375 ]
Output: [0.149001 0.022129 0.002897 ]
Error: [0.000041 0.000021 0.000011 ]
Training successful | Inputs: 0.4 0.5 0.6 | Labels: 0.15 0.0225 0.003375
Input: [0.500000 0.600000 0.700000 ]
label: [0.180000 0.032400 0.005832 ]
Output: [0.180790 0.032207 0.004832 ]
Error: [-0.000032 0.000011 0.000022 ]
Training successful | Inputs: 0.5 0.6 0.7 | Labels: 0.18 0.0324 0.005832
Input: [0.600000 0.700000 0.800000 ]
label: [0.210000 0.044100 0.009261 ]
Output: [0.210850 0.044023 0.008261 ]
Error: [-0.000035 0.000004 0.000023 ]
Training successful | Inputs: 0.6 0.7 0.8 | Labels: 0.21 0.0441 0.009261 
Input: [0.700000 0.800000 0.900000 ]
label: [0.240000 0.057600 0.013824 ]
Output: [0.240405 0.057512 0.012824 ]
Error: [-0.000017 0.000005 0.000024 ]
Training successful | Inputs: 0.7 0.8 0.9 | Labels: 0.24 0.0576 0.013824
Input: [0.800000 0.900000 1.000000 ]
label: [0.270000 0.072900 0.019683 ]
Output: [0.270153 0.072814 0.018683 ]
Error: [-0.000006 0.000005 0.000025 ]
Training successful | Inputs: 0.8 0.9 1 | Labels: 0.27 0.0729 0.019683
Input: [0.900000 1.000000 1.100000 ]
label: [0.300000 0.090000 0.027000 ]
Output: [0.300023 0.089924 0.026000 ]
Error: [-0.000001 0.000004 0.000025 ]
Training successful | Inputs: 0.9 1 1.1 | Labels: 0.3 0.09 0.027
Input: [1.000000 1.100000 1.200000 ]
label: [0.330000 0.108900 0.035937 ]
Output: [0.329957 0.108834 0.034937 ]
Error: [0.000002 0.000004 0.000025 ]
Training successful | Inputs: 1 1.1 1.2 | Labels: 0.33 0.1089 0.035937
Epoch 7 completed
Input: [0.100000 0.200000 0.300000 ]
label: [0.060000 0.003600 0.000216 ]
Output: [0.060999 0.003608 0.000216 ]
Error: [-0.000042 -0.000000 -0.000000 ]
Training successful | Inputs: 0.1 0.2 0.3 | Labels: 0.06 0.0036 0.000216
Input: [0.200000 0.300000 0.400000 ]
label: [0.090000 0.008100 0.000729 ]
Output: [0.089000 0.008068 0.000726 ]
Error: [0.000040 0.000002 0.000000 ]
Training successful | Inputs: 0.2 0.3 0.4 | Labels: 0.09 0.0081 0.000729
Input: [0.300000 0.400000 0.500000 ]
label: [0.120000 0.014400 0.001728 ]
Output: [0.119000 0.014305 0.001695 ]
Error: [0.000041 0.000005 0.000001 ]
Training successful | Inputs: 0.3 0.4 0.5 | Labels: 0.12 0.0144 0.001728
Input: [0.400000 0.500000 0.600000 ]
label: [0.150000 0.022500 0.003375 ]
Output: [0.149001 0.022085 0.002866 ]
Error: [0.000041 0.000024 0.000011 ]
Training successful | Inputs: 0.4 0.5 0.6 | Labels: 0.15 0.0225 0.003375
Input: [0.500000 0.600000 0.700000 ]
label: [0.180000 0.032400 0.005832 ]
Output: [0.180995 0.032219 0.004832 ]
Error: [-0.000041 0.000011 0.000022 ]
Training successful | Inputs: 0.5 0.6 0.7 | Labels: 0.18 0.0324 0.005832
Input: [0.600000 0.700000 0.800000 ]
label: [0.210000 0.044100 0.009261 ]
Output: [0.210952 0.044024 0.008261 ]
Error: [-0.000039 0.000004 0.000023 ]
Training successful | Inputs: 0.6 0.7 0.8 | Labels: 0.21 0.0441 0.009261
Input: [0.700000 0.800000 0.900000 ]
label: [0.240000 0.057600 0.013824 ]
Output: [0.240481 0.057512 0.012824 ]
Error: [-0.000020 0.000005 0.000024 ]
Training successful | Inputs: 0.7 0.8 0.9 | Labels: 0.24 0.0576 0.013824
Input: [0.800000 0.900000 1.000000 ]
label: [0.270000 0.072900 0.019683 ]
Output: [0.270210 0.072814 0.018683 ]
Error: [-0.000009 0.000005 0.000025 ]
Training successful | Inputs: 0.8 0.9 1 | Labels: 0.27 0.0729 0.019683
Input: [0.900000 1.000000 1.100000 ]
label: [0.300000 0.090000 0.027000 ]
Output: [0.300066 0.089923 0.026000 ]
Error: [-0.000003 0.000004 0.000025 ]
Training successful | Inputs: 0.9 1 1.1 | Labels: 0.3 0.09 0.027
Input: [1.000000 1.100000 1.200000 ]
label: [0.330000 0.108900 0.035937 ]
Output: [0.329990 0.108834 0.034937 ]
Error: [0.000000 0.000004 0.000025 ]
Training successful | Inputs: 1 1.1 1.2 | Labels: 0.33 0.1089 0.035937
Epoch 8 completed
Input: [0.100000 0.200000 0.300000 ]
label: [0.060000 0.003600 0.000216 ]
Output: [0.060998 0.003610 0.000216 ]
Error: [-0.000042 -0.000001 -0.000000 ]
Training successful | Inputs: 0.1 0.2 0.3 | Labels: 0.06 0.0036 0.000216
Input: [0.200000 0.300000 0.400000 ]
label: [0.090000 0.008100 0.000729 ]
Output: [0.089001 0.008065 0.000726 ]
Error: [0.000040 0.000002 0.000000 ]
Training successful | Inputs: 0.2 0.3 0.4 | Labels: 0.09 0.0081 0.000729
Input: [0.300000 0.400000 0.500000 ]
label: [0.120000 0.014400 0.001728 ]
Output: [0.119001 0.014295 0.001692 ]
Error: [0.000041 0.000006 0.000001 ]
Training successful | Inputs: 0.3 0.4 0.5 | Labels: 0.12 0.0144 0.001728
Input: [0.400000 0.500000 0.600000 ]
label: [0.150000 0.022500 0.003375 ]
Output: [0.149001 0.022039 0.002841 ]
Error: [0.000041 0.000026 0.000012 ]
Training successful | Inputs: 0.4 0.5 0.6 | Labels: 0.15 0.0225 0.003375
Input: [0.500000 0.600000 0.700000 ]
label: [0.180000 0.032400 0.005832 ]
Output: [0.181000 0.032388 0.005357 ]
Error: [-0.000041 0.000001 0.000011 ]
Training successful | Inputs: 0.5 0.6 0.7 | Labels: 0.18 0.0324 0.005832
Input: [0.600000 0.700000 0.800000 ]
label: [0.210000 0.044100 0.009261 ]
Output: [0.210824 0.043980 0.008261 ]
Error: [-0.000034 0.000007 0.000023 ]
Training successful | Inputs: 0.6 0.7 0.8 | Labels: 0.21 0.0441 0.009261
Input: [0.700000 0.800000 0.900000 ]
label: [0.240000 0.057600 0.013824 ]
Output: [0.240557 0.057512 0.012824 ]
Error: [-0.000023 0.000005 0.000024 ]
Training successful | Inputs: 0.7 0.8 0.9 | Labels: 0.24 0.0576 0.013824
Input: [0.800000 0.900000 1.000000 ]
label: [0.270000 0.072900 0.019683 ]
Output: [0.270272 0.072814 0.018683 ]
Error: [-0.000011 0.000005 0.000025 ]
Training successful | Inputs: 0.8 0.9 1 | Labels: 0.27 0.0729 0.019683
Input: [0.900000 1.000000 1.100000 ]
label: [0.300000 0.090000 0.027000 ]
Output: [0.300113 0.089922 0.026000 ]
Error: [-0.000005 0.000005 0.000025 ]
Training successful | Inputs: 0.9 1 1.1 | Labels: 0.3 0.09 0.027
Input: [1.000000 1.100000 1.200000 ]
label: [0.330000 0.108900 0.035937 ]
Output: [0.330026 0.108833 0.034937 ]
Error: [-0.000001 0.000004 0.000025 ]
Training successful | Inputs: 1 1.1 1.2 | Labels: 0.33 0.1089 0.035937
Epoch 9 completed
