Input: [1.000000 2.000000 3.000000 ]
label: [18.000000 23.000000 28.000000 ]
Output: [18.046884 22.995621 27.900000 ]
Error: [-0.047006 0.004378 0.099643 ]
Training successful
Input: [4.000000 5.000000 6.000000 ]
label: [33.000000 38.000000 43.000000 ]
Output: [32.900001 37.964885 43.021009 ]
Error: [0.099696 0.035082 -0.021020 ]
Training successful
Input: [7.000000 8.000000 9.000000 ]
label: [48.000000 53.000000 58.000000 ]
Output: [47.900000 52.969938 58.031914 ]
Error: [0.099791 0.030045 -0.031932 ]
Training successful
Input: [10.000000 11.000000 12.000000 ]
label: [63.000000 68.000000 73.000000 ]
Output: [62.900001 67.970941 73.033029 ]
Error: [0.099841 0.029046 -0.033044 ]
Training successful
Input: [13.000000 14.000000 15.000000 ]
label: [78.000000 83.000000 88.000000 ]
Output: [77.900001 82.971444 88.033339 ]
Error: [0.099871 0.028547 -0.033352 ]
Training successful
in iteration: 0
Input: [1.000000 2.000000 3.000000 ]
label: [18.000000 23.000000 28.000000 ]
Output: [18.099999 23.062829 28.001538 ]
Error: [-0.100554 -0.063000 -0.001538 ]
Training successful
Input: [4.000000 5.000000 6.000000 ]
label: [33.000000 38.000000 43.000000 ]
Output: [32.900000 37.971411 43.029823 ]
Error: [0.099696 0.028568 -0.029844 ]
Training successful
Input: [7.000000 8.000000 9.000000 ]
label: [48.000000 53.000000 58.000000 ]
Output: [47.900000 52.974943 58.036273 ]
Error: [0.099792 0.025045 -0.036296 ]
Training successful
Input: [10.000000 11.000000 12.000000 ]
label: [63.000000 68.000000 73.000000 ]
Output: [62.900000 67.975671 73.036967 ]
Error: [0.099841 0.024320 -0.036986 ]
Training successful
Input: [13.000000 14.000000 15.000000 ]
label: [78.000000 83.000000 88.000000 ]
Output: [77.900001 82.976095 88.037255 ]
Error: [0.099870 0.023898 -0.037271 ]
Training successful
in iteration: 1
Input: [1.000000 2.000000 3.000000 ]
label: [18.000000 23.000000 28.000000 ]
Output: [18.099999 23.054420 27.990635 ]
Error: [-0.100555 -0.054549 0.009362 ]
Training successful
Input: [4.000000 5.000000 6.000000 ]
label: [33.000000 38.000000 43.000000 ]
Output: [32.900001 37.975570 43.033840 ]
Error: [0.099696 0.024415 -0.033867 ]
Training successful
Input: [7.000000 8.000000 9.000000 ]
label: [48.000000 53.000000 58.000000 ]
Output: [47.900001 52.978448 58.038619 ]
Error: [0.099790 0.021544 -0.038645 ]
Training successful
Input: [10.000000 11.000000 12.000000 ]
label: [63.000000 68.000000 73.000000 ]
Output: [62.900001 67.979027 73.039149 ]
Error: [0.099840 0.020966 -0.039170 ]
Training successful
Input: [13.000000 14.000000 15.000000 ]
label: [78.000000 83.000000 88.000000 ]
Output: [77.900001 82.979441 88.039486 ]
Error: [0.099870 0.020554 -0.039503 ]
Training successful
in iteration: 2
Input: [1.000000 2.000000 3.000000 ]
label: [18.000000 23.000000 28.000000 ]
Output: [18.099999 23.048071 27.982740 ]
Error: [-0.100555 -0.048172 0.017249 ]
Training successful
Input: [4.000000 5.000000 6.000000 ]
label: [33.000000 38.000000 43.000000 ]
Output: [32.900001 37.978215 43.035854 ]
Error: [0.099696 0.021772 -0.035884 ]
Training successful
Input: [7.000000 8.000000 9.000000 ]
label: [48.000000 53.000000 58.000000 ]
Output: [47.900001 52.980612 58.039436 ]
Error: [0.099790 0.019381 -0.039463 ]
Training successful
Input: [10.000000 11.000000 12.000000 ]
label: [63.000000 68.000000 73.000000 ]
Output: [62.900001 67.981154 73.039929 ]
Error: [0.099840 0.018841 -0.039951 ]
Training successful
Input: [13.000000 14.000000 15.000000 ]
label: [78.000000 83.000000 88.000000 ]
Output: [77.900001 82.981626 88.040366 ]
Error: [0.099871 0.018370 -0.040385 ]
Training successful
in iteration: 3
Input: [1.000000 2.000000 3.000000 ]
label: [18.000000 23.000000 28.000000 ]
Output: [18.099999 23.043840 27.977733 ]
Error: [-0.100554 -0.043924 0.022249 ]
Training successful
Input: [4.000000 5.000000 6.000000 ]
label: [33.000000 38.000000 43.000000 ]
Output: [32.900000 37.979473 43.036272 ]
Error: [0.099697 0.020516 -0.036303 ]
Training successful
Input: [7.000000 8.000000 9.000000 ]
label: [48.000000 53.000000 58.000000 ]
Output: [47.900000 52.981577 58.039079 ]
Error: [0.099791 0.018417 -0.039105 ]
Training successful
Input: [10.000000 11.000000 12.000000 ]
label: [63.000000 68.000000 73.000000 ]
Output: [62.900000 67.982182 73.039630 ]
Error: [0.099841 0.017814 -0.039651 ]
Training successful
Input: [13.000000 14.000000 15.000000 ]
label: [78.000000 83.000000 88.000000 ]
Output: [77.900001 82.982778 88.040203 ]
Error: [0.099871 0.017219 -0.040221 ]
Training successful
in iteration: 4
Input: [1.000000 2.000000 3.000000 ]
label: [18.000000 23.000000 28.000000 ]
Output: [18.099999 23.041629 27.975276 ]
Error: [-0.100554 -0.041704 0.024703 ]
Training successful