Input: [2.000000 3.000000 4.000000 ]
label: [2.000000 6.000000 12.000000 ]
Output: [1.995631 6.037387 12.110676 ]
Error: [0.004359 -0.037619 -0.111697 ]
Try again
Input: [6.000000 7.000000 8.000000 ]
label: [30.000000 42.000000 54.000000 ]
Output: [29.627462 41.153211 53.065774 ]
Error: [0.367912 0.829716 0.918063 ]
Try again
in iteration: 0
Input: [2.000000 3.000000 4.000000 ]
label: [2.000000 6.000000 12.000000 ]
Output: [1.988548 6.068304 12.332452 ]
Error: [0.011387 -0.069082 -0.341662 ]
Try again
Input: [6.000000 7.000000 8.000000 ]
label: [30.000000 42.000000 54.000000 ]
Output: [29.274553 40.556516 52.773847 ]
Error: [0.707905 1.393873 1.198312 ]
Try again
in iteration: 1
Input: [2.000000 3.000000 4.000000 ]
label: [2.000000 6.000000 12.000000 ]
Output: [1.981995 6.127333 12.397001 ]
Error: [0.017843 -0.130036 -0.410136 ]
Try again
Input: [6.000000 7.000000 8.000000 ]
label: [30.000000 42.000000 54.000000 ]
Output: [28.717797 39.766788 52.335857 ]
Error: [1.227402 2.114468 1.612858 ]
Try again
in iteration: 2
Input: [2.000000 3.000000 4.000000 ]
label: [2.000000 6.000000 12.000000 ]
Output: [1.973643 6.189834 12.459172 ]
Error: [0.026010 -0.195840 -0.476742 ]
Try again
Input: [6.000000 7.000000 8.000000 ]
label: [30.000000 42.000000 54.000000 ]
Output: [27.879444 38.812601 51.763913 ]
Error: [1.970664 2.945506 2.143493 ]
Try again
in iteration: 3
Input: [2.000000 3.000000 4.000000 ]
label: [2.000000 6.000000 12.000000 ]
Output: [1.965401 6.242779 12.512567 ]
Error: [0.034000 -0.252603 -0.534461 ]
Try again
Input: [6.000000 7.000000 8.000000 ]
label: [30.000000 42.000000 54.000000 ]
Output: [26.701900 37.762681 51.047531 ]
Error: [2.935518 3.809822 2.791042 ]
Try again
in iteration: 4
Input: [2.000000 3.000000 4.000000 ]
label: [2.000000 6.000000 12.000000 ]
Output: [1.965096 6.280207 12.555617 ]
Error: [0.034295 -0.293293 -0.581343 ]
Try again
Input: [6.000000 7.000000 8.000000 ]
label: [30.000000 42.000000 54.000000 ]
Output: [25.208419 36.693223 50.189662 ]
Error: [4.026272 4.636256 3.541474 ]
Try again
in iteration: 5
Input: [2.000000 3.000000 4.000000 ]
label: [2.000000 6.000000 12.000000 ]
Output: [1.982221 6.307135 12.596206 ]
Error: [0.017621 -0.322857 -0.625828 ]
Try again
Input: [6.000000 7.000000 8.000000 ]
label: [30.000000 42.000000 54.000000 ]
Output: [23.599922 35.691755 49.236435 ]
Error: [5.034712 5.360770 4.343351 ]
Try again
in iteration: 6
Input: [2.000000 3.000000 4.000000 ]
label: [2.000000 6.000000 12.000000 ]
Output: [2.012481 6.329653 12.640407 ]
Error: [-0.012559 -0.347765 -0.674584 ]
Try again
Input: [6.000000 7.000000 8.000000 ]
label: [30.000000 42.000000 54.000000 ]
Output: [22.209747 34.861222 48.305540 ]
Error: [5.767318 5.925393 5.093962 ]
Try again
in iteration: 7
Input: [2.000000 3.000000 4.000000 ]
label: [2.000000 6.000000 12.000000 ]
Output: [2.041160 6.347417 12.683719 ]
Error: [-0.042007 -0.367533 -0.722675 ]
Try again
Input: [6.000000 7.000000 8.000000 ]
label: [30.000000 42.000000 54.000000 ]
Output: [21.253533 34.268827 47.530215 ]
Error: [6.196444 6.308053 5.694635 ]
Try again
in iteration: 8
Input: [2.000000 3.000000 4.000000 ]
label: [2.000000 6.000000 12.000000 ]
Output: [2.059638 6.358446 12.718756 ]
Error: [-0.061416 -0.379860 -0.761807 ]
Try again
Input: [6.000000 7.000000 8.000000 ]
label: [30.000000 42.000000 54.000000 ]
Output: [20.710970 33.904725 46.971576 ]
Error: [6.412827 6.534954 6.113632 ]
Try again
in iteration: 9
Input: [2.000000 3.000000 4.000000 ]
label: [2.000000 6.000000 12.000000 ]
Output: [2.068223 6.363033 12.742505 ]
Error: [-0.070550 -0.384998 -0.788448 ]
Try again
Input: [6.000000 7.000000 8.000000 ]
label: [30.000000 42.000000 54.000000 ]
Output: [20.447634 33.710313 46.612008 ]
Error: [6.510776 6.653523 6.377206 ]
Try again
in iteration: 10
Input: [2.000000 3.000000 4.000000 ]
label: [2.000000 6.000000 12.000000 ]
Output: [2.070442 6.362986 12.756097 ]
Error: [-0.072923 -0.384945 -0.803737 ]
Try again
Input: [6.000000 7.000000 8.000000 ]
label: [30.000000 42.000000 54.000000 ]
Output: [20.340319 33.623502 46.401032 ]
Error: [6.549367 6.705885 6.529629 ]
Try again
in iteration: 11
Input: [2.000000 3.000000 4.000000 ]
label: [2.000000 6.000000 12.000000 ]
Output: [2.069352 6.360172 12.762195 ]
Error: [-0.071756 -0.381793 -0.810606 ]
Try again
Input: [6.000000 7.000000 8.000000 ]
label: [30.000000 42.000000 54.000000 ]
Output: [20.311490 33.598664 46.289285 ]
Error: [6.559603 6.720801 6.609694 ]
Try again
in iteration: 12
Input: [2.000000 3.000000 4.000000 ]
label: [2.000000 6.000000 12.000000 ]
Output: [2.066796 6.355941 12.763352 ]
Error: [-0.069027 -0.377056 -0.811911 ]
Try again
Input: [6.000000 7.000000 8.000000 ]
label: [30.000000 42.000000 54.000000 ]
Output: [20.319563 33.607243 46.239741 ]
Error: [6.556742 6.715653 6.645044 ]
Try again
in iteration: 13
Input: [2.000000 3.000000 4.000000 ]
label: [2.000000 6.000000 12.000000 ]
Output: [2.063725 6.351123 12.761491 ]
Error: [-0.065755 -0.371670 -0.809814 ]
Try again
Input: [6.000000 7.000000 8.000000 ]
label: [30.000000 42.000000 54.000000 ]
Output: [20.343832 33.632719 46.227588 ]
Error: [6.548115 6.700343 6.653701 ]
Try again
in iteration: 14
Input: [2.000000 3.000000 4.000000 ]
label: [2.000000 6.000000 12.000000 ]
Output: [2.060578 6.346182 12.757911 ]
Error: [-0.062413 -0.366156 -0.805780 ]
Try again
Input: [6.000000 7.000000 8.000000 ]
label: [30.000000 42.000000 54.000000 ]
Output: [20.374359 33.665929 46.237092 ]
Error: [6.537209 6.680339 6.646931 ]
Try again
in iteration: 15
Input: [2.000000 3.000000 4.000000 ]
label: [2.000000 6.000000 12.000000 ]
Output: [2.057539 6.341354 12.753430 ]
Error: [-0.059194 -0.360774 -0.800735 ]
Try again
Input: [6.000000 7.000000 8.000000 ]
label: [30.000000 42.000000 54.000000 ]
Output: [20.406489 33.701929 46.258571 ]
Error: [6.525663 6.658595 6.631619 ]
Try again
in iteration: 16
Input: [2.000000 3.000000 4.000000 ]
label: [2.000000 6.000000 12.000000 ]
Output: [2.054655 6.336718 12.748518 ]
Error: [-0.056149 -0.355615 -0.795208 ]
Try again
Input: [6.000000 7.000000 8.000000 ]
label: [30.000000 42.000000 54.000000 ]
Output: [20.438098 33.738126 46.286181 ]
Error: [6.514236 6.636670 6.611911 ]
Try again
in iteration: 17
Input: [2.000000 3.000000 4.000000 ]
label: [2.000000 6.000000 12.000000 ]
Output: [2.051802 6.332106 12.743227 ]
Error: [-0.053144 -0.350488 -0.789259 ]
Try again
Input: [6.000000 7.000000 8.000000 ]
label: [30.000000 42.000000 54.000000 ]
Output: [20.485179 33.788996 46.328894 ]
Error: [6.497094 6.605752 6.581368 ]
Try again
in iteration: 18