Input: [4.000000 10.000000 16.000000 ]
label: [22.000000 28.000000 34.000000 ]
Output: [22.013395 28.042376 33.900000 ]
Error: [-0.013403 -0.042440 0.099706 ]
Training successful
Input: [1.000000 2.000000 3.000000 ]
label: [6.000000 8.000000 10.000000 ]
Output: [5.952698 8.014538 10.100000 ]
Error: [0.046929 -0.014565 -0.101000 ]
Training successful
Input: [5.000000 7.000000 9.000000 ]
label: [15.000000 21.000000 27.000000 ]
Output: [15.031349 21.004122 26.900000 ]
Error: [-0.031415 -0.004122 0.099629 ]
Training successful
in iteration: 0
Input: [4.000000 10.000000 16.000000 ]
label: [22.000000 28.000000 34.000000 ]
Output: [21.954315 27.988022 34.100000 ]
Error: [0.045590 0.011973 -0.100294 ]
Training successful
Input: [1.000000 2.000000 3.000000 ]
label: [6.000000 8.000000 10.000000 ]
Output: [5.985854 8.062136 10.100000 ]
Error: [0.014112 -0.062619 -0.101000 ]
Training successful
Input: [5.000000 7.000000 9.000000 ]
label: [15.000000 21.000000 27.000000 ]
Output: [15.007588 21.100000 27.078791 ]
Error: [-0.007592 -0.100476 -0.079021 ]
Training successful
in iteration: 1
Input: [4.000000 10.000000 16.000000 ]
label: [22.000000 28.000000 34.000000 ]
Output: [21.972988 27.985037 34.100000 ]
Error: [0.026979 0.014955 -0.100294 ]
Training successful
Input: [1.000000 2.000000 3.000000 ]
label: [6.000000 8.000000 10.000000 ]
Output: [6.040979 7.980137 9.900000 ]
Error: [-0.041259 0.019814 0.099000 ]
Training successful
Input: [5.000000 7.000000 9.000000 ]
label: [15.000000 21.000000 27.000000 ]
Output: [14.981524 21.099999 27.031364 ]
Error: [0.018454 -0.100476 -0.031401 ]
Training successful
in iteration: 2
Input: [4.000000 10.000000 16.000000 ]
label: [22.000000 28.000000 34.000000 ]
Output: [21.973532 27.985217 34.099999 ]
Error: [0.026437 0.014775 -0.100294 ]
Training successful
Input: [1.000000 2.000000 3.000000 ]
label: [6.000000 8.000000 10.000000 ]
Output: [6.045211 7.989557 9.900000 ]
Error: [-0.045551 0.010429 0.099000 ]
Training successful
Input: [5.000000 7.000000 9.000000 ]
label: [15.000000 21.000000 27.000000 ]
Output: [14.961327 21.022373 27.100000 ]
Error: [0.038573 -0.022396 -0.100370 ]
Training successful
in iteration: 3
Input: [4.000000 10.000000 16.000000 ]
label: [22.000000 28.000000 34.000000 ]
Output: [21.972558 27.983856 34.100000 ]
Error: [0.027407 0.016134 -0.100294 ]
Training successful
Input: [1.000000 2.000000 3.000000 ]
label: [6.000000 8.000000 10.000000 ]
Output: [5.936070 8.035432 10.100000 ]
Error: [0.063249 -0.035589 -0.101000 ]
Training successful
Input: [5.000000 7.000000 9.000000 ]
label: [15.000000 21.000000 27.000000 ]
Output: [15.032646 21.010057 26.900000 ]
Error: [-0.032717 -0.010062 0.099629 ]
Training successful
in iteration: 4
Input: [4.000000 10.000000 16.000000 ]
label: [22.000000 28.000000 34.000000 ]
Output: [21.966086 27.990241 34.100000 ]
Error: [0.033862 0.009755 -0.100294 ]
Training successful
Input: [1.000000 2.000000 3.000000 ]
label: [6.000000 8.000000 10.000000 ]
Output: [5.900000 8.004508 10.068742 ]
Error: [0.098333 -0.004510 -0.069214 ]
Training successful
Input: [5.000000 7.000000 9.000000 ]
label: [15.000000 21.000000 27.000000 ]
Output: [15.027810 21.007178 26.900000 ]
Error: [-0.027862 -0.007181 0.099630 ]
Training successful
in iteration: 5
Input: [4.000000 10.000000 16.000000 ]
label: [22.000000 28.000000 34.000000 ]
Output: [21.968092 27.989411 34.100000 ]
Error: [0.031862 0.010585 -0.100294 ]
Training successful
Input: [1.000000 2.000000 3.000000 ]
label: [6.000000 8.000000 10.000000 ]
Output: [5.940306 8.027970 10.100000 ]
Error: [0.059100 -0.028067 -0.101000 ]
Training successful
Input: [5.000000 7.000000 9.000000 ]
label: [15.000000 21.000000 27.000000 ]
Output: [15.027587 21.006787 26.900000 ]
Error: [-0.027638 -0.006790 0.099629 ]
Training successful
in iteration: 6
Input: [4.000000 10.000000 16.000000 ]
label: [22.000000 28.000000 34.000000 ]
Output: [21.967849 27.989137 34.100000 ]
Error: [0.032104 0.010859 -0.100294 ]
Training successful
Input: [1.000000 2.000000 3.000000 ]
label: [6.000000 8.000000 10.000000 ]
Output: [5.900001 8.031501 10.079812 ]
Error: [0.098333 -0.031625 -0.080449 ]
Training successful
Input: [5.000000 7.000000 9.000000 ]
label: [15.000000 21.000000 27.000000 ]
Output: [15.027521 21.006542 26.900000 ]
Error: [-0.027571 -0.006544 0.099629 ]
Training successful
in iteration: 7
Input: [4.000000 10.000000 16.000000 ]
label: [22.000000 28.000000 34.000000 ]
Output: [21.968095 27.988560 34.099999 ]
Error: [0.031859 0.011435 -0.100294 ]
Training successful
Input: [1.000000 2.000000 3.000000 ]
label: [6.000000 8.000000 10.000000 ]
Output: [5.900000 8.042417 10.049901 ]
Error: [0.098333 -0.042642 -0.050150 ]
Training successful
Input: [5.000000 7.000000 9.000000 ]
label: [15.000000 21.000000 27.000000 ]
Output: [15.027481 21.006517 26.900000 ]
Error: [-0.027531 -0.006519 0.099630 ]
Training successful
in iteration: 8
Input: [4.000000 10.000000 16.000000 ]
label: [22.000000 28.000000 34.000000 ]
Output: [21.968120 27.988277 34.099999 ]
Error: [0.031833 0.011718 -0.100293 ]
Training successful
Input: [1.000000 2.000000 3.000000 ]
label: [6.000000 8.000000 10.000000 ]
Output: [5.900001 8.047014 10.015158 ]
Error: [0.098332 -0.047290 -0.015181 ]
Training successful
Input: [5.000000 7.000000 9.000000 ]
label: [15.000000 21.000000 27.000000 ]
Output: [15.027535 21.006434 26.900000 ]
Error: [-0.027586 -0.006436 0.099629 ]
Training successful
in iteration: 9
Input: [4.000000 10.000000 16.000000 ]
label: [22.000000 28.000000 34.000000 ]
Output: [21.968035 27.988134 34.099999 ]
Error: [0.031918 0.011861 -0.100294 ]
Training successful
Input: [1.000000 2.000000 3.000000 ]
label: [6.000000 8.000000 10.000000 ]
Output: [5.900001 8.047265 9.975312 ]
Error: [0.098332 -0.047544 0.024627 ]
Training successful
Input: [5.000000 7.000000 9.000000 ]
label: [15.000000 21.000000 27.000000 ]
Output: [15.027638 21.006318 26.900000 ]
Error: [-0.027689 -0.006320 0.099629 ]
Training successful
in iteration: 10
Input: [4.000000 10.000000 16.000000 ]
label: [22.000000 28.000000 34.000000 ]
Output: [21.967894 27.988064 34.100000 ]
Error: [0.032059 0.011931 -0.100294 ]
Training successful
Input: [1.000000 2.000000 3.000000 ]
label: [6.000000 8.000000 10.000000 ]
Output: [5.900002 8.044414 9.931339 ]
Error: [0.098332 -0.044661 0.068189 ]
Training successful
Input: [5.000000 7.000000 9.000000 ]
label: [15.000000 21.000000 27.000000 ]
Output: [15.027771 21.006175 26.900000 ]
Error: [-0.027823 -0.006177 0.099629 ]
Training successful
in iteration: 11
Input: [4.000000 10.000000 16.000000 ]
label: [22.000000 28.000000 34.000000 ]
Output: [21.967721 27.988038 34.100000 ]
Error: [0.032232 0.011957 -0.100294 ]
Training successful
Input: [1.000000 2.000000 3.000000 ]
label: [6.000000 8.000000 10.000000 ]
Output: [5.913809 8.049425 9.900002 ]
Error: [0.084952 -0.049730 0.098998 ]
Training successful
Input: [5.000000 7.000000 9.000000 ]
label: [15.000000 21.000000 27.000000 ]
Output: [15.028031 21.005800 26.900000 ]
Error: [-0.028084 -0.005802 0.099629 ]
Training successful
in iteration: 12
Input: [4.000000 10.000000 16.000000 ]
label: [22.000000 28.000000 34.000000 ]
Output: [21.967517 27.988057 34.099999 ]
Error: [0.032435 0.011938 -0.100293 ]
Training successful
Input: [1.000000 2.000000 3.000000 ]
label: [6.000000 8.000000 10.000000 ]
Output: [5.951103 8.067158 9.900001 ]
Error: [0.048499 -0.067722 0.098999 ]
Training successful
Input: [5.000000 7.000000 9.000000 ]
label: [15.000000 21.000000 27.000000 ]
Output: [15.028646 21.004750 26.900000 ]
Error: [-0.028701 -0.004751 0.099629 ]
Training successful
in iteration: 13
Input: [4.000000 10.000000 16.000000 ]
label: [22.000000 28.000000 34.000000 ]
Output: [21.967253 27.988170 34.100000 ]
Error: [0.032698 0.011825 -0.100294 ]
Training successful
Input: [1.000000 2.000000 3.000000 ]
label: [6.000000 8.000000 10.000000 ]
Output: [5.978655 8.071581 9.900001 ]
Error: [0.021269 -0.072221 0.098999 ]
Training successful
Input: [5.000000 7.000000 9.000000 ]
label: [15.000000 21.000000 27.000000 ]
Output: [15.029479 21.003294 26.900000 ]
Error: [-0.029537 -0.003294 0.099630 ]
Training successful
in iteration: 14
Input: [4.000000 10.000000 16.000000 ]
label: [22.000000 28.000000 34.000000 ]
Output: [21.966911 27.988409 34.100000 ]
Error: [0.033040 0.011587 -0.100294 ]
Training successful
Input: [1.000000 2.000000 3.000000 ]
label: [6.000000 8.000000 10.000000 ]
Output: [5.995514 8.065846 9.900000 ]
Error: [0.004482 -0.066388 0.099000 ]
Training successful
Input: [5.000000 7.000000 9.000000 ]
label: [15.000000 21.000000 27.000000 ]
Output: [15.030470 21.001550 26.900000 ]
Error: [-0.030532 -0.001550 0.099629 ]
Training successful
in iteration: 15
Input: [4.000000 10.000000 16.000000 ]
label: [22.000000 28.000000 34.000000 ]
Output: [21.966483 27.988784 34.100000 ]
Error: [0.033466 0.011211 -0.100294 ]
Training successful
Input: [1.000000 2.000000 3.000000 ]
label: [6.000000 8.000000 10.000000 ]
Output: [6.005258 8.057478 9.900000 ]
Error: [-0.005262 -0.057891 0.099000 ]
Training successful
Input: [5.000000 7.000000 9.000000 ]
label: [15.000000 21.000000 27.000000 ]
Output: [15.031475 20.999793 26.900000 ]
Error: [-0.031541 0.000207 0.099629 ]
Training successful
in iteration: 16
Input: [4.000000 10.000000 16.000000 ]
label: [22.000000 28.000000 34.000000 ]
Output: [21.965980 27.989282 34.100000 ]
Error: [0.033968 0.010714 -0.100294 ]
Training successful
Input: [1.000000 2.000000 3.000000 ]
label: [6.000000 8.000000 10.000000 ]
Output: [6.011490 8.050142 9.900000 ]
Error: [-0.011512 -0.050457 0.099000 ]
Training successful
Input: [5.000000 7.000000 9.000000 ]
label: [15.000000 21.000000 27.000000 ]
Output: [15.032424 20.998153 26.900000 ]
Error: [-0.032495 0.001847 0.099630 ]
Training successful
in iteration: 17
Input: [4.000000 10.000000 16.000000 ]
label: [22.000000 28.000000 34.000000 ]
Output: [21.965417 27.989879 34.099999 ]
Error: [0.034529 0.010117 -0.100293 ]
Training successful
Input: [1.000000 2.000000 3.000000 ]
label: [6.000000 8.000000 10.000000 ]
Output: [6.015950 8.044234 9.900000 ]
Error: [-0.015992 -0.044478 0.099000 ]
Training successful
Input: [5.000000 7.000000 9.000000 ]
label: [15.000000 21.000000 27.000000 ]
Output: [15.033311 20.996641 26.900001 ]
Error: [-0.033385 0.003358 0.099629 ]
Training successful
in iteration: 18
Input: [4.000000 10.000000 16.000000 ]
label: [22.000000 28.000000 34.000000 ]
Output: [21.964805 27.990558 34.099999 ]
Error: [0.035139 0.009439 -0.100294 ]
Training successful
Input: [1.000000 2.000000 3.000000 ]
label: [6.000000 8.000000 10.000000 ]
Output: [6.019410 8.039424 9.900000 ]
Error: [-0.019473 -0.039619 0.099000 ]
Training successful
Input: [5.000000 7.000000 9.000000 ]
label: [15.000000 21.000000 27.000000 ]
Output: [15.034137 20.995253 26.900001 ]
Error: [-0.034215 0.004746 0.099629 ]
Training successful
in iteration: 19
Input: [4.000000 10.000000 16.000000 ]
label: [22.000000 28.000000 34.000000 ]
Output: [21.964152 27.991304 34.100000 ]
Error: [0.035790 0.008693 -0.100294 ]
Training successful
Input: [1.000000 2.000000 3.000000 ]
label: [6.000000 8.000000 10.000000 ]
Output: [6.022256 8.035385 9.900000 ]
Error: [-0.022339 -0.035542 0.099000 ]
Training successful
Input: [5.000000 7.000000 9.000000 ]
label: [15.000000 21.000000 27.000000 ]
Output: [15.034899 20.993993 26.900001 ]
Error: [-0.034980 0.006005 0.099629 ]
Training successful
in iteration: 20
Input: [4.000000 10.000000 16.000000 ]
label: [22.000000 28.000000 34.000000 ]
Output: [21.963464 27.992107 34.100000 ]
Error: [0.036476 0.007891 -0.100294 ]
Training successful
Input: [1.000000 2.000000 3.000000 ]
label: [6.000000 8.000000 10.000000 ]
Output: [6.024702 8.031879 9.900000 ]
Error: [-0.024803 -0.032006 0.099000 ]
Training successful
Input: [5.000000 7.000000 9.000000 ]
label: [15.000000 21.000000 27.000000 ]
Output: [15.035592 20.992872 26.900000 ]
Error: [-0.035677 0.007126 0.099629 ]
Training successful
in iteration: 21
Input: [4.000000 10.000000 16.000000 ]
label: [22.000000 28.000000 34.000000 ]
Output: [21.962746 27.992958 34.099999 ]
Error: [0.037191 0.007040 -0.100293 ]
Training successful
Input: [1.000000 2.000000 3.000000 ]
label: [6.000000 8.000000 10.000000 ]
Output: [6.026873 8.028740 9.900000 ]
Error: [-0.026993 -0.028843 0.099000 ]
Training successful
Input: [5.000000 7.000000 9.000000 ]
label: [15.000000 21.000000 27.000000 ]
Output: [15.036209 20.991900 26.900000 ]
Error: [-0.036297 0.008097 0.099630 ]
Training successful
in iteration: 22
Input: [4.000000 10.000000 16.000000 ]
label: [22.000000 28.000000 34.000000 ]
Output: [21.962002 27.993847 34.099999 ]
Error: [0.037932 0.006152 -0.100293 ]
Training successful
Input: [1.000000 2.000000 3.000000 ]
label: [6.000000 8.000000 10.000000 ]
Output: [6.028850 8.025855 9.900000 ]
Error: [-0.028988 -0.025938 0.099000 ]
Training successful
Input: [5.000000 7.000000 9.000000 ]
label: [15.000000 21.000000 27.000000 ]
Output: [15.036747 20.991084 26.900000 ]
Error: [-0.036837 0.008912 0.099629 ]
Training successful
in iteration: 23
Input: [4.000000 10.000000 16.000000 ]
label: [22.000000 28.000000 34.000000 ]
Output: [21.961238 27.994763 34.100000 ]
Error: [0.038694 0.005236 -0.100294 ]
Training successful
Input: [1.000000 2.000000 3.000000 ]
label: [6.000000 8.000000 10.000000 ]
Output: [6.030682 8.023141 9.900000 ]
Error: [-0.030839 -0.023208 0.099000 ]
Training successful
Input: [5.000000 7.000000 9.000000 ]
label: [15.000000 21.000000 27.000000 ]
Output: [15.037206 20.990424 26.900000 ]
Error: [-0.037299 0.009572 0.099629 ]
Training successful
in iteration: 24
Input: [4.000000 10.000000 16.000000 ]
label: [22.000000 28.000000 34.000000 ]
Output: [21.960461 27.995698 34.099999 ]
Error: [0.039468 0.004302 -0.100293 ]
Training successful
Input: [1.000000 2.000000 3.000000 ]
label: [6.000000 8.000000 10.000000 ]
Output: [6.032404 8.020541 9.900000 ]
Error: [-0.032579 -0.020594 0.099000 ]
Training successful
Input: [5.000000 7.000000 9.000000 ]
label: [15.000000 21.000000 27.000000 ]
Output: [15.037591 20.989909 26.900000 ]
Error: [-0.037685 0.010087 0.099629 ]
Training successful
in iteration: 25
Input: [4.000000 10.000000 16.000000 ]
label: [22.000000 28.000000 34.000000 ]
Output: [21.959676 27.996638 34.099999 ]
Error: [0.040250 0.003361 -0.100293 ]
Training successful
Input: [1.000000 2.000000 3.000000 ]
label: [6.000000 8.000000 10.000000 ]
Output: [6.034031 8.018013 9.900000 ]
Error: [-0.034224 -0.018053 0.099000 ]
Training successful
Input: [5.000000 7.000000 9.000000 ]
label: [15.000000 21.000000 27.000000 ]
Output: [15.037911 20.989522 26.900001 ]
Error: [-0.038006 0.010473 0.099629 ]
Training successful
in iteration: 26
Input: [4.000000 10.000000 16.000000 ]
label: [22.000000 28.000000 34.000000 ]
Output: [21.958890 27.997575 34.100000 ]
Error: [0.041033 0.002425 -0.100294 ]
Training successful
Input: [1.000000 2.000000 3.000000 ]
label: [6.000000 8.000000 10.000000 ]
Output: [6.035572 8.015531 9.900000 ]
Error: [-0.035783 -0.015561 0.099000 ]
Training successful
Input: [5.000000 7.000000 9.000000 ]
label: [15.000000 21.000000 27.000000 ]
Output: [15.038177 20.989242 26.900000 ]
Error: [-0.038274 0.010752 0.099629 ]
Training successful
in iteration: 27
Input: [4.000000 10.000000 16.000000 ]
label: [22.000000 28.000000 34.000000 ]
Output: [21.958111 27.998496 34.100000 ]
Error: [0.041810 0.001504 -0.100294 ]
Training successful
Input: [1.000000 2.000000 3.000000 ]
label: [6.000000 8.000000 10.000000 ]
Output: [6.037025 8.013082 9.900000 ]
Error: [-0.037253 -0.013103 0.099000 ]
Training successful
Input: [5.000000 7.000000 9.000000 ]
label: [15.000000 21.000000 27.000000 ]
Output: [15.038404 20.989045 26.900001 ]
Error: [-0.038502 0.010950 0.099629 ]
Training successful
in iteration: 28
Input: [4.000000 10.000000 16.000000 ]
label: [22.000000 28.000000 34.000000 ]
Output: [21.957343 27.999394 34.100000 ]
Error: [0.042575 0.000606 -0.100294 ]
Training successful
Input: [1.000000 2.000000 3.000000 ]
label: [6.000000 8.000000 10.000000 ]
Output: [6.038380 8.010667 9.900000 ]
Error: [-0.038626 -0.010682 0.099000 ]
Training successful
Input: [5.000000 7.000000 9.000000 ]
label: [15.000000 21.000000 27.000000 ]
Output: [15.038604 20.988905 26.900000 ]
Error: [-0.038703 0.011089 0.099629 ]
Training successful
in iteration: 29
Input: [4.000000 10.000000 16.000000 ]
label: [22.000000 28.000000 34.000000 ]
Output: [21.956592 28.000259 34.099999 ]
Error: [0.043323 -0.000259 -0.100293 ]
Training successful
Input: [1.000000 2.000000 3.000000 ]
label: [6.000000 8.000000 10.000000 ]
Output: [6.039626 8.008297 9.900000 ]
Error: [-0.039888 -0.008306 0.099000 ]
Training successful
Input: [5.000000 7.000000 9.000000 ]
label: [15.000000 21.000000 27.000000 ]
Output: [15.038790 20.988801 26.900000 ]
Error: [-0.038890 0.011194 0.099629 ]
Training successful
in iteration: 30
Input: [4.000000 10.000000 16.000000 ]
label: [22.000000 28.000000 34.000000 ]
Output: [21.955861 28.001086 34.100000 ]
Error: [0.044050 -0.001087 -0.100294 ]
Training successful
Input: [1.000000 2.000000 3.000000 ]
label: [6.000000 8.000000 10.000000 ]
Output: [6.040750 8.005992 9.900001 ]
Error: [-0.041027 -0.005997 0.098999 ]
Training successful
Input: [5.000000 7.000000 9.000000 ]
label: [15.000000 21.000000 27.000000 ]
Output: [15.038972 20.988713 26.900000 ]
Error: [-0.039073 0.011281 0.099629 ]
Training successful
in iteration: 31
Input: [4.000000 10.000000 16.000000 ]
label: [22.000000 28.000000 34.000000 ]
Output: [21.955155 28.001872 34.100000 ]
Error: [0.044754 -0.001872 -0.100294 ]
Training successful
Input: [1.000000 2.000000 3.000000 ]
label: [6.000000 8.000000 10.000000 ]
Output: [6.041742 8.003779 9.900000 ]
Error: [-0.042033 -0.003781 0.099000 ]
Training successful
Input: [5.000000 7.000000 9.000000 ]
label: [15.000000 21.000000 27.000000 ]
Output: [15.039158 20.988628 26.900001 ]
Error: [-0.039261 0.011366 0.099629 ]
Training successful
in iteration: 32
Input: [4.000000 10.000000 16.000000 ]
label: [22.000000 28.000000 34.000000 ]
Output: [21.954474 28.002614 34.099999 ]
Error: [0.045432 -0.002614 -0.100293 ]
Training successful
Input: [1.000000 2.000000 3.000000 ]
label: [6.000000 8.000000 10.000000 ]
Output: [6.042595 8.001688 9.900000 ]
Error: [-0.042898 -0.001688 0.099000 ]
Training successful
Input: [5.000000 7.000000 9.000000 ]
label: [15.000000 21.000000 27.000000 ]
Output: [15.039356 20.988533 26.900000 ]
Error: [-0.039459 0.011461 0.099629 ]
Training successful
in iteration: 33
Input: [4.000000 10.000000 16.000000 ]
label: [22.000000 28.000000 34.000000 ]
Output: [21.953817 28.003312 34.099999 ]
Error: [0.046086 -0.003313 -0.100293 ]
Training successful
Input: [1.000000 2.000000 3.000000 ]
label: [6.000000 8.000000 10.000000 ]
Output: [6.043310 7.999750 9.900000 ]
Error: [-0.043622 0.000250 0.099000 ]
Training successful
Input: [5.000000 7.000000 9.000000 ]
label: [15.000000 21.000000 27.000000 ]
Output: [15.039569 20.988422 26.900001 ]
Error: [-0.039674 0.011572 0.099629 ]
Training successful
in iteration: 34
Input: [4.000000 10.000000 16.000000 ]
label: [22.000000 28.000000 34.000000 ]
Output: [21.953186 28.003968 34.099999 ]
Error: [0.046715 -0.003969 -0.100293 ]
Training successful
Input: [1.000000 2.000000 3.000000 ]
label: [6.000000 8.000000 10.000000 ]
Output: [6.043892 7.997996 9.900001 ]
Error: [-0.044213 0.002004 0.098999 ]
Training successful
Input: [5.000000 7.000000 9.000000 ]
label: [15.000000 21.000000 27.000000 ]
Output: [15.039802 20.988287 26.900000 ]
Error: [-0.039907 0.011706 0.099629 ]
Training successful
in iteration: 35
Input: [4.000000 10.000000 16.000000 ]
label: [22.000000 28.000000 34.000000 ]
Output: [21.952577 28.004585 34.099999 ]
Error: [0.047321 -0.004586 -0.100293 ]
Training successful
Input: [1.000000 2.000000 3.000000 ]
label: [6.000000 8.000000 10.000000 ]
Output: [6.044354 7.996448 9.900000 ]
Error: [-0.044681 0.003551 0.099000 ]
Training successful
Input: [5.000000 7.000000 9.000000 ]
label: [15.000000 21.000000 27.000000 ]
Output: [15.040055 20.988127 26.900000 ]
Error: [-0.040162 0.011866 0.099629 ]
Training successful
in iteration: 36
Input: [4.000000 10.000000 16.000000 ]
label: [22.000000 28.000000 34.000000 ]
Output: [21.951989 28.005167 34.099999 ]
Error: [0.047906 -0.005168 -0.100293 ]
Training successful
Input: [1.000000 2.000000 3.000000 ]
label: [6.000000 8.000000 10.000000 ]
Output: [6.044710 7.995127 9.900000 ]
Error: [-0.045043 0.004870 0.099000 ]
Training successful
Input: [5.000000 7.000000 9.000000 ]
label: [15.000000 21.000000 27.000000 ]
Output: [15.040332 20.987939 26.900000 ]
Error: [-0.040441 0.012054 0.099629 ]
Training successful
in iteration: 37
Input: [4.000000 10.000000 16.000000 ]
label: [22.000000 28.000000 34.000000 ]
Output: [21.951419 28.005717 34.099999 ]
Error: [0.048474 -0.005718 -0.100293 ]
Training successful
Input: [1.000000 2.000000 3.000000 ]
label: [6.000000 8.000000 10.000000 ]
Output: [6.044980 7.994046 9.900001 ]
Error: [-0.045317 0.005950 0.098999 ]
Training successful
Input: [5.000000 7.000000 9.000000 ]
label: [15.000000 21.000000 27.000000 ]
Output: [15.040634 20.987720 26.900000 ]
Error: [-0.040744 0.012273 0.099629 ]
Training successful
in iteration: 38
Input: [4.000000 10.000000 16.000000 ]
label: [22.000000 28.000000 34.000000 ]
Output: [21.950864 28.006242 34.099999 ]
Error: [0.049026 -0.006243 -0.100293 ]
Training successful
Input: [1.000000 2.000000 3.000000 ]
label: [6.000000 8.000000 10.000000 ]
Output: [6.045183 7.993212 9.900000 ]
Error: [-0.045523 0.006782 0.099000 ]
Training successful
Input: [5.000000 7.000000 9.000000 ]
label: [15.000000 21.000000 27.000000 ]
Output: [15.040962 20.987469 26.900000 ]
Error: [-0.041074 0.012524 0.099629 ]
Training successful
in iteration: 39
Input: [4.000000 10.000000 16.000000 ]
label: [22.000000 28.000000 34.000000 ]
Output: [21.950321 28.006745 34.100000 ]
Error: [0.049567 -0.006746 -0.100294 ]
Training successful
Input: [1.000000 2.000000 3.000000 ]
label: [6.000000 8.000000 10.000000 ]
Output: [6.045341 7.992631 9.900000 ]
Error: [-0.045684 0.007362 0.099000 ]
Training successful
Input: [5.000000 7.000000 9.000000 ]
label: [15.000000 21.000000 27.000000 ]
Output: [15.041318 20.987184 26.900000 ]
Error: [-0.041431 0.012808 0.099629 ]
Training successful
in iteration: 40
Input: [4.000000 10.000000 16.000000 ]
label: [22.000000 28.000000 34.000000 ]
Output: [21.949787 28.007232 34.099999 ]
Error: [0.050099 -0.007234 -0.100293 ]
Training successful
Input: [1.000000 2.000000 3.000000 ]
label: [6.000000 8.000000 10.000000 ]
Output: [6.045474 7.992302 9.900000 ]
Error: [-0.045819 0.007691 0.099000 ]
Training successful
Input: [5.000000 7.000000 9.000000 ]
label: [15.000000 21.000000 27.000000 ]
Output: [15.041702 20.986864 26.900000 ]
Error: [-0.041818 0.013128 0.099629 ]
Training successful
in iteration: 41
Input: [4.000000 10.000000 16.000000 ]
label: [22.000000 28.000000 34.000000 ]
Output: [21.949258 28.007708 34.099999 ]
Error: [0.050625 -0.007710 -0.100294 ]
Training successful
Input: [1.000000 2.000000 3.000000 ]
label: [6.000000 8.000000 10.000000 ]
Output: [6.045602 7.992224 9.900000 ]
Error: [-0.045949 0.007769 0.099000 ]
Training successful
Input: [5.000000 7.000000 9.000000 ]
label: [15.000000 21.000000 27.000000 ]
Output: [15.042118 20.986505 26.900000 ]
Error: [-0.042237 0.013486 0.099630 ]
Training successful
in iteration: 42
Input: [4.000000 10.000000 16.000000 ]
label: [22.000000 28.000000 34.000000 ]
Output: [21.948731 28.008179 34.100000 ]
Error: [0.051150 -0.008182 -0.100294 ]
Training successful
Input: [1.000000 2.000000 3.000000 ]
label: [6.000000 8.000000 10.000000 ]
Output: [6.045744 7.992394 9.900001 ]
Error: [-0.046093 0.007599 0.098999 ]
Training successful
Input: [5.000000 7.000000 9.000000 ]
label: [15.000000 21.000000 27.000000 ]
Output: [15.042567 20.986105 26.900000 ]
Error: [-0.042688 0.013886 0.099629 ]
Training successful
in iteration: 43
Input: [4.000000 10.000000 16.000000 ]
label: [22.000000 28.000000 34.000000 ]
Output: [21.948203 28.008650 34.100000 ]
Error: [0.051675 -0.008652 -0.100294 ]
Training successful
Input: [1.000000 2.000000 3.000000 ]
label: [6.000000 8.000000 10.000000 ]
Output: [6.045915 7.992808 9.900000 ]
Error: [-0.046267 0.007186 0.099000 ]
Training successful
Input: [5.000000 7.000000 9.000000 ]
label: [15.000000 21.000000 27.000000 ]
Output: [15.043053 20.985658 26.900000 ]
Error: [-0.043176 0.014333 0.099630 ]
Training successful
in iteration: 44
Input: [4.000000 10.000000 16.000000 ]
label: [22.000000 28.000000 34.000000 ]
Output: [21.947672 28.009125 34.099999 ]
Error: [0.052203 -0.009128 -0.100293 ]
Training successful
Input: [1.000000 2.000000 3.000000 ]
label: [6.000000 8.000000 10.000000 ]
Output: [6.046129 7.993462 9.900000 ]
Error: [-0.046484 0.006532 0.099000 ]
Training successful
Input: [5.000000 7.000000 9.000000 ]
label: [15.000000 21.000000 27.000000 ]
Output: [15.043577 20.985158 26.900001 ]
Error: [-0.043703 0.014832 0.099629 ]
Training successful
in iteration: 45
Input: [4.000000 10.000000 16.000000 ]
label: [22.000000 28.000000 34.000000 ]
Output: [21.947134 28.009610 34.099999 ]
Error: [0.052739 -0.009613 -0.100293 ]
Training successful
Input: [1.000000 2.000000 3.000000 ]
label: [6.000000 8.000000 10.000000 ]
Output: [6.046394 7.994352 9.900000 ]
Error: [-0.046753 0.005644 0.099000 ]
Training successful
Input: [5.000000 7.000000 9.000000 ]
label: [15.000000 21.000000 27.000000 ]
Output: [15.044144 20.984596 26.900000 ]
Error: [-0.044274 0.015393 0.099629 ]
Training successful
in iteration: 46
Input: [4.000000 10.000000 16.000000 ]
label: [22.000000 28.000000 34.000000 ]
Output: [21.946586 28.010110 34.100000 ]
Error: [0.053285 -0.010114 -0.100294 ]
Training successful
Input: [1.000000 2.000000 3.000000 ]
label: [6.000000 8.000000 10.000000 ]
Output: [6.046711 7.995470 9.900000 ]
Error: [-0.047074 0.004528 0.099000 ]
Training successful
Input: [5.000000 7.000000 9.000000 ]
label: [15.000000 21.000000 27.000000 ]
Output: [15.044758 20.983963 26.900001 ]
Error: [-0.044892 0.016025 0.099629 ]
Training successful
in iteration: 47
Input: [4.000000 10.000000 16.000000 ]
label: [22.000000 28.000000 34.000000 ]
Output: [21.946024 28.010632 34.100000 ]
Error: [0.053843 -0.010636 -0.100294 ]
Training successful
Input: [1.000000 2.000000 3.000000 ]
label: [6.000000 8.000000 10.000000 ]
Output: [6.047071 7.996801 9.900001 ]
Error: [-0.047441 0.003198 0.098999 ]
Training successful
Input: [5.000000 7.000000 9.000000 ]
label: [15.000000 21.000000 27.000000 ]
Output: [15.045425 20.983242 26.900000 ]
Error: [-0.045563 0.016744 0.099630 ]
Training successful
in iteration: 48
Input: [4.000000 10.000000 16.000000 ]
label: [22.000000 28.000000 34.000000 ]
Output: [21.945447 28.011181 34.099999 ]
Error: [0.054418 -0.011185 -0.100293 ]
Training successful
Input: [1.000000 2.000000 3.000000 ]
label: [6.000000 8.000000 10.000000 ]
Output: [6.047453 7.998324 9.900000 ]
Error: [-0.047829 0.001675 0.099000 ]
Training successful
Input: [5.000000 7.000000 9.000000 ]
label: [15.000000 21.000000 27.000000 ]
Output: [15.046152 20.982416 26.900000 ]
Error: [-0.046294 0.017569 0.099629 ]
Training successful
in iteration: 49
Input: [4.000000 10.000000 16.000000 ]
label: [22.000000 28.000000 34.000000 ]
Output: [21.944849 28.011764 34.100000 ]
Error: [0.055013 -0.011769 -0.100294 ]
Training successful
Input: [1.000000 2.000000 3.000000 ]
label: [6.000000 8.000000 10.000000 ]
Output: [6.047817 8.000004 9.900000 ]
Error: [-0.048199 -0.000004 0.099000 ]
Training successful
Input: [5.000000 7.000000 9.000000 ]
label: [15.000000 21.000000 27.000000 ]
Output: [15.046946 20.981456 26.900001 ]
Error: [-0.047093 0.018528 0.099629 ]
Training successful
in iteration: 50
Input: [4.000000 10.000000 16.000000 ]
label: [22.000000 28.000000 34.000000 ]
Output: [21.944227 28.012390 34.099999 ]
Error: [0.055631 -0.012396 -0.100293 ]
Training successful
Input: [1.000000 2.000000 3.000000 ]
label: [6.000000 8.000000 10.000000 ]
Output: [6.048106 8.001788 9.900000 ]
Error: [-0.048492 -0.001789 0.099000 ]
Training successful
Input: [5.000000 7.000000 9.000000 ]
label: [15.000000 21.000000 27.000000 ]
Output: [15.047820 20.980326 26.900000 ]
Error: [-0.047972 0.019656 0.099629 ]
Training successful
in iteration: 51
Input: [4.000000 10.000000 16.000000 ]
label: [22.000000 28.000000 34.000000 ]
Output: [21.943576 28.013069 34.100000 ]
Error: [0.056280 -0.013075 -0.100294 ]
Training successful
Input: [1.000000 2.000000 3.000000 ]
label: [6.000000 8.000000 10.000000 ]
Output: [6.048251 8.003610 9.900001 ]
Error: [-0.048639 -0.003612 0.098999 ]
Training successful
Input: [5.000000 7.000000 9.000000 ]
label: [15.000000 21.000000 27.000000 ]
Output: [15.048788 20.978976 26.900000 ]
Error: [-0.048947 0.021003 0.099629 ]
Training successful
in iteration: 52
Input: [4.000000 10.000000 16.000000 ]
label: [22.000000 28.000000 34.000000 ]
Output: [21.942889 28.013812 34.100000 ]
Error: [0.056963 -0.013819 -0.100294 ]
Training successful
Input: [1.000000 2.000000 3.000000 ]
label: [6.000000 8.000000 10.000000 ]
Output: [6.048190 8.005397 9.900000 ]
Error: [-0.048577 -0.005401 0.099000 ]
Training successful
Input: [5.000000 7.000000 9.000000 ]
label: [15.000000 21.000000 27.000000 ]
Output: [15.049872 20.977341 26.900000 ]
Error: [-0.050038 0.022635 0.099629 ]
Training successful
in iteration: 53
Input: [4.000000 10.000000 16.000000 ]
label: [22.000000 28.000000 34.000000 ]
Output: [21.942161 28.014634 34.099999 ]
Error: [0.057687 -0.014642 -0.100293 ]
Training successful
Input: [1.000000 2.000000 3.000000 ]
label: [6.000000 8.000000 10.000000 ]
Output: [6.047899 8.007094 9.900000 ]
Error: [-0.048281 -0.007101 0.099000 ]
Training successful
Input: [5.000000 7.000000 9.000000 ]
label: [15.000000 21.000000 27.000000 ]
Output: [15.051101 20.975331 26.900000 ]
Error: [-0.051275 0.024640 0.099629 ]
Training successful
in iteration: 54
Input: [4.000000 10.000000 16.000000 ]
label: [22.000000 28.000000 34.000000 ]
Output: [21.941383 28.015551 34.099999 ]
Error: [0.058461 -0.015560 -0.100293 ]
Training successful
Input: [1.000000 2.000000 3.000000 ]
label: [6.000000 8.000000 10.000000 ]
Output: [6.047409 8.008679 9.900000 ]
Error: [-0.047784 -0.008689 0.099000 ]
Training successful
Input: [5.000000 7.000000 9.000000 ]
label: [15.000000 21.000000 27.000000 ]
Output: [15.052517 20.972825 26.900000 ]
Error: [-0.052701 0.027140 0.099629 ]
Training successful
in iteration: 55
Input: [4.000000 10.000000 16.000000 ]
label: [22.000000 28.000000 34.000000 ]
Output: [21.940546 28.016584 34.099999 ]
Error: [0.059294 -0.016593 -0.100293 ]
Training successful
Input: [1.000000 2.000000 3.000000 ]
label: [6.000000 8.000000 10.000000 ]
Output: [6.046801 8.010162 9.900000 ]
Error: [-0.047166 -0.010175 0.099000 ]
Training successful
Input: [5.000000 7.000000 9.000000 ]
label: [15.000000 21.000000 27.000000 ]
Output: [15.054186 20.969649 26.900001 ]
Error: [-0.054381 0.030308 0.099629 ]
Training successful
in iteration: 56
Input: [4.000000 10.000000 16.000000 ]
label: [22.000000 28.000000 34.000000 ]
Output: [21.939643 28.017751 34.099999 ]
Error: [0.060192 -0.017762 -0.100294 ]
Training successful
Input: [1.000000 2.000000 3.000000 ]
label: [6.000000 8.000000 10.000000 ]
Output: [6.046163 8.011562 9.900000 ]
Error: [-0.046518 -0.011578 0.099000 ]
Training successful
Input: [5.000000 7.000000 9.000000 ]
label: [15.000000 21.000000 27.000000 ]
Output: [15.056214 20.965525 26.900000 ]
Error: [-0.056425 0.034418 0.099629 ]
Training successful
in iteration: 57
Input: [4.000000 10.000000 16.000000 ]
label: [22.000000 28.000000 34.000000 ]
Output: [21.938667 28.019076 34.100000 ]
Error: [0.061162 -0.019089 -0.100294 ]
Training successful
Input: [1.000000 2.000000 3.000000 ]
label: [6.000000 8.000000 10.000000 ]
Output: [6.045556 8.012881 9.900000 ]
Error: [-0.045902 -0.012901 0.099000 ]
Training successful
Input: [5.000000 7.000000 9.000000 ]
label: [15.000000 21.000000 27.000000 ]
Output: [15.058778 20.959993 26.900000 ]
Error: [-0.059008 0.039931 0.099629 ]
Training successful
in iteration: 58
Input: [4.000000 10.000000 16.000000 ]
label: [22.000000 28.000000 34.000000 ]
Output: [21.937619 28.020577 34.100000 ]
Error: [0.062204 -0.020592 -0.100294 ]
Training successful
Input: [1.000000 2.000000 3.000000 ]
label: [6.000000 8.000000 10.000000 ]
Output: [6.045016 8.014109 9.900000 ]
Error: [-0.045353 -0.014134 0.099000 ]
Training successful
Input: [5.000000 7.000000 9.000000 ]
label: [15.000000 21.000000 27.000000 ]
Output: [15.062166 20.952221 26.900000 ]
Error: [-0.062424 0.047670 0.099629 ]
Training successful
in iteration: 59