Input: [1.000000 2.000000 3.000000 ]
label: [2.000000 5.000000 10.000000 ]
Output: [2.004155 5.005921 9.950004 ]
Error: [-0.004164 -0.005928 0.049746 ]
Training successful
Input: [2.000000 3.000000 4.000000 ]
label: [5.000000 10.000000 17.000000 ]
Output: [5.015909 9.978614 16.950000 ]
Error: [-0.015959 0.021340 0.049853 ]
Training successful
Input: [3.000000 4.000000 5.000000 ]
label: [10.000000 17.000000 26.000000 ]
Output: [9.950010 16.972565 26.035934 ]
Error: [0.049740 0.027391 -0.035984 ]
Training successful
Input: [4.000000 5.000000 6.000000 ]
label: [17.000000 26.000000 37.000000 ]
Output: [16.962714 26.002930 37.049999 ]
Error: [0.037205 -0.002931 -0.050066 ]
Training successful
Input: [5.000000 6.000000 7.000000 ]
label: [26.000000 37.000000 50.000000 ]
Output: [25.958002 37.005742 50.049999 ]
Error: [0.041931 -0.005742 -0.050049 ]
Training successful
in iteration: 0
Input: [1.000000 2.000000 3.000000 ]
label: [2.000000 5.000000 10.000000 ]
Output: [2.017626 5.049996 10.012311 ]
Error: [-0.017782 -0.050496 -0.012326 ]
Training successful
Input: [2.000000 3.000000 4.000000 ]
label: [5.000000 10.000000 17.000000 ]
Output: [4.989555 9.950008 16.952405 ]
Error: [0.010423 0.049742 0.047462 ]
Training successful
Input: [3.000000 4.000000 5.000000 ]
label: [10.000000 17.000000 26.000000 ]
Output: [9.960215 16.997838 26.049997 ]
Error: [0.039626 0.002162 -0.050094 ]
Training successful
Input: [4.000000 5.000000 6.000000 ]
label: [17.000000 26.000000 37.000000 ]
Output: [16.956945 26.006343 37.049996 ]
Error: [0.042946 -0.006345 -0.050063 ]
Training successful
Input: [5.000000 6.000000 7.000000 ]
label: [26.000000 37.000000 50.000000 ]
Output: [25.951678 37.008251 50.049996 ]
Error: [0.048232 -0.008253 -0.050046 ]
Training successful
in iteration: 1
Input: [1.000000 2.000000 3.000000 ]
label: [2.000000 5.000000 10.000000 ]
Output: [2.037584 5.049990 9.975227 ]
Error: [-0.038291 -0.050490 0.024712 ]
Training successful
Input: [2.000000 3.000000 4.000000 ]
label: [5.000000 10.000000 17.000000 ]
Output: [4.967783 9.950003 16.985702 ]
Error: [0.032009 0.049747 0.014286 ]
Training successful
Input: [3.000000 4.000000 5.000000 ]
label: [10.000000 17.000000 26.000000 ]
Output: [9.955847 17.000429 26.049998 ]
Error: [0.043958 -0.000429 -0.050094 ]
Training successful
Input: [4.000000 5.000000 6.000000 ]
label: [17.000000 26.000000 37.000000 ]
Output: [16.950002 26.007086 37.049585 ]
Error: [0.049851 -0.007088 -0.049652 ]
Training successful
Input: [5.000000 6.000000 7.000000 ]
label: [26.000000 37.000000 50.000000 ]
Output: [25.950003 37.008879 50.044507 ]
Error: [0.049901 -0.008882 -0.044547 ]
Training successful
in iteration: 2
Input: [1.000000 2.000000 3.000000 ]
label: [2.000000 5.000000 10.000000 ]
Output: [2.043441 5.049993 9.962113 ]
Error: [-0.044385 -0.050493 0.037744 ]
Training successful
Input: [2.000000 3.000000 4.000000 ]
label: [5.000000 10.000000 17.000000 ]
Output: [4.963122 9.950006 16.998541 ]
Error: [0.036606 0.049744 0.001459 ]
Training successful
Input: [3.000000 4.000000 5.000000 ]
label: [10.000000 17.000000 26.000000 ]
Output: [9.950003 16.996536 26.049710 ]
Error: [0.049747 0.003463 -0.049806 ]
Training successful
Input: [4.000000 5.000000 6.000000 ]
label: [17.000000 26.000000 37.000000 ]
Output: [16.950006 26.004766 37.043960 ]
Error: [0.049847 -0.004767 -0.044013 ]
Training successful
Input: [5.000000 6.000000 7.000000 ]
label: [26.000000 37.000000 50.000000 ]
Output: [25.950001 37.007353 50.039153 ]
Error: [0.049902 -0.007354 -0.039184 ]
Training successful
in iteration: 3
Input: [1.000000 2.000000 3.000000 ]
label: [2.000000 5.000000 10.000000 ]
Output: [2.037625 5.049995 9.968814 ]
Error: [-0.038333 -0.050495 0.031088 ]
Training successful
Input: [2.000000 3.000000 4.000000 ]
label: [5.000000 10.000000 17.000000 ]
Output: [4.968608 9.950006 16.997069 ]
Error: [0.031195 0.049744 0.002931 ]
Training successful
Input: [3.000000 4.000000 5.000000 ]
label: [10.000000 17.000000 26.000000 ]
Output: [9.950003 16.988876 26.045148 ]
Error: [0.049747 0.011116 -0.045226 ]
Training successful
Input: [4.000000 5.000000 6.000000 ]
label: [17.000000 26.000000 37.000000 ]
Output: [16.950003 25.999686 37.041038 ]
Error: [0.049850 0.000314 -0.041084 ]
Training successful
Input: [5.000000 6.000000 7.000000 ]
label: [26.000000 37.000000 50.000000 ]
Output: [25.950005 37.003731 50.036379 ]
Error: [0.049899 -0.003732 -0.036405 ]
Training successful
in iteration: 4
Input: [1.000000 2.000000 3.000000 ]
label: [2.000000 5.000000 10.000000 ]
Output: [2.027326 5.049994 9.986536 ]
Error: [-0.027699 -0.050494 0.013446 ]
Training successful
Input: [2.000000 3.000000 4.000000 ]
label: [5.000000 10.000000 17.000000 ]
Output: [4.976597 9.950004 16.987736 ]
Error: [0.023293 0.049746 0.012255 ]
Training successful
Input: [3.000000 4.000000 5.000000 ]
label: [10.000000 17.000000 26.000000 ]
Output: [9.950005 16.977106 26.039390 ]
Error: [0.049745 0.022863 -0.039450 ]
Training successful
Input: [4.000000 5.000000 6.000000 ]
label: [17.000000 26.000000 37.000000 ]
Output: [16.950005 25.991615 37.039721 ]
Error: [0.049848 0.008383 -0.039764 ]
Training successful
Input: [5.000000 6.000000 7.000000 ]
label: [26.000000 37.000000 50.000000 ]
Output: [25.950005 36.997593 50.035878 ]
Error: [0.049899 0.002407 -0.035904 ]
Training successful
in iteration: 5
Input: [1.000000 2.000000 3.000000 ]
label: [2.000000 5.000000 10.000000 ]
Output: [2.017300 5.050000 10.009206 ]
Error: [-0.017450 -0.050500 -0.009214 ]
Training successful
Input: [2.000000 3.000000 4.000000 ]
label: [5.000000 10.000000 17.000000 ]
Output: [4.983457 9.950005 16.974130 ]
Error: [0.016488 0.049745 0.025831 ]
Training successful
Input: [3.000000 4.000000 5.000000 ]
label: [10.000000 17.000000 26.000000 ]
Output: [9.950001 16.962641 26.027978 ]
Error: [0.049749 0.037277 -0.028008 ]
Training successful
Input: [4.000000 5.000000 6.000000 ]
label: [17.000000 26.000000 37.000000 ]
Output: [16.950001 25.980873 37.037201 ]
Error: [0.049852 0.019113 -0.037238 ]
Training successful
Input: [5.000000 6.000000 7.000000 ]
label: [26.000000 37.000000 50.000000 ]
Output: [25.950005 36.988722 50.036066 ]
Error: [0.049899 0.011275 -0.036092 ]
Training successful
in iteration: 6
Input: [1.000000 2.000000 3.000000 ]
label: [2.000000 5.000000 10.000000 ]
Output: [2.009001 5.049997 10.034233 ]
Error: [-0.009042 -0.050496 -0.034350 ]
Training successful
Input: [2.000000 3.000000 4.000000 ]
label: [5.000000 10.000000 17.000000 ]
Output: [4.988485 9.950003 16.958330 ]
Error: [0.011488 0.049747 0.041568 ]
Training successful
Input: [3.000000 4.000000 5.000000 ]
label: [10.000000 17.000000 26.000000 ]
Output: [9.951715 16.950002 26.007856 ]
Error: [0.048052 0.049851 -0.007859 ]
Training successful
Input: [4.000000 5.000000 6.000000 ]
label: [17.000000 26.000000 37.000000 ]
Output: [16.950005 25.969128 37.029621 ]
Error: [0.049848 0.030835 -0.029645 ]
Training successful
Input: [5.000000 6.000000 7.000000 ]
label: [26.000000 37.000000 50.000000 ]
Output: [25.950005 36.978103 50.033961 ]
Error: [0.049899 0.021884 -0.033984 ]
Training successful
in iteration: 7
Input: [1.000000 2.000000 3.000000 ]
label: [2.000000 5.000000 10.000000 ]
Output: [2.001032 5.042109 10.049996 ]
Error: [-0.001033 -0.042464 -0.050246 ]
Training successful
Input: [2.000000 3.000000 4.000000 ]
label: [5.000000 10.000000 17.000000 ]
Output: [4.993619 9.955938 16.950003 ]
Error: [0.006373 0.043868 0.049850 ]
Training successful
Input: [3.000000 4.000000 5.000000 ]
label: [10.000000 17.000000 26.000000 ]
Output: [9.960755 16.950000 25.986936 ]
Error: [0.039091 0.049853 0.013058 ]
Training successful
Input: [4.000000 5.000000 6.000000 ]
label: [17.000000 26.000000 37.000000 ]
Output: [16.950002 25.958517 37.014502 ]
Error: [0.049851 0.041417 -0.014508 ]
Training successful
Input: [5.000000 6.000000 7.000000 ]
label: [26.000000 37.000000 50.000000 ]
Output: [25.950004 36.967743 50.026217 ]
Error: [0.049900 0.032229 -0.026230 ]
Training successful
in iteration: 8
Input: [1.000000 2.000000 3.000000 ]
label: [2.000000 5.000000 10.000000 ]
Output: [1.995715 5.029276 10.049997 ]
Error: [0.004276 -0.029448 -0.050247 ]
Training successful
Input: [2.000000 3.000000 4.000000 ]
label: [5.000000 10.000000 17.000000 ]
Output: [4.997874 9.964785 16.950002 ]
Error: [0.002125 0.035091 0.049851 ]
Training successful
Input: [3.000000 4.000000 5.000000 ]
label: [10.000000 17.000000 26.000000 ]
Output: [9.965977 16.950005 25.967995 ]
Error: [0.033907 0.049848 0.031965 ]
Training successful
Input: [4.000000 5.000000 6.000000 ]
label: [17.000000 26.000000 37.000000 ]
Output: [16.950004 25.950390 36.993514 ]
Error: [0.049849 0.049515 0.006484 ]
Training successful
Input: [5.000000 6.000000 7.000000 ]
label: [26.000000 37.000000 50.000000 ]
Output: [25.950005 36.959307 50.011631 ]
Error: [0.049899 0.040648 -0.011634 ]
Training successful
in iteration: 9
Input: [1.000000 2.000000 3.000000 ]
label: [2.000000 5.000000 10.000000 ]
Output: [1.993337 5.022492 10.049998 ]
Error: [0.006641 -0.022593 -0.050248 ]
Training successful
Input: [2.000000 3.000000 4.000000 ]
label: [5.000000 10.000000 17.000000 ]
Output: [5.000280 9.970263 16.950001 ]
Error: [-0.000280 0.029649 0.049852 ]
Training successful
Input: [3.000000 4.000000 5.000000 ]
label: [10.000000 17.000000 26.000000 ]
Output: [9.969068 16.950005 25.952314 ]
Error: [0.030837 0.049848 0.047599 ]
Training successful
Input: [4.000000 5.000000 6.000000 ]
label: [17.000000 26.000000 37.000000 ]
Output: [16.954502 25.950005 36.974953 ]
Error: [0.045376 0.049899 0.025030 ]
Training successful
Input: [5.000000 6.000000 7.000000 ]
label: [26.000000 37.000000 50.000000 ]
Output: [25.950000 36.953347 49.992772 ]
Error: [0.049903 0.046594 0.007227 ]
Training successful
in iteration: 10
Input: [1.000000 2.000000 3.000000 ]
label: [2.000000 5.000000 10.000000 ]
Output: [1.992092 5.018685 10.049997 ]
Error: [0.007876 -0.018755 -0.050247 ]
Training successful
Input: [2.000000 3.000000 4.000000 ]
label: [5.000000 10.000000 17.000000 ]
Output: [5.001762 9.973635 16.950000 ]
Error: [-0.001763 0.026296 0.049853 ]
Training successful
Input: [3.000000 4.000000 5.000000 ]
label: [10.000000 17.000000 26.000000 ]
Output: [9.975730 16.957770 25.950006 ]
Error: [0.024211 0.042125 0.049898 ]
Training successful
Input: [4.000000 5.000000 6.000000 ]
label: [17.000000 26.000000 37.000000 ]
Output: [16.957150 25.950004 36.960288 ]
Error: [0.042742 0.049900 0.039669 ]
Training successful
Input: [5.000000 6.000000 7.000000 ]
label: [26.000000 37.000000 50.000000 ]
Output: [25.950387 36.950002 49.974525 ]
Error: [0.049518 0.049931 0.025462 ]
Training successful
in iteration: 11
Input: [1.000000 2.000000 3.000000 ]
label: [2.000000 5.000000 10.000000 ]
Output: [1.991317 5.016448 10.049997 ]
Error: [0.008645 -0.016502 -0.050247 ]
Training successful
Input: [2.000000 3.000000 4.000000 ]
label: [5.000000 10.000000 17.000000 ]
Output: [5.002775 9.975743 16.950000 ]
Error: [-0.002777 0.024199 0.049853 ]
Training successful
Input: [3.000000 4.000000 5.000000 ]
label: [10.000000 17.000000 26.000000 ]
Output: [9.980041 16.963234 25.950005 ]
Error: [0.019919 0.036686 0.049899 ]
Training successful
Input: [4.000000 5.000000 6.000000 ]
label: [17.000000 26.000000 37.000000 ]
Output: [16.958795 25.950258 36.950006 ]
Error: [0.041105 0.049647 0.049926 ]
Training successful
Input: [5.000000 6.000000 7.000000 ]
label: [26.000000 37.000000 50.000000 ]
Output: [25.952378 36.950002 49.961578 ]
Error: [0.047535 0.049931 0.038393 ]
Training successful
in iteration: 12
Input: [1.000000 2.000000 3.000000 ]
label: [2.000000 5.000000 10.000000 ]
Output: [1.990755 5.015089 10.049997 ]
Error: [0.009202 -0.015135 -0.050247 ]
Training successful
Input: [2.000000 3.000000 4.000000 ]
label: [5.000000 10.000000 17.000000 ]
Output: [5.003536 9.977091 16.950004 ]
Error: [-0.003539 0.022857 0.049849 ]
Training successful
Input: [3.000000 4.000000 5.000000 ]
label: [10.000000 17.000000 26.000000 ]
Output: [9.982493 16.966340 25.950001 ]
Error: [0.017476 0.033593 0.049903 ]
Training successful
Input: [4.000000 5.000000 6.000000 ]
label: [17.000000 26.000000 37.000000 ]
Output: [16.964429 25.956253 36.950004 ]
Error: [0.035496 0.043673 0.049928 ]
Training successful
Input: [5.000000 6.000000 7.000000 ]
label: [26.000000 37.000000 50.000000 ]
Output: [25.953399 36.950001 49.952645 ]
Error: [0.046518 0.049931 0.047310 ]
Training successful
in iteration: 13
Input: [1.000000 2.000000 3.000000 ]
label: [2.000000 5.000000 10.000000 ]
Output: [1.990302 5.014246 10.050000 ]
Error: [0.009651 -0.014286 -0.050250 ]
Training successful
Input: [2.000000 3.000000 4.000000 ]
label: [5.000000 10.000000 17.000000 ]
Output: [5.004149 9.977961 16.950003 ]
Error: [-0.004153 0.021990 0.049850 ]
Training successful
Input: [3.000000 4.000000 5.000000 ]
label: [10.000000 17.000000 26.000000 ]
Output: [9.983961 16.968136 25.950005 ]
Error: [0.016013 0.031804 0.049899 ]
Training successful
Input: [4.000000 5.000000 6.000000 ]
label: [17.000000 26.000000 37.000000 ]
Output: [16.967402 25.959473 36.950004 ]
Error: [0.032535 0.040463 0.049928 ]
Training successful