Input: [1.000000 2.000000 3.000000 ]
label: [2.000000 6.000000 12.000000 ]
Output: [2.099972 6.073943 12.034898 ]
Error: [-0.099972 -0.073943 -0.034898 ]
Training successful
Input: [4.000000 1.000000 2.000000 ]
label: [5.000000 4.000000 9.000000 ]
Output: [4.905838 4.066074 9.099973 ]
Error: [0.094162 -0.066074 -0.099973 ]
Training successful
Input: [2.000000 3.000000 1.000000 ]
label: [3.000000 8.000000 6.000000 ]
Output: [3.045375 7.900003 6.072099 ]
Error: [-0.045375 0.099997 -0.072099 ]
Training successful
Input: [5.000000 4.000000 2.000000 ]
label: [6.000000 10.000000 9.000000 ]
Output: [5.900039 9.969679 8.925738 ]
Error: [0.099961 0.030321 0.074262 ]
Training successful
Input: [3.000000 5.000000 1.000000 ]
label: [4.000000 12.000000 6.000000 ]
Output: [4.065753 11.907666 6.099978 ]
Error: [-0.065753 0.092334 -0.099978 ]
Training successful
Input: [10.000000 2.000000 5.000000 ]
label: [11.000000 6.000000 18.000000 ]
Output: [10.956292 6.099954 17.929333 ]
Error: [0.043708 -0.099954 0.070667 ]
Training successful
in iteration: 0
Input: [1.000000 2.000000 3.000000 ]
label: [2.000000 6.000000 12.000000 ]
Output: [2.099968 5.981198 12.015087 ]
Error: [-0.099968 0.018802 -0.015087 ]
Training successful
Input: [4.000000 1.000000 2.000000 ]
label: [5.000000 4.000000 9.000000 ]
Output: [4.907055 4.063196 9.099963 ]
Error: [0.092945 -0.063196 -0.099963 ]
Training successful
Input: [2.000000 3.000000 1.000000 ]
label: [3.000000 8.000000 6.000000 ]
Output: [3.044575 7.900014 6.070736 ]
Error: [-0.044575 0.099986 -0.070736 ]
Training successful
Input: [5.000000 4.000000 2.000000 ]
label: [6.000000 10.000000 9.000000 ]
Output: [5.900045 9.969906 8.926538 ]
Error: [0.099955 0.030094 0.073462 ]
Training successful
Input: [3.000000 5.000000 1.000000 ]
label: [4.000000 12.000000 6.000000 ]
Output: [4.065704 11.905490 6.099962 ]
Error: [-0.065704 0.094510 -0.099962 ]
Training successful
Input: [10.000000 2.000000 5.000000 ]
label: [11.000000 6.000000 18.000000 ]
Output: [10.957063 6.099938 17.930137 ]
Error: [0.042937 -0.099938 0.069863 ]
Training successful
in iteration: 1
Input: [1.000000 2.000000 3.000000 ]
label: [2.000000 6.000000 12.000000 ]
Output: [2.099967 5.980728 12.013220 ]
Error: [-0.099967 0.019272 -0.013220 ]
Training successful
Input: [4.000000 1.000000 2.000000 ]
label: [5.000000 4.000000 9.000000 ]
Output: [4.908469 4.062990 9.099983 ]
Error: [0.091531 -0.062990 -0.099983 ]
Training successful
Input: [2.000000 3.000000 1.000000 ]
label: [3.000000 8.000000 6.000000 ]
Output: [3.043746 7.900010 6.069362 ]
Error: [-0.043746 0.099990 -0.069362 ]
Training successful
Input: [5.000000 4.000000 2.000000 ]
label: [6.000000 10.000000 9.000000 ]
Output: [5.900014 9.969991 8.927344 ]
Error: [0.099986 0.030009 0.072656 ]
Training successful
Input: [3.000000 5.000000 1.000000 ]
label: [4.000000 12.000000 6.000000 ]
Output: [4.065659 11.903159 6.099999 ]
Error: [-0.065659 0.096841 -0.099999 ]
Training successful
Input: [10.000000 2.000000 5.000000 ]
label: [11.000000 6.000000 18.000000 ]
Output: [10.957938 6.099941 17.931037 ]
Error: [0.042062 -0.099941 0.068963 ]
Training successful
in iteration: 2
Input: [1.000000 2.000000 3.000000 ]
label: [2.000000 6.000000 12.000000 ]
Output: [2.099994 5.980293 12.011264 ]
Error: [-0.099994 0.019707 -0.011264 ]
Training successful
Input: [4.000000 1.000000 2.000000 ]
label: [5.000000 4.000000 9.000000 ]
Output: [4.909953 4.062755 9.099981 ]
Error: [0.090047 -0.062755 -0.099981 ]
Training successful
Input: [2.000000 3.000000 1.000000 ]
label: [3.000000 8.000000 6.000000 ]
Output: [3.042825 7.900038 6.067893 ]
Error: [-0.042825 0.099962 -0.067893 ]
Training successful
Input: [5.000000 4.000000 2.000000 ]
label: [6.000000 10.000000 9.000000 ]
Output: [5.900050 9.969942 8.928243 ]
Error: [0.099950 0.030058 0.071757 ]
Training successful
Input: [3.000000 5.000000 1.000000 ]
label: [4.000000 12.000000 6.000000 ]
Output: [4.065550 11.900748 6.099998 ]
Error: [-0.065550 0.099252 -0.099998 ]
Training successful
Input: [10.000000 2.000000 5.000000 ]
label: [11.000000 6.000000 18.000000 ]
Output: [10.958951 6.099927 17.932063 ]
Error: [0.041049 -0.099927 0.067937 ]
Training successful
in iteration: 3
Input: [1.000000 2.000000 3.000000 ]
label: [2.000000 6.000000 12.000000 ]
Output: [2.099970 5.979928 12.009181 ]
Error: [-0.099970 0.020072 -0.009181 ]
Training successful
Input: [4.000000 1.000000 2.000000 ]
label: [5.000000 4.000000 9.000000 ]
Output: [4.911501 4.062493 9.099992 ]
Error: [0.088499 -0.062493 -0.099992 ]
Training successful
Input: [2.000000 3.000000 1.000000 ]
label: [3.000000 8.000000 6.000000 ]
Output: [3.041832 7.900019 6.066375 ]
Error: [-0.041832 0.099981 -0.066375 ]
Training successful
Input: [5.000000 4.000000 2.000000 ]
label: [6.000000 10.000000 9.000000 ]
Output: [5.900043 9.969680 8.929163 ]
Error: [0.099957 0.030320 0.070837 ]
Training successful
Input: [3.000000 5.000000 1.000000 ]
label: [4.000000 12.000000 6.000000 ]
Output: [4.064209 11.900038 6.098209 ]
Error: [-0.064209 0.099962 -0.098209 ]
Training successful
Input: [10.000000 2.000000 5.000000 ]
label: [11.000000 6.000000 18.000000 ]
Output: [10.960087 6.099961 17.933162 ]
Error: [0.039913 -0.099961 0.066838 ]
Training successful
in iteration: 4
Input: [1.000000 2.000000 3.000000 ]
label: [2.000000 6.000000 12.000000 ]
Output: [2.099967 5.979644 12.006946 ]
Error: [-0.099967 0.020356 -0.006946 ]
Training successful
Input: [4.000000 1.000000 2.000000 ]
label: [5.000000 4.000000 9.000000 ]
Output: [4.913188 4.062145 9.099962 ]
Error: [0.086812 -0.062145 -0.099962 ]
Training successful
Input: [2.000000 3.000000 1.000000 ]
label: [3.000000 8.000000 6.000000 ]
Output: [3.040718 7.900031 6.064740 ]
Error: [-0.040718 0.099969 -0.064740 ]
Training successful
Input: [5.000000 4.000000 2.000000 ]
label: [6.000000 10.000000 9.000000 ]
Output: [5.900047 9.969180 8.930152 ]
Error: [0.099953 0.030820 0.069848 ]
Training successful
Input: [3.000000 5.000000 1.000000 ]
label: [4.000000 12.000000 6.000000 ]
Output: [4.062318 11.900038 6.095680 ]
Error: [-0.062318 0.099962 -0.095680 ]
Training successful
Input: [10.000000 2.000000 5.000000 ]
label: [11.000000 6.000000 18.000000 ]
Output: [10.961391 6.099984 17.934371 ]
Error: [0.038609 -0.099984 0.065629 ]
Training successful
in iteration: 5
Input: [1.000000 2.000000 3.000000 ]
label: [2.000000 6.000000 12.000000 ]
Output: [2.099977 5.979473 12.004517 ]
Error: [-0.099977 0.020527 -0.004517 ]
Training successful
Input: [4.000000 1.000000 2.000000 ]
label: [5.000000 4.000000 9.000000 ]
Output: [4.914975 4.061732 9.099976 ]
Error: [0.085025 -0.061732 -0.099976 ]
Training successful
Input: [2.000000 3.000000 1.000000 ]
label: [3.000000 8.000000 6.000000 ]
Output: [3.039491 7.900006 6.063026 ]
Error: [-0.039491 0.099994 -0.063026 ]
Training successful
Input: [5.000000 4.000000 2.000000 ]
label: [6.000000 10.000000 9.000000 ]
Output: [5.900005 9.968359 8.931184 ]
Error: [0.099995 0.031641 0.068816 ]
Training successful
Input: [3.000000 5.000000 1.000000 ]
label: [4.000000 12.000000 6.000000 ]
Output: [4.060328 11.900020 6.093118 ]
Error: [-0.060328 0.099980 -0.093118 ]
Training successful
Input: [10.000000 2.000000 5.000000 ]
label: [11.000000 6.000000 18.000000 ]
Output: [10.962913 6.099932 17.935725 ]
Error: [0.037087 -0.099932 0.064275 ]
Training successful
in iteration: 6
Input: [1.000000 2.000000 3.000000 ]
label: [2.000000 6.000000 12.000000 ]
Output: [2.099990 5.979458 12.001848 ]
Error: [-0.099990 0.020542 -0.001848 ]
Training successful
Input: [4.000000 1.000000 2.000000 ]
label: [5.000000 4.000000 9.000000 ]
Output: [4.916934 4.061189 9.099983 ]
Error: [0.083066 -0.061189 -0.099983 ]
Training successful
Input: [2.000000 3.000000 1.000000 ]
label: [3.000000 8.000000 6.000000 ]
Output: [3.038094 7.900039 6.061162 ]
Error: [-0.038094 0.099961 -0.061162 ]
Training successful
Input: [5.000000 4.000000 2.000000 ]
label: [6.000000 10.000000 9.000000 ]
Output: [5.900037 9.967192 8.932353 ]
Error: [0.099963 0.032808 0.067647 ]
Training successful
Input: [3.000000 5.000000 1.000000 ]
label: [4.000000 12.000000 6.000000 ]
Output: [4.058183 11.900047 6.090466 ]
Error: [-0.058183 0.099953 -0.090466 ]
Training successful
Input: [10.000000 2.000000 5.000000 ]
label: [11.000000 6.000000 18.000000 ]
Output: [10.964627 6.099922 17.937120 ]
Error: [0.035373 -0.099922 0.062880 ]
Training successful
in iteration: 7
Input: [1.000000 2.000000 3.000000 ]
label: [2.000000 6.000000 12.000000 ]
Output: [2.099990 5.979653 11.998883 ]
Error: [-0.099990 0.020347 0.001117 ]
Training successful
Input: [4.000000 1.000000 2.000000 ]
label: [5.000000 4.000000 9.000000 ]
Output: [4.919103 4.060473 9.099973 ]
Error: [0.080897 -0.060473 -0.099973 ]
Training successful
Input: [2.000000 3.000000 1.000000 ]
label: [3.000000 8.000000 6.000000 ]
Output: [3.036543 7.900030 6.059203 ]
Error: [-0.036543 0.099970 -0.059203 ]
Training successful
Input: [5.000000 4.000000 2.000000 ]
label: [6.000000 10.000000 9.000000 ]
Output: [5.900028 9.965545 8.933591 ]
Error: [0.099972 0.034455 0.066409 ]
Training successful
Input: [3.000000 5.000000 1.000000 ]
label: [4.000000 12.000000 6.000000 ]
Output: [4.055903 11.900035 6.087795 ]
Error: [-0.055903 0.099965 -0.087795 ]
Training successful
Input: [10.000000 2.000000 5.000000 ]
label: [11.000000 6.000000 18.000000 ]
Output: [10.966553 6.099986 17.938509 ]
Error: [0.033447 -0.099986 0.061491 ]
Training successful
in iteration: 8
Input: [1.000000 2.000000 3.000000 ]
label: [2.000000 6.000000 12.000000 ]
Output: [2.099963 5.980126 11.995561 ]
Error: [-0.099963 0.019874 0.004439 ]
Training successful
Input: [4.000000 1.000000 2.000000 ]
label: [5.000000 4.000000 9.000000 ]
Output: [4.921474 4.059569 9.099984 ]
Error: [0.078526 -0.059569 -0.099984 ]
Training successful
Input: [2.000000 3.000000 1.000000 ]
label: [3.000000 8.000000 6.000000 ]
Output: [3.034800 7.900010 6.057126 ]
Error: [-0.034800 0.099990 -0.057126 ]
Training successful
Input: [5.000000 4.000000 2.000000 ]
label: [6.000000 10.000000 9.000000 ]
Output: [5.900036 9.963335 8.934950 ]
Error: [0.099964 0.036665 0.065050 ]
Training successful
Input: [3.000000 5.000000 1.000000 ]
label: [4.000000 12.000000 6.000000 ]
Output: [4.053447 11.900010 6.085087 ]
Error: [-0.053447 0.099990 -0.085087 ]
Training successful
Input: [10.000000 2.000000 5.000000 ]
label: [11.000000 6.000000 18.000000 ]
Output: [10.968788 6.099975 17.939966 ]
Error: [0.031212 -0.099975 0.060034 ]
Training successful
in iteration: 9
Input: [1.000000 2.000000 3.000000 ]
label: [2.000000 6.000000 12.000000 ]
Output: [2.099973 5.980939 11.991816 ]
Error: [-0.099973 0.019061 0.008184 ]
Training successful
Input: [4.000000 1.000000 2.000000 ]
label: [5.000000 4.000000 9.000000 ]
Output: [4.924112 4.058402 9.099952 ]
Error: [0.075888 -0.058402 -0.099952 ]
Training successful
Input: [2.000000 3.000000 1.000000 ]
label: [3.000000 8.000000 6.000000 ]
Output: [3.032826 7.900010 6.054911 ]
Error: [-0.032826 0.099990 -0.054911 ]
Training successful
Input: [5.000000 4.000000 2.000000 ]
label: [6.000000 10.000000 9.000000 ]
Output: [5.900056 9.960439 8.936431 ]
Error: [0.099944 0.039561 0.063569 ]
Training successful
Input: [3.000000 5.000000 1.000000 ]
label: [4.000000 12.000000 6.000000 ]
Output: [4.050766 11.900001 6.082326 ]
Error: [-0.050766 0.099999 -0.082326 ]
Training successful
Input: [10.000000 2.000000 5.000000 ]
label: [11.000000 6.000000 18.000000 ]
Output: [10.971355 6.099924 17.941418 ]
Error: [0.028645 -0.099924 0.058582 ]
Training successful
in iteration: 10
Input: [1.000000 2.000000 3.000000 ]
label: [2.000000 6.000000 12.000000 ]
Output: [2.099973 5.982191 11.987579 ]
Error: [-0.099973 0.017809 0.012421 ]
Training successful
Input: [4.000000 1.000000 2.000000 ]
label: [5.000000 4.000000 9.000000 ]
Output: [4.926958 4.056990 9.099953 ]
Error: [0.073042 -0.056990 -0.099953 ]
Training successful