=== Epoch 0 ===
Input: [1.000000 2.000000 3.000000 ]
label: [5.500000 9.000000 13.500000 ]
Output: [5.526572 9.004075 13.400076 ]
Error: [-0.026701 -0.004076 0.099184 ]
Input: [2.000000 3.000000 4.000000 ]
label: [9.000000 13.500000 19.000000 ]
Output: [9.099830 13.520741 18.926974 ]
Error: [-0.100938 -0.020773 0.072745 ]
Input: [3.000000 4.000000 5.000000 ]
label: [13.500000 19.000000 25.500000 ]
Output: [13.428568 18.904194 25.400102 ]
Error: [0.071054 0.095323 0.099506 ]
Input: [4.000000 5.000000 6.000000 ]
label: [19.000000 25.500000 33.000000 ]
Output: [18.900119 25.445003 33.009268 ]
Error: [0.099356 0.054878 -0.009271 ]
Success rate: 4/4

=== Epoch 1 ===
Input: [1.000000 2.000000 3.000000 ]
label: [5.500000 9.000000 13.500000 ]
Output: [5.578164 9.099942 13.580643 ]
Error: [-0.079275 -0.101051 -0.081125 ]
Input: [2.000000 3.000000 4.000000 ]
label: [9.000000 13.500000 19.000000 ]
Output: [9.099884 13.515749 18.948151 ]
Error: [-0.100993 -0.015768 0.051708 ]
Input: [3.000000 4.000000 5.000000 ]
label: [13.500000 19.000000 25.500000 ]
Output: [13.414812 18.900288 25.415900 ]
Error: [0.084650 0.099189 0.083823 ]
Input: [4.000000 5.000000 6.000000 ]
label: [19.000000 25.500000 33.000000 ]
Output: [18.900215 25.451280 33.021055 ]
Error: [0.099261 0.048627 -0.021068 ]
Success rate: 4/4

=== Epoch 2 ===
Input: [1.000000 2.000000 3.000000 ]
label: [5.500000 9.000000 13.500000 ]
Output: [5.588510 9.099928 13.570674 ]
Error: [-0.089935 -0.101037 -0.071044 ]
Input: [2.000000 3.000000 4.000000 ]
label: [9.000000 13.500000 19.000000 ]
Output: [9.005951 13.447903 18.900170 ]
Error: [-0.005955 0.051896 0.099305 ]
Input: [3.000000 4.000000 5.000000 ]
label: [13.500000 19.000000 25.500000 ]
Output: [13.400181 18.912457 25.449001 ]
Error: [0.099081 0.087140 0.050897 ]
Input: [4.000000 5.000000 6.000000 ]
label: [19.000000 25.500000 33.000000 ]
Output: [18.900119 25.459726 33.033284 ]
Error: [0.099356 0.040211 -0.033318 ]
Success rate: 4/4

=== Epoch 3 ===
Input: [1.000000 2.000000 3.000000 ]
label: [5.500000 9.000000 13.500000 ]
Output: [5.599889 9.099900 13.559753 ]
Error: [-0.101703 -0.101009 -0.060018 ]
Input: [2.000000 3.000000 4.000000 ]
label: [9.000000 13.500000 19.000000 ]
Output: [8.969673 13.430809 18.900231 ]
Error: [0.030225 0.068836 0.099245 ]
Input: [3.000000 4.000000 5.000000 ]
label: [13.500000 19.000000 25.500000 ]
Output: [13.400140 18.930349 25.479365 ]
Error: [0.099122 0.069396 0.020618 ]
Input: [4.000000 5.000000 6.000000 ]
label: [19.000000 25.500000 33.000000 ]
Output: [18.900186 25.466439 33.041816 ]
Error: [0.099290 0.033517 -0.041869 ]
Success rate: 4/4

=== Epoch 4 ===
Input: [1.000000 2.000000 3.000000 ]
label: [5.500000 9.000000 13.500000 ]
Output: [5.599966 9.087597 13.538266 ]
Error: [-0.101783 -0.088450 -0.038375 ]
Input: [2.000000 3.000000 4.000000 ]
label: [9.000000 13.500000 19.000000 ]
Output: [8.942110 13.416650 18.900113 ]
Error: [0.057517 0.082836 0.099362 ]
Input: [3.000000 4.000000 5.000000 ]
label: [13.500000 19.000000 25.500000 ]
Output: [13.400142 18.943473 25.501020 ]
Error: [0.099120 0.056359 -0.001020 ]
Input: [4.000000 5.000000 6.000000 ]
label: [19.000000 25.500000 33.000000 ]
Output: [18.900025 25.472032 33.048341 ]
Error: [0.099449 0.027937 -0.048411 ]
Success rate: 4/4

=== Epoch 5 ===
Input: [1.000000 2.000000 3.000000 ]
label: [5.500000 9.000000 13.500000 ]
Output: [5.599829 9.076525 13.519439 ]
Error: [-0.101641 -0.077176 -0.019467 ]
Input: [2.000000 3.000000 4.000000 ]
label: [9.000000 13.500000 19.000000 ]
Output: [8.917347 13.403727 18.900030 ]
Error: [0.081894 0.095587 0.099444 ]
Input: [3.000000 4.000000 5.000000 ]
label: [13.500000 19.000000 25.500000 ]
Output: [13.400164 18.953786 25.517199 ]
Error: [0.099098 0.046101 -0.017210 ]
Input: [4.000000 5.000000 6.000000 ]
label: [19.000000 25.500000 33.000000 ]
Output: [18.900067 25.476864 33.053178 ]
Error: [0.099408 0.023115 -0.053264 ]
Success rate: 4/4

=== Epoch 6 ===
Input: [1.000000 2.000000 3.000000 ]
label: [5.500000 9.000000 13.500000 ]
Output: [5.599886 9.067353 13.503928 ]
Error: [-0.101700 -0.067857 -0.003929 ]
Input: [2.000000 3.000000 4.000000 ]
label: [9.000000 13.500000 19.000000 ]
Output: [8.901267 13.400156 18.909855 ]
Error: [0.097650 0.099105 0.089717 ]
Input: [3.000000 4.000000 5.000000 ]
label: [13.500000 19.000000 25.500000 ]
Output: [13.400049 18.961649 25.528873 ]
Error: [0.099211 0.038274 -0.028906 ]
Input: [4.000000 5.000000 6.000000 ]
label: [19.000000 25.500000 33.000000 ]
Output: [18.900157 25.480809 33.056467 ]
Error: [0.099318 0.019177 -0.056564 ]
Success rate: 4/4

=== Epoch 7 ===
Input: [1.000000 2.000000 3.000000 ]
label: [5.500000 9.000000 13.500000 ]
Output: [5.599980 9.060046 13.491677 ]
Error: [-0.101798 -0.060447 0.008318 ]
Input: [2.000000 3.000000 4.000000 ]
label: [9.000000 13.500000 19.000000 ]
Output: [8.900071 13.411369 18.933823 ]
Error: [0.098819 0.088050 0.065946 ]
Input: [3.000000 4.000000 5.000000 ]
label: [13.500000 19.000000 25.500000 ]
Output: [13.400007 18.967295 25.536549 ]
Error: [0.099252 0.032649 -0.036602 ]
Input: [4.000000 5.000000 6.000000 ]
label: [19.000000 25.500000 33.000000 ]
Output: [18.900127 25.483765 33.058404 ]
Error: [0.099348 0.016224 -0.058507 ]
Success rate: 4/4

=== Epoch 8 ===
Input: [1.000000 2.000000 3.000000 ]
label: [5.500000 9.000000 13.500000 ]
Output: [5.599928 9.054485 13.482486 ]
Error: [-0.101744 -0.054815 0.017491 ]
Input: [2.000000 3.000000 4.000000 ]
label: [9.000000 13.500000 19.000000 ]
Output: [8.900052 13.420493 18.952640 ]
Error: [0.098838 0.079039 0.047241 ]
Input: [3.000000 4.000000 5.000000 ]
label: [13.500000 19.000000 25.500000 ]
Output: [13.400125 18.971151 25.541267 ]
Error: [0.099136 0.028805 -0.041334 ]
Input: [4.000000 5.000000 6.000000 ]
label: [19.000000 25.500000 33.000000 ]
Output: [18.900142 25.485819 33.059185 ]
Error: [0.099333 0.014173 -0.059292 ]
Success rate: 4/4

=== Epoch 9 ===
Input: [1.000000 2.000000 3.000000 ]
label: [5.500000 9.000000 13.500000 ]
Output: [5.599909 9.050751 13.476136 ]
Error: [-0.101724 -0.051037 0.023822 ]
Input: [2.000000 3.000000 4.000000 ]
label: [9.000000 13.500000 19.000000 ]
Output: [8.900127 13.426805 18.966119 ]
Error: [0.098764 0.072798 0.033821 ]
Input: [3.000000 4.000000 5.000000 ]
label: [13.500000 19.000000 25.500000 ]
Output: [13.400017 18.973310 25.543780 ]
Error: [0.099242 0.026652 -0.043855 ]
Input: [4.000000 5.000000 6.000000 ]
label: [19.000000 25.500000 33.000000 ]
Output: [18.900062 25.486960 33.059084 ]
Error: [0.099412 0.013033 -0.059189 ]
Success rate: 4/4

=== Epoch 10 ===
Input: [1.000000 2.000000 3.000000 ]
label: [5.500000 9.000000 13.500000 ]
Output: [5.599907 9.048724 13.472277 ]
Error: [-0.101721 -0.048988 0.027666 ]
Input: [2.000000 3.000000 4.000000 ]
label: [9.000000 13.500000 19.000000 ]
Output: [8.900018 13.430455 18.975007 ]
Error: [0.098872 0.069186 0.024960 ]
Input: [3.000000 4.000000 5.000000 ]
label: [13.500000 19.000000 25.500000 ]
Output: [13.400005 18.974152 25.544639 ]
Error: [0.099254 0.025813 -0.044717 ]
Input: [4.000000 5.000000 6.000000 ]
label: [19.000000 25.500000 33.000000 ]
Output: [18.900114 25.487286 33.058215 ]
Error: [0.099361 0.012708 -0.058318 ]
Success rate: 4/4

=== Epoch 11 ===
Input: [1.000000 2.000000 3.000000 ]
label: [5.500000 9.000000 13.500000 ]
Output: [5.599917 9.048287 13.470579 ]
Error: [-0.101733 -0.048547 0.029356 ]
Input: [2.000000 3.000000 4.000000 ]
label: [9.000000 13.500000 19.000000 ]
Output: [8.900039 13.432086 18.980339 ]
Error: [0.098850 0.067572 0.019641 ]
Input: [3.000000 4.000000 5.000000 ]
label: [13.500000 19.000000 25.500000 ]
Output: [13.400130 18.973827 25.544197 ]
Error: [0.099131 0.026137 -0.044273 ]
Input: [4.000000 5.000000 6.000000 ]
label: [19.000000 25.500000 33.000000 ]
Output: [18.900092 25.486753 33.056806 ]
Error: [0.099382 0.013240 -0.056904 ]
Success rate: 4/4

=== Epoch 12 ===
Input: [1.000000 2.000000 3.000000 ]
label: [5.500000 9.000000 13.500000 ]
Output: [5.599950 9.049346 13.470795 ]
Error: [-0.101767 -0.049617 0.029141 ]
Input: [2.000000 3.000000 4.000000 ]
label: [9.000000 13.500000 19.000000 ]
Output: [8.900046 13.431824 18.982574 ]
Error: [0.098844 0.067831 0.017410 ]
Input: [3.000000 4.000000 5.000000 ]
label: [13.500000 19.000000 25.500000 ]
Output: [13.400007 18.972251 25.542743 ]
Error: [0.099252 0.027708 -0.042815 ]
Input: [4.000000 5.000000 6.000000 ]
label: [19.000000 25.500000 33.000000 ]
Output: [18.900067 25.485406 33.054960 ]
Error: [0.099408 0.014586 -0.055051 ]
Success rate: 4/4

=== Epoch 13 ===
Input: [1.000000 2.000000 3.000000 ]
label: [5.500000 9.000000 13.500000 ]
Output: [5.599915 9.051747 13.472751 ]
Error: [-0.101730 -0.052045 0.027194 ]
Input: [2.000000 3.000000 4.000000 ]
label: [9.000000 13.500000 19.000000 ]
Output: [8.900018 13.429889 18.982134 ]
Error: [0.098871 0.069747 0.017849 ]
Input: [3.000000 4.000000 5.000000 ]
label: [13.500000 19.000000 25.500000 ]
Output: [13.400046 18.969686 25.540368 ]
Error: [0.099214 0.030266 -0.040431 ]
Input: [4.000000 5.000000 6.000000 ]
label: [19.000000 25.500000 33.000000 ]
Output: [18.900123 25.483266 33.052702 ]
Error: [0.099352 0.016723 -0.052786 ]
Success rate: 4/4

=== Epoch 14 ===
Input: [1.000000 2.000000 3.000000 ]
label: [5.500000 9.000000 13.500000 ]
Output: [5.599910 9.055474 13.476389 ]
Error: [-0.101725 -0.055816 0.023569 ]
Input: [2.000000 3.000000 4.000000 ]
label: [9.000000 13.500000 19.000000 ]
Output: [8.900042 13.426559 18.979346 ]
Error: [0.098848 0.073042 0.020632 ]
Input: [3.000000 4.000000 5.000000 ]
label: [13.500000 19.000000 25.500000 ]
Output: [13.400072 18.966095 25.537119 ]
Error: [0.099189 0.033845 -0.037173 ]
Input: [4.000000 5.000000 6.000000 ]
label: [19.000000 25.500000 33.000000 ]
Output: [18.900037 25.480255 33.050110 ]
Error: [0.099437 0.019730 -0.050186 ]
Success rate: 4/4

=== Epoch 15 ===
Input: [1.000000 2.000000 3.000000 ]
label: [5.500000 9.000000 13.500000 ]
Output: [5.599951 9.060463 13.481742 ]
Error: [-0.101768 -0.060869 0.018234 ]
Input: [2.000000 3.000000 4.000000 ]
label: [9.000000 13.500000 19.000000 ]
Output: [8.900124 13.422051 18.974403 ]
Error: [0.098768 0.077499 0.025562 ]
Input: [3.000000 4.000000 5.000000 ]
label: [13.500000 19.000000 25.500000 ]
Output: [13.400098 18.961534 25.532944 ]
Error: [0.099162 0.038388 -0.032987 ]
Input: [4.000000 5.000000 6.000000 ]
label: [19.000000 25.500000 33.000000 ]
Output: [18.900037 25.476445 33.047052 ]
Error: [0.099437 0.023533 -0.047119 ]
Success rate: 4/4

=== Epoch 16 ===
Input: [1.000000 2.000000 3.000000 ]
label: [5.500000 9.000000 13.500000 ]
Output: [5.599881 9.066487 13.488860 ]
Error: [-0.101695 -0.066978 0.011131 ]
Input: [2.000000 3.000000 4.000000 ]
label: [9.000000 13.500000 19.000000 ]
Output: [8.900061 13.416391 18.967314 ]
Error: [0.098829 0.083091 0.032629 ]
Input: [3.000000 4.000000 5.000000 ]
label: [13.500000 19.000000 25.500000 ]
Output: [13.400051 18.956024 25.527734 ]
Error: [0.099209 0.043874 -0.027764 ]
Input: [4.000000 5.000000 6.000000 ]
label: [19.000000 25.500000 33.000000 ]
Output: [18.900019 25.471809 33.043441 ]
Error: [0.099455 0.028160 -0.043498 ]
Success rate: 4/4

=== Epoch 17 ===
Input: [1.000000 2.000000 3.000000 ]
label: [5.500000 9.000000 13.500000 ]
Output: [5.599991 9.073667 13.497945 ]
Error: [-0.101808 -0.074270 0.002055 ]
Input: [2.000000 3.000000 4.000000 ]
label: [9.000000 13.500000 19.000000 ]
Output: [8.900019 13.409968 18.958289 ]
Error: [0.098871 0.089432 0.041619 ]
Input: [3.000000 4.000000 5.000000 ]
label: [13.500000 19.000000 25.500000 ]
Output: [13.400030 18.949717 25.521327 ]
Error: [0.099229 0.050150 -0.021345 ]
Input: [4.000000 5.000000 6.000000 ]
label: [19.000000 25.500000 33.000000 ]
Output: [18.900041 25.466402 33.039093 ]
Error: [0.099433 0.033554 -0.039139 ]
Success rate: 4/4

=== Epoch 18 ===
Input: [1.000000 2.000000 3.000000 ]
label: [5.500000 9.000000 13.500000 ]
Output: [5.599883 9.081500 13.508982 ]
Error: [-0.101697 -0.082238 -0.008988 ]
Input: [2.000000 3.000000 4.000000 ]
label: [9.000000 13.500000 19.000000 ]
Output: [8.900047 13.403125 18.947603 ]
Error: [0.098843 0.096180 0.052253 ]
Input: [3.000000 4.000000 5.000000 ]
label: [13.500000 19.000000 25.500000 ]
Output: [13.400056 18.942767 25.513583 ]
Error: [0.099204 0.057061 -0.013590 ]
Input: [4.000000 5.000000 6.000000 ]
label: [19.000000 25.500000 33.000000 ]
Output: [18.900073 25.460283 33.033815 ]
Error: [0.099402 0.039655 -0.033850 ]
Success rate: 4/4

=== Epoch 19 ===
Input: [1.000000 2.000000 3.000000 ]
label: [5.500000 9.000000 13.500000 ]
Output: [5.599964 9.090170 13.522192 ]
Error: [-0.101781 -0.091073 -0.022228 ]
Input: [2.000000 3.000000 4.000000 ]
label: [9.000000 13.500000 19.000000 ]
Output: [8.903533 13.400112 18.939007 ]
Error: [0.095433 0.099148 0.060797 ]
Input: [3.000000 4.000000 5.000000 ]
label: [13.500000 19.000000 25.500000 ]
Output: [13.400007 18.935240 25.504293 ]
Error: [0.099253 0.064539 -0.004293 ]
Input: [4.000000 5.000000 6.000000 ]
label: [19.000000 25.500000 33.000000 ]
Output: [18.900008 25.453508 33.027413 ]
Error: [0.099466 0.046407 -0.027436 ]
Success rate: 4/4

=== Epoch 20 ===
Input: [1.000000 2.000000 3.000000 ]
label: [5.500000 9.000000 13.500000 ]
Output: [5.599925 9.099155 13.537384 ]
Error: [-0.101740 -0.100247 -0.037487 ]
Input: [2.000000 3.000000 4.000000 ]
label: [9.000000 13.500000 19.000000 ]
Output: [8.909121 13.400010 18.932308 ]
Error: [0.089962 0.099250 0.067451 ]
Input: [3.000000 4.000000 5.000000 ]
label: [13.500000 19.000000 25.500000 ]
Output: [13.400090 18.927548 25.493540 ]
Error: [0.099170 0.072175 0.006459 ]
Input: [4.000000 5.000000 6.000000 ]
label: [19.000000 25.500000 33.000000 ]
Output: [18.900037 25.446351 33.019708 ]
Error: [0.099437 0.053536 -0.019719 ]
Success rate: 4/4

=== Epoch 21 ===
Input: [1.000000 2.000000 3.000000 ]
label: [5.500000 9.000000 13.500000 ]
Output: [5.592675 9.099951 13.548335 ]
Error: [-0.094236 -0.101061 -0.048508 ]
Input: [2.000000 3.000000 4.000000 ]
label: [9.000000 13.500000 19.000000 ]
Output: [8.914143 13.400094 18.925873 ]
Error: [0.085038 0.099167 0.073838 ]
Input: [3.000000 4.000000 5.000000 ]
label: [13.500000 19.000000 25.500000 ]
Output: [13.400091 18.919775 25.481445 ]
Error: [0.099170 0.079886 0.018542 ]
Input: [4.000000 5.000000 6.000000 ]
label: [19.000000 25.500000 33.000000 ]
Output: [18.900069 25.438959 33.010629 ]
Error: [0.099406 0.060895 -0.010632 ]
Success rate: 4/4

=== Epoch 22 ===
Input: [1.000000 2.000000 3.000000 ]
label: [5.500000 9.000000 13.500000 ]
Output: [5.585546 9.099905 13.558888 ]
Error: [-0.086876 -0.101014 -0.059145 ]
Input: [2.000000 3.000000 4.000000 ]
label: [9.000000 13.500000 19.000000 ]
Output: [8.918531 13.400046 18.919096 ]
Error: [0.080732 0.099214 0.080560 ]
Input: [3.000000 4.000000 5.000000 ]
label: [13.500000 19.000000 25.500000 ]
Output: [13.400052 18.912158 25.468212 ]
Error: [0.099208 0.087436 0.031748 ]
Input: [4.000000 5.000000 6.000000 ]
label: [19.000000 25.500000 33.000000 ]
Output: [18.900021 25.431482 33.000183 ]
Error: [0.099452 0.068334 -0.000183 ]
Success rate: 4/4

=== Epoch 23 ===
Input: [1.000000 2.000000 3.000000 ]
label: [5.500000 9.000000 13.500000 ]
Output: [5.579309 9.099875 13.569413 ]
Error: [-0.080453 -0.100983 -0.069770 ]
Input: [2.000000 3.000000 4.000000 ]
label: [9.000000 13.500000 19.000000 ]
Output: [8.922389 13.400004 18.912260 ]
Error: [0.076941 0.099255 0.087335 ]
Input: [3.000000 4.000000 5.000000 ]
label: [13.500000 19.000000 25.500000 ]
Output: [13.400034 18.904948 25.454204 ]
Error: [0.099226 0.094577 0.045714 ]
Input: [4.000000 5.000000 6.000000 ]
label: [19.000000 25.500000 33.000000 ]
Output: [18.900044 25.424251 32.988561 ]
Error: [0.099430 0.075524 0.011435 ]
Success rate: 4/4

=== Epoch 24 ===
Input: [1.000000 2.000000 3.000000 ]
label: [5.500000 9.000000 13.500000 ]
Output: [5.573969 9.099934 13.579798 ]
Error: [-0.074964 -0.101044 -0.080269 ]
Input: [2.000000 3.000000 4.000000 ]
label: [9.000000 13.500000 19.000000 ]
Output: [8.925768 13.400023 18.905613 ]
Error: [0.073620 0.099236 0.093918 ]
Input: [3.000000 4.000000 5.000000 ]
label: [13.500000 19.000000 25.500000 ]
Output: [13.401646 18.900065 25.441237 ]
Error: [0.097637 0.099409 0.058628 ]
Input: [4.000000 5.000000 6.000000 ]
label: [19.000000 25.500000 33.000000 ]
Output: [18.900013 25.417347 32.975977 ]
Error: [0.099461 0.082385 0.024006 ]
Success rate: 4/4

=== Epoch 25 ===
Input: [1.000000 2.000000 3.000000 ]
label: [5.500000 9.000000 13.500000 ]
Output: [5.569335 9.099928 13.589740 ]
Error: [-0.070210 -0.101037 -0.090336 ]
Input: [2.000000 3.000000 4.000000 ]
label: [9.000000 13.500000 19.000000 ]
Output: [8.929161 13.400752 18.900050 ]
Error: [0.070281 0.098518 0.099424 ]
Input: [3.000000 4.000000 5.000000 ]
label: [13.500000 19.000000 25.500000 ]
Output: [13.406871 18.900067 25.432203 ]
Error: [0.092486 0.099407 0.067617 ]
Input: [4.000000 5.000000 6.000000 ]
label: [19.000000 25.500000 33.000000 ]
Output: [18.900066 25.411045 32.962849 ]
Error: [0.099409 0.088645 0.037109 ]
Success rate: 4/4

=== Epoch 26 ===
Input: [1.000000 2.000000 3.000000 ]
label: [5.500000 9.000000 13.500000 ]
Output: [5.565417 9.099982 13.599216 ]
Error: [-0.066195 -0.101092 -0.099945 ]
Input: [2.000000 3.000000 4.000000 ]
label: [9.000000 13.500000 19.000000 ]
Output: [8.935207 13.405919 18.900064 ]
Error: [0.064326 0.093425 0.099410 ]
Input: [3.000000 4.000000 5.000000 ]
label: [13.500000 19.000000 25.500000 ]
Output: [13.411132 18.900028 25.423634 ]
Error: [0.088283 0.099446 0.076137 ]
Input: [4.000000 5.000000 6.000000 ]
label: [19.000000 25.500000 33.000000 ]
Output: [18.900038 25.405322 32.949613 ]
Error: [0.099436 0.094327 0.050310 ]
Success rate: 4/4

=== Epoch 27 ===
Input: [1.000000 2.000000 3.000000 ]
label: [5.500000 9.000000 13.500000 ]
Output: [5.557403 9.092904 13.599953 ]
Error: [-0.058003 -0.093864 -0.100693 ]
Input: [2.000000 3.000000 4.000000 ]
label: [9.000000 13.500000 19.000000 ]
Output: [8.940258 13.410333 18.900106 ]
Error: [0.059345 0.089071 0.099369 ]
Input: [3.000000 4.000000 5.000000 ]
label: [13.500000 19.000000 25.500000 ]
Output: [13.414640 18.900011 25.415744 ]
Error: [0.084820 0.099463 0.083978 ]
Input: [4.000000 5.000000 6.000000 ]
label: [19.000000 25.500000 33.000000 ]
Output: [18.900073 25.400356 32.936761 ]
Error: [0.099402 0.099254 0.063118 ]
Success rate: 4/4

=== Epoch 28 ===
Input: [1.000000 2.000000 3.000000 ]
label: [5.500000 9.000000 13.500000 ]
Output: [5.550562 9.086410 13.599871 ]
Error: [-0.051027 -0.087240 -0.100610 ]
Input: [2.000000 3.000000 4.000000 ]
label: [9.000000 13.500000 19.000000 ]
Output: [8.944477 13.414111 18.900082 ]
Error: [0.055180 0.085343 0.099393 ]
Input: [3.000000 4.000000 5.000000 ]
label: [13.500000 19.000000 25.500000 ]
Output: [13.417515 18.900015 25.408591 ]
Error: [0.081981 0.099459 0.091082 ]
Input: [4.000000 5.000000 6.000000 ]
label: [19.000000 25.500000 33.000000 ]
Output: [18.903779 25.400069 32.928035 ]
Error: [0.095733 0.099539 0.071808 ]
Success rate: 4/4

=== Epoch 29 ===
Input: [1.000000 2.000000 3.000000 ]
label: [5.500000 9.000000 13.500000 ]
Output: [5.545134 9.081158 13.599923 ]
Error: [-0.045504 -0.081890 -0.100663 ]
Input: [2.000000 3.000000 4.000000 ]
label: [9.000000 13.500000 19.000000 ]
Output: [8.948020 13.417376 18.900084 ]
Error: [0.051679 0.082119 0.099390 ]
Input: [3.000000 4.000000 5.000000 ]
label: [13.500000 19.000000 25.500000 ]
Output: [13.419868 18.900040 25.402211 ]
Error: [0.079657 0.099434 0.097414 ]
Input: [4.000000 5.000000 6.000000 ]
label: [19.000000 25.500000 33.000000 ]
Output: [18.907011 25.400101 32.920377 ]
Error: [0.092534 0.099507 0.079430 ]
Success rate: 4/4

=== Epoch 30 ===
Input: [1.000000 2.000000 3.000000 ]
label: [5.500000 9.000000 13.500000 ]
Output: [5.540752 9.076829 13.599985 ]
Error: [-0.041054 -0.077485 -0.100726 ]
Input: [2.000000 3.000000 4.000000 ]
label: [9.000000 13.500000 19.000000 ]
Output: [8.950936 13.420098 18.900018 ]
Error: [0.048797 0.079429 0.099456 ]
Input: [3.000000 4.000000 5.000000 ]
label: [13.500000 19.000000 25.500000 ]
Output: [13.424269 18.903226 25.400046 ]
Error: [0.075306 0.096281 0.099562 ]
Input: [4.000000 5.000000 6.000000 ]
label: [19.000000 25.500000 33.000000 ]
Output: [18.909511 25.400033 32.913450 ]
Error: [0.090058 0.099575 0.086323 ]
Success rate: 4/4

=== Epoch 31 ===
Input: [1.000000 2.000000 3.000000 ]
label: [5.500000 9.000000 13.500000 ]
Output: [5.537152 9.073182 13.599950 ]
Error: [-0.037403 -0.073777 -0.100690 ]
Input: [2.000000 3.000000 4.000000 ]
label: [9.000000 13.500000 19.000000 ]
Output: [8.953393 13.422449 18.900027 ]
Error: [0.046365 0.077106 0.099447 ]
Input: [3.000000 4.000000 5.000000 ]
label: [13.500000 19.000000 25.500000 ]
Output: [13.429086 18.907493 25.400028 ]
Error: [0.070541 0.092056 0.099580 ]
Input: [4.000000 5.000000 6.000000 ]
label: [19.000000 25.500000 33.000000 ]
Output: [18.911568 25.400054 32.907451 ]
Error: [0.088020 0.099554 0.092289 ]
Success rate: 4/4

=== Epoch 32 ===
Input: [1.000000 2.000000 3.000000 ]
label: [5.500000 9.000000 13.500000 ]
Output: [5.534228 9.070199 13.599966 ]
Error: [-0.034441 -0.070747 -0.100706 ]
Input: [2.000000 3.000000 4.000000 ]
label: [9.000000 13.500000 19.000000 ]
Output: [8.955422 13.424404 18.900006 ]
Error: [0.044357 0.075173 0.099467 ]
Input: [3.000000 4.000000 5.000000 ]
label: [13.500000 19.000000 25.500000 ]
Output: [13.432960 18.910997 25.400033 ]
Error: [0.066707 0.088586 0.099576 ]
Input: [4.000000 5.000000 6.000000 ]
label: [19.000000 25.500000 33.000000 ]
Output: [18.913151 25.400013 32.902205 ]
Error: [0.086452 0.099594 0.097506 ]
Success rate: 4/4

=== Epoch 33 ===
Input: [1.000000 2.000000 3.000000 ]
label: [5.500000 9.000000 13.500000 ]
Output: [5.531799 9.067686 13.599922 ]
Error: [-0.031982 -0.068195 -0.100662 ]
Input: [2.000000 3.000000 4.000000 ]
label: [9.000000 13.500000 19.000000 ]
Output: [8.957162 13.426123 18.900096 ]
Error: [0.042634 0.073473 0.099379 ]
Input: [3.000000 4.000000 5.000000 ]
label: [13.500000 19.000000 25.500000 ]
Output: [13.436076 18.913864 25.400044 ]
Error: [0.063621 0.085745 0.099564 ]
Input: [4.000000 5.000000 6.000000 ]
label: [19.000000 25.500000 33.000000 ]
Output: [18.916307 25.402211 32.900104 ]
Error: [0.083325 0.097414 0.099594 ]
Success rate: 4/4

=== Epoch 34 ===
Input: [1.000000 2.000000 3.000000 ]
label: [5.500000 9.000000 13.500000 ]
Output: [5.529810 9.065648 13.599955 ]
Error: [-0.029971 -0.066127 -0.100695 ]
Input: [2.000000 3.000000 4.000000 ]
label: [9.000000 13.500000 19.000000 ]
Output: [8.958571 13.427493 18.900082 ]
Error: [0.041238 0.072118 0.099392 ]
Input: [3.000000 4.000000 5.000000 ]
label: [13.500000 19.000000 25.500000 ]
Output: [13.438583 18.916198 25.400048 ]
Error: [0.061138 0.083432 0.099560 ]
Input: [4.000000 5.000000 6.000000 ]
label: [19.000000 25.500000 33.000000 ]
Output: [18.920110 25.405525 32.900016 ]
Error: [0.079555 0.094125 0.099681 ]
Success rate: 4/4

=== Epoch 35 ===
Input: [1.000000 2.000000 3.000000 ]
label: [5.500000 9.000000 13.500000 ]
Output: [5.528125 9.063913 13.599928 ]
Error: [-0.028269 -0.064366 -0.100667 ]
Input: [2.000000 3.000000 4.000000 ]
label: [9.000000 13.500000 19.000000 ]
Output: [8.959775 13.428674 18.900119 ]
Error: [0.040045 0.070949 0.099356 ]
Input: [3.000000 4.000000 5.000000 ]
label: [13.500000 19.000000 25.500000 ]
Output: [13.440608 18.918102 25.400051 ]
Error: [0.059131 0.081545 0.099557 ]
Input: [4.000000 5.000000 6.000000 ]
label: [19.000000 25.500000 33.000000 ]
Output: [18.923174 25.408251 32.900010 ]
Error: [0.076516 0.091419 0.099687 ]
Success rate: 4/4

=== Epoch 36 ===
Input: [1.000000 2.000000 3.000000 ]
label: [5.500000 9.000000 13.500000 ]
Output: [5.526714 9.062480 13.599932 ]
Error: [-0.026844 -0.062914 -0.100672 ]
Input: [2.000000 3.000000 4.000000 ]
label: [9.000000 13.500000 19.000000 ]
Output: [8.960726 13.429561 18.900015 ]
Error: [0.039103 0.070072 0.099459 ]
Input: [3.000000 4.000000 5.000000 ]
label: [13.500000 19.000000 25.500000 ]
Output: [13.442257 18.919663 25.400064 ]
Error: [0.057496 0.079997 0.099544 ]
Input: [4.000000 5.000000 6.000000 ]
label: [19.000000 25.500000 33.000000 ]
Output: [18.925655 25.410500 32.900069 ]
Error: [0.074054 0.089186 0.099628 ]
Success rate: 4/4

=== Epoch 37 ===
Input: [1.000000 2.000000 3.000000 ]
label: [5.500000 9.000000 13.500000 ]
Output: [5.525512 9.061274 13.599930 ]
Error: [-0.025631 -0.061691 -0.100669 ]
Input: [2.000000 3.000000 4.000000 ]
label: [9.000000 13.500000 19.000000 ]
Output: [8.961594 13.430404 18.900066 ]
Error: [0.038242 0.069237 0.099408 ]
Input: [3.000000 4.000000 5.000000 ]
label: [13.500000 19.000000 25.500000 ]
Output: [13.443556 18.920881 25.400005 ]
Error: [0.056208 0.078789 0.099603 ]
Input: [4.000000 5.000000 6.000000 ]
label: [19.000000 25.500000 33.000000 ]
Output: [18.927596 25.412269 32.900072 ]
Error: [0.072129 0.087429 0.099625 ]
Success rate: 4/4

=== Epoch 38 ===
Input: [1.000000 2.000000 3.000000 ]
label: [5.500000 9.000000 13.500000 ]
Output: [5.524502 9.060300 13.599991 ]
Error: [-0.024612 -0.060704 -0.100732 ]
Input: [2.000000 3.000000 4.000000 ]
label: [9.000000 13.500000 19.000000 ]
Output: [8.962329 13.431103 18.900101 ]
Error: [0.037514 0.068545 0.099374 ]
Input: [3.000000 4.000000 5.000000 ]
label: [13.500000 19.000000 25.500000 ]
Output: [13.444664 18.921937 25.400034 ]
Error: [0.055109 0.077742 0.099574 ]
Input: [4.000000 5.000000 6.000000 ]
label: [19.000000 25.500000 33.000000 ]
Output: [18.929119 25.413663 32.900044 ]
Error: [0.070616 0.086044 0.099653 ]
Success rate: 4/4

=== Epoch 39 ===
Input: [1.000000 2.000000 3.000000 ]
label: [5.500000 9.000000 13.500000 ]
Output: [5.523592 9.059406 13.599933 ]
Error: [-0.023693 -0.059798 -0.100673 ]
Input: [2.000000 3.000000 4.000000 ]
label: [9.000000 13.500000 19.000000 ]
Output: [8.962931 13.431645 18.900067 ]
Error: [0.036916 0.068009 0.099407 ]
Input: [3.000000 4.000000 5.000000 ]
label: [13.500000 19.000000 25.500000 ]
Output: [13.445588 18.922822 25.400086 ]
Error: [0.054193 0.076865 0.099523 ]
Input: [4.000000 5.000000 6.000000 ]
label: [19.000000 25.500000 33.000000 ]
Output: [18.930333 25.414781 32.900019 ]
Error: [0.069411 0.084934 0.099678 ]
Success rate: 4/4

=== Epoch 40 ===
Input: [1.000000 2.000000 3.000000 ]
label: [5.500000 9.000000 13.500000 ]
Output: [5.522812 9.058675 13.599927 ]
Error: [-0.022906 -0.059058 -0.100667 ]
Input: [2.000000 3.000000 4.000000 ]
label: [9.000000 13.500000 19.000000 ]
Output: [8.963458 13.432112 18.900055 ]
Error: [0.036393 0.067547 0.099419 ]
Input: [3.000000 4.000000 5.000000 ]
label: [13.500000 19.000000 25.500000 ]
Output: [13.446337 18.923528 25.400109 ]
Error: [0.053450 0.076164 0.099500 ]
Input: [4.000000 5.000000 6.000000 ]
label: [19.000000 25.500000 33.000000 ]
Output: [18.931335 25.415717 32.900045 ]
Error: [0.068417 0.084005 0.099652 ]
Success rate: 4/4

=== Epoch 41 ===
Input: [1.000000 2.000000 3.000000 ]
label: [5.500000 9.000000 13.500000 ]
Output: [5.522116 9.058033 13.599892 ]
Error: [-0.022205 -0.058407 -0.100631 ]
Input: [2.000000 3.000000 4.000000 ]
label: [9.000000 13.500000 19.000000 ]
Output: [8.963911 13.432495 18.900031 ]
Error: [0.035944 0.067167 0.099443 ]
Input: [3.000000 4.000000 5.000000 ]
label: [13.500000 19.000000 25.500000 ]
Output: [13.446917 18.924051 25.400059 ]
Error: [0.052874 0.075646 0.099549 ]
Input: [4.000000 5.000000 6.000000 ]
label: [19.000000 25.500000 33.000000 ]
Output: [18.932132 25.416462 32.900064 ]
Error: [0.067626 0.083264 0.099634 ]
Success rate: 4/4

=== Epoch 42 ===
Input: [1.000000 2.000000 3.000000 ]
label: [5.500000 9.000000 13.500000 ]
Output: [5.521536 9.057559 13.599981 ]
Error: [-0.021621 -0.057927 -0.100721 ]
Input: [2.000000 3.000000 4.000000 ]
label: [9.000000 13.500000 19.000000 ]
Output: [8.964342 13.432879 18.900098 ]
Error: [0.035517 0.066788 0.099377 ]
Input: [3.000000 4.000000 5.000000 ]
label: [13.500000 19.000000 25.500000 ]
Output: [13.447401 18.924482 25.400026 ]
Error: [0.052394 0.075218 0.099582 ]
Input: [4.000000 5.000000 6.000000 ]
label: [19.000000 25.500000 33.000000 ]
Output: [18.932732 25.417013 32.900029 ]
Error: [0.067030 0.082717 0.099669 ]
Success rate: 4/4

=== Epoch 43 ===
Input: [1.000000 2.000000 3.000000 ]
label: [5.500000 9.000000 13.500000 ]
Output: [5.520992 9.057101 13.599978 ]
Error: [-0.021073 -0.057464 -0.100719 ]
Input: [2.000000 3.000000 4.000000 ]
label: [9.000000 13.500000 19.000000 ]
Output: [8.964701 13.433169 18.900106 ]
Error: [0.035160 0.066500 0.099368 ]
Input: [3.000000 4.000000 5.000000 ]
label: [13.500000 19.000000 25.500000 ]
Output: [13.447860 18.924907 25.400095 ]
Error: [0.051938 0.074796 0.099514 ]
Input: [4.000000 5.000000 6.000000 ]
label: [19.000000 25.500000 33.000000 ]
Output: [18.933225 25.417469 32.900024 ]
Error: [0.066540 0.082264 0.099674 ]
Success rate: 4/4

=== Epoch 44 ===
Input: [1.000000 2.000000 3.000000 ]
label: [5.500000 9.000000 13.500000 ]
Output: [5.520482 9.056663 13.599906 ]
Error: [-0.020558 -0.057020 -0.100645 ]
Input: [2.000000 3.000000 4.000000 ]
label: [9.000000 13.500000 19.000000 ]
Output: [8.964990 13.433365 18.900044 ]
Error: [0.034874 0.066306 0.099431 ]
Input: [3.000000 4.000000 5.000000 ]
label: [13.500000 19.000000 25.500000 ]
Output: [13.448160 18.925138 25.400003 ]
Error: [0.051641 0.074567 0.099605 ]
Input: [4.000000 5.000000 6.000000 ]
label: [19.000000 25.500000 33.000000 ]
Output: [18.933610 25.417820 32.900011 ]
Error: [0.066158 0.081915 0.099686 ]
Success rate: 4/4

=== Epoch 45 ===
Input: [1.000000 2.000000 3.000000 ]
label: [5.500000 9.000000 13.500000 ]
Output: [5.520037 9.056320 13.599901 ]
Error: [-0.020110 -0.056673 -0.100640 ]
Input: [2.000000 3.000000 4.000000 ]
label: [9.000000 13.500000 19.000000 ]
Output: [8.965260 13.433551 18.900021 ]
Error: [0.034606 0.066122 0.099453 ]
Input: [3.000000 4.000000 5.000000 ]
label: [13.500000 19.000000 25.500000 ]
Output: [13.448507 18.925452 25.400093 ]
Error: [0.051297 0.074256 0.099516 ]
Input: [4.000000 5.000000 6.000000 ]
label: [19.000000 25.500000 33.000000 ]
Output: [18.933976 25.418169 32.900090 ]
Error: [0.065794 0.081568 0.099607 ]
Success rate: 4/4

=== Epoch 46 ===
Input: [1.000000 2.000000 3.000000 ]
label: [5.500000 9.000000 13.500000 ]
Output: [5.519656 9.056072 13.599978 ]
Error: [-0.019726 -0.056422 -0.100719 ]
Input: [2.000000 3.000000 4.000000 ]
label: [9.000000 13.500000 19.000000 ]
Output: [8.965512 13.433726 18.900025 ]
Error: [0.034355 0.065949 0.099449 ]
Input: [3.000000 4.000000 5.000000 ]
label: [13.500000 19.000000 25.500000 ]
Output: [13.448767 18.925662 25.400104 ]
Error: [0.051039 0.074047 0.099505 ]
Input: [4.000000 5.000000 6.000000 ]
label: [19.000000 25.500000 33.000000 ]
Output: [18.934241 25.418409 32.900111 ]
Error: [0.065532 0.081330 0.099586 ]
Success rate: 4/4

=== Epoch 47 ===
Input: [1.000000 2.000000 3.000000 ]
label: [5.500000 9.000000 13.500000 ]
Output: [5.519264 9.055770 13.599911 ]
Error: [-0.019331 -0.056116 -0.100650 ]
Input: [2.000000 3.000000 4.000000 ]
label: [9.000000 13.500000 19.000000 ]
Output: [8.965748 13.433884 18.900033 ]
Error: [0.034121 0.065792 0.099441 ]
Input: [3.000000 4.000000 5.000000 ]
label: [13.500000 19.000000 25.500000 ]
Output: [13.448941 18.925765 25.400018 ]
Error: [0.050866 0.073945 0.099590 ]
Input: [4.000000 5.000000 6.000000 ]
label: [19.000000 25.500000 33.000000 ]
Output: [18.934404 25.418538 32.900051 ]
Error: [0.065369 0.081202 0.099646 ]
Success rate: 4/4

=== Epoch 48 ===
Input: [1.000000 2.000000 3.000000 ]
label: [5.500000 9.000000 13.500000 ]
Output: [5.518929 9.055563 13.599955 ]
Error: [-0.018994 -0.055906 -0.100695 ]
Input: [2.000000 3.000000 4.000000 ]
label: [9.000000 13.500000 19.000000 ]
Output: [8.965969 13.434029 18.900042 ]
Error: [0.033903 0.065649 0.099432 ]
Input: [3.000000 4.000000 5.000000 ]
label: [13.500000 19.000000 25.500000 ]
Output: [13.449165 18.925947 25.400063 ]
Error: [0.050644 0.073764 0.099545 ]
Input: [4.000000 5.000000 6.000000 ]
label: [19.000000 25.500000 33.000000 ]
Output: [18.934553 25.418657 32.900017 ]
Error: [0.065222 0.081084 0.099680 ]
Success rate: 4/4

=== Epoch 49 ===
Input: [1.000000 2.000000 3.000000 ]
label: [5.500000 9.000000 13.500000 ]
Output: [5.518580 9.055303 13.599881 ]
Error: [-0.018643 -0.055643 -0.100620 ]
Input: [2.000000 3.000000 4.000000 ]
label: [9.000000 13.500000 19.000000 ]
Output: [8.966174 13.434155 18.900036 ]
Error: [0.033699 0.065523 0.099438 ]
Input: [3.000000 4.000000 5.000000 ]
label: [13.500000 19.000000 25.500000 ]
Output: [13.449373 18.926113 25.400110 ]
Error: [0.050437 0.073599 0.099499 ]
Input: [4.000000 5.000000 6.000000 ]
label: [19.000000 25.500000 33.000000 ]
Output: [18.934768 25.418862 32.900116 ]
Error: [0.065008 0.080880 0.099582 ]
Success rate: 4/4