Input: [0.100000 0.500000 0.800000 ]
label: [0.300000 0.600000 0.900000 ]
Output: [0.301962 0.603624 0.905000 ]
Error: [-0.001975 -0.003646 -0.005028 ]
Training successful
Input: [0.000000 0.200000 0.400000 ]
label: [0.100000 0.300000 0.500000 ]
Output: [-0.000000 -0.000000 -0.000000 ]
Error: [0.000000 0.000000 0.000000 ]
Try again
Input: [0.700000 0.800000 0.900000 ]
label: [0.500000 0.550000 0.600000 ]
Output: [0.504326 0.554643 0.605000 ]
Error: [-0.004364 -0.004682 -0.005042 ]
Training successful
Input: [0.300000 0.600000 0.900000 ]
label: [0.250000 0.500000 0.750000 ]
Output: [-0.000000 -0.000000 -0.000000 ]
Error: [0.000000 0.000000 0.000000 ]
Try again
in iteration: 0
Input: [0.100000 0.500000 0.800000 ]
label: [0.300000 0.600000 0.900000 ]
Output: [-0.000000 -0.000000 -0.000000 ]
Error: [0.000000 0.000000 0.000000 ]
Try again
Input: [0.000000 0.200000 0.400000 ]
label: [0.100000 0.300000 0.500000 ]
Output: [-0.000000 -0.000000 -0.000000 ]
Error: [0.000000 0.000000 0.000000 ]
Try again
Input: [0.700000 0.800000 0.900000 ]
label: [0.500000 0.550000 0.600000 ]
Output: [0.504326 0.554643 0.605000 ]
Error: [-0.004364 -0.004682 -0.005042 ]
Training successful
Input: [0.300000 0.600000 0.900000 ]
label: [0.250000 0.500000 0.750000 ]
Output: [-0.000000 -0.000000 -0.000000 ]
Error: [0.000000 0.000000 0.000000 ]
Try again
in iteration: 1
Input: [0.100000 0.500000 0.800000 ]
label: [0.300000 0.600000 0.900000 ]
Output: [-0.000000 -0.000000 -0.000000 ]
Error: [0.000000 0.000000 0.000000 ]
Try again
Input: [0.000000 0.200000 0.400000 ]
label: [0.100000 0.300000 0.500000 ]
Output: [-0.000000 -0.000000 -0.000000 ]
Error: [0.000000 0.000000 0.000000 ]
Try again
Input: [0.700000 0.800000 0.900000 ]
label: [0.500000 0.550000 0.600000 ]
Output: [0.504326 0.554643 0.605000 ]
Error: [-0.004364 -0.004682 -0.005042 ]
Training successful
Input: [0.300000 0.600000 0.900000 ]
label: [0.250000 0.500000 0.750000 ]
Output: [-0.000000 -0.000000 -0.000000 ]
Error: [0.000000 0.000000 0.000000 ]
Try again
in iteration: 2
Input: [0.100000 0.500000 0.800000 ]
label: [0.300000 0.600000 0.900000 ]
Output: [-0.000000 -0.000000 -0.000000 ]
Error: [0.000000 0.000000 0.000000 ]
Try again
Input: [0.000000 0.200000 0.400000 ]
label: [0.100000 0.300000 0.500000 ]
Output: [-0.000000 -0.000000 -0.000000 ]
Error: [0.000000 0.000000 0.000000 ]
Try again
Input: [0.700000 0.800000 0.900000 ]
label: [0.500000 0.550000 0.600000 ]
Output: [0.504326 0.554643 0.605000 ]
Error: [-0.004364 -0.004682 -0.005042 ]
Training successful