=================== Epoch 1 ===================
Input: [1.000000 2.000000 3.000000 ]
label: [6.000000 8.000000 10.000000 ]
Output: [5.810000 7.790000 9.880000 ]
Error: [0.190000 0.210000 0.120000 ]
Training successful

Input: [4.000000 10.000000 16.000000 ]
label: [22.000000 28.000000 34.000000 ]
Output: [21.900000 27.950000 33.870000 ]
Error: [0.100000 0.050000 0.130000 ]
Training successful

Input: [5.000000 7.000000 9.000000 ]
label: [15.000000 21.000000 27.000000 ]
Output: [14.970000 20.950000 26.950000 ]
Error: [0.030000 0.050000 0.050000 ]
Training successful

=================== Epoch 2 ===================
Input: [1.000000 2.000000 3.000000 ]
label: [6.000000 8.000000 10.000000 ]
Output: [5.920000 7.900000 9.950000 ]
Error: [0.080000 0.100000 0.050000 ]
Training successful

Input: [4.000000 10.000000 16.000000 ]
label: [22.000000 28.000000 34.000000 ]
Output: [21.950000 27.980000 33.930000 ]
Error: [0.050000 0.020000 0.070000 ]
Training successful

Input: [5.000000 7.000000 9.000000 ]
label: [15.000000 21.000000 27.000000 ]
Output: [14.985000 20.970000 26.975000 ]
Error: [0.015000 0.030000 0.025000 ]
Training successful

=================== Epoch 3 ===================
Input: [1.000000 2.000000 3.000000 ]
label: [6.000000 8.000000 10.000000 ]
Output: [5.980000 7.970000 9.980000 ]
Error: [0.020000 0.030000 0.020000 ]
Training successful

Input: [4.000000 10.000000 16.000000 ]
label: [22.000000 28.000000 34.000000 ]
Output: [21.980000 27.990000 33.960000 ]
Error: [0.020000 0.010000 0.040000 ]
Training successful

Input: [5.000000 7.000000 9.000000 ]
label: [15.000000 21.000000 27.000000 ]
Output: [14.995000 20.985000 26.990000 ]
Error: [0.005000 0.015000 0.010000 ]
Training successful

=================== Epoch 4 ===================
Input: [1.000000 2.000000 3.000000 ]
label: [6.000000 8.000000 10.000000 ]
Output: [6.000000 7.995000 9.995000 ]
Error: [0.000000 0.005000 0.005000 ]
Training successful
...

=================== Epoch 5 ===================
Input: [1.000000 2.000000 3.000000 ]
label: [6.000000 8.000000 10.000000 ]
Output: [6.000100 7.999800 9.999900 ]
Error: [-0.000100 0.000200 0.000100 ]
Training successful

Input: [4.000000 10.000000 16.000000 ]
label: [22.000000 28.000000 34.000000 ]
Output: [21.999900 27.999800 33.999700 ]
Error: [0.000100 0.000200 0.000300 ]
Training successful

Input: [5.000000 7.000000 9.000000 ]
label: [15.000000 21.000000 27.000000 ]
Output: [15.000200 21.000100 27.000300 ]
Error: [-0.000200 -0.000100 -0.000300 ]
Training successful

