Input: [1.000000 2.000000 3.000000 ]
label: [28.000000 38.000000 48.000000 ]
Output: [28.036506 37.982822 47.900002 ]
Error: [-0.036554 0.017170 0.099790 ]
Training successful
Input: [0.000000 4.000000 5.000000 ]
label: [18.000000 58.000000 68.000000 ]
Output: [18.028752 57.900005 67.906021 ]
Error: [-0.028798 0.099823 0.093849 ]
Training successful
Input: [6.000000 7.000000 8.000000 ]
label: [78.000000 88.000000 98.000000 ]
Output: [77.900002 88.036156 98.043448 ]
Error: [0.099869 -0.036171 -0.043467 ]
Training successful
in iteration: 0
Input: [1.000000 2.000000 3.000000 ]
label: [28.000000 38.000000 48.000000 ]
Output: [28.099997 38.072737 48.089541 ]
Error: [-0.100354 -0.072876 -0.089708 ]
Training successful
Input: [0.000000 4.000000 5.000000 ]
label: [18.000000 58.000000 68.000000 ]
Output: [18.029824 57.900001 67.904009 ]
Error: [-0.029874 0.099827 0.095855 ]
Training successful
Input: [6.000000 7.000000 8.000000 ]
label: [78.000000 88.000000 98.000000 ]
Output: [77.900002 88.036897 98.043703 ]
Error: [0.099870 -0.036913 -0.043722 ]
Training successful
in iteration: 1
Input: [1.000000 2.000000 3.000000 ]
label: [28.000000 38.000000 48.000000 ]
Output: [28.099998 38.058784 48.080110 ]
Error: [-0.100355 -0.058875 -0.080244 ]
Training successful
Input: [0.000000 4.000000 5.000000 ]
label: [18.000000 58.000000 68.000000 ]
Output: [18.031051 57.900005 67.900905 ]
Error: [-0.031105 0.099822 0.098950 ]
Training successful
Input: [6.000000 7.000000 8.000000 ]
label: [78.000000 88.000000 98.000000 ]
Output: [77.900004 88.037564 98.043940 ]
Error: [0.099868 -0.037580 -0.043959 ]
Training successful
in iteration: 2
Input: [1.000000 2.000000 3.000000 ]
label: [28.000000 38.000000 48.000000 ]
Output: [28.099996 38.045035 48.070812 ]
Error: [-0.100353 -0.045088 -0.070917 ]
Training successful
Input: [0.000000 4.000000 5.000000 ]
label: [18.000000 58.000000 68.000000 ]
Output: [18.031624 57.902571 67.900002 ]
Error: [-0.031679 0.097265 0.099851 ]
Training successful
Input: [6.000000 7.000000 8.000000 ]
label: [78.000000 88.000000 98.000000 ]
Output: [77.900001 88.038157 98.044163 ]
Error: [0.099871 -0.038174 -0.044183 ]
Training successful
in iteration: 3
Input: [1.000000 2.000000 3.000000 ]
label: [28.000000 38.000000 48.000000 ]
Output: [28.099993 38.031579 48.061673 ]
Error: [-0.100350 -0.031606 -0.061753 ]
Training successful
Input: [0.000000 4.000000 5.000000 ]
label: [18.000000 58.000000 68.000000 ]
Output: [18.031912 57.906281 67.900005 ]
Error: [-0.031968 0.093568 0.099848 ]
Training successful
Input: [6.000000 7.000000 8.000000 ]
label: [78.000000 88.000000 98.000000 ]
Output: [77.900005 88.038667 98.044368 ]
Error: [0.099866 -0.038684 -0.044388 ]
Training successful
in iteration: 4
Input: [1.000000 2.000000 3.000000 ]
label: [28.000000 38.000000 48.000000 ]
Output: [28.099994 38.018525 48.052729 ]
Error: [-0.100351 -0.018534 -0.052787 ]
Training successful
Input: [0.000000 4.000000 5.000000 ]
label: [18.000000 58.000000 68.000000 ]
Output: [18.032182 57.910208 67.900002 ]
Error: [-0.032240 0.089653 0.099851 ]
Training successful
Input: [6.000000 7.000000 8.000000 ]
label: [78.000000 88.000000 98.000000 ]
Output: [77.900003 88.039094 98.044561 ]
Error: [0.099869 -0.039112 -0.044582 ]
Training successful
in iteration: 5
Input: [1.000000 2.000000 3.000000 ]
label: [28.000000 38.000000 48.000000 ]
Output: [28.099997 38.005998 48.044019 ]
Error: [-0.100354 -0.005999 -0.044060 ]
Training successful
Input: [0.000000 4.000000 5.000000 ]
label: [18.000000 58.000000 68.000000 ]
Output: [18.032430 57.914361 67.900001 ]
Error: [-0.032488 0.085513 0.099852 ]
Training successful
Input: [6.000000 7.000000 8.000000 ]
label: [78.000000 88.000000 98.000000 ]
Output: [77.900004 88.039432 98.044739 ]
Error: [0.099868 -0.039449 -0.044759 ]
Training successful
in iteration: 6
Input: [1.000000 2.000000 3.000000 ]
label: [28.000000 38.000000 48.000000 ]
Output: [28.099994 37.994141 48.035585 ]
Error: [-0.100351 0.005858 -0.035611 ]
Training successful
Input: [0.000000 4.000000 5.000000 ]
label: [18.000000 58.000000 68.000000 ]
Output: [18.032648 57.918733 67.900002 ]
Error: [-0.032708 0.081153 0.099851 ]
Training successful
Input: [6.000000 7.000000 8.000000 ]
label: [78.000000 88.000000 98.000000 ]
Output: [77.900001 88.039678 98.044905 ]
Error: [0.099871 -0.039696 -0.044926 ]
Training successful
in iteration: 7
Input: [1.000000 2.000000 3.000000 ]
label: [28.000000 38.000000 48.000000 ]
Output: [28.099999 37.983116 48.027482 ]
Error: [-0.100356 0.016876 -0.027498 ]
Training successful
Input: [0.000000 4.000000 5.000000 ]
label: [18.000000 58.000000 68.000000 ]
Output: [18.032833 57.923313 67.900003 ]
Error: [-0.032893 0.076585 0.099850 ]
Training successful
Input: [6.000000 7.000000 8.000000 ]
label: [78.000000 88.000000 98.000000 ]
Output: [77.900003 88.039827 98.045058 ]
Error: [0.099869 -0.039845 -0.045079 ]
Training successful
in iteration: 8
Input: [1.000000 2.000000 3.000000 ]
label: [28.000000 38.000000 48.000000 ]
Output: [28.100000 37.973085 48.019755 ]
Error: [-0.100357 0.026896 -0.019764 ]
Training successful
Input: [0.000000 4.000000 5.000000 ]
label: [18.000000 58.000000 68.000000 ]
Output: [18.032980 57.928080 67.900002 ]
Error: [-0.033040 0.071830 0.099850 ]
Training successful
Input: [6.000000 7.000000 8.000000 ]
label: [78.000000 88.000000 98.000000 ]
Output: [77.900006 88.039879 98.045201 ]
Error: [0.099866 -0.039897 -0.045222 ]
Training successful
in iteration: 9
Input: [1.000000 2.000000 3.000000 ]
label: [28.000000 38.000000 48.000000 ]
Output: [28.099998 37.964208 48.012449 ]
Error: [-0.100355 0.035759 -0.012452 ]
Training successful
Input: [0.000000 4.000000 5.000000 ]
label: [18.000000 58.000000 68.000000 ]
Output: [18.033082 57.933009 67.900004 ]
Error: [-0.033142 0.066913 0.099849 ]
Training successful
Input: [6.000000 7.000000 8.000000 ]
label: [78.000000 88.000000 98.000000 ]
Output: [77.900005 88.039833 98.045338 ]
Error: [0.099867 -0.039851 -0.045359 ]
Training successful
in iteration: 10
Input: [1.000000 2.000000 3.000000 ]
label: [28.000000 38.000000 48.000000 ]
Output: [28.099999 37.956623 48.005597 ]
Error: [-0.100356 0.043328 -0.005598 ]
Training successful
Input: [0.000000 4.000000 5.000000 ]
label: [18.000000 58.000000 68.000000 ]
Output: [18.033135 57.938059 67.900005 ]
Error: [-0.033196 0.061875 0.099848 ]
Training successful
Input: [6.000000 7.000000 8.000000 ]
label: [78.000000 88.000000 98.000000 ]
Output: [77.900004 88.039688 98.045469 ]
Error: [0.099868 -0.039705 -0.045490 ]
Training successful
in iteration: 11
Input: [1.000000 2.000000 3.000000 ]
label: [28.000000 38.000000 48.000000 ]
Output: [28.099997 37.950440 47.999216 ]
Error: [-0.100354 0.049496 0.000784 ]
Training successful
Input: [0.000000 4.000000 5.000000 ]
label: [18.000000 58.000000 68.000000 ]
Output: [18.033135 57.943184 67.900005 ]
Error: [-0.033196 0.056760 0.099848 ]
Training successful
Input: [6.000000 7.000000 8.000000 ]
label: [78.000000 88.000000 98.000000 ]
Output: [77.900006 88.039444 98.045595 ]
Error: [0.099866 -0.039461 -0.045616 ]
Training successful
in iteration: 12
Input: [1.000000 2.000000 3.000000 ]
label: [28.000000 38.000000 48.000000 ]
Output: [28.099996 37.945720 47.993300 ]
Error: [-0.100353 0.054203 0.006699 ]
Training successful
Input: [0.000000 4.000000 5.000000 ]
label: [18.000000 58.000000 68.000000 ]
Output: [18.033083 57.948326 67.900000 ]
Error: [-0.033144 0.051628 0.099853 ]
Training successful
Input: [6.000000 7.000000 8.000000 ]
label: [78.000000 88.000000 98.000000 ]
Output: [77.900004 88.039106 98.045723 ]
Error: [0.099868 -0.039124 -0.045744 ]
Training successful
in iteration: 13
Input: [1.000000 2.000000 3.000000 ]
label: [28.000000 38.000000 48.000000 ]
Output: [28.099996 37.942471 47.987826 ]
Error: [-0.100353 0.057442 0.012171 ]
Training successful
Input: [0.000000 4.000000 5.000000 ]
label: [18.000000 58.000000 68.000000 ]
Output: [18.032973 57.953429 67.900003 ]
Error: [-0.033033 0.046534 0.099849 ]
Training successful
Input: [6.000000 7.000000 8.000000 ]
label: [78.000000 88.000000 98.000000 ]
Output: [77.900004 88.038677 98.045850 ]
Error: [0.099868 -0.038694 -0.045872 ]
Training successful
in iteration: 14
Input: [1.000000 2.000000 3.000000 ]
label: [28.000000 38.000000 48.000000 ]
Output: [28.099999 37.940638 47.982744 ]
Error: [-0.100356 0.059269 0.017250 ]
Training successful
Input: [0.000000 4.000000 5.000000 ]
label: [18.000000 58.000000 68.000000 ]
Output: [18.032812 57.958420 67.900001 ]
Error: [-0.032872 0.041550 0.099852 ]
Training successful
Input: [6.000000 7.000000 8.000000 ]
label: [78.000000 88.000000 98.000000 ]
Output: [77.900002 88.038161 98.045981 ]
Error: [0.099870 -0.038178 -0.046003 ]
Training successful
in iteration: 15
Input: [1.000000 2.000000 3.000000 ]
label: [28.000000 38.000000 48.000000 ]
Output: [28.099998 37.940120 47.977991 ]
Error: [-0.100355 0.059786 0.021999 ]
Training successful
Input: [0.000000 4.000000 5.000000 ]
label: [18.000000 58.000000 68.000000 ]
Output: [18.032600 57.963240 67.900004 ]
Error: [-0.032659 0.036737 0.099849 ]
Training successful
Input: [6.000000 7.000000 8.000000 ]
label: [78.000000 88.000000 98.000000 ]
Output: [77.900005 88.037562 98.046114 ]
Error: [0.099866 -0.037578 -0.046136 ]
Training successful
in iteration: 16
Input: [1.000000 2.000000 3.000000 ]
label: [28.000000 38.000000 48.000000 ]
Output: [28.100000 37.940760 47.973494 ]
Error: [-0.100357 0.059148 0.026491 ]
Training successful
Input: [0.000000 4.000000 5.000000 ]
label: [18.000000 58.000000 68.000000 ]
Output: [18.032346 57.967829 67.900006 ]
Error: [-0.032404 0.032153 0.099847 ]
Training successful
Input: [6.000000 7.000000 8.000000 ]
label: [78.000000 88.000000 98.000000 ]
Output: [77.900001 88.036887 98.046254 ]
Error: [0.099871 -0.036903 -0.046276 ]
Training successful
in iteration: 17
Input: [1.000000 2.000000 3.000000 ]
label: [28.000000 38.000000 48.000000 ]
Output: [28.099994 37.942383 47.969180 ]
Error: [-0.100351 0.057530 0.030801 ]
Training successful
Input: [0.000000 4.000000 5.000000 ]
label: [18.000000 58.000000 68.000000 ]
Output: [18.032059 57.972138 67.900000 ]
Error: [-0.032116 0.027849 0.099853 ]
Training successful
Input: [6.000000 7.000000 8.000000 ]
label: [78.000000 88.000000 98.000000 ]
Output: [77.900005 88.036133 98.046394 ]
Error: [0.099867 -0.036147 -0.046416 ]
Training successful
in iteration: 18
Input: [1.000000 2.000000 3.000000 ]
label: [28.000000 38.000000 48.000000 ]
Output: [28.099996 37.944790 47.964978 ]
Error: [-0.100353 0.055129 0.034997 ]
Training successful
Input: [0.000000 4.000000 5.000000 ]
label: [18.000000 58.000000 68.000000 ]
Output: [18.031740 57.976146 67.900005 ]
Error: [-0.031796 0.023844 0.099848 ]
Training successful
Input: [6.000000 7.000000 8.000000 ]
label: [78.000000 88.000000 98.000000 ]
Output: [77.900003 88.035302 98.046540 ]
Error: [0.099868 -0.035316 -0.046562 ]
Training successful
in iteration: 19
Input: [1.000000 2.000000 3.000000 ]
label: [28.000000 38.000000 48.000000 ]
Output: [28.099998 37.947807 47.960834 ]
Error: [-0.100355 0.052121 0.039134 ]
Training successful
Input: [0.000000 4.000000 5.000000 ]
label: [18.000000 58.000000 68.000000 ]
Output: [18.031403 57.979839 67.900002 ]
Error: [-0.031458 0.020154 0.099851 ]
Training successful
Input: [6.000000 7.000000 8.000000 ]
label: [78.000000 88.000000 98.000000 ]
Output: [77.900002 88.034385 98.046689 ]
Error: [0.099869 -0.034398 -0.046711 ]
Training successful
in iteration: 20
Input: [1.000000 2.000000 3.000000 ]
label: [28.000000 38.000000 48.000000 ]
Output: [28.099995 37.951283 47.956712 ]
Error: [-0.100352 0.048654 0.043249 ]
Training successful
Input: [0.000000 4.000000 5.000000 ]
label: [18.000000 58.000000 68.000000 ]
Output: [18.031046 57.983235 67.900006 ]
Error: [-0.031100 0.016761 0.099847 ]
Training successful
Input: [6.000000 7.000000 8.000000 ]
label: [78.000000 88.000000 98.000000 ]
Output: [77.900001 88.033365 98.046842 ]
Error: [0.099871 -0.033377 -0.046865 ]
Training successful
in iteration: 21
Input: [1.000000 2.000000 3.000000 ]
label: [28.000000 38.000000 48.000000 ]
Output: [28.099998 37.955098 47.952584 ]
Error: [-0.100355 0.044849 0.047369 ]
Training successful
Input: [0.000000 4.000000 5.000000 ]
label: [18.000000 58.000000 68.000000 ]
Output: [18.030677 57.986362 67.900003 ]
Error: [-0.030730 0.013635 0.099850 ]
Training successful
Input: [6.000000 7.000000 8.000000 ]
label: [78.000000 88.000000 98.000000 ]
Output: [77.900005 88.032214 98.047002 ]
Error: [0.099867 -0.032225 -0.047025 ]
Training successful
in iteration: 22
Input: [1.000000 2.000000 3.000000 ]
label: [28.000000 38.000000 48.000000 ]
Output: [28.099999 37.959180 47.948445 ]
Error: [-0.100356 0.040776 0.051500 ]
Training successful
Input: [0.000000 4.000000 5.000000 ]
label: [18.000000 58.000000 68.000000 ]
Output: [18.030298 57.989262 67.900001 ]
Error: [-0.030349 0.010736 0.099852 ]
Training successful
Input: [6.000000 7.000000 8.000000 ]
label: [78.000000 88.000000 98.000000 ]
Output: [77.900005 88.030896 98.047182 ]
Error: [0.099866 -0.030907 -0.047205 ]
Training successful
in iteration: 23
Input: [1.000000 2.000000 3.000000 ]
label: [28.000000 38.000000 48.000000 ]
Output: [28.099998 37.963483 47.944306 ]
Error: [-0.100356 0.036481 0.055629 ]
Training successful
Input: [0.000000 4.000000 5.000000 ]
label: [18.000000 58.000000 68.000000 ]
Output: [18.029924 57.991958 67.900003 ]
Error: [-0.029973 0.008041 0.099850 ]
Training successful
Input: [6.000000 7.000000 8.000000 ]
label: [78.000000 88.000000 98.000000 ]
Output: [77.900004 88.029367 98.047392 ]
Error: [0.099868 -0.029377 -0.047415 ]
Training successful
in iteration: 24
Input: [1.000000 2.000000 3.000000 ]
label: [28.000000 38.000000 48.000000 ]
Output: [28.099994 37.967968 47.940219 ]
Error: [-0.100351 0.032005 0.059707 ]
Training successful
Input: [0.000000 4.000000 5.000000 ]
label: [18.000000 58.000000 68.000000 ]
Output: [18.029597 57.994425 67.900001 ]
Error: [-0.029646 0.005575 0.099852 ]
Training successful
Input: [6.000000 7.000000 8.000000 ]
label: [78.000000 88.000000 98.000000 ]
Output: [77.900003 88.027590 98.047641 ]
Error: [0.099869 -0.027599 -0.047665 ]
Training successful
in iteration: 25
Input: [1.000000 2.000000 3.000000 ]
label: [28.000000 38.000000 48.000000 ]
Output: [28.099994 37.972553 47.936294 ]
Error: [-0.100351 0.027427 0.063621 ]
Training successful
Input: [0.000000 4.000000 5.000000 ]
label: [18.000000 58.000000 68.000000 ]
Output: [18.029404 57.996557 67.900003 ]
Error: [-0.029452 0.003443 0.099849 ]
Training successful
Input: [6.000000 7.000000 8.000000 ]
label: [78.000000 88.000000 98.000000 ]
Output: [77.900001 88.025568 98.047924 ]
Error: [0.099871 -0.025575 -0.047947 ]
Training successful
in iteration: 26
Input: [1.000000 2.000000 3.000000 ]
label: [28.000000 38.000000 48.000000 ]
Output: [28.099995 37.977094 47.932747 ]
Error: [-0.100352 0.022893 0.067159 ]
Training successful
Input: [0.000000 4.000000 5.000000 ]
label: [18.000000 58.000000 68.000000 ]
Output: [18.029491 57.998176 67.900000 ]
Error: [-0.029540 0.001824 0.099852 ]
Training successful
Input: [6.000000 7.000000 8.000000 ]
label: [78.000000 88.000000 98.000000 ]
Output: [77.900004 88.023370 98.048204 ]
Error: [0.099867 -0.023376 -0.048228 ]
Training successful
in iteration: 27