Input: [-5688.600000 6915.400000 5386.000000 ]
label: [8293.200000 3589.600000 -7162.200000 ]
Error: [0.271265 0.034120 -0.912079 ]
Training successful
0
Input: [106.600000 606.400000 -1714.400000 ]
label: [-342.200000 7086.000000 -2209.400000 ]
Error: [-0.004865 3.813036 -0.081074 ]
Training successful
1
Input: [2974.600000 -1378.400000 3496.800000 ]
label: [3114.400000 -7754.800000 -373.200000 ]
Error: [0.043625 -1.688601 0.000152 ]
Training successful
2
Input: [3980.400000 -8479.400000 -1827.200000 ]
label: [-2085.600000 -2104.200000 -2959.400000 ]
Error: [0.074789 0.078164 -0.506154 ]
Training successful
3
Input: [4289.800000 -598.800000 3174.600000 ]
label: [2147.400000 9846.000000 -6627.200000 ]
Error: [-0.020663 0.890948 -0.000973 ]
Training successful
4
Input: [412.200000 9171.200000 5788.600000 ]
label: [-342.200000 -7210.000000 -2548.400000 ]
Error: [0.000273 -2.018399 -0.029648 ]
Training successful
5
Input: [3179.200000 -1919.200000 -3078.400000 ]
label: [1332.200000 3154.800000 3602.600000 ]
Error: [-0.002090 -0.085024 0.772408 ]
Training successful
6
Input: [-6939.400000 -8304.400000 -6553.400000 ]
label: [-1752.000000 2442.800000 9576.000000 ]
Error: [-0.003421 -0.006270 1.420375 ]
Training successful
7
Input: [-6347.000000 5516.400000 1802.400000 ]
label: [-2242.800000 -8036.600000 -8740.000000 ]
Error: [0.007856 -1.572208 -0.032038 ]
Training successful
8
Input: [3179.200000 2727.000000 -6713.600000 ]
label: [-342.200000 -5603.000000 -8995.200000 ]
Error: [0.000068 0.238486 -0.871444 ]
Training successful
9
Input: [412.200000 323.600000 5257.800000 ]
label: [6124.200000 -3527.000000 2079.800000 ]
Error: [0.359208 -1.454931 0.068733 ]
Training successful
10
Input: [106.600000 -524.400000 -8305.800000 ]
label: [882.800000 -6116.000000 4107.200000 ]
Error: [-0.003944 -0.549326 0.385282 ]
Training successful
11
Input: [412.200000 606.400000 -8289.400000 ]
label: [-342.200000 2523.400000 5119.600000 ]
Error: [-0.002294 0.001759 0.772228 ]
Training successful
12
Input: [2974.600000 -3275.800000 3496.800000 ]
label: [-2085.600000 -4812.200000 2245.000000 ]
Error: [0.008370 -0.992519 0.033268 ]
Training successful
13
Input: [4289.800000 -4938.200000 3393.000000 ]
label: [-7725.000000 -5196.800000 -2379.000000 ]
Error: [0.093227 -0.812557 0.018436 ]
Training successful
14
Input: [-3387.200000 3360.400000 -6713.600000 ]
label: [-7725.000000 7059.200000 -4064.800000 ]
Error: [-0.175635 0.721563 -0.046469 ]
Training successful
15
Input: [2974.600000 9010.800000 -2698.000000 ]
label: [-7725.000000 3800.800000 -786.800000 ]
Error: [-0.785457 0.376416 -0.000220 ]
Training successful
16
Input: [2974.600000 6556.800000 2084.200000 ]
label: [-3132.000000 -1389.200000 -5071.400000 ]
Error: [-0.153205 0.000530 -1.342837 ]
Training successful
17
Input: [3719.600000 -2471.000000 -7856.400000 ]
label: [-3879.400000 1350.000000 -3950.600000 ]
Error: [-0.352350 0.050368 -0.582570 ]
Training successful
18
Input: [412.200000 -8304.400000 3496.800000 ]
label: [-342.200000 7934.200000 -9069.800000 ]
Error: [0.000198 0.172688 -2.048271 ]
Training successful
19
Input: [6426.200000 4371.200000 5740.200000 ]
label: [3114.400000 -9825.800000 -219.000000 ]
Error: [0.017743 -1.824765 0.000017 ]
Training successful
20
Input: [4235.600000 -4714.600000 5279.400000 ]
label: [9537.800000 -8260.600000 1808.800000 ]
Error: [0.761550 -0.011077 -0.007335 ]
Training successful
21
Input: [2974.600000 -6649.000000 6726.800000 ]
label: [1764.600000 4414.600000 -1791.400000 ]
Error: [-0.026783 0.628838 -0.030953 ]
Training successful
22
Input: [412.200000 -6649.000000 -1714.400000 ]
label: [-1752.000000 -1248.800000 3653.600000 ]
Error: [-0.018805 -0.010080 0.875195 ]
Training successful
23
Input: [412.200000 323.600000 -6713.600000 ]
label: [-342.200000 4563.200000 -6596.000000 ]
Error: [-0.001308 0.702629 -0.385692 ]
Training successful
24
Input: [3179.200000 -598.800000 -8814.400000 ]
label: [7739.000000 -4477.000000 -5031.000000 ]
Error: [0.736461 -0.062725 -0.082729 ]
Training successful
25
Input: [412.200000 9208.400000 -3208.600000 ]
label: [-8827.800000 8786.000000 -7612.600000 ]
Error: [-0.157606 1.442848 -0.122649 ]
Training successful
26
Input: [-3387.200000 -598.800000 9596.200000 ]
label: [-9388.800000 -5170.800000 4633.800000 ]
Error: [-0.798075 0.032012 0.074101 ]
Training successful
27
Input: [6103.400000 9010.800000 -5858.000000 ]
label: [-7725.000000 7922.800000 8858.800000 ]
Error: [-0.290286 0.267754 0.901386 ]
Training successful
28
Input: [2974.600000 4835.800000 -8231.800000 ]
label: [1764.600000 -1605.200000 -1819.200000 ]
Error: [0.175688 0.110362 -0.531013 ]
Training successful
29
Input: [-5688.600000 -7329.800000 5740.200000 ]
label: [-1041.800000 174.200000 -6321.800000 ]
Error: [0.002339 0.000031 -0.722880 ]
Training successful
30
Input: [412.200000 9010.800000 -5426.000000 ]
label: [1520.000000 2068.200000 -6931.400000 ]
Error: [0.001661 0.038212 -0.475057 ]
Training successful
31
Input: [412.200000 7701.600000 -5426.000000 ]
label: [1764.600000 -7483.000000 3515.600000 ]
Error: [-0.020186 -0.849526 0.686022 ]
Training successful
32
Input: [-5688.600000 4371.200000 -9357.600000 ]
label: [8293.200000 7754.600000 -6446.000000 ]
Error: [0.775412 0.395640 -0.186985 ]
Training successful
33
Input: [2974.600000 -455.400000 -8814.400000 ]
label: [-1752.000000 -3317.800000 5465.400000 ]
Error: [-0.015517 -0.080966 0.603830 ]
Training successful
34
Input: [3179.200000 4417.200000 7145.600000 ]
label: [-7725.000000 3254.200000 -3694.600000 ]
Error: [-1.486124 0.053823 -0.028079 ]
Training successful
35
Input: [3719.600000 -2667.600000 3496.800000 ]
label: [6124.200000 6378.600000 8886.400000 ]
Error: [-0.175681 -0.159373 0.827657 ]
Training successful
36
Input: [2974.600000 9010.800000 -2264.200000 ]
label: [-1752.000000 6482.200000 1085.600000 ]
Error: [-0.015526 0.810832 -0.002476 ]
Training successful
37
Input: [412.200000 -3275.800000 6726.800000 ]
label: [-2085.600000 -8260.600000 -195.800000 ]
Error: [0.021446 -2.227170 0.000261 ]
Training successful
38
Input: [3179.200000 8089.000000 5386.000000 ]
label: [-1752.000000 7559.000000 7823.800000 ]
Error: [0.007368 -0.356408 -0.356717 ]
Training successful
39
Input: [3179.200000 4972.400000 6726.800000 ]
label: [-7725.000000 3944.000000 3268.000000 ]
Error: [-0.919613 0.046215 0.032350 ]
Training successful
40
Input: [3179.200000 -1378.400000 -4424.400000 ]
label: [2147.400000 -4686.800000 -7612.600000 ]
Error: [0.017872 0.191815 -0.891428 ]
Training successful
41
Input: [3179.200000 -598.800000 -5027.600000 ]
label: [-2242.800000 7934.200000 7835.000000 ]
Error: [-0.022251 -0.128323 1.132170 ]
Training successful
42
Input: [412.200000 4945.600000 5788.600000 ]
label: [9537.800000 9070.400000 -6627.200000 ]
Error: [0.259606 0.238979 -1.530172 ]
Training successful
43
Input: [106.600000 -2667.600000 -4424.400000 ]
label: [-2085.600000 9070.400000 8474.600000 ]
Error: [-0.094238 2.084252 1.981840 ]
Training successful
44
Input: [412.200000 8024.800000 -1827.200000 ]
label: [8293.200000 -54.600000 6812.400000 ]
Error: [1.272064 -0.000009 0.551657 ]
Training successful
45
Input: [-6347.000000 -4938.200000 8619.600000 ]
label: [-1752.000000 3154.800000 620.200000 ]
Error: [-0.057126 0.547743 -0.000039 ]
Training successful
46
Input: [2974.600000 8900.000000 5279.400000 ]
label: [6124.200000 7435.400000 -1361.400000 ]
Error: [0.021418 0.551382 -0.012700 ]
Training successful
47
Input: [4235.600000 606.400000 -5027.600000 ]
label: [-9388.800000 4902.800000 -4906.600000 ]
Error: [-1.079980 0.718384 -0.053928 ]
Training successful
48
Training successful
in iteration: 16
Input: [2.000000 4.000000 6.000000 ]
label: [7.000000 11.000000 15.000000 ]
Output: [7.049956 10.993728 14.964444 ]
Error: [-0.050313 0.006269 0.035472 ]
Training successful
Input: [1.000000 3.000000 5.000000 ]
label: [5.000000 9.000000 13.000000 ]
Output: [5.049962 8.999992 12.967489 ]
Error: [-0.050461 0.000008 0.032430 ]
Training successful
Input: [7.000000 9.000000 11.000000 ]
label: [17.000000 21.000000 25.000000 ]
Output: [16.950023 21.008126 25.022267 ]
Error: [0.049830 -0.008130 -0.022287 ]
Training successful
in iteration: 17
Input: [2.000000 4.000000 6.000000 ]
label: [7.000000 11.000000 15.000000 ]
Output: [7.049953 10.995652 14.963960 ]
Error: [-0.050309 0.004346 0.035954 ]
Training successful
Input: [1.000000 3.000000 5.000000 ]
label: [5.000000 9.000000 13.000000 ]
Output: [5.049996 9.002458 12.967841 ]
Error: [-0.050496 -0.002458 0.032080 ]
Training successful
Input: [7.000000 9.000000 11.000000 ]
label: [17.000000 21.000000 25.000000 ]
Output: [16.950011 21.006960 25.022695 ]
Error: [0.049842 -0.006962 -0.022715 ]
Training successful
in iteration: 18
Input: [2.000000 4.000000 6.000000 ]
label: [7.000000 11.000000 15.000000 ]
Output: [7.049985 10.997827 14.963141 ]
Error: [-0.050342 0.002173 0.036769 ]
Training successful
Input: [1.000000 3.000000 5.000000 ]
label: [5.000000 9.000000 13.000000 ]
Output: [5.049965 9.005143 12.968253 ]
Error: [-0.050465 -0.005146 0.031670 ]
Training successful
Input: [7.000000 9.000000 11.000000 ]
label: [17.000000 21.000000 25.000000 ]
Output: [16.950010 21.005656 25.023286 ]
Error: [0.049843 -0.005657 -0.023308 ]
Training successful
in iteration: 19
Input: [2.000000 4.000000 6.000000 ]
label: [7.000000 11.000000 15.000000 ]
Output: [7.049979 11.000230 14.962160 ]
Error: [-0.050336 -0.000230 0.037745 ]
Training successful
Input: [1.000000 3.000000 5.000000 ]
label: [5.000000 9.000000 13.000000 ]
Output: [5.049985 9.008003 12.968764 ]
Error: [-0.050485 -0.008010 0.031161 ]
Training successful
Input: [7.000000 9.000000 11.000000 ]
label: [17.000000 21.000000 25.000000 ]
Output: [16.950027 21.004227 25.023981 ]
Error: [0.049826 -0.004228 -0.024004 ]
Training successful
in iteration: 20
Input: [2.000000 4.000000 6.000000 ]
label: [7.000000 11.000000 15.000000 ]
Output: [7.049992 11.002810 14.961093 ]
Error: [-0.050349 -0.002811 0.038806 ]
Training successful
Input: [1.000000 3.000000 5.000000 ]
label: [5.000000 9.000000 13.000000 ]
Output: [5.049981 9.010929 12.969488 ]
Error: [-0.050481 -0.010942 0.030440 ]
Training successful
Input: [7.000000 9.000000 11.000000 ]
label: [17.000000 21.000000 25.000000 ]
Output: [16.950001 21.002707 25.024753 ]
Error: [0.049852 -0.002708 -0.024777 ]
Training successful
in iteration: 21
Input: [2.000000 4.000000 6.000000 ]
label: [7.000000 11.000000 15.000000 ]
Output: [7.049997 11.005486 14.960076 ]
Error: [-0.050354 -0.005489 0.039817 ]
Training successful
Input: [1.000000 3.000000 5.000000 ]
label: [5.000000 9.000000 13.000000 ]
Output: [5.049955 9.013819 12.970479 ]
Error: [-0.050454 -0.013840 0.029454 ]
Training successful
Input: [7.000000 9.000000 11.000000 ]
label: [17.000000 21.000000 25.000000 ]
Output: [16.950008 21.001146 25.025506 ]
Error: [0.049845 -0.001146 -0.025532 ]
Training successful
in iteration: 22
Input: [2.000000 4.000000 6.000000 ]
label: [7.000000 11.000000 15.000000 ]
Output: [7.049990 11.008161 14.959218 ]
Error: [-0.050347 -0.008167 0.040671 ]
Training successful
Input: [1.000000 3.000000 5.000000 ]
label: [5.000000 9.000000 13.000000 ]
Output: [5.049991 9.016617 12.971740 ]
Error: [-0.050491 -0.016647 0.028199 ]
Training successful
Input: [7.000000 9.000000 11.000000 ]
label: [17.000000 21.000000 25.000000 ]
Output: [16.950003 20.999602 25.026209 ]
Error: [0.049850 0.000398 -0.026236 ]
Training successful
in iteration: 23
Input: [2.000000 4.000000 6.000000 ]
label: [7.000000 11.000000 15.000000 ]
Output: [7.049998 11.010747 14.958588 ]
Error: [-0.050355 -0.010757 0.041298 ]
Training successful
Input: [1.000000 3.000000 5.000000 ]
label: [5.000000 9.000000 13.000000 ]
Output: [5.049988 9.019197 12.973312 ]
Error: [-0.050488 -0.019238 0.026634 ]
Training successful
Input: [7.000000 9.000000 11.000000 ]
label: [17.000000 21.000000 25.000000 ]
Output: [16.950015 20.998134 25.026800 ]
Error: [0.049838 0.001866 -0.026828 ]
Training successful
in iteration: 24
Input: [2.000000 4.000000 6.000000 ]
label: [7.000000 11.000000 15.000000 ]
Output: [7.049973 11.013149 14.958290 ]
Error: [-0.050330 -0.013165 0.041594 ]
Training successful
Input: [1.000000 3.000000 5.000000 ]
label: [5.000000 9.000000 13.000000 ]
Output: [5.049989 9.021522 12.975162 ]
Error: [-0.050488 -0.021574 0.024791 ]
Training successful
Input: [7.000000 9.000000 11.000000 ]
label: [17.000000 21.000000 25.000000 ]
Output: [16.950043 20.996795 25.027243 ]
Error: [0.049810 0.003205 -0.027273 ]
Training successful
in iteration: 25
Input: [2.000000 4.000000 6.000000 ]
label: [7.000000 11.000000 15.000000 ]
Output: [7.049963 11.015321 14.958332 ]
Error: [-0.050319 -0.015342 0.041552 ]
Training successful
Input: [1.000000 3.000000 5.000000 ]
label: [5.000000 9.000000 13.000000 ]
Output: [5.049971 9.023545 12.977251 ]
Error: [-0.050470 -0.023607 0.022709 ]
Training successful
Input: [7.000000 9.000000 11.000000 ]
label: [17.000000 21.000000 25.000000 ]
Output: [16.950048 20.995612 25.027536 ]
Error: [0.049805 0.004387 -0.027566 ]
Training successful
in iteration: 26
Input: [2.000000 4.000000 6.000000 ]
label: [7.000000 11.000000 15.000000 ]
Output: [7.049999 11.017243 14.958706 ]
Error: [-0.050356 -0.017271 0.041181 ]
Training successful
Input: [1.000000 3.000000 5.000000 ]
label: [5.000000 9.000000 13.000000 ]
Output: [5.049959 9.025267 12.979514 ]
Error: [-0.050458 -0.025338 0.020453 ]
Training successful
Input: [7.000000 9.000000 11.000000 ]
label: [17.000000 21.000000 25.000000 ]
Output: [16.950002 20.994599 25.027681 ]
Error: [0.049851 0.005400 -0.027712 ]
Training successful
in iteration: 27
Input: [2.000000 4.000000 6.000000 ]
label: [7.000000 11.000000 15.000000 ]
Output: [7.049947 11.018845 14.959491 ]
Error: [-0.050303 -0.018878 0.040400 ]
Training successful
Input: [1.000000 3.000000 5.000000 ]
label: [5.000000 9.000000 13.000000 ]
Output: [5.049962 9.026702 12.981890 ]
Error: [-0.050461 -0.026782 0.018085 ]
Training successful
Input: [7.000000 9.000000 11.000000 ]
label: [17.000000 21.000000 25.000000 ]
Output: [16.950042 20.993780 25.027616 ]
Error: [0.049811 0.006218 -0.027646 ]
Training successful
in iteration: 28
Input: [2.000000 4.000000 6.000000 ]
label: [7.000000 11.000000 15.000000 ]
Output: [7.049987 11.020213 14.960527 ]
Error: [-0.050344 -0.020250 0.039369 ]
Training successful
Input: [1.000000 3.000000 5.000000 ]
label: [5.000000 9.000000 13.000000 ]
Output: [5.049997 9.027882 12.984298 ]
Error: [-0.050497 -0.027968 0.015683 ]
Training successful
Input: [7.000000 9.000000 11.000000 ]
label: [17.000000 21.000000 25.000000 ]
Output: [16.950051 20.993128 25.027412 ]
Error: [0.049802 0.006870 -0.027442 ]
Training successful
in iteration: 29
Input: [2.000000 4.000000 6.000000 ]
label: [7.000000 11.000000 15.000000 ]
Output: [7.049969 11.021294 14.961856 ]
Error: [-0.050326 -0.021336 0.038047 ]
Training successful
Input: [1.000000 3.000000 5.000000 ]
label: [5.000000 9.000000 13.000000 ]
Output: [5.049948 9.028756 12.986678 ]
Error: [-0.050447 -0.028848 0.013308 ]
Training successful
Input: [7.000000 9.000000 11.000000 ]
label: [17.000000 21.000000 25.000000 ]
Output: [16.950018 20.992621 25.027097 ]
Error: [0.049835 0.007376 -0.027126 ]
Training successful
in iteration: 30
Input: [2.000000 4.000000 6.000000 ]
label: [7.000000 11.000000 15.000000 ]
Output: [7.049953 11.022147 14.963368 ]
Error: [-0.050310 -0.022192 0.036542 ]
Training successful
Input: [1.000000 3.000000 5.000000 ]
label: [5.000000 9.000000 13.000000 ]
Output: [5.049993 9.029477 12.988967 ]
Error: [-0.050493 -0.029574 0.011024 ]
Training successful
Input: [7.000000 9.000000 11.000000 ]
label: [17.000000 21.000000 25.000000 ]
Output: [16.950047 20.992260 25.026654 ]
Error: [0.049806 0.007737 -0.026682 ]
Training successful
in iteration: 31
Input: [2.000000 4.000000 6.000000 ]
label: [7.000000 11.000000 15.000000 ]
Output: [7.049945 11.022803 14.964987 ]
Error: [-0.050301 -0.022851 0.034931 ]
Training successful
Input: [1.000000 3.000000 5.000000 ]
label: [5.000000 9.000000 13.000000 ]
Output: [5.049958 9.029956 12.991103 ]
Error: [-0.050457 -0.030056 0.008891 ]
Training successful
Input: [7.000000 9.000000 11.000000 ]
label: [17.000000 21.000000 25.000000 ]
Output: [16.950028 20.992000 25.026164 ]
Error: [0.049825 0.007997 -0.026191 ]
Training successful
in iteration: 32
Input: [2.000000 4.000000 6.000000 ]
label: [7.000000 11.000000 15.000000 ]
Output: [7.049999 11.023326 14.966620 ]
Error: [-0.050356 -0.023376 0.033306 ]
Training successful
Input: [1.000000 3.000000 5.000000 ]
label: [5.000000 9.000000 13.000000 ]
Output: [5.049960 9.030306 12.993056 ]
Error: [-0.050459 -0.030408 0.006940 ]
Training successful
Input: [7.000000 9.000000 11.000000 ]
label: [17.000000 21.000000 25.000000 ]
Output: [16.950016 20.991831 25.025633 ]
Error: [0.049837 0.008166 -0.025659 ]
Training successful
in iteration: 33
Input: [2.000000 4.000000 6.000000 ]
label: [7.000000 11.000000 15.000000 ]
Output: [7.049947 11.023653 14.968279 ]
Error: [-0.050304 -0.023704 0.031653 ]
Training successful
Input: [1.000000 3.000000 5.000000 ]
label: [5.000000 9.000000 13.000000 ]
Output: [5.049992 9.030552 12.994811 ]
Error: [-0.050491 -0.030655 0.005187 ]
Training successful
Input: [7.000000 9.000000 11.000000 ]
label: [17.000000 21.000000 25.000000 ]
Output: [16.950012 20.991734 25.025089 ]
Error: [0.049841 0.008263 -0.025114 ]
Training successful
in iteration: 34
Input: [2.000000 4.000000 6.000000 ]
label: [7.000000 11.000000 15.000000 ]
Output: [7.049953 11.023899 14.969843 ]
Error: [-0.050310 -0.023951 0.030096 ]
Training successful
Input: [1.000000 3.000000 5.000000 ]
label: [5.000000 9.000000 13.000000 ]
Output: [5.049997 9.030675 12.996337 ]
Error: [-0.050497 -0.030780 0.003662 ]
Training successful
Input: [7.000000 9.000000 11.000000 ]
label: [17.000000 21.000000 25.000000 ]
Output: [16.950020 20.991693 25.024554 ]
Error: [0.049833 0.008304 -0.024578 ]
Training successful
in iteration: 35
Input: [2.000000 4.000000 6.000000 ]
label: [7.000000 11.000000 15.000000 ]
Output: [7.049957 11.024056 14.971299 ]
Error: [-0.050314 -0.024109 0.028646 ]
Training successful
Input: [1.000000 3.000000 5.000000 ]
label: [5.000000 9.000000 13.000000 ]
Output: [5.049970 9.030694 12.997633 ]
Error: [-0.050469 -0.030799 0.002367 ]
Training successful
Input: [7.000000 9.000000 11.000000 ]
label: [17.000000 21.000000 25.000000 ]
Output: [16.950042 20.991695 25.024046 ]
Error: [0.049811 0.008302 -0.024069 ]
Training successful
in iteration: 36
Input: [2.000000 4.000000 6.000000 ]
label: [7.000000 11.000000 15.000000 ]
Output: [7.049954 11.024140 14.972625 ]
Error: [-0.050311 -0.024193 0.027325 ]
Training successful
Input: [1.000000 3.000000 5.000000 ]
label: [5.000000 9.000000 13.000000 ]
Output: [5.049968 9.030667 12.998716 ]
Error: [-0.050467 -0.030772 0.001283 ]
Training successful
Input: [7.000000 9.000000 11.000000 ]
label: [17.000000 21.000000 25.000000 ]
Output: [16.950030 20.991718 25.023593 ]
Error: [0.049823 0.008279 -0.023616 ]
Training successful
in iteration: 37
Input: [2.000000 4.000000 6.000000 ]
label: [7.000000 11.000000 15.000000 ]
Output: [7.049995 11.024195 14.973792 ]
Error: [-0.050352 -0.024249 0.026162 ]
Training successful
Input: [1.000000 3.000000 5.000000 ]
label: [5.000000 9.000000 13.000000 ]
Output: [5.049990 9.030607 12.999599 ]
Error: [-0.050490 -0.030712 0.000401 ]
Training successful
Input: [7.000000 9.000000 11.000000 ]
label: [17.000000 21.000000 25.000000 ]
Output: [16.950041 20.991766 25.023183 ]
Error: [0.049812 0.008231 -0.023204 ]
Training successful
in iteration: 38
Input: [2.000000 4.000000 6.000000 ]
label: [7.000000 11.000000 15.000000 ]
Output: [7.049962 11.024169 14.974831 ]
Error: [-0.050319 -0.024223 0.025127 ]
Training successful
Input: [1.000000 3.000000 5.000000 ]
label: [5.000000 9.000000 13.000000 ]
Output: [5.049970 9.030480 13.000287 ]
Error: [-0.050469 -0.030584 -0.000287 ]
Training successful
Input: [7.000000 9.000000 11.000000 ]
label: [17.000000 21.000000 25.000000 ]
Output: [16.950024 20.991821 25.022835 ]
Error: [0.049829 0.008175 -0.022856 ]
Training successful
in iteration: 39
Input: [2.000000 4.000000 6.000000 ]
label: [7.000000 11.000000 15.000000 ]
Output: [7.049963 11.024134 14.975713 ]
Error: [-0.050320 -0.024187 0.024247 ]
Training successful
Input: [1.000000 3.000000 5.000000 ]
label: [5.000000 9.000000 13.000000 ]
Output: [5.049969 9.030338 13.000808 ]
Error: [-0.050468 -0.030441 -0.000808 ]
Training successful
Input: [7.000000 9.000000 11.000000 ]
label: [17.000000 21.000000 25.000000 ]
Output: [16.950037 20.991892 25.022530 ]
Error: [0.049816 0.008105 -0.022550 ]
Training successful
in iteration: 40
Input: [2.000000 4.000000 6.000000 ]
label: [7.000000 11.000000 15.000000 ]
Output: [7.049995 11.024094 14.976450 ]
Error: [-0.050352 -0.024147 0.023513 ]
Training successful
Input: [1.000000 3.000000 5.000000 ]
label: [5.000000 9.000000 13.000000 ]
Output: [5.049985 9.030187 13.001183 ]
Error: [-0.050485 -0.030289 -0.001184 ]
Training successful
Input: [7.000000 9.000000 11.000000 ]
label: [17.000000 21.000000 25.000000 ]
Output: [16.950030 20.991963 25.022282 ]
Error: [0.049823 0.008034 -0.022302 ]
Training successful
in iteration: 41
Input: [2.000000 4.000000 6.000000 ]
label: [7.000000 11.000000 15.000000 ]
Output: [7.049997 11.024023 14.977066 ]
Error: [-0.050354 -0.024075 0.022899 ]
Training successful
Input: [1.000000 3.000000 5.000000 ]
label: [5.000000 9.000000 13.000000 ]
Output: [5.049955 9.029988 13.001416 ]
Error: [-0.050454 -0.030088 -0.001416 ]
Training successful
Input: [7.000000 9.000000 11.000000 ]
label: [17.000000 21.000000 25.000000 ]
Output: [16.950004 20.992031 25.022087 ]
Error: [0.049849 0.007966 -0.022107 ]
Training successful
in iteration: 42
Input: [2.000000 4.000000 6.000000 ]
label: [7.000000 11.000000 15.000000 ]
Output: [7.049965 11.023923 14.977575 ]
Error: [-0.050321 -0.023975 0.022391 ]
Training successful
Input: [1.000000 3.000000 5.000000 ]
label: [5.000000 9.000000 13.000000 ]
Output: [5.049995 9.029829 13.001560 ]
Error: [-0.050495 -0.029928 -0.001560 ]
Training successful
Input: [7.000000 9.000000 11.000000 ]
label: [17.000000 21.000000 25.000000 ]
Output: [16.950016 20.992108 25.021922 ]
Error: [0.049837 0.007889 -0.021941 ]
Training successful
in iteration: 43
Input: [2.000000 4.000000 6.000000 ]
label: [7.000000 11.000000 15.000000 ]
Output: [7.049953 11.023828 14.977978 ]
Error: [-0.050309 -0.023879 0.021990 ]
Training successful
Input: [1.000000 3.000000 5.000000 ]
label: [5.000000 9.000000 13.000000 ]
Output: [5.049988 9.029629 13.001592 ]
Error: [-0.050488 -0.029726 -0.001593 ]
Training successful
Input: [7.000000 9.000000 11.000000 ]
label: [17.000000 21.000000 25.000000 ]
Output: [16.950014 20.992181 25.021799 ]
Error: [0.049839 0.007816 -0.021818 ]
Training successful
in iteration: 44
Input: [2.000000 4.000000 6.000000 ]
label: [7.000000 11.000000 15.000000 ]
Output: [7.049958 11.023740 14.978289 ]
Error: [-0.050315 -0.023791 0.021679 ]
Training successful
Input: [1.000000 3.000000 5.000000 ]
label: [5.000000 9.000000 13.000000 ]
Output: [5.049992 9.029432 13.001547 ]
Error: [-0.050492 -0.029528 -0.001547 ]
Training successful
Input: [7.000000 9.000000 11.000000 ]
label: [17.000000 21.000000 25.000000 ]
Output: [16.950001 20.992250 25.021712 ]
Error: [0.049852 0.007747 -0.021731 ]
Training successful
in iteration: 45
Input: [2.000000 4.000000 6.000000 ]
label: [7.000000 11.000000 15.000000 ]
Output: [7.049979 11.023659 14.978522 ]
Error: [-0.050336 -0.023710 0.021447 ]
Training successful
Input: [1.000000 3.000000 5.000000 ]
label: [5.000000 9.000000 13.000000 ]
Output: [5.049945 9.029196 13.001420 ]
Error: [-0.050444 -0.029291 -0.001420 ]
Training successful
Input: [7.000000 9.000000 11.000000 ]
label: [17.000000 21.000000 25.000000 ]
Output: [16.950030 20.992326 25.021640 ]
Error: [0.049823 0.007672 -0.021659 ]
Training successful
in iteration: 46
Input: [2.000000 4.000000 6.000000 ]
label: [7.000000 11.000000 15.000000 ]
Output: [7.049956 11.023554 14.978699 ]
Error: [-0.050313 -0.023604 0.021271 ]
Training successful
Input: [1.000000 3.000000 5.000000 ]
label: [5.000000 9.000000 13.000000 ]
Output: [5.049965 9.029006 13.001258 ]
Error: [-0.050465 -0.029100 -0.001258 ]
Training successful
Input: [7.000000 9.000000 11.000000 ]
label: [17.000000 21.000000 25.000000 ]
Output: [16.950051 20.992397 25.021594 ]
Error: [0.049802 0.007601 -0.021613 ]
Training successful
in iteration: 47
Input: [2.000000 4.000000 6.000000 ]
label: [7.000000 11.000000 15.000000 ]
Output: [7.049945 11.023457 14.978819 ]
Error: [-0.050302 -0.023507 0.021151 ]
Training successful
Input: [1.000000 3.000000 5.000000 ]
label: [5.000000 9.000000 13.000000 ]
Output: [5.049993 9.028822 13.001052 ]
Error: [-0.050493 -0.028914 -0.001052 ]
Training successful
Input: [7.000000 9.000000 11.000000 ]
label: [17.000000 21.000000 25.000000 ]
Output: [16.950011 20.992451 25.021586 ]
Error: [0.049842 0.007547 -0.021604 ]
Training successful
in iteration: 48
Input: [2.000000 4.000000 6.000000 ]
label: [7.000000 11.000000 15.000000 ]
Output: [7.049944 11.023368 14.978893 ]
Error: [-0.050300 -0.023417 0.021078 ]
Training successful
Input: [1.000000 3.000000 5.000000 ]
label: [5.000000 9.000000 13.000000 ]
Output: [5.049967 9.028600 13.000793 ]
Error: [-0.050467 -0.028691 -0.000793 ]
Training successful
Input: [7.000000 9.000000 11.000000 ]
label: [17.000000 21.000000 25.000000 ]
Output: [16.950017 20.992512 25.021580 ]
Error: [0.049836 0.007485 -0.021599 ]
Training successful
in iteration: 49
Input: [2.000000 4.000000 6.000000 ]
label: [7.000000 11.000000 15.000000 ]
Output: [7.049952 11.023286 14.978927 ]
Error: [-0.050308 -0.023336 0.021044 ]
Training successful
Input: [1.000000 3.000000 5.000000 ]
label: [5.000000 9.000000 13.000000 ]
Output: [5.049948 9.028383 13.000505 ]
Error: [-0.050447 -0.028473 -0.000505 ]
Training successful
Input: [7.000000 9.000000 11.000000 ]
label: [17.000000 21.000000 25.000000 ]
Output: [16.950017 20.992570 25.021590 ]
Error: [0.049836 0.007428 -0.021609 ]
Training successful
in iteration: 50
Input: [2.000000 4.000000 6.000000 ]
label: [7.000000 11.000000 15.000000 ]
Output: [7.049968 11.023212 14.978929 ]
Error: [-0.050324 -0.023261 0.021041 ]
Training successful
Input: [1.000000 3.000000 5.000000 ]
label: [5.000000 9.000000 13.000000 ]
Output: [5.049993 9.028212 13.000209 ]
Error: [-0.050493 -0.028301 -0.000209 ]
Training successful
Input: [7.000000 9.000000 11.000000 ]
label: [17.000000 21.000000 25.000000 ]
Output: [16.950014 20.992624 25.021612 ]
Error: [0.049839 0.007374 -0.021631 ]
Training successful
in iteration: 51
Input: [2.000000 4.000000 6.000000 ]
label: [7.000000 11.000000 15.000000 ]
Output: [7.049991 11.023145 14.978906 ]
Error: [-0.050348 -0.023194 0.021064 ]
Training successful
Input: [1.000000 3.000000 5.000000 ]
label: [5.000000 9.000000 13.000000 ]
Output: [5.049983 9.028004 12.999878 ]
Error: [-0.050483 -0.028091 0.000122 ]
Training successful
Input: [7.000000 9.000000 11.000000 ]
label: [17.000000 21.000000 25.000000 ]
Output: [16.950005 20.992674 25.021645 ]
Error: [0.049848 0.007324 -0.021664 ]
Training successful
in iteration: 52
Input: [2.000000 4.000000 6.000000 ]
label: [7.000000 11.000000 15.000000 ]
Output: [7.049963 11.023053 14.978872 ]
Error: [-0.050319 -0.023101 0.021098 ]
Training successful
Input: [1.000000 3.000000 5.000000 ]
label: [5.000000 9.000000 13.000000 ]
Output: [5.049974 9.027798 12.999532 ]
Error: [-0.050474 -0.027883 0.000468 ]
Training successful
Input: [7.000000 9.000000 11.000000 ]
label: [17.000000 21.000000 25.000000 ]
Output: [16.950045 20.992733 25.021670 ]
Error: [0.049808 0.007265 -0.021689 ]
Training successful
in iteration: 53
Input: [2.000000 4.000000 6.000000 ]
label: [7.000000 11.000000 15.000000 ]
Output: [7.049998 11.022999 14.978810 ]
Error: [-0.050355 -0.023047 0.021160 ]
Training successful
Input: [1.000000 3.000000 5.000000 ]
label: [5.000000 9.000000 13.000000 ]
Output: [5.049970 9.027594 12.999169 ]
Error: [-0.050469 -0.027679 0.000831 ]
Training successful
Input: [7.000000 9.000000 11.000000 ]
label: [17.000000 21.000000 25.000000 ]
Output: [16.950029 20.992777 25.021717 ]
Error: [0.049824 0.007221 -0.021736 ]
Training successful
in iteration: 54
Input: [2.000000 4.000000 6.000000 ]
label: [7.000000 11.000000 15.000000 ]
Output: [7.049981 11.022919 14.978746 ]
Error: [-0.050337 -0.022967 0.021224 ]
Training successful
Input: [1.000000 3.000000 5.000000 ]
label: [5.000000 9.000000 13.000000 ]
Output: [5.049966 9.027391 12.998796 ]
Error: [-0.050465 -0.027474 0.001203 ]
Training successful
Input: [7.000000 9.000000 11.000000 ]
label: [17.000000 21.000000 25.000000 ]
Output: [16.950010 20.992818 25.021770 ]
Error: [0.049843 0.007180 -0.021789 ]
Training successful
in iteration: 55
Input: [2.000000 4.000000 6.000000 ]
label: [7.000000 11.000000 15.000000 ]
Output: [7.049968 11.022845 14.978672 ]
Error: [-0.050324 -0.022892 0.021298 ]
Training successful
Input: [1.000000 3.000000 5.000000 ]
label: [5.000000 9.000000 13.000000 ]
Output: [5.049962 9.027186 12.998411 ]
Error: [-0.050461 -0.027268 0.001589 ]
Training successful
Input: [7.000000 9.000000 11.000000 ]
label: [17.000000 21.000000 25.000000 ]
Output: [16.950043 20.992869 25.021810 ]
Error: [0.049810 0.007129 -0.021829 ]
Training successful
in iteration: 56
Input: [2.000000 4.000000 6.000000 ]
label: [7.000000 11.000000 15.000000 ]
Output: [7.049959 11.022775 14.978589 ]
Error: [-0.050316 -0.022823 0.021380 ]
Training successful
Input: [1.000000 3.000000 5.000000 ]
label: [5.000000 9.000000 13.000000 ]
Output: [5.049957 9.026978 12.998011 ]
Error: [-0.050456 -0.027059 0.001989 ]
Training successful
Input: [7.000000 9.000000 11.000000 ]
label: [17.000000 21.000000 25.000000 ]
Output: [16.950020 20.992905 25.021870 ]
Error: [0.049833 0.007092 -0.021889 ]
Training successful
in iteration: 57
Input: [2.000000 4.000000 6.000000 ]
label: [7.000000 11.000000 15.000000 ]
Output: [7.049955 11.022712 14.978502 ]
Error: [-0.050312 -0.022759 0.021467 ]
Training successful
Input: [1.000000 3.000000 5.000000 ]
label: [5.000000 9.000000 13.000000 ]
Output: [5.049948 9.026763 12.997594 ]
Error: [-0.050447 -0.026843 0.002406 ]
Training successful
Input: [7.000000 9.000000 11.000000 ]
label: [17.000000 21.000000 25.000000 ]
Output: [16.950050 20.992952 25.021917 ]
Error: [0.049803 0.007045 -0.021936 ]
Training successful
in iteration: 58
Input: [2.000000 4.000000 6.000000 ]
label: [7.000000 11.000000 15.000000 ]
Output: [7.049957 11.022657 14.978398 ]
Error: [-0.050313 -0.022704 0.021571 ]
Training successful
Input: [1.000000 3.000000 5.000000 ]
label: [5.000000 9.000000 13.000000 ]
Output: [5.049974 9.026550 12.997144 ]
Error: [-0.050474 -0.026628 0.002855 ]
Training successful
Input: [7.000000 9.000000 11.000000 ]
label: [17.000000 21.000000 25.000000 ]
Output: [16.950027 20.992987 25.021983 ]
Error: [0.049826 0.007011 -0.022002 ]
Training successful
in iteration: 59
Input: [2.000000 4.000000 6.000000 ]
label: [7.000000 11.000000 15.000000 ]
Output: [7.049962 11.022606 14.978273 ]
Error: [-0.050319 -0.022653 0.021696 ]
Training successful
Input: [1.000000 3.000000 5.000000 ]
label: [5.000000 9.000000 13.000000 ]
Output: [5.049954 9.026220 12.996507 ]
Error: [-0.050453 -0.026297 0.003492 ]
Training successful
Input: [7.000000 9.000000 11.000000 ]
label: [17.000000 21.000000 25.000000 ]
Output: [16.950015 20.993026 25.022049 ]
Error: [0.049838 0.006972 -0.022068 ]
Training successful
in iteration: 60
Input: [2.000000 4.000000 6.000000 ]
label: [7.000000 11.000000 15.000000 ]
Output: [7.049969 11.022556 14.978145 ]
Error: [-0.050326 -0.022603 0.021823 ]
Training successful
Input: [1.000000 3.000000 5.000000 ]
label: [5.000000 9.000000 13.000000 ]
Output: [5.049982 9.025089 12.994022 ]
Error: [-0.050482 -0.025159 0.005975 ]
Training successful
Input: [7.000000 9.000000 11.000000 ]
label: [17.000000 21.000000 25.000000 ]
Output: [16.950013 20.993074 25.022142 ]
Error: [0.049840 0.006924 -0.022162 ]
Training successful
in iteration: 61
Input: [2.000000 4.000000 6.000000 ]
label: [7.000000 11.000000 15.000000 ]
Output: [7.049977 11.022510 14.978029 ]
Error: [-0.050334 -0.022556 0.021939 ]
Training successful
Input: [1.000000 3.000000 5.000000 ]
label: [5.000000 9.000000 13.000000 ]
Output: [5.049954 9.025078 12.994120 ]
Error: [-0.050453 -0.025148 0.005877 ]
Training successful
Input: [7.000000 9.000000 11.000000 ]
label: [17.000000 21.000000 25.000000 ]
Output: [16.950041 20.993144 25.022265 ]
Error: [0.049813 0.006854 -0.022285 ]
Training successful
in iteration: 62
Input: [2.000000 4.000000 6.000000 ]
label: [7.000000 11.000000 15.000000 ]
Output: [7.049990 11.022468 14.977909 ]
Error: [-0.050347 -0.022514 0.022059 ]
Training successful
Input: [1.000000 3.000000 5.000000 ]
label: [5.000000 9.000000 13.000000 ]
Output: [5.049993 9.025208 12.994366 ]
Error: [-0.050493 -0.025278 0.005631 ]
Training successful
Input: [7.000000 9.000000 11.000000 ]
label: [17.000000 21.000000 25.000000 ]
Output: [16.950001 20.993169 25.022340 ]
Error: [0.049852 0.006829 -0.022360 ]
Training successful
in iteration: 63
Input: [2.000000 4.000000 6.000000 ]
label: [7.000000 11.000000 15.000000 ]
Output: [7.049947 11.022399 14.977802 ]
Error: [-0.050304 -0.022444 0.022166 ]
Training successful
Input: [1.000000 3.000000 5.000000 ]
label: [5.000000 9.000000 13.000000 ]
Output: [5.049957 9.025151 12.994282 ]
Error: [-0.050456 -0.025221 0.005715 ]
Training successful
Input: [7.000000 9.000000 11.000000 ]
label: [17.000000 21.000000 25.000000 ]
Output: [16.950049 20.993207 25.022376 ]
Error: [0.049804 0.006791 -0.022396 ]
Training successful
in iteration: 64
Input: [2.000000 4.000000 6.000000 ]
label: [7.000000 11.000000 15.000000 ]
Output: [7.049965 11.022363 14.977683 ]
Error: [-0.050321 -0.022409 0.022284 ]
Training successful
Input: [1.000000 3.000000 5.000000 ]
label: [5.000000 9.000000 13.000000 ]
Output: [5.049999 9.025125 12.994165 ]
Error: [-0.050498 -0.025195 0.005832 ]
Training successful
Input: [7.000000 9.000000 11.000000 ]
label: [17.000000 21.000000 25.000000 ]
Output: [16.950037 20.993228 25.022425 ]
Error: [0.049816 0.006770 -0.022445 ]
Training successful
in iteration: 65
Input: [2.000000 4.000000 6.000000 ]
label: [7.000000 11.000000 15.000000 ]
Output: [7.049984 11.022330 14.977565 ]
Error: [-0.050341 -0.022375 0.022401 ]
Training successful
Input: [1.000000 3.000000 5.000000 ]
label: [5.000000 9.000000 13.000000 ]
Output: [5.049966 9.025051 12.994027 ]
Error: [-0.050465 -0.025121 0.005970 ]
Training successful
Input: [7.000000 9.000000 11.000000 ]
label: [17.000000 21.000000 25.000000 ]
Output: [16.950017 20.993246 25.022473 ]
Error: [0.049836 0.006752 -0.022493 ]
Training successful
in iteration: 66
Input: [2.000000 4.000000 6.000000 ]
label: [7.000000 11.000000 15.000000 ]
Output: [7.049947 11.022268 14.977458 ]
Error: [-0.050304 -0.022313 0.022508 ]
Training successful
Input: [1.000000 3.000000 5.000000 ]
label: [5.000000 9.000000 13.000000 ]
Output: [5.049986 9.025012 12.993898 ]
Error: [-0.050485 -0.025082 0.006099 ]
Training successful
Input: [7.000000 9.000000 11.000000 ]
label: [17.000000 21.000000 25.000000 ]
Output: [16.950048 20.993273 25.022502 ]
Error: [0.049805 0.006724 -0.022523 ]
Training successful
in iteration: 67
Input: [2.000000 4.000000 6.000000 ]
label: [7.000000 11.000000 15.000000 ]
Output: [7.049970 11.022239 14.977339 ]
Error: [-0.050327 -0.022284 0.022627 ]
Training successful
Input: [1.000000 3.000000 5.000000 ]
label: [5.000000 9.000000 13.000000 ]
Output: [5.049947 9.024938 12.993755 ]
Error: [-0.050446 -0.025007 0.006242 ]
Training successful
Input: [7.000000 9.000000 11.000000 ]
label: [17.000000 21.000000 25.000000 ]
Output: [16.950021 20.993287 25.022549 ]
Error: [0.049832 0.006711 -0.022569 ]
Training successful
in iteration: 68
Input: [2.000000 4.000000 6.000000 ]
label: [7.000000 11.000000 15.000000 ]
Output: [7.049995 11.022212 14.977218 ]
Error: [-0.050352 -0.022257 0.022747 ]
Training successful
Input: [1.000000 3.000000 5.000000 ]
label: [5.000000 9.000000 13.000000 ]
Output: [5.049968 9.024902 12.993618 ]
Error: [-0.050467 -0.024971 0.006378 ]
Training successful
Input: [7.000000 9.000000 11.000000 ]
label: [17.000000 21.000000 25.000000 ]
Output: [16.950046 20.993311 25.022578 ]
Error: [0.049807 0.006687 -0.022598 ]
Training successful
in iteration: 69
Input: [2.000000 4.000000 6.000000 ]
label: [7.000000 11.000000 15.000000 ]
Output: [7.049965 11.022156 14.977106 ]
Error: [-0.050321 -0.022200 0.022859 ]
Training successful
Input: [1.000000 3.000000 5.000000 ]
label: [5.000000 9.000000 13.000000 ]
Output: [5.049987 9.024867 12.993480 ]
Error: [-0.050487 -0.024936 0.006517 ]
Training successful
Input: [7.000000 9.000000 11.000000 ]
label: [17.000000 21.000000 25.000000 ]
Output: [16.950016 20.993322 25.022623 ]
Error: [0.049837 0.006676 -0.022644 ]
Training successful
in iteration: 70
Input: [2.000000 4.000000 6.000000 ]
label: [7.000000 11.000000 15.000000 ]
Output: [7.049993 11.022132 14.976980 ]
Error: [-0.050350 -0.022177 0.022985 ]
Training successful
Input: [1.000000 3.000000 5.000000 ]
label: [5.000000 9.000000 13.000000 ]
Output: [5.049950 9.024797 12.993324 ]
Error: [-0.050449 -0.024865 0.006672 ]
Training successful
Input: [7.000000 9.000000 11.000000 ]
label: [17.000000 21.000000 25.000000 ]
Output: [16.950036 20.993343 25.022652 ]
Error: [0.049817 0.006655 -0.022673 ]
Training successful
in iteration: 71
Input: [2.000000 4.000000 6.000000 ]
label: [7.000000 11.000000 15.000000 ]
Output: [7.049967 11.022078 14.976860 ]
Error: [-0.050324 -0.022122 0.023104 ]
Training successful
Input: [1.000000 3.000000 5.000000 ]
label: [5.000000 9.000000 13.000000 ]
Output: [5.049973 9.024764 12.993172 ]
Error: [-0.050472 -0.024832 0.006825 ]
Training successful
Input: [7.000000 9.000000 11.000000 ]
label: [17.000000 21.000000 25.000000 ]
Output: [16.950002 20.993351 25.022699 ]
Error: [0.049851 0.006647 -0.022719 ]
Training successful
in iteration: 72
Input: [2.000000 4.000000 6.000000 ]
label: [7.000000 11.000000 15.000000 ]
Output: [7.050000 11.022056 14.976723 ]
Error: [-0.050357 -0.022101 0.023241 ]
Training successful
Input: [1.000000 3.000000 5.000000 ]
label: [5.000000 9.000000 13.000000 ]
Output: [5.049999 9.024732 12.993005 ]
Error: [-0.050499 -0.024800 0.006991 ]
Training successful
Input: [7.000000 9.000000 11.000000 ]
label: [17.000000 21.000000 25.000000 ]
Output: [16.950019 20.993370 25.022728 ]
Error: [0.049834 0.006628 -0.022749 ]
Training successful
in iteration: 73
Input: [2.000000 4.000000 6.000000 ]
label: [7.000000 11.000000 15.000000 ]
Output: [7.049978 11.022004 14.976591 ]
Error: [-0.050335 -0.022048 0.023372 ]
Training successful
Input: [1.000000 3.000000 5.000000 ]
label: [5.000000 9.000000 13.000000 ]
Output: [5.049965 9.024661 12.992820 ]
Error: [-0.050464 -0.024728 0.007176 ]
Training successful
Input: [7.000000 9.000000 11.000000 ]
label: [17.000000 21.000000 25.000000 ]
Output: [16.950034 20.993388 25.022759 ]
Error: [0.049819 0.006610 -0.022780 ]
Training successful
in iteration: 74
Input: [2.000000 4.000000 6.000000 ]
label: [7.000000 11.000000 15.000000 ]
Output: [7.049959 11.021951 14.976451 ]
Error: [-0.050315 -0.021995 0.023512 ]
Training successful
Input: [1.000000 3.000000 5.000000 ]
label: [5.000000 9.000000 13.000000 ]
Output: [5.049992 9.024625 12.992626 ]
Error: [-0.050492 -0.024693 0.007370 ]
Training successful
Input: [7.000000 9.000000 11.000000 ]
label: [17.000000 21.000000 25.000000 ]
Output: [16.950048 20.993405 25.022791 ]
Error: [0.049805 0.006593 -0.022812 ]
Training successful
in iteration: 75
Input: [2.000000 4.000000 6.000000 ]
label: [7.000000 11.000000 15.000000 ]
Output: [7.049999 11.021928 14.976288 ]
Error: [-0.050356 -0.021972 0.023675 ]
Training successful
Input: [1.000000 3.000000 5.000000 ]
label: [5.000000 9.000000 13.000000 ]
Output: [5.049964 9.024550 12.992402 ]
Error: [-0.050464 -0.024617 0.007594 ]
Training successful
Input: [7.000000 9.000000 11.000000 ]
label: [17.000000 21.000000 25.000000 ]
Output: [16.950007 20.993409 25.022842 ]
Error: [0.049846 0.006588 -0.022863 ]
Training successful
in iteration: 76
Input: [2.000000 4.000000 6.000000 ]
label: [7.000000 11.000000 15.000000 ]
Output: [7.049985 11.021873 14.976126 ]
Error: [-0.050342 -0.021917 0.023836 ]
Training successful
Input: [1.000000 3.000000 5.000000 ]
label: [5.000000 9.000000 13.000000 ]
Output: [5.049996 9.024507 12.992165 ]
Error: [-0.050496 -0.024574 0.007830 ]
Training successful
Input: [7.000000 9.000000 11.000000 ]
label: [17.000000 21.000000 25.000000 ]
Output: [16.950017 20.993425 25.022877 ]
Error: [0.049836 0.006573 -0.022898 ]
Training successful
in iteration: 77
Input: [2.000000 4.000000 6.000000 ]
label: [7.000000 11.000000 15.000000 ]
Output: [7.049975 11.021815 14.975950 ]
Error: [-0.050331 -0.021858 0.024012 ]
Training successful
Input: [1.000000 3.000000 5.000000 ]
label: [5.000000 9.000000 13.000000 ]
Output: [5.049970 9.024420 12.991893 ]
Error: [-0.050470 -0.024487 0.008102 ]
Training successful
Input: [7.000000 9.000000 11.000000 ]
label: [17.000000 21.000000 25.000000 ]
Output: [16.950025 20.993440 25.022915 ]
Error: [0.049828 0.006558 -0.022936 ]
Training successful
in iteration: 78
Input: [2.000000 4.000000 6.000000 ]
label: [7.000000 11.000000 15.000000 ]
Output: [7.049968 11.021753 14.975757 ]
Error: [-0.050325 -0.021796 0.024204 ]
Training successful
Input: [1.000000 3.000000 5.000000 ]
label: [5.000000 9.000000 13.000000 ]
Output: [5.049947 9.024325 12.991589 ]
Error: [-0.050446 -0.024391 0.008406 ]
Training successful
Input: [7.000000 9.000000 11.000000 ]
label: [17.000000 21.000000 25.000000 ]
Output: [16.950031 20.993455 25.022955 ]
Error: [0.049822 0.006543 -0.022976 ]
Training successful
in iteration: 79