[Running] cd "c:\Users\goury\c++ honours\NN_Analytics\Assignments\Deep Learning S5 CSE\TCR23CS039_GOURY\libNN_1\" && g++ unit_test.cpp -o unit_test && "c:\Users\goury\c++ honours\NN_Analytics\Assignments\Deep Learning S5 CSE\TCR23CS039_GOURY\libNN_1\"unit_test
Try again
Try again
Try again
Try again
Try again
Training successful
Try again
Try again
in iteration: 0
Try again
Try again
Try again
Try again
Try again
Training successful
Try again
Try again
in iteration: 1
Try again
Try again
Try again
Try again
Try again
Training successful
Try again
Try again
in iteration: 2
Try again
Try again
Try again
Try again
Try again
Training successful
Try again
Try again
in iteration: 3
Try again
Try again
Try again
Try again
Try again
Training successful
Try again
Try again
in iteration: 4
Try again
Try again
Try again
Try again
Try again
Training successful
Try again
Try again
in iteration: 5
Try again
Try again
Try again
Try again
Try again
Training successful
Try again
Try again
in iteration: 6
Try again
Try again
Try again
Try again
Try again
Training successful
Try again
Try again
in iteration: 7
Try again
Try again
Try again
Try again
Try again
Training successful
Try again
Try again
in iteration: 8
Try again
Try again
Try again
Try again
Try again
Training successful
Try again
Try again
in iteration: 9
Try again
Try again
Try again
Try again
Try again
Training successful
Try again
Try again
in iteration: 10
Try again
Try again
Try again
Try again
Try again
Training successful
Try again
Try again
in iteration: 11
Try again
Try again
Try again
Try again
Try again
Training successful
Try again
Try again
in iteration: 12
Try again
Try again
Try again
Try again
Try again
Training successful
Try again
Try again
in iteration: 13
Try again
Try again
Try again
Try again
Try again
Training successful
Try again
Try again
in iteration: 14
Try again
Try again
Try again
Try again
Try again
Training successful
Try again
Try again
in iteration: 15
Try again
Try again
Try again
Try again
Try again
Training successful
Try again
Try again
in iteration: 16
Try again
Try again
Try again
Try again
Try again
Training successful
Try again
Try again
in iteration: 17
Try again
Try again
Try again
Try again
Try again
Training successful
Try again
Try again
in iteration: 18
Try again
Try again
Try again
Try again
Try again
Training successful
Try again
Try again
in iteration: 19
Try again
Try again
Try again
Try again
Try again
Training successful
Try again
Try again
in iteration: 20
Try again
Try again
Try again
Try again
Try again
Training successful
Try again
Try again
in iteration: 21
Try again
Try again
Try again
Try again
Try again
Training successful
Try again
Try again
in iteration: 22
Try again
Try again
Try again
Try again
Try again
Training successful
Try again
Try again
in iteration: 23
Try again
Try again
Try again
Try again
Try again
Training successful
Try again
Try again
in iteration: 24
Try again
Try again
Try again
Try again
Try again
Training successful
Try again
Try again
in iteration: 25
Try again
Try again
Try again
Try again
Try again
Training successful
Try again
Try again
in iteration: 26
Try again
Try again
Try again
Try again
Try again
Training successful
Try again
Try again
in iteration: 27
Try again
Try again
Try again
Try again
Try again
Training successful
Try again
Try again
in iteration: 28
Try again
Try again
Try again
Try again
Try again
Training successful
Try again
Try again
in iteration: 29
Try again
Try again
Try again
Try again
Try again
Training successful
Try again
Try again
in iteration: 30
Try again
Try again
Try again
Try again
Try again
Training successful
Try again
Try again
in iteration: 31
Try again
Try again
Try again
Try again
Try again
Training successful
Try again
Try again
in iteration: 32
Try again
Try again
Try again
Try again
Try again
Training successful
Try again
Try again
in iteration: 33
Try again
Try again
Try again
Try again
Try again
Training successful
Try again
Try again
in iteration: 34
Try again
Try again
Try again
Try again
Try again
Training successful
Try again
Try again
in iteration: 35
Try again
Try again
Try again
Try again
Try again
Training successful
Try again
Try again
in iteration: 36
Try again
Try again
Try again
Try again
Try again
Training successful
Try again
Try again
in iteration: 37
Try again
Try again
Try again
Try again
Try again
Training successful
Try again
Try again
in iteration: 38
Try again
Try again
Try again
Try again
Try again
Training successful
Try again
Try again
in iteration: 39
Try again
Try again
Try again
Try again
Try again
Training successful
Try again
Try again
in iteration: 40
Try again
Try again
Try again
Try again
Try again
Training successful
Try again
Try again
in iteration: 41
Try again
Try again
Try again
Try again
Try again
Training successful
Try again
Try again
in iteration: 42
Try again
Try again
Try again
Try again
Try again
Training successful
Try again
Try again
in iteration: 43
Try again
Try again
Try again
Try again
Try again
Training successful
Try again
Try again
in iteration: 44
Try again
Try again
Try again
Try again
Try again
Training successful
Try again
Try again
in iteration: 45
Try again
Try again
Try again
Try again
Try again
Training successful
Try again
Try again
in iteration: 46
Try again
Try again
Try again
Try again
Try again
Training successful
Try again
Try again
in iteration: 47
Try again
Try again
Try again
Try again
Try again
Training successful
Try again
Try again
in iteration: 48
Try again
Try again
Try again
Try again
Try again
Training successful
Try again
Try again
in iteration: 49
Try again
Try again
Try again
Try again
Try again
Training successful
Try again
Try again
in iteration: 50
Try again
Try again
Try again
Try again
Try again
Training successful
Try again
Try again
in iteration: 51
Try again
Try again
Try again
Try again
Try again
Training successful
Try again
Try again
in iteration: 52
Try again
Try again
Try again
Try again
Try again
Training successful
Try again
Try again
in iteration: 53
Try again
Try again
Try again
Try again
Try again
Training successful
Try again
Try again
in iteration: 54
Try again
Try again
Try again
Try again
Try again
Training successful
Try again
Try again
in iteration: 55
Try again
Try again
Try again
Try again
Try again
Training successful
Try again
Try again
in iteration: 56
Try again
Try again
Try again
Try again
Try again
Training successful
Try again
Try again
in iteration: 57
Try again
Try again
Try again
Try again
Try again
Training successful
Try again
Try again
in iteration: 58
Try again
Try again
Try again
Try again
Try again
Training successful
Try again
Try again
in iteration: 59
Try again
Try again
Try again
Try again
Try again
Training successful
Try again
Try again
in iteration: 60
Try again
Try again
Try again
Try again
Try again
Training successful
Try again
Try again
in iteration: 61
Try again
Try again
Try again
Try again
Try again
Training successful
Try again
Try again
in iteration: 62
Try again
Try again
Try again
Try again
Try again
Training successful
Try again
Try again
in iteration: 63
Try again
Try again
Try again
Try again
Try again
Training successful
Try again
Try again
in iteration: 64
Try again
Try again
Try again
Try again
Try again
Training successful
Try again
Try again
in iteration: 65
Try again
Try again
Try again
Try again
Try again
Training successful
Try again
Try again
in iteration: 66
Try again
Try again
Try again
Try again
Try again
Training successful
Try again
Try again
in iteration: 67
Try again
Try again
Try again
Try again
Try again
Training successful
Try again
Try again
in iteration: 68
Try again
Try again
Try again
Try again
Try again
Training successful
Try again
Try again
in iteration: 69
Try again
Try again
Try again
Try again
Try again
Training successful
Try again
Try again
in iteration: 70
Try again
Try again
Try again
Try again
Try again
Training successful
Try again
Try again
in iteration: 71
Try again
Try again
Try again
Try again
Try again
Training successful
Try again
Try again
in iteration: 72
Try again
Try again
Try again
Try again
Try again
Training successful
Try again
Try again
in iteration: 73
Try again
Try again
Try again
Try again
Try again
Training successful
Try again
Try again
in iteration: 74
Try again
Try again
Try again
Try again
Try again
Training successful
Try again
Try again
in iteration: 75
Try again
Try again
Try again
Try again
Try again
Training successful
Try again
Try again
in iteration: 76
Try again
Try again
Try again
Try again
Try again
Training successful
Try again
Try again
in iteration: 77
Try again
Try again
Try again
Try again
Try again
Training successful
Try again
Try again
in iteration: 78
Try again
Try again
Try again
Try again
Try again
Training successful
Try again
Try again
in iteration: 79
Try again
Try again
Try again
Try again
Try again
Training successful
Try again
Try again
in iteration: 80
Try again
Try again
Try again
Try again
Try again
Training successful
Try again
Try again
in iteration: 81
Try again
Try again
Try again
Try again
Try again
Training successful
Try again
Try again
in iteration: 82
Try again
Try again
Try again
Try again
Try again
Training successful
Try again
Try again
in iteration: 83
Try again
Try again
Try again
Try again
Try again
Training successful
Try again
Try again
in iteration: 84
Try again
Try again
Try again
Try again
Try again
Training successful
Try again
Try again
in iteration: 85
Try again
Try again
Try again
Try again
Try again
Training successful
Try again
Try again
in iteration: 86
Try again
Try again
Try again
Try again
Try again
Training successful
Try again
Try again
in iteration: 87
Try again
Try again
Try again
Try again
Try again
Training successful
Try again
Try again
in iteration: 88
Try again
Try again
Try again
Try again
Try again
Training successful
Try again
Try again
in iteration: 89
Try again
Try again
Try again
Try again
Try again
Training successful
Try again
Try again
in iteration: 90
Try again
Try again
Try again
Try again
Try again
Training successful
Try again
Try again
in iteration: 91
Try again
Try again
Try again
Try again
Try again
Training successful
Try again
Try again
in iteration: 92
Try again
Try again
Try again
Try again
Try again
Training successful
Try again
Try again
in iteration: 93
Try again
Try again
Try again
Try again
Try again
Training successful
Try again
Try again
in iteration: 94
Try again
Try again
Try again
Try again
Try again
Training successful
Try again
Try again
in iteration: 95
Try again
Try again
Try again
Try again
Try again
Training successful
Try again
Try again
in iteration: 96
Try again
Try again
Try again
Try again
Try again
Training successful
Try again
Try again
in iteration: 97
Try again
Try again
Try again
Try again
Try again
Training successful
Try again
Try again
in iteration: 98
Try again
Try again
Try again
Try again
Try again
Training successful
Try again
Try again
in iteration: 99

[Done] exited with code=0 in 13.34 seconds

