Input: [3.000000 6.000000 9.000000 ]
label: [12.000000 15.000000 18.000000 ]
Output: [12.054535 15.100000 17.983431 ]
Error: [-0.054783 -0.100667 0.016554 ]
Training successful
Input: [8.000000 12.000000 20.000000 ]
label: [24.000000 30.000000 36.000000 ]
Output: [23.975823 29.909926 35.900000 ]
Error: [0.024153 0.089804 0.099722 ]
Training successful
in iteration: 0
Input: [3.000000 6.000000 9.000000 ]
label: [12.000000 15.000000 18.000000 ]
Output: [12.029361 15.087271 18.100000 ]
Error: [-0.029433 -0.087779 -0.100555 ]
Training successful
Input: [8.000000 12.000000 20.000000 ]
label: [24.000000 30.000000 36.000000 ]
Output: [23.974931 29.906960 35.900000 ]
Error: [0.025043 0.092752 0.099722 ]
Training successful
in iteration: 1
Input: [3.000000 6.000000 9.000000 ]
label: [12.000000 15.000000 18.000000 ]
Output: [12.028739 15.087212 18.100000 ]
Error: [-0.028808 -0.087719 -0.100555 ]
Training successful
Input: [8.000000 12.000000 20.000000 ]
label: [24.000000 30.000000 36.000000 ]
Output: [23.975712 29.907011 35.900000 ]
Error: [0.024263 0.092700 0.099722 ]
Training successful
in iteration: 2
Input: [3.000000 6.000000 9.000000 ]
label: [12.000000 15.000000 18.000000 ]
Output: [12.028118 15.087176 18.100000 ]
Error: [-0.028184 -0.087683 -0.100555 ]
Training successful
Input: [8.000000 12.000000 20.000000 ]
label: [24.000000 30.000000 36.000000 ]
Output: [23.976502 29.907064 35.900000 ]
Error: [0.023475 0.092648 0.099722 ]
Training successful
in iteration: 3
Input: [3.000000 6.000000 9.000000 ]
label: [12.000000 15.000000 18.000000 ]
Output: [12.027490 15.087141 18.100000 ]
Error: [-0.027553 -0.087647 -0.100555 ]
Training successful
Input: [8.000000 12.000000 20.000000 ]
label: [24.000000 30.000000 36.000000 ]
Output: [23.977298 29.907116 35.900000 ]
Error: [0.022680 0.092596 0.099722 ]
Training successful
in iteration: 4
Input: [3.000000 6.000000 9.000000 ]
label: [12.000000 15.000000 18.000000 ]
Output: [12.026854 15.087106 18.100000 ]
Error: [-0.026914 -0.087612 -0.100556 ]
Training successful
Input: [8.000000 12.000000 20.000000 ]
label: [24.000000 30.000000 36.000000 ]
Output: [23.978103 29.907168 35.900000 ]
Error: [0.021877 0.092544 0.099722 ]
Training successful
in iteration: 5
Input: [3.000000 6.000000 9.000000 ]
label: [12.000000 15.000000 18.000000 ]
Output: [12.026211 15.087071 18.100000 ]
Error: [-0.026269 -0.087577 -0.100555 ]
Training successful
Input: [8.000000 12.000000 20.000000 ]
label: [24.000000 30.000000 36.000000 ]
Output: [23.978916 29.907220 35.900000 ]
Error: [0.021066 0.092493 0.099722 ]
Training successful
in iteration: 6
Input: [3.000000 6.000000 9.000000 ]
label: [12.000000 15.000000 18.000000 ]
Output: [12.025561 15.087037 18.100000 ]
Error: [-0.025616 -0.087542 -0.100555 ]
Training successful
Input: [8.000000 12.000000 20.000000 ]
label: [24.000000 30.000000 36.000000 ]
Output: [23.979736 29.907272 35.900000 ]
Error: [0.020247 0.092441 0.099722 ]
Training successful
in iteration: 7
Input: [3.000000 6.000000 9.000000 ]
label: [12.000000 15.000000 18.000000 ]
Output: [12.024904 15.087003 18.100000 ]
Error: [-0.024955 -0.087508 -0.100556 ]
Training successful
Input: [8.000000 12.000000 20.000000 ]
label: [24.000000 30.000000 36.000000 ]
Output: [23.980565 29.907324 35.900000 ]
Error: [0.019420 0.092390 0.099722 ]
Training successful
in iteration: 8
Input: [3.000000 6.000000 9.000000 ]
label: [12.000000 15.000000 18.000000 ]
Output: [12.024238 15.086969 18.100000 ]
Error: [-0.024287 -0.087474 -0.100555 ]
Training successful
Input: [8.000000 12.000000 20.000000 ]
label: [24.000000 30.000000 36.000000 ]
Output: [23.981401 29.907375 35.900000 ]
Error: [0.018584 0.092339 0.099722 ]
Training successful
in iteration: 9
Input: [3.000000 6.000000 9.000000 ]
label: [12.000000 15.000000 18.000000 ]
Output: [12.023565 15.086936 18.100000 ]
Error: [-0.023612 -0.087440 -0.100555 ]
Training successful
Input: [8.000000 12.000000 20.000000 ]
label: [24.000000 30.000000 36.000000 ]
Output: [23.982246 29.907426 35.900000 ]
Error: [0.017741 0.092288 0.099722 ]
Training successful
in iteration: 10
Input: [3.000000 6.000000 9.000000 ]
label: [12.000000 15.000000 18.000000 ]
Output: [12.022885 15.086903 18.100000 ]
Error: [-0.022928 -0.087407 -0.100555 ]
Training successful
Input: [8.000000 12.000000 20.000000 ]
label: [24.000000 30.000000 36.000000 ]
Output: [23.983099 29.907477 35.900000 ]
Error: [0.016889 0.092238 0.099722 ]
Training successful
in iteration: 11
Input: [3.000000 6.000000 9.000000 ]
label: [12.000000 15.000000 18.000000 ]
Output: [12.022196 15.086871 18.100000 ]
Error: [-0.022237 -0.087374 -0.100556 ]
Training successful
Input: [8.000000 12.000000 20.000000 ]
label: [24.000000 30.000000 36.000000 ]
Output: [23.983960 29.907528 35.900000 ]
Error: [0.016029 0.092187 0.099722 ]
Training successful
in iteration: 12
Input: [3.000000 6.000000 9.000000 ]
label: [12.000000 15.000000 18.000000 ]
Output: [12.021499 15.086839 18.100000 ]
Error: [-0.021537 -0.087342 -0.100555 ]
Training successful
Input: [8.000000 12.000000 20.000000 ]
label: [24.000000 30.000000 36.000000 ]
Output: [23.984830 29.907578 35.900000 ]
Error: [0.015161 0.092137 0.099722 ]
Training successful
in iteration: 13
Input: [3.000000 6.000000 9.000000 ]
label: [12.000000 15.000000 18.000000 ]
Output: [12.020794 15.086807 18.100000 ]
Error: [-0.020830 -0.087310 -0.100555 ]
Training successful
Input: [8.000000 12.000000 20.000000 ]
label: [24.000000 30.000000 36.000000 ]
Output: [23.985708 29.907629 35.900000 ]
Error: [0.014284 0.092087 0.099722 ]
Training successful
in iteration: 14
Input: [3.000000 6.000000 9.000000 ]
label: [12.000000 15.000000 18.000000 ]
Output: [12.020080 15.086776 18.100000 ]
Error: [-0.020114 -0.087278 -0.100555 ]
Training successful
Input: [8.000000 12.000000 20.000000 ]
label: [24.000000 30.000000 36.000000 ]
Output: [23.986595 29.907679 35.900000 ]
Error: [0.013398 0.092037 0.099722 ]
Training successful
in iteration: 15
Input: [3.000000 6.000000 9.000000 ]
label: [12.000000 15.000000 18.000000 ]
Output: [12.019358 15.086746 18.100000 ]
Error: [-0.019389 -0.087247 -0.100555 ]
Training successful
Input: [8.000000 12.000000 20.000000 ]
label: [24.000000 30.000000 36.000000 ]
Output: [23.987490 29.907728 35.900000 ]
Error: [0.012504 0.091988 0.099722 ]
Training successful
in iteration: 16
Input: [3.000000 6.000000 9.000000 ]
label: [12.000000 15.000000 18.000000 ]
Output: [12.018627 15.086716 18.100000 ]
Error: [-0.018656 -0.087217 -0.100555 ]
Training successful
Input: [8.000000 12.000000 20.000000 ]
label: [24.000000 30.000000 36.000000 ]
Output: [23.988394 29.907777 35.900000 ]
Error: [0.011601 0.091939 0.099722 ]
Training successful
in iteration: 17
Input: [3.000000 6.000000 9.000000 ]
label: [12.000000 15.000000 18.000000 ]
Output: [12.017888 15.086686 18.100000 ]
Error: [-0.017914 -0.087187 -0.100555 ]
Training successful
Input: [8.000000 12.000000 20.000000 ]
label: [24.000000 30.000000 36.000000 ]
Output: [23.989306 29.907826 35.900000 ]
Error: [0.010689 0.091890 0.099722 ]
Training successful
in iteration: 18
Input: [3.000000 6.000000 9.000000 ]
label: [12.000000 15.000000 18.000000 ]
Output: [12.017139 15.086657 18.100000 ]
Error: [-0.017163 -0.087158 -0.100555 ]
Training successful