Input: [2.000000 4.000000 6.000000 ]
label: [12.000000 16.000000 216.000000 ]
Output: [12.000132 16.000227 215.990000 ]
Error: [-0.000132 -0.000227 0.009999 ]
Training successful
Input: [1.000000 3.000000 5.000000 ]
label: [9.000000 9.000000 125.000000 ]
Output: [8.999833 8.999841 125.010000 ]
Error: [0.000167 0.000159 -0.010001 ]
Training successful
Input: [3.000000 5.000000 7.000000 ]
label: [15.000000 25.000000 343.000000 ]
Output: [15.000108 25.000251 342.990000 ]
Error: [-0.000108 -0.000251 0.010000 ]
Training successful
in iteration: 0
Input: [2.000000 4.000000 6.000000 ]
label: [12.000000 16.000000 216.000000 ]
Output: [11.999863 15.999792 216.010000 ]
Error: [0.000137 0.000208 -0.010000 ]
Training successful
Input: [1.000000 3.000000 5.000000 ]
label: [9.000000 9.000000 125.000000 ]
Output: [8.999839 8.999846 125.010000 ]
Error: [0.000161 0.000154 -0.010001 ]
Training successful
Input: [3.000000 5.000000 7.000000 ]
label: [15.000000 25.000000 343.000000 ]
Output: [15.000104 25.000249 342.990000 ]
Error: [-0.000104 -0.000249 0.010000 ]
Training successful
in iteration: 1
Input: [2.000000 4.000000 6.000000 ]
label: [12.000000 16.000000 216.000000 ]
Output: [11.999868 15.999795 216.010000 ]
Error: [0.000132 0.000205 -0.010000 ]
Training successful
Input: [1.000000 3.000000 5.000000 ]
label: [9.000000 9.000000 125.000000 ]
Output: [8.999843 8.999851 125.010000 ]
Error: [0.000157 0.000149 -0.010001 ]
Training successful
Input: [3.000000 5.000000 7.000000 ]
label: [15.000000 25.000000 343.000000 ]
Output: [15.000101 25.000246 342.990000 ]
Error: [-0.000101 -0.000246 0.010000 ]
Training successful
in iteration: 2
Input: [2.000000 4.000000 6.000000 ]
label: [12.000000 16.000000 216.000000 ]
Output: [11.999873 15.999797 216.010000 ]
Error: [0.000127 0.000203 -0.010000 ]
Training successful
Input: [1.000000 3.000000 5.000000 ]
label: [9.000000 9.000000 125.000000 ]
Output: [8.999848 8.999855 125.010000 ]
Error: [0.000152 0.000145 -0.010001 ]
Training successful
Input: [3.000000 5.000000 7.000000 ]
label: [15.000000 25.000000 343.000000 ]
Output: [15.000098 25.000243 342.990000 ]
Error: [-0.000098 -0.000243 0.010000 ]
Training successful
in iteration: 3
Input: [2.000000 4.000000 6.000000 ]
label: [12.000000 16.000000 216.000000 ]
Output: [11.999877 15.999800 216.010000 ]
Error: [0.000123 0.000200 -0.010000 ]
Training successful
Input: [1.000000 3.000000 5.000000 ]
label: [9.000000 9.000000 125.000000 ]
Output: [8.999853 8.999859 125.010000 ]
Error: [0.000147 0.000141 -0.010001 ]
Training successful
Input: [3.000000 5.000000 7.000000 ]
label: [15.000000 25.000000 343.000000 ]
Output: [15.000095 25.000240 342.990000 ]
Error: [-0.000095 -0.000240 0.010000 ]
Training successful
in iteration: 4
Input: [2.000000 4.000000 6.000000 ]
label: [12.000000 16.000000 216.000000 ]
Output: [11.999881 15.999803 216.010000 ]
Error: [0.000119 0.000197 -0.010000 ]
Training successful
Input: [1.000000 3.000000 5.000000 ]
label: [9.000000 9.000000 125.000000 ]
Output: [8.999857 8.999863 125.010000 ]
Error: [0.000143 0.000137 -0.010001 ]
Training successful
Input: [3.000000 5.000000 7.000000 ]
label: [15.000000 25.000000 343.000000 ]
Output: [15.000092 25.000238 342.990000 ]
Error: [-0.000092 -0.000238 0.010000 ]
Training successful
in iteration: 5
Input: [2.000000 4.000000 6.000000 ]
label: [12.000000 16.000000 216.000000 ]
Output: [11.999884 15.999806 216.010000 ]
Error: [0.000116 0.000194 -0.010000 ]
Training successful
Input: [1.000000 3.000000 5.000000 ]
label: [9.000000 9.000000 125.000000 ]
Output: [8.999862 8.999866 125.010000 ]
Error: [0.000138 0.000134 -0.010001 ]
Training successful
Input: [3.000000 5.000000 7.000000 ]
label: [15.000000 25.000000 343.000000 ]
Output: [15.000090 25.000235 342.990000 ]
Error: [-0.000090 -0.000235 0.010000 ]
Training successful
in iteration: 6
Input: [2.000000 4.000000 6.000000 ]
label: [12.000000 16.000000 216.000000 ]
Output: [11.999887 15.999809 216.010000 ]
Error: [0.000113 0.000191 -0.010000 ]
Training successful
Input: [1.000000 3.000000 5.000000 ]
label: [9.000000 9.000000 125.000000 ]
Output: [8.999866 8.999870 125.010000 ]
Error: [0.000134 0.000130 -0.010001 ]
Training successful
Input: [3.000000 5.000000 7.000000 ]
label: [15.000000 25.000000 343.000000 ]
Output: [15.000088 25.000233 342.990000 ]
Error: [-0.000088 -0.000233 0.010000 ]
Training successful
in iteration: 7
Input: [2.000000 4.000000 6.000000 ]
label: [12.000000 16.000000 216.000000 ]
Output: [11.999890 15.999811 216.010000 ]
Error: [0.000110 0.000189 -0.010000 ]
Training successful
Input: [1.000000 3.000000 5.000000 ]
label: [9.000000 9.000000 125.000000 ]
Output: [8.999870 8.999872 125.010000 ]
Error: [0.000130 0.000128 -0.010001 ]
Training successful
Input: [3.000000 5.000000 7.000000 ]
label: [15.000000 25.000000 343.000000 ]
Output: [15.000086 25.000230 342.990000 ]
Error: [-0.000086 -0.000230 0.010000 ]
Training successful
in iteration: 8
Input: [2.000000 4.000000 6.000000 ]
label: [12.000000 16.000000 216.000000 ]
Output: [11.999893 15.999814 216.010000 ]
Error: [0.000107 0.000186 -0.010000 ]
Training successful
Input: [1.000000 3.000000 5.000000 ]
label: [9.000000 9.000000 125.000000 ]
Output: [8.999873 8.999875 125.010000 ]
Error: [0.000127 0.000125 -0.010001 ]
Training successful
Input: [3.000000 5.000000 7.000000 ]
label: [15.000000 25.000000 343.000000 ]
Output: [15.000084 25.000228 342.990000 ]
Error: [-0.000084 -0.000228 0.010000 ]
Training successful
in iteration: 9
Input: [2.000000 4.000000 6.000000 ]
label: [12.000000 16.000000 216.000000 ]
Output: [11.999896 15.999816 216.010000 ]
Error: [0.000104 0.000184 -0.010000 ]
Training successful
Input: [1.000000 3.000000 5.000000 ]
label: [9.000000 9.000000 125.000000 ]
Output: [8.999877 8.999877 125.010000 ]
Error: [0.000123 0.000123 -0.010001 ]
Training successful
Input: [3.000000 5.000000 7.000000 ]
label: [15.000000 25.000000 343.000000 ]
Output: [15.000082 25.000226 342.990000 ]
Error: [-0.000082 -0.000226 0.010000 ]
Training successful
in iteration: 10
Input: [2.000000 4.000000 6.000000 ]
label: [12.000000 16.000000 216.000000 ]
Output: [11.999899 15.999818 216.010000 ]
Error: [0.000101 0.000182 -0.010000 ]
Training successful
Input: [1.000000 3.000000 5.000000 ]
label: [9.000000 9.000000 125.000000 ]
Output: [8.999881 8.999879 125.010000 ]
Error: [0.000119 0.000121 -0.010001 ]
Training successful
Input: [3.000000 5.000000 7.000000 ]
label: [15.000000 25.000000 343.000000 ]
Output: [15.000080 25.000224 342.990000 ]
Error: [-0.000080 -0.000224 0.010000 ]
Training successful
in iteration: 11
Input: [2.000000 4.000000 6.000000 ]
label: [12.000000 16.000000 216.000000 ]
Output: [11.999901 15.999820 216.010000 ]
Error: [0.000099 0.000180 -0.010000 ]
Training successful
Input: [1.000000 3.000000 5.000000 ]
label: [9.000000 9.000000 125.000000 ]
Output: [8.999884 8.999881 125.010000 ]
Error: [0.000116 0.000119 -0.010001 ]
Training successful
Input: [3.000000 5.000000 7.000000 ]
label: [15.000000 25.000000 343.000000 ]
Output: [15.000079 25.000223 342.990000 ]
Error: [-0.000079 -0.000223 0.010000 ]
Training successful
in iteration: 12
Input: [2.000000 4.000000 6.000000 ]
label: [12.000000 16.000000 216.000000 ]
Output: [11.999904 15.999822 216.010000 ]
Error: [0.000096 0.000178 -0.010000 ]
Training successful
Input: [1.000000 3.000000 5.000000 ]
label: [9.000000 9.000000 125.000000 ]
Output: [8.999887 8.999883 125.010000 ]
Error: [0.000113 0.000117 -0.010001 ]
Training successful
Input: [3.000000 5.000000 7.000000 ]
label: [15.000000 25.000000 343.000000 ]
Output: [15.000077 25.000221 342.990000 ]
Error: [-0.000077 -0.000221 0.010000 ]
Training successful
in iteration: 13
Input: [2.000000 4.000000 6.000000 ]
label: [12.000000 16.000000 216.000000 ]
Output: [11.999906 15.999823 216.010000 ]
Error: [0.000094 0.000177 -0.010000 ]
Training successful
Input: [1.000000 3.000000 5.000000 ]
label: [9.000000 9.000000 125.000000 ]
Output: [8.999890 8.999885 125.010000 ]
Error: [0.000110 0.000115 -0.010001 ]
Training successful
Input: [3.000000 5.000000 7.000000 ]
label: [15.000000 25.000000 343.000000 ]
Output: [15.000075 25.000219 342.990000 ]
Error: [-0.000075 -0.000219 0.010000 ]
Training successful
in iteration: 14
Input: [2.000000 4.000000 6.000000 ]
label: [12.000000 16.000000 216.000000 ]
Output: [11.999908 15.999825 216.010000 ]
Error: [0.000092 0.000175 -0.010000 ]
Training successful
Input: [1.000000 3.000000 5.000000 ]
label: [9.000000 9.000000 125.000000 ]
Output: [8.999893 8.999886 125.010000 ]
Error: [0.000107 0.000114 -0.010001 ]
Training successful
Input: [3.000000 5.000000 7.000000 ]
label: [15.000000 25.000000 343.000000 ]
Output: [15.000074 25.000218 342.990000 ]
Error: [-0.000074 -0.000218 0.010000 ]
Training successful
in iteration: 15
Input: [2.000000 4.000000 6.000000 ]
label: [12.000000 16.000000 216.000000 ]
Output: [11.999910 15.999826 216.010000 ]
Error: [0.000090 0.000174 -0.010000 ]
Training successful
Input: [1.000000 3.000000 5.000000 ]
label: [9.000000 9.000000 125.000000 ]
Output: [8.999896 8.999887 125.010000 ]
Error: [0.000104 0.000113 -0.010001 ]
Training successful
Input: [3.000000 5.000000 7.000000 ]
label: [15.000000 25.000000 343.000000 ]
Output: [15.000072 25.000217 342.990000 ]
Error: [-0.000072 -0.000217 0.010000 ]
Training successful
in iteration: 16
Input: [2.000000 4.000000 6.000000 ]
label: [12.000000 16.000000 216.000000 ]
Output: [11.999912 15.999827 216.010000 ]
Error: [0.000088 0.000173 -0.010000 ]
Training successful
Input: [1.000000 3.000000 5.000000 ]
label: [9.000000 9.000000 125.000000 ]
Output: [8.999899 8.999888 125.010000 ]
Error: [0.000101 0.000112 -0.010001 ]
Training successful
Input: [3.000000 5.000000 7.000000 ]
label: [15.000000 25.000000 343.000000 ]
Output: [15.000071 25.000216 342.990000 ]
Error: [-0.000071 -0.000216 0.010000 ]
Training successful
in iteration: 17
Input: [2.000000 4.000000 6.000000 ]
label: [12.000000 16.000000 216.000000 ]
Output: [11.999914 15.999828 216.010000 ]
Error: [0.000086 0.000172 -0.010000 ]
Training successful
Input: [1.000000 3.000000 5.000000 ]
label: [9.000000 9.000000 125.000000 ]
Output: [8.999901 8.999889 125.010000 ]
Error: [0.000099 0.000111 -0.010001 ]
Training successful
Input: [3.000000 5.000000 7.000000 ]
label: [15.000000 25.000000 343.000000 ]
Output: [15.000069 25.000215 342.990000 ]
Error: [-0.000069 -0.000215 0.010000 ]
Training successful
in iteration: 18
Input: [2.000000 4.000000 6.000000 ]
label: [12.000000 16.000000 216.000000 ]
Output: [11.999916 15.999829 216.010000 ]
Error: [0.000084 0.000171 -0.010000 ]
Training successful
Input: [1.000000 3.000000 5.000000 ]
label: [9.000000 9.000000 125.000000 ]
Output: [8.999903 8.999889 125.010000 ]
Error: [0.000097 0.000111 -0.010001 ]
Training successful
Input: [3.000000 5.000000 7.000000 ]
label: [15.000000 25.000000 343.000000 ]
Output: [15.000068 25.000214 342.990000 ]
Error: [-0.000068 -0.000214 0.010000 ]
Training successful
in iteration: 19
Input: [2.000000 4.000000 6.000000 ]
label: [12.000000 16.000000 216.000000 ]
Output: [11.999918 15.999829 216.010000 ]
Error: [0.000082 0.000171 -0.010000 ]
Training successful
Input: [1.000000 3.000000 5.000000 ]
label: [9.000000 9.000000 125.000000 ]
Output: [8.999906 8.999890 125.010000 ]
Error: [0.000094 0.000110 -0.010001 ]
Training successful
Input: [3.000000 5.000000 7.000000 ]
label: [15.000000 25.000000 343.000000 ]
Output: [15.000067 25.000213 342.990000 ]
Error: [-0.000067 -0.000213 0.010000 ]
Training successful
in iteration: 20
Input: [2.000000 4.000000 6.000000 ]
label: [12.000000 16.000000 216.000000 ]
Output: [11.999920 15.999830 216.010000 ]
Error: [0.000080 0.000170 -0.010000 ]
Training successful
Input: [1.000000 3.000000 5.000000 ]
label: [9.000000 9.000000 125.000000 ]
Output: [8.999908 8.999890 125.010000 ]
Error: [0.000092 0.000110 -0.010001 ]
Training successful
Input: [3.000000 5.000000 7.000000 ]
label: [15.000000 25.000000 343.000000 ]
Output: [15.000066 25.000213 342.990000 ]
Error: [-0.000066 -0.000213 0.010000 ]
Training successful
in iteration: 21
Input: [2.000000 4.000000 6.000000 ]
label: [12.000000 16.000000 216.000000 ]
Output: [11.999921 15.999830 216.010000 ]
Error: [0.000079 0.000170 -0.010000 ]
Training successful
Input: [1.000000 3.000000 5.000000 ]
label: [9.000000 9.000000 125.000000 ]
Output: [8.999910 8.999891 125.010000 ]
Error: [0.000090 0.000109 -0.010001 ]
Training successful
Input: [3.000000 5.000000 7.000000 ]
label: [15.000000 25.000000 343.000000 ]
Output: [15.000065 25.000212 342.990000 ]
Error: [-0.000065 -0.000212 0.010000 ]
Training successful
in iteration: 22
Input: [2.000000 4.000000 6.000000 ]
label: [12.000000 16.000000 216.000000 ]
Output: [11.999923 15.999830 216.010000 ]
Error: [0.000077 0.000170 -0.010000 ]
Training successful
Input: [1.000000 3.000000 5.000000 ]
label: [9.000000 9.000000 125.000000 ]
Output: [8.999911 8.999891 125.010000 ]
Error: [0.000089 0.000109 -0.010001 ]
Training successful
Input: [3.000000 5.000000 7.000000 ]
label: [15.000000 25.000000 343.000000 ]
Output: [15.000063 25.000212 342.990000 ]
Error: [-0.000063 -0.000212 0.010000 ]
Training successful
in iteration: 23
Input: [2.000000 4.000000 6.000000 ]
label: [12.000000 16.000000 216.000000 ]
Output: [11.999924 15.999831 216.010000 ]
Error: [0.000076 0.000169 -0.010000 ]
Training successful
Input: [1.000000 3.000000 5.000000 ]
label: [9.000000 9.000000 125.000000 ]
Output: [8.999913 8.999891 125.010000 ]
Error: [0.000087 0.000109 -0.010001 ]
Training successful
Input: [3.000000 5.000000 7.000000 ]
label: [15.000000 25.000000 343.000000 ]
Output: [15.000062 25.000211 342.990000 ]
Error: [-0.000062 -0.000211 0.010000 ]
Training successful
in iteration: 24
Input: [2.000000 4.000000 6.000000 ]
label: [12.000000 16.000000 216.000000 ]
Output: [11.999925 15.999831 216.010000 ]
Error: [0.000075 0.000169 -0.010000 ]
Training successful
Input: [1.000000 3.000000 5.000000 ]
label: [9.000000 9.000000 125.000000 ]
Output: [8.999914 8.999891 125.010000 ]
Error: [0.000086 0.000109 -0.010001 ]
Training successful
Input: [3.000000 5.000000 7.000000 ]
label: [15.000000 25.000000 343.000000 ]
Output: [15.000061 25.000211 342.990000 ]
Error: [-0.000061 -0.000211 0.010000 ]
Training successful
in iteration: 25
Input: [2.000000 4.000000 6.000000 ]
label: [12.000000 16.000000 216.000000 ]
Output: [11.999927 15.999831 216.010000 ]
Error: [0.000073 0.000169 -0.010000 ]
Training successful
Input: [1.000000 3.000000 5.000000 ]
label: [9.000000 9.000000 125.000000 ]
Output: [8.999916 8.999891 125.010000 ]
Error: [0.000084 0.000109 -0.010001 ]
Training successful
Input: [3.000000 5.000000 7.000000 ]
label: [15.000000 25.000000 343.000000 ]
Output: [15.000061 25.000211 342.990000 ]
Error: [-0.000061 -0.000211 0.010000 ]
Training successful
in iteration: 26
Input: [2.000000 4.000000 6.000000 ]
label: [12.000000 16.000000 216.000000 ]
Output: [11.999928 15.999831 216.010000 ]
Error: [0.000072 0.000169 -0.010000 ]
Training successful
Input: [1.000000 3.000000 5.000000 ]
label: [9.000000 9.000000 125.000000 ]
Output: [8.999917 8.999891 125.010000 ]
Error: [0.000083 0.000109 -0.010001 ]
Training successful
Input: [3.000000 5.000000 7.000000 ]
label: [15.000000 25.000000 343.000000 ]
Output: [15.000060 25.000211 342.990000 ]
Error: [-0.000060 -0.000211 0.010000 ]
Training successful
in iteration: 27
Input: [2.000000 4.000000 6.000000 ]
label: [12.000000 16.000000 216.000000 ]
Output: [11.999929 15.999831 216.010000 ]
Error: [0.000071 0.000169 -0.010000 ]
Training successful
Input: [1.000000 3.000000 5.000000 ]
label: [9.000000 9.000000 125.000000 ]
Output: [8.999918 8.999891 125.010000 ]
Error: [0.000082 0.000109 -0.010001 ]
Training successful
Input: [3.000000 5.000000 7.000000 ]
label: [15.000000 25.000000 343.000000 ]
Output: [15.000059 25.000211 342.990000 ]
Error: [-0.000059 -0.000211 0.010000 ]
Training successful
in iteration: 28
Input: [2.000000 4.000000 6.000000 ]
label: [12.000000 16.000000 216.000000 ]
Output: [11.999930 15.999830 216.010000 ]
Error: [0.000070 0.000170 -0.010000 ]
Training successful
Input: [1.000000 3.000000 5.000000 ]
label: [9.000000 9.000000 125.000000 ]
Output: [8.999919 8.999890 125.010000 ]
Error: [0.000081 0.000110 -0.010001 ]
Training successful
Input: [3.000000 5.000000 7.000000 ]
label: [15.000000 25.000000 343.000000 ]
Output: [15.000058 25.000211 342.990000 ]
Error: [-0.000058 -0.000211 0.010000 ]
Training successful
in iteration: 29
Input: [2.000000 4.000000 6.000000 ]
label: [12.000000 16.000000 216.000000 ]
Output: [11.999931 15.999830 216.010000 ]
Error: [0.000069 0.000170 -0.010000 ]
Training successful
Input: [1.000000 3.000000 5.000000 ]
label: [9.000000 9.000000 125.000000 ]
Output: [8.999920 8.999890 125.010000 ]
Error: [0.000080 0.000110 -0.010001 ]
Training successful
Input: [3.000000 5.000000 7.000000 ]
label: [15.000000 25.000000 343.000000 ]
Output: [15.000058 25.000211 342.990000 ]
Error: [-0.000058 -0.000211 0.010000 ]
Training successful
in iteration: 30
Input: [2.000000 4.000000 6.000000 ]
label: [12.000000 16.000000 216.000000 ]
Output: [11.999931 15.999830 216.010000 ]
Error: [0.000069 0.000170 -0.010000 ]
Training successful
Input: [1.000000 3.000000 5.000000 ]
label: [9.000000 9.000000 125.000000 ]
Output: [8.999921 8.999889 125.010000 ]
Error: [0.000079 0.000111 -0.010001 ]
Training successful
Input: [3.000000 5.000000 7.000000 ]
label: [15.000000 25.000000 343.000000 ]
Output: [15.000057 25.000211 342.990000 ]
Error: [-0.000057 -0.000211 0.010000 ]
Training successful
in iteration: 31
Input: [2.000000 4.000000 6.000000 ]
label: [12.000000 16.000000 216.000000 ]
Output: [11.999932 15.999829 216.010000 ]
Error: [0.000068 0.000171 -0.010000 ]
Training successful
Input: [1.000000 3.000000 5.000000 ]
label: [9.000000 9.000000 125.000000 ]
Output: [8.999922 8.999889 125.010000 ]
Error: [0.000078 0.000111 -0.010001 ]
Training successful
Input: [3.000000 5.000000 7.000000 ]
label: [15.000000 25.000000 343.000000 ]
Output: [15.000056 25.000211 342.990000 ]
Error: [-0.000056 -0.000211 0.010000 ]
Training successful
in iteration: 32
Input: [2.000000 4.000000 6.000000 ]
label: [12.000000 16.000000 216.000000 ]
Output: [11.999933 15.999829 216.010000 ]
Error: [0.000067 0.000171 -0.010000 ]
Training successful
Input: [1.000000 3.000000 5.000000 ]
label: [9.000000 9.000000 125.000000 ]
Output: [8.999922 8.999888 125.010000 ]
Error: [0.000078 0.000112 -0.010001 ]
Training successful
Input: [3.000000 5.000000 7.000000 ]
label: [15.000000 25.000000 343.000000 ]
Output: [15.000056 25.000211 342.990000 ]
Error: [-0.000056 -0.000211 0.010000 ]
Training successful
in iteration: 33
Input: [2.000000 4.000000 6.000000 ]
label: [12.000000 16.000000 216.000000 ]
Output: [11.999933 15.999828 216.010000 ]
Error: [0.000067 0.000172 -0.010000 ]
Training successful
Input: [1.000000 3.000000 5.000000 ]
label: [9.000000 9.000000 125.000000 ]
Output: [8.999923 8.999888 125.010000 ]
Error: [0.000077 0.000112 -0.010001 ]
Training successful
Input: [3.000000 5.000000 7.000000 ]
label: [15.000000 25.000000 343.000000 ]
Output: [15.000055 25.000211 342.990000 ]
Error: [-0.000055 -0.000211 0.010000 ]
Training successful
in iteration: 34
Input: [2.000000 4.000000 6.000000 ]
label: [12.000000 16.000000 216.000000 ]
Output: [11.999934 15.999828 216.010000 ]
Error: [0.000066 0.000172 -0.010000 ]
Training successful
Input: [1.000000 3.000000 5.000000 ]
label: [9.000000 9.000000 125.000000 ]
Output: [8.999923 8.999887 125.010000 ]
Error: [0.000077 0.000113 -0.010001 ]
Training successful
Input: [3.000000 5.000000 7.000000 ]
label: [15.000000 25.000000 343.000000 ]
Output: [15.000055 25.000211 342.990000 ]
Error: [-0.000055 -0.000211 0.010000 ]
Training successful
in iteration: 35
Input: [2.000000 4.000000 6.000000 ]
label: [12.000000 16.000000 216.000000 ]
Output: [11.999934 15.999827 216.010000 ]
Error: [0.000066 0.000173 -0.010000 ]
Training successful
Input: [1.000000 3.000000 5.000000 ]
label: [9.000000 9.000000 125.000000 ]
Output: [8.999923 8.999886 125.010000 ]
Error: [0.000077 0.000114 -0.010001 ]
Training successful
Input: [3.000000 5.000000 7.000000 ]
label: [15.000000 25.000000 343.000000 ]
Output: [15.000055 25.000212 342.990000 ]
Error: [-0.000055 -0.000212 0.010000 ]
Training successful
in iteration: 36
Input: [2.000000 4.000000 6.000000 ]
label: [12.000000 16.000000 216.000000 ]
Output: [11.999935 15.999826 216.010000 ]
Error: [0.000065 0.000174 -0.010000 ]
Training successful
Input: [1.000000 3.000000 5.000000 ]
label: [9.000000 9.000000 125.000000 ]
Output: [8.999924 8.999886 125.010000 ]
Error: [0.000076 0.000114 -0.010001 ]
Training successful
Input: [3.000000 5.000000 7.000000 ]
label: [15.000000 25.000000 343.000000 ]
Output: [15.000054 25.000212 342.990000 ]
Error: [-0.000054 -0.000212 0.010000 ]
Training successful
in iteration: 37
Input: [2.000000 4.000000 6.000000 ]
label: [12.000000 16.000000 216.000000 ]
Output: [11.999935 15.999826 216.010000 ]
Error: [0.000065 0.000174 -0.010000 ]
Training successful
Input: [1.000000 3.000000 5.000000 ]
label: [9.000000 9.000000 125.000000 ]
Output: [8.999924 8.999885 125.010000 ]
Error: [0.000076 0.000115 -0.010001 ]
Training successful
Input: [3.000000 5.000000 7.000000 ]
label: [15.000000 25.000000 343.000000 ]
Output: [15.000054 25.000213 342.990000 ]
Error: [-0.000054 -0.000213 0.010000 ]
Training successful
in iteration: 38
Input: [2.000000 4.000000 6.000000 ]
label: [12.000000 16.000000 216.000000 ]
Output: [11.999935 15.999825 216.010000 ]
Error: [0.000065 0.000175 -0.010000 ]
Training successful
Input: [1.000000 3.000000 5.000000 ]
label: [9.000000 9.000000 125.000000 ]
Output: [8.999924 8.999884 125.010000 ]
Error: [0.000076 0.000116 -0.010001 ]
Training successful
Input: [3.000000 5.000000 7.000000 ]
label: [15.000000 25.000000 343.000000 ]
Output: [15.000054 25.000213 342.990000 ]
Error: [-0.000054 -0.000213 0.010000 ]
Training successful
in iteration: 39
Input: [2.000000 4.000000 6.000000 ]
label: [12.000000 16.000000 216.000000 ]
Output: [11.999936 15.999824 216.010000 ]
Error: [0.000064 0.000176 -0.010000 ]
Training successful
Input: [1.000000 3.000000 5.000000 ]
label: [9.000000 9.000000 125.000000 ]
Output: [8.999924 8.999883 125.010000 ]
Error: [0.000076 0.000117 -0.010001 ]
Training successful
Input: [3.000000 5.000000 7.000000 ]
label: [15.000000 25.000000 343.000000 ]
Output: [15.000053 25.000214 342.990000 ]
Error: [-0.000053 -0.000214 0.010000 ]
Training successful
in iteration: 40
Input: [2.000000 4.000000 6.000000 ]
label: [12.000000 16.000000 216.000000 ]
Output: [11.999936 15.999823 216.010000 ]
Error: [0.000064 0.000177 -0.010000 ]
Training successful
Input: [1.000000 3.000000 5.000000 ]
label: [9.000000 9.000000 125.000000 ]
Output: [8.999923 8.999882 125.010000 ]
Error: [0.000077 0.000118 -0.010001 ]
Training successful
Input: [3.000000 5.000000 7.000000 ]
label: [15.000000 25.000000 343.000000 ]
Output: [15.000053 25.000214 342.990000 ]
Error: [-0.000053 -0.000214 0.010000 ]
Training successful
in iteration: 41
Input: [2.000000 4.000000 6.000000 ]
label: [12.000000 16.000000 216.000000 ]
Output: [11.999936 15.999822 216.010000 ]
Error: [0.000064 0.000178 -0.010000 ]
Training successful
Input: [1.000000 3.000000 5.000000 ]
label: [9.000000 9.000000 125.000000 ]
Output: [8.999923 8.999880 125.010000 ]
Error: [0.000077 0.000120 -0.010001 ]
Training successful
Input: [3.000000 5.000000 7.000000 ]
label: [15.000000 25.000000 343.000000 ]
Output: [15.000053 25.000215 342.990000 ]
Error: [-0.000053 -0.000215 0.010000 ]
Training successful
in iteration: 42
Input: [2.000000 4.000000 6.000000 ]
label: [12.000000 16.000000 216.000000 ]
Output: [11.999936 15.999821 216.010000 ]
Error: [0.000064 0.000179 -0.010000 ]
Training successful
Input: [1.000000 3.000000 5.000000 ]
label: [9.000000 9.000000 125.000000 ]
Output: [8.999923 8.999879 125.010000 ]
Error: [0.000077 0.000121 -0.010001 ]
Training successful
Input: [3.000000 5.000000 7.000000 ]
label: [15.000000 25.000000 343.000000 ]
Output: [15.000053 25.000215 342.990000 ]
Error: [-0.000053 -0.000215 0.010000 ]
Training successful
in iteration: 43
Input: [2.000000 4.000000 6.000000 ]
label: [12.000000 16.000000 216.000000 ]
Output: [11.999936 15.999819 216.010000 ]
Error: [0.000064 0.000181 -0.010000 ]
Training successful
Input: [1.000000 3.000000 5.000000 ]
label: [9.000000 9.000000 125.000000 ]
Output: [8.999922 8.999878 125.010000 ]
Error: [0.000078 0.000122 -0.010001 ]
Training successful
Input: [3.000000 5.000000 7.000000 ]
label: [15.000000 25.000000 343.000000 ]
Output: [15.000053 25.000216 342.990000 ]
Error: [-0.000053 -0.000216 0.010000 ]
Training successful
in iteration: 44
Input: [2.000000 4.000000 6.000000 ]
label: [12.000000 16.000000 216.000000 ]
Output: [11.999936 15.999818 216.010000 ]
Error: [0.000064 0.000182 -0.010000 ]
Training successful
Input: [1.000000 3.000000 5.000000 ]
label: [9.000000 9.000000 125.000000 ]
Output: [8.999922 8.999877 125.010000 ]
Error: [0.000078 0.000123 -0.010001 ]
Training successful
Input: [3.000000 5.000000 7.000000 ]
label: [15.000000 25.000000 343.000000 ]
Output: [15.000053 25.000217 342.990000 ]
Error: [-0.000053 -0.000217 0.010000 ]
Training successful
in iteration: 45
Input: [2.000000 4.000000 6.000000 ]
label: [12.000000 16.000000 216.000000 ]
Output: [11.999936 15.999817 216.010000 ]
Error: [0.000064 0.000183 -0.010000 ]
Training successful
Input: [1.000000 3.000000 5.000000 ]
label: [9.000000 9.000000 125.000000 ]
Output: [8.999921 8.999875 125.010000 ]
Error: [0.000079 0.000125 -0.010001 ]
Training successful
Input: [3.000000 5.000000 7.000000 ]
label: [15.000000 25.000000 343.000000 ]
Output: [15.000053 25.000218 342.990000 ]
Error: [-0.000053 -0.000218 0.010000 ]
Training successful
in iteration: 46
Input: [2.000000 4.000000 6.000000 ]
label: [12.000000 16.000000 216.000000 ]
Output: [11.999936 15.999815 216.010000 ]
Error: [0.000064 0.000185 -0.010000 ]
Training successful
Input: [1.000000 3.000000 5.000000 ]
label: [9.000000 9.000000 125.000000 ]
Output: [8.999920 8.999873 125.010000 ]
Error: [0.000080 0.000127 -0.010001 ]
Training successful
Input: [3.000000 5.000000 7.000000 ]
label: [15.000000 25.000000 343.000000 ]
Output: [15.000053 25.000219 342.990000 ]
Error: [-0.000053 -0.000219 0.010000 ]
Training successful
in iteration: 47
Input: [2.000000 4.000000 6.000000 ]
label: [12.000000 16.000000 216.000000 ]
Output: [11.999936 15.999814 216.010000 ]
Error: [0.000064 0.000186 -0.010000 ]
Training successful
Input: [1.000000 3.000000 5.000000 ]
label: [9.000000 9.000000 125.000000 ]
Output: [8.999920 8.999872 125.010000 ]
Error: [0.000080 0.000128 -0.010001 ]
Training successful
Input: [3.000000 5.000000 7.000000 ]
label: [15.000000 25.000000 343.000000 ]
Output: [15.000053 25.000220 342.990000 ]
Error: [-0.000053 -0.000220 0.010000 ]
Training successful
in iteration: 48
Input: [2.000000 4.000000 6.000000 ]
label: [12.000000 16.000000 216.000000 ]
Output: [11.999936 15.999812 216.010000 ]
Error: [0.000064 0.000188 -0.010000 ]
Training successful
Input: [1.000000 3.000000 5.000000 ]
label: [9.000000 9.000000 125.000000 ]
Output: [8.999919 8.999870 125.010000 ]
Error: [0.000081 0.000130 -0.010001 ]
Training successful
Input: [3.000000 5.000000 7.000000 ]
label: [15.000000 25.000000 343.000000 ]
Output: [15.000053 25.000221 342.990000 ]
Error: [-0.000053 -0.000221 0.010000 ]
Training successful
in iteration: 49