label: [14.000000 16.000000 18.000000 ]
Output: [13.935580 16.041554 18.099927 ]
Error: [0.064124 -0.041662 -0.100482 ]
Training successful
Input: [10.000000 12.000000 14.000000 ]
label: [20.000000 24.000000 28.000000 ]
Output: [20.086055 24.004399 27.900141 ]
Error: [-0.086426 -0.004399 0.099503 ]
Training successful
in iteration: 0
Input: [1.000000 2.000000 3.000000 ]
label: [2.000000 4.000000 6.000000 ]
Output: [2.027317 3.964282 5.900189 ]
Error: [-0.027690 0.035399 0.098151 ]
Training successful
Input: [4.000000 5.000000 6.000000 ]
label: [8.000000 10.000000 12.000000 ]
Output: [7.981970 10.052678 12.099882 ]
Error: [0.017989 -0.052956 -0.100714 ]
Training successful
Input: [7.000000 8.000000 9.000000 ]
label: [14.000000 16.000000 18.000000 ]
Output: [13.974357 16.059764 18.099967 ]
Error: [0.025596 -0.059988 -0.100522 ]
Training successful
Input: [10.000000 12.000000 14.000000 ]
label: [20.000000 24.000000 28.000000 ]
Output: [20.099859 24.029153 27.934967 ]
Error: [-0.100358 -0.029189 0.064882 ]
Training successful
in iteration: 1
Input: [1.000000 2.000000 3.000000 ]
label: [2.000000 4.000000 6.000000 ]
Output: [-0.000000 -0.000000 -0.000000 ]
Error: [0.000000 0.000000 0.000000 ]
Try again
Input: [4.000000 5.000000 6.000000 ]
label: [8.000000 10.000000 12.000000 ]
Output: [8.006181 9.968187 11.900096 ]
Error: [-0.006186 0.031712 0.099073 ]
Training successful
Input: [7.000000 8.000000 9.000000 ]
label: [14.000000 16.000000 18.000000 ]
Output: [13.909950 15.973239 17.900119 ]
Error: [0.089470 0.026717 0.099327 ]
Training successful
Input: [10.000000 12.000000 14.000000 ]
label: [20.000000 24.000000 28.000000 ]
Output: [20.024899 23.976882 27.900100 ]
Error: [-0.024930 0.023096 0.099544 ]
Training successful
in iteration: 2
Input: [1.000000 2.000000 3.000000 ]
label: [2.000000 4.000000 6.000000 ]
Output: [2.020202 4.051274 6.099925 ]
Error: [-0.020406 -0.051931 -0.101590 ]
Training successful
Input: [4.000000 5.000000 6.000000 ]
label: [8.000000 10.000000 12.000000 ]
Output: [7.900070 9.964774 11.935846 ]
Error: [0.098681 0.035102 0.063811 ]
Training successful
Input: [7.000000 8.000000 9.000000 ]
label: [14.000000 16.000000 18.000000 ]
Output: [13.900093 15.981746 17.928379 ]
Error: [0.099194 0.018233 0.071336 ]
Training successful
Input: [10.000000 12.000000 14.000000 ]
label: [20.000000 24.000000 28.000000 ]
Output: [20.025144 23.977077 27.900097 ]
Error: [-0.025176 0.022901 0.099546 ]
Training successful
in iteration: 3
Input: [1.000000 2.000000 3.000000 ]
label: [2.000000 4.000000 6.000000 ]
Output: [2.013870 4.046600 6.099950 ]
Error: [-0.013966 -0.047142 -0.101615 ]
Training successful
Input: [4.000000 5.000000 6.000000 ]
label: [8.000000 10.000000 12.000000 ]
Output: [7.900090 9.984887 11.947989 ]
Error: [0.098662 0.015090 0.051786 ]
Training successful
Input: [7.000000 8.000000 9.000000 ]
label: [14.000000 16.000000 18.000000 ]
Output: [13.900061 15.986590 17.931385 ]
Error: [0.099226 0.013399 0.068353 ]
Training successful
Input: [10.000000 12.000000 14.000000 ]
label: [20.000000 24.000000 28.000000 ]
Output: [20.025556 23.977440 27.900051 ]
Error: [-0.025589 0.022539 0.099592 ]
Training successful
in iteration: 4
Input: [1.000000 2.000000 3.000000 ]
label: [2.000000 4.000000 6.000000 ]
Output: [2.007192 4.041836 6.099964 ]
Error: [-0.007218 -0.042274 -0.101630 ]
Training successful
Input: [4.000000 5.000000 6.000000 ]
label: [8.000000 10.000000 12.000000 ]
Output: [7.900029 9.987533 11.951101 ]
Error: [0.098721 0.012452 0.048699 ]
Training successful
Input: [7.000000 8.000000 9.000000 ]
label: [14.000000 16.000000 18.000000 ]
Output: [13.900043 15.987518 17.932272 ]
Error: [0.099243 0.012472 0.067473 ]
Training successful
Input: [10.000000 12.000000 14.000000 ]
label: [20.000000 24.000000 28.000000 ]
Output: [20.025948 23.977705 27.900028 ]
Error: [-0.025982 0.022274 0.099615 ]
Training successful
in iteration: 5
Input: [1.000000 2.000000 3.000000 ]
label: [2.000000 4.000000 6.000000 ]
Output: [2.004986 4.040377 6.099985 ]
Error: [-0.004999 -0.040785 -0.101651 ]
Training successful
Input: [4.000000 5.000000 6.000000 ]
label: [8.000000 10.000000 12.000000 ]
Output: [7.900058 9.987833 11.951824 ]
Error: [0.098694 0.012152 0.047983 ]
Training successful
Input: [7.000000 8.000000 9.000000 ]
label: [14.000000 16.000000 18.000000 ]
Output: [13.900001 15.987901 17.932537 ]
Error: [0.099284 0.012090 0.067211 ]
Training successful
Input: [10.000000 12.000000 14.000000 ]
label: [20.000000 24.000000 28.000000 ]
Output: [20.026297 23.977955 27.900058 ]
Error: [-0.026332 0.022025 0.099585 ]
Training successful
in iteration: 6
Input: [1.000000 2.000000 3.000000 ]
label: [2.000000 4.000000 6.000000 ]
Output: [2.003026 4.039081 6.099988 ]
Error: [-0.003030 -0.039463 -0.101655 ]
Training successful
Input: [4.000000 5.000000 6.000000 ]
label: [8.000000 10.000000 12.000000 ]
Output: [7.900097 9.988116 11.952475 ]
Error: [0.098655 0.011870 0.047336 ]
Training successful
Input: [7.000000 8.000000 9.000000 ]
label: [14.000000 16.000000 18.000000 ]
Output: [13.900040 15.988270 17.932829 ]
Error: [0.099247 0.011722 0.066920 ]
Training successful
Input: [10.000000 12.000000 14.000000 ]
label: [20.000000 24.000000 28.000000 ]
Output: [20.026620 23.978172 27.900056 ]
Error: [-0.026655 0.021808 0.099587 ]
Training successful
in iteration: 7
Input: [1.000000 2.000000 3.000000 ]
label: [2.000000 4.000000 6.000000 ]
Output: [2.001271 4.037898 6.099914 ]
Error: [-0.001272 -0.038257 -0.101578 ]
Training successful
Input: [4.000000 5.000000 6.000000 ]
label: [8.000000 10.000000 12.000000 ]
Output: [7.900032 9.988346 11.952986 ]
Error: [0.098719 0.011640 0.046830 ]
Training successful
Input: [7.000000 8.000000 9.000000 ]
label: [14.000000 16.000000 18.000000 ]
Output: [13.900022 15.988597 17.933058 ]
Error: [0.099264 0.011394 0.066693 ]
Training successful
Input: [10.000000 12.000000 14.000000 ]
label: [20.000000 24.000000 28.000000 ]
Output: [20.026918 23.978363 27.900024 ]
Error: [-0.026954 0.021617 0.099619 ]
Training successful
in iteration: 8
Input: [1.000000 2.000000 3.000000 ]
label: [2.000000 4.000000 6.000000 ]
Output: [1.999708 4.036882 6.099938 ]
Error: [0.000292 -0.037222 -0.101603 ]
Training successful
Input: [4.000000 5.000000 6.000000 ]
label: [8.000000 10.000000 12.000000 ]
Output: [7.900086 9.988600 11.953535 ]
Error: [0.098666 0.011387 0.046285 ]
Training successful
Input: [7.000000 8.000000 9.000000 ]
label: [14.000000 16.000000 18.000000 ]
Output: [13.900115 15.988923 17.933344 ]
Error: [0.099172 0.011069 0.066409 ]
Training successful
Input: [10.000000 12.000000 14.000000 ]
label: [20.000000 24.000000 28.000000 ]
Output: [20.027178 23.978558 27.900075 ]
Error: [-0.027215 0.021423 0.099569 ]
Training successful
in iteration: 9
Input: [1.000000 2.000000 3.000000 ]
label: [2.000000 4.000000 6.000000 ]
Output: [1.998299 4.035954 6.099917 ]
Error: [0.001699 -0.036277 -0.101581 ]
Training successful
Input: [4.000000 5.000000 6.000000 ]
label: [8.000000 10.000000 12.000000 ]
Output: [7.900029 9.988805 11.953963 ]
Error: [0.098722 0.011182 0.045860 ]
Training successful
Input: [7.000000 8.000000 9.000000 ]
label: [14.000000 16.000000 18.000000 ]
Output: [13.900041 15.989187 17.933495 ]
Error: [0.099245 0.010806 0.066259 ]
Training successful
Input: [10.000000 12.000000 14.000000 ]
label: [20.000000 24.000000 28.000000 ]
Output: [20.027416 23.978732 27.900101 ]
Error: [-0.027454 0.021249 0.099543 ]
Training successful
in iteration: 10
Input: [1.000000 2.000000 3.000000 ]
label: [2.000000 4.000000 6.000000 ]
Output: [1.997031 4.035134 6.099932 ]
Error: [0.002965 -0.035443 -0.101596 ]
Training successful
Input: [4.000000 5.000000 6.000000 ]
label: [8.000000 10.000000 12.000000 ]
Output: [7.900089 9.989029 11.954424 ]
Error: [0.098663 0.010959 0.045403 ]
Training successful
Input: [7.000000 8.000000 9.000000 ]
label: [14.000000 16.000000 18.000000 ]
Output: [13.900085 15.989454 17.933709 ]
Error: [0.099202 0.010539 0.066047 ]
Training successful
Input: [10.000000 12.000000 14.000000 ]
label: [20.000000 24.000000 28.000000 ]
Output: [20.027661 23.978858 27.900001 ]
Error: [-0.027699 0.021123 0.099641 ]
Training successful
in iteration: 11
Input: [1.000000 2.000000 3.000000 ]
label: [2.000000 4.000000 6.000000 ]
Output: [1.995884 4.034400 6.099958 ]
Error: [0.004108 -0.034696 -0.101624 ]
Training successful
Input: [4.000000 5.000000 6.000000 ]
label: [8.000000 10.000000 12.000000 ]
Output: [7.900035 9.989212 11.954788 ]
Error: [0.098716 0.010777 0.045041 ]
Training successful
Input: [7.000000 8.000000 9.000000 ]
label: [14.000000 16.000000 18.000000 ]
Output: [13.900083 15.989696 17.933883 ]
Error: [0.099204 0.010298 0.065874 ]
Training successful
Input: [10.000000 12.000000 14.000000 ]
label: [20.000000 24.000000 28.000000 ]
Output: [20.027849 23.979025 27.900098 ]
Error: [-0.027888 0.020956 0.099546 ]
Training successful
in iteration: 12
Input: [1.000000 2.000000 3.000000 ]
label: [2.000000 4.000000 6.000000 ]
Output: [1.994841 4.033736 6.099983 ]
Error: [0.005146 -0.034021 -0.101650 ]
Training successful
Input: [4.000000 5.000000 6.000000 ]
label: [8.000000 10.000000 12.000000 ]
Output: [7.900096 9.989411 11.955183 ]
Error: [0.098656 0.010578 0.044649 ]
Training successful
Input: [7.000000 8.000000 9.000000 ]
label: [14.000000 16.000000 18.000000 ]
Output: [13.900086 15.989916 17.934040 ]
Error: [0.099201 0.010078 0.065719 ]
Training successful
Input: [10.000000 12.000000 14.000000 ]
label: [20.000000 24.000000 28.000000 ]
Output: [20.028045 23.979148 27.900071 ]
Error: [-0.028085 0.020834 0.099572 ]
Training successful
in iteration: 13
Input: [1.000000 2.000000 3.000000 ]
label: [2.000000 4.000000 6.000000 ]
Output: [1.993891 4.033126 6.099987 ]
Error: [0.006090 -0.033400 -0.101653 ]
Training successful
Input: [4.000000 5.000000 6.000000 ]
label: [8.000000 10.000000 12.000000 ]
Output: [7.900041 9.989567 11.955480 ]
Error: [0.098710 0.010422 0.044355 ]
Training successful
Input: [7.000000 8.000000 9.000000 ]
label: [14.000000 16.000000 18.000000 ]
Output: [13.900048 15.990114 17.934161 ]
Error: [0.099239 0.009880 0.065599 ]
Training successful
Input: [10.000000 12.000000 14.000000 ]
label: [20.000000 24.000000 28.000000 ]
Output: [20.028229 23.979258 27.900029 ]
Error: [-0.028269 0.020724 0.099614 ]
Training successful
in iteration: 14
Input: [1.000000 2.000000 3.000000 ]
label: [2.000000 4.000000 6.000000 ]
Output: [1.993025 4.032559 6.099959 ]
Error: [0.006951 -0.032824 -0.101624 ]
Training successful
Input: [4.000000 5.000000 6.000000 ]
label: [8.000000 10.000000 12.000000 ]
Output: [7.900104 9.989740 11.955805 ]
Error: [0.098649 0.010250 0.044032 ]
Training successful
Input: [7.000000 8.000000 9.000000 ]
label: [14.000000 16.000000 18.000000 ]
Output: [13.900018 15.990295 17.934267 ]
Error: [0.099268 0.009699 0.065493 ]
Training successful
Input: [10.000000 12.000000 14.000000 ]
label: [20.000000 24.000000 28.000000 ]
Output: [20.028382 23.979383 27.900082 ]
Error: [-0.028422 0.020599 0.099562 ]
Training successful
in iteration: 15
Input: [1.000000 2.000000 3.000000 ]
label: [2.000000 4.000000 6.000000 ]
Output: [1.992231 4.032026 6.099890 ]
Error: [0.007739 -0.032282 -0.101553 ]
Training successful
Input: [4.000000 5.000000 6.000000 ]
label: [8.000000 10.000000 12.000000 ]
Output: [7.900049 9.989870 11.956032 ]
Error: [0.098702 0.010120 0.043807 ]
Training successful
Input: [7.000000 8.000000 9.000000 ]
label: [14.000000 16.000000 18.000000 ]
Output: [13.900069 15.990487 17.934426 ]
Error: [0.099217 0.009507 0.065335 ]
Training successful
Input: [10.000000 12.000000 14.000000 ]
label: [20.000000 24.000000 28.000000 ]
Output: [20.028547 23.979469 27.900016 ]
Error: [-0.028588 0.020513 0.099627 ]
Training successful
in iteration: 16
Input: [1.000000 2.000000 3.000000 ]
label: [2.000000 4.000000 6.000000 ]
Output: [1.991506 4.031600 6.099990 ]
Error: [0.008458 -0.031849 -0.101656 ]
Training successful
Input: [4.000000 5.000000 6.000000 ]
label: [8.000000 10.000000 12.000000 ]
Output: [7.900105 9.990032 11.956344 ]
Error: [0.098648 0.009959 0.043497 ]
Training successful
Input: [7.000000 8.000000 9.000000 ]
label: [14.000000 16.000000 18.000000 ]
Output: [13.900010 15.990637 17.934501 ]
Error: [0.099276 0.009358 0.065260 ]
Training successful
Input: [10.000000 12.000000 14.000000 ]
label: [20.000000 24.000000 28.000000 ]
Output: [20.028681 23.979574 27.900046 ]
Error: [-0.028722 0.020409 0.099597 ]
Training successful
in iteration: 17
Input: [1.000000 2.000000 3.000000 ]
label: [2.000000 4.000000 6.000000 ]
Output: [1.990838 4.031150 6.099923 ]
Error: [0.009120 -0.031392 -0.101587 ]
Training successful
Input: [4.000000 5.000000 6.000000 ]
label: [8.000000 10.000000 12.000000 ]
Output: [7.900047 9.990143 11.956530 ]
Error: [0.098704 0.009847 0.043313 ]
Training successful
Input: [7.000000 8.000000 9.000000 ]
label: [14.000000 16.000000 18.000000 ]
Output: [13.900035 15.990800 17.934626 ]
Error: [0.099251 0.009195 0.065137 ]
Training successful
Input: [10.000000 12.000000 14.000000 ]
label: [20.000000 24.000000 28.000000 ]
Output: [20.028808 23.979668 27.900067 ]
Error: [-0.028849 0.020315 0.099577 ]
Training successful
in iteration: 18
Input: [1.000000 2.000000 3.000000 ]
label: [2.000000 4.000000 6.000000 ]
Output: [1.990224 4.030752 6.099902 ]
Error: [0.009728 -0.030989 -0.101565 ]
Training successful
Input: [4.000000 5.000000 6.000000 ]
label: [8.000000 10.000000 12.000000 ]
Output: [7.900103 9.990279 11.956772 ]
Error: [0.098650 0.009712 0.043073 ]
Training successful
Input: [7.000000 8.000000 9.000000 ]
label: [14.000000 16.000000 18.000000 ]
Output: [13.900074 15.990951 17.934747 ]
Error: [0.099213 0.009044 0.065017 ]
Training successful
Input: [10.000000 12.000000 14.000000 ]
label: [20.000000 24.000000 28.000000 ]
Output: [20.028928 23.979754 27.900079 ]
Error: [-0.028969 0.020229 0.099565 ]
Training successful
in iteration: 19
Input: [1.000000 2.000000 3.000000 ]
label: [2.000000 4.000000 6.000000 ]
Output: [1.989658 4.030401 6.099922 ]
Error: [0.010288 -0.030632 -0.101586 ]
Training successful
Input: [4.000000 5.000000 6.000000 ]
label: [8.000000 10.000000 12.000000 ]
Output: [7.900038 9.990380 11.956945 ]
Error: [0.098713 0.009611 0.042900 ]
Training successful
Input: [7.000000 8.000000 9.000000 ]
label: [14.000000 16.000000 18.000000 ]
Output: [13.900076 15.991090 17.934847 ]
Error: [0.099211 0.008905 0.064918 ]
Training successful
Input: [10.000000 12.000000 14.000000 ]
label: [20.000000 24.000000 28.000000 ]
Output: [20.029040 23.979832 27.900082 ]
Error: [-0.029082 0.020151 0.099561 ]
Training successful
in iteration: 20
Input: [1.000000 2.000000 3.000000 ]
label: [2.000000 4.000000 6.000000 ]
Output: [1.989135 4.030091 6.099979 ]
Error: [0.010806 -0.030318 -0.101645 ]
Training successful
Input: [4.000000 5.000000 6.000000 ]
label: [8.000000 10.000000 12.000000 ]
Output: [7.900087 9.990505 11.957175 ]
Error: [0.098666 0.009486 0.042672 ]
Training successful
Input: [7.000000 8.000000 9.000000 ]
label: [14.000000 16.000000 18.000000 ]
Output: [13.900093 15.991219 17.934945 ]
Error: [0.099194 0.008776 0.064820 ]
Training successful
Input: [10.000000 12.000000 14.000000 ]
label: [20.000000 24.000000 28.000000 ]
Output: [20.029147 23.979904 27.900079 ]
Error: [-0.029190 0.020080 0.099565 ]
Training successful
in iteration: 21
Input: [1.000000 2.000000 3.000000 ]
label: [2.000000 4.000000 6.000000 ]
Output: [1.988652 4.029778 6.099957 ]
Error: [0.011283 -0.030000 -0.101622 ]
Training successful
Input: [4.000000 5.000000 6.000000 ]
label: [8.000000 10.000000 12.000000 ]
Output: [7.900019 9.990588 11.957308 ]
Error: [0.098732 0.009403 0.042540 ]
Training successful
Input: [7.000000 8.000000 9.000000 ]
label: [14.000000 16.000000 18.000000 ]
Output: [13.900078 15.991337 17.935018 ]
Error: [0.099209 0.008659 0.064748 ]
Training successful
Input: [10.000000 12.000000 14.000000 ]
label: [20.000000 24.000000 28.000000 ]
Output: [20.029248 23.979969 27.900068 ]
Error: [-0.029291 0.020015 0.099575 ]
Training successful
in iteration: 22
Input: [1.000000 2.000000 3.000000 ]
label: [2.000000 4.000000 6.000000 ]
Output: [1.988205 4.029499 6.099965 ]
Error: [0.011726 -0.029717 -0.101630 ]
Training successful
Input: [4.000000 5.000000 6.000000 ]
label: [8.000000 10.000000 12.000000 ]
Output: [7.900066 9.990697 11.957497 ]
Error: [0.098686 0.009295 0.042352 ]
Training successful
Input: [7.000000 8.000000 9.000000 ]
label: [14.000000 16.000000 18.000000 ]
Output: [13.900078 15.991445 17.935090 ]
Error: [0.099209 0.008550 0.064676 ]
Training successful
Input: [10.000000 12.000000 14.000000 ]
label: [20.000000 24.000000 28.000000 ]
Output: [20.029344 23.980027 27.900051 ]
Error: [-0.029387 0.019956 0.099593 ]
Training successful
in iteration: 23
Input: [1.000000 2.000000 3.000000 ]
label: [2.000000 4.000000 6.000000 ]
Output: [1.987789 4.029251 6.099999 ]
Error: [0.012136 -0.029465 -0.101665 ]
Training successful
Input: [4.000000 5.000000 6.000000 ]
label: [8.000000 10.000000 12.000000 ]
Output: [7.900110 9.990801 11.957682 ]
Error: [0.098643 0.009190 0.042169 ]
Training successful
Input: [7.000000 8.000000 9.000000 ]
label: [14.000000 16.000000 18.000000 ]
Output: [13.900071 15.991546 17.935155 ]
Error: [0.099216 0.008450 0.064612 ]
Training successful
Input: [10.000000 12.000000 14.000000 ]
label: [20.000000 24.000000 28.000000 ]
Output: [20.029435 23.980080 27.900027 ]
Error: [-0.029478 0.019903 0.099616 ]
Training successful
in iteration: 24
Input: [1.000000 2.000000 3.000000 ]
label: [2.000000 4.000000 6.000000 ]
Output: [1.987406 4.028990 6.099945 ]
Error: [0.012515 -0.029200 -0.101610 ]
Training successful
Input: [4.000000 5.000000 6.000000 ]
label: [8.000000 10.000000 12.000000 ]
Output: [7.900037 9.990864 11.957770 ]
Error: [0.098713 0.009128 0.042082 ]
Training successful
Input: [7.000000 8.000000 9.000000 ]
label: [14.000000 16.000000 18.000000 ]
Output: [13.900034 15.991637 17.935195 ]
Error: [0.099252 0.008359 0.064572 ]
Training successful
Input: [10.000000 12.000000 14.000000 ]
label: [20.000000 24.000000 28.000000 ]
Output: [20.029499 23.980156 27.900106 ]
Error: [-0.029543 0.019827 0.099538 ]
Training successful
in iteration: 25
Input: [1.000000 2.000000 3.000000 ]
label: [2.000000 4.000000 6.000000 ]
Output: [1.987048 4.028755 6.099914 ]
Error: [0.012868 -0.028962 -0.101578 ]
Training successful
Input: [4.000000 5.000000 6.000000 ]
label: [8.000000 10.000000 12.000000 ]
Output: [7.900080 9.990952 11.957915 ]
Error: [0.098672 0.009040 0.041937 ]
Training successful
Input: [7.000000 8.000000 9.000000 ]
label: [14.000000 16.000000 18.000000 ]
Output: [13.900014 15.991721 17.935237 ]
Error: [0.099272 0.008275 0.064530 ]
Training successful
Input: [10.000000 12.000000 14.000000 ]
label: [20.000000 24.000000 28.000000 ]
Output: [20.029581 23.980200 27.900072 ]
Error: [-0.029625 0.019784 0.099572 ]
Training successful
in iteration: 26
Input: [1.000000 2.000000 3.000000 ]
label: [2.000000 4.000000 6.000000 ]
Output: [1.986716 4.028543 6.099902 ]
Error: [0.013196 -0.028747 -0.101565 ]
Training successful
Input: [4.000000 5.000000 6.000000 ]
label: [8.000000 10.000000 12.000000 ]
Output: [7.900002 9.991007 11.957994 ]
Error: [0.098748 0.008985 0.041859 ]
Training successful
Input: [7.000000 8.000000 9.000000 ]
label: [14.000000 16.000000 18.000000 ]
Output: [13.900083 15.991827 17.935348 ]
Error: [0.099204 0.008169 0.064420 ]
Training successful
Input: [10.000000 12.000000 14.000000 ]
label: [20.000000 24.000000 28.000000 ]
Output: [20.029661 23.980238 27.900034 ]
Error: [-0.029705 0.019746 0.099609 ]
Training successful
in iteration: 27
Input: [1.000000 2.000000 3.000000 ]
label: [2.000000 4.000000 6.000000 ]
Output: [1.986406 4.028351 6.099906 ]
Error: [0.013502 -0.028552 -0.101570 ]
Training successful
Input: [4.000000 5.000000 6.000000 ]
label: [8.000000 10.000000 12.000000 ]
Output: [7.900039 9.991087 11.958130 ]
Error: [0.098712 0.008905 0.041724 ]
Training successful
Input: [7.000000 8.000000 9.000000 ]
label: [14.000000 16.000000 18.000000 ]
Output: [13.900051 15.991898 17.935376 ]
Error: [0.099236 0.008098 0.064392 ]
Training successful
Input: [10.000000 12.000000 14.000000 ]
label: [20.000000 24.000000 28.000000 ]
Output: [20.029714 23.980301 27.900099 ]
Error: [-0.029759 0.019683 0.099544 ]
Training successful
in iteration: 28
Input: [1.000000 2.000000 3.000000 ]
label: [2.000000 4.000000 6.000000 ]
Output: [1.986116 4.028179 6.099929 ]
Error: [0.013787 -0.028377 -0.101593 ]
Training successful
Input: [4.000000 5.000000 6.000000 ]
label: [8.000000 10.000000 12.000000 ]
Output: [7.900074 9.991164 11.958262 ]
Error: [0.098678 0.008828 0.041593 ]
Training successful
Input: [7.000000 8.000000 9.000000 ]
label: [14.000000 16.000000 18.000000 ]
Output: [13.900012 15.991962 17.935398 ]
Error: [0.099274 0.008034 0.064370 ]
Training successful
Input: [10.000000 12.000000 14.000000 ]
label: [20.000000 24.000000 28.000000 ]
Output: [20.029786 23.980332 27.900052 ]
Error: [-0.029830 0.019652 0.099591 ]
Training successful
in iteration: 29
Input: [1.000000 2.000000 3.000000 ]
label: [2.000000 4.000000 6.000000 ]
Output: [1.985845 4.028022 6.099964 ]
Error: [0.014055 -0.028219 -0.101629 ]
Training successful
Input: [4.000000 5.000000 6.000000 ]
label: [8.000000 10.000000 12.000000 ]
Output: [7.900107 9.991239 11.958391 ]
Error: [0.098646 0.008754 0.041465 ]
Training successful
Input: [7.000000 8.000000 9.000000 ]
label: [14.000000 16.000000 18.000000 ]
Output: [13.900089 15.992051 17.935500 ]
Error: [0.099198 0.007945 0.064269 ]
Training successful
Input: [10.000000 12.000000 14.000000 ]
label: [20.000000 24.000000 28.000000 ]
Output: [20.029856 23.980359 27.900003 ]
Error: [-0.029901 0.019625 0.099640 ]
Training successful
in iteration: 30
Input: [1.000000 2.000000 3.000000 ]
label: [2.000000 4.000000 6.000000 ]
Output: [1.985596 4.027844 6.099901 ]
Error: [0.014300 -0.028038 -0.101564 ]
Training successful
Input: [4.000000 5.000000 6.000000 ]
label: [8.000000 10.000000 12.000000 ]
Output: [7.900024 9.991272 11.958423 ]
Error: [0.098727 0.008721 0.041433 ]
Training successful
Input: [7.000000 8.000000 9.000000 ]
label: [14.000000 16.000000 18.000000 ]
Output: [13.900019 15.992105 17.935497 ]
Error: [0.099267 0.007891 0.064272 ]
Training successful
Input: [10.000000 12.000000 14.000000 ]
label: [20.000000 24.000000 28.000000 ]
Output: [20.029900 23.980411 27.900056 ]
Error: [-0.029944 0.019573 0.099587 ]
Training successful
in iteration: 31
Input: [1.000000 2.000000 3.000000 ]
label: [2.000000 4.000000 6.000000 ]
Output: [1.985358 4.027719 6.099963 ]
Error: [0.014535 -0.027911 -0.101628 ]
Training successful
Input: [4.000000 5.000000 6.000000 ]
label: [8.000000 10.000000 12.000000 ]
Output: [7.900053 9.991341 11.958547 ]
Error: [0.098698 0.008651 0.041310 ]
Training successful
Input: [7.000000 8.000000 9.000000 ]
label: [14.000000 16.000000 18.000000 ]
Output: [13.900086 15.992184 17.935588 ]
Error: [0.099201 0.007813 0.064181 ]
Training successful
Input: [10.000000 12.000000 14.000000 ]
label: [20.000000 24.000000 28.000000 ]
Output: [20.029941 23.980458 27.900107 ]
Error: [-0.029986 0.019526 0.099537 ]
Training successful
in iteration: 32
Input: [1.000000 2.000000 3.000000 ]
label: [2.000000 4.000000 6.000000 ]
Output: [1.985140 4.027571 6.099926 ]
Error: [0.014750 -0.027761 -0.101590 ]
Training successful
Input: [4.000000 5.000000 6.000000 ]
label: [8.000000 10.000000 12.000000 ]
Output: [7.900084 9.991398 11.958634 ]
Error: [0.098668 0.008595 0.041223 ]
Training successful
Input: [7.000000 8.000000 9.000000 ]
label: [14.000000 16.000000 18.000000 ]
Output: [13.900032 15.992228 17.935584 ]
Error: [0.099255 0.007768 0.064185 ]
Training successful
Input: [10.000000 12.000000 14.000000 ]
label: [20.000000 24.000000 28.000000 ]
Output: [20.030003 23.980478 27.900047 ]
Error: [-0.030048 0.019506 0.099596 ]
Training successful
in iteration: 33
Input: [1.000000 2.000000 3.000000 ]
label: [2.000000 4.000000 6.000000 ]
Output: [1.984934 4.027431 6.099894 ]
Error: [0.014953 -0.027619 -0.101557 ]
Training successful
Input: [4.000000 5.000000 6.000000 ]
label: [8.000000 10.000000 12.000000 ]
Output: [7.900115 9.991455 11.958721 ]
Error: [0.098638 0.008538 0.041137 ]
Training successful
Input: [7.000000 8.000000 9.000000 ]
label: [14.000000 16.000000 18.000000 ]
Output: [13.900093 15.992297 17.935660 ]
Error: [0.099194 0.007699 0.064110 ]
Training successful
Input: [10.000000 12.000000 14.000000 ]
label: [20.000000 24.000000 28.000000 ]
Output: [20.030040 23.980520 27.900092 ]
Error: [-0.030085 0.019464 0.099551 ]
Training successful
in iteration: 34
Input: [1.000000 2.000000 3.000000 ]
label: [2.000000 4.000000 6.000000 ]
Output: [1.984738 4.027345 6.099989 ]
Error: [0.015146 -0.027532 -0.101656 ]
Training successful
Input: [4.000000 5.000000 6.000000 ]
label: [8.000000 10.000000 12.000000 ]
Output: [7.900017 9.991483 11.958770 ]
Error: [0.098734 0.008509 0.041088 ]
Training successful
Input: [7.000000 8.000000 9.000000 ]
label: [14.000000 16.000000 18.000000 ]
Output: [13.900004 15.992334 17.935645 ]
Error: [0.099282 0.007663 0.064125 ]
Training successful
Input: [10.000000 12.000000 14.000000 ]
label: [20.000000 24.000000 28.000000 ]
Output: [20.030093 23.980531 27.900023 ]
Error: [-0.030138 0.019453 0.099620 ]
Training successful
in iteration: 35
Input: [1.000000 2.000000 3.000000 ]
label: [2.000000 4.000000 6.000000 ]
Output: [1.984558 4.027229 6.099978 ]
Error: [0.015323 -0.027414 -0.101644 ]
Training successful
Input: [4.000000 5.000000 6.000000 ]
label: [8.000000 10.000000 12.000000 ]
Output: [7.900043 9.991534 11.958850 ]
Error: [0.098708 0.008459 0.041009 ]
Training successful
Input: [7.000000 8.000000 9.000000 ]
label: [14.000000 16.000000 18.000000 ]
Output: [13.900057 15.992394 17.935713 ]
Error: [0.099229 0.007602 0.064057 ]
Training successful
Input: [10.000000 12.000000 14.000000 ]
label: [20.000000 24.000000 28.000000 ]
Output: [20.030126 23.980568 27.900063 ]
Error: [-0.030171 0.019416 0.099580 ]
Training successful
in iteration: 36
Input: [1.000000 2.000000 3.000000 ]
label: [2.000000 4.000000 6.000000 ]
Output: [1.984386 4.027121 6.099975 ]
Error: [0.015492 -0.027305 -0.101640 ]
Training successful
Input: [4.000000 5.000000 6.000000 ]
label: [8.000000 10.000000 12.000000 ]
Output: [7.900067 9.991581 11.958926 ]
Error: [0.098685 0.008412 0.040933 ]
Training successful
Input: [7.000000 8.000000 9.000000 ]
label: [14.000000 16.000000 18.000000 ]
Output: [13.900106 15.992450 17.935776 ]
Error: [0.099181 0.007546 0.063995 ]
Training successful
Input: [10.000000 12.000000 14.000000 ]
label: [20.000000 24.000000 28.000000 ]
Output: [20.030160 23.980607 27.900104 ]
Error: [-0.030205 0.019378 0.099540 ]
Training successful
in iteration: 37
Input: [1.000000 2.000000 3.000000 ]
label: [2.000000 4.000000 6.000000 ]
Output: [1.984233 4.027032 6.099987 ]
Error: [0.015642 -0.027215 -0.101653 ]
Training successful
Input: [4.000000 5.000000 6.000000 ]
label: [8.000000 10.000000 12.000000 ]
Output: [7.900089 9.991626 11.959000 ]
Error: [0.098663 0.008367 0.040860 ]
Training successful
Input: [7.000000 8.000000 9.000000 ]
label: [14.000000 16.000000 18.000000 ]
Output: [13.900037 15.992479 17.935756 ]
Error: [0.099249 0.007517 0.064015 ]
Training successful
Input: [10.000000 12.000000 14.000000 ]
label: [20.000000 24.000000 28.000000 ]
Output: [20.030208 23.980611 27.900029 ]
Error: [-0.030254 0.019373 0.099614 ]
Training successful
in iteration: 38
Input: [1.000000 2.000000 3.000000 ]
label: [2.000000 4.000000 6.000000 ]
Output: [1.984086 4.026946 6.100000 ]
Error: [0.015787 -0.027127 -0.101667 ]
Training successful
Input: [4.000000 5.000000 6.000000 ]
label: [8.000000 10.000000 12.000000 ]
Output: [7.900110 9.991669 11.959071 ]
Error: [0.098643 0.008324 0.040789 ]
Training successful
Input: [7.000000 8.000000 9.000000 ]
label: [14.000000 16.000000 18.000000 ]
Output: [13.900081 15.992530 17.935813 ]
Error: [0.099206 0.007467 0.063958 ]
Training successful
Input: [10.000000 12.000000 14.000000 ]
label: [20.000000 24.000000 28.000000 ]
Output: [20.030234 23.980641 27.900060 ]
Error: [-0.030280 0.019343 0.099583 ]
Training successful
in iteration: 39
Input: [1.000000 2.000000 3.000000 ]
label: [2.000000 4.000000 6.000000 ]
Output: [1.983945 4.026823 6.099902 ]
Error: [0.015926 -0.027003 -0.101565 ]
Training successful
Input: [4.000000 5.000000 6.000000 ]
label: [8.000000 10.000000 12.000000 ]
Output: [7.900014 9.991671 11.959047 ]
Error: [0.098736 0.008322 0.040813 ]
Training successful
Input: [7.000000 8.000000 9.000000 ]
label: [14.000000 16.000000 18.000000 ]
Output: [13.900102 15.992578 17.935853 ]
Error: [0.099186 0.007418 0.063918 ]
Training successful
Input: [10.000000 12.000000 14.000000 ]
label: [20.000000 24.000000 28.000000 ]
Output: [20.030260 23.980671 27.900092 ]
Error: [-0.030306 0.019313 0.099551 ]
Training successful
in iteration: 40
Input: [1.000000 2.000000 3.000000 ]
label: [2.000000 4.000000 6.000000 ]
Output: [1.983817 4.026755 6.099932 ]
Error: [0.016052 -0.026934 -0.101596 ]
Training successful
Input: [4.000000 5.000000 6.000000 ]
label: [8.000000 10.000000 12.000000 ]
Output: [7.900027 9.991705 11.959110 ]
Error: [0.098724 0.008288 0.040751 ]
Training successful
Input: [7.000000 8.000000 9.000000 ]
label: [14.000000 16.000000 18.000000 ]
Output: [13.900021 15.992595 17.935821 ]
Error: [0.099265 0.007402 0.063950 ]
Training successful
Input: [10.000000 12.000000 14.000000 ]
label: [20.000000 24.000000 28.000000 ]
Output: [20.030325 23.980693 27.900033 ]
Error: [-0.030371 0.019291 0.099610 ]
Training successful
in iteration: 41
Input: [1.000000 2.000000 3.000000 ]
label: [2.000000 4.000000 6.000000 ]
Output: [1.983683 4.026679 6.099951 ]
Error: [0.016184 -0.026857 -0.101616 ]
Training successful
Input: [4.000000 5.000000 6.000000 ]
label: [8.000000 10.000000 12.000000 ]
Output: [7.900044 9.991744 11.959175 ]
Error: [0.098707 0.008250 0.040686 ]
Training successful
Input: [7.000000 8.000000 9.000000 ]
label: [14.000000 16.000000 18.000000 ]
Output: [13.900059 15.992639 17.935872 ]
Error: [0.099228 0.007358 0.063900 ]
Training successful
Input: [10.000000 12.000000 14.000000 ]
label: [20.000000 24.000000 28.000000 ]
Output: [20.030318 23.980688 27.900031 ]
Error: [-0.030364 0.019297 0.099613 ]
Training successful
in iteration: 42
Input: [1.000000 2.000000 3.000000 ]
label: [2.000000 4.000000 6.000000 ]
Output: [1.983572 4.026627 6.099994 ]
Error: [0.016293 -0.026804 -0.101661 ]
Training successful
Input: [4.000000 5.000000 6.000000 ]
label: [8.000000 10.000000 12.000000 ]
Output: [7.900074 9.991794 11.959253 ]
Error: [0.098678 0.008199 0.040609 ]
Training successful
Input: [7.000000 8.000000 9.000000 ]
label: [14.000000 16.000000 18.000000 ]
Output: [13.900095 15.992681 17.935920 ]
Error: [0.099192 0.007316 0.063852 ]
Training successful
Input: [10.000000 12.000000 14.000000 ]
label: [20.000000 24.000000 28.000000 ]
Output: [20.030347 23.980719 27.900064 ]
Error: [-0.030393 0.019265 0.099580 ]
Training successful
in iteration: 43
Input: [1.000000 2.000000 3.000000 ]
label: [2.000000 4.000000 6.000000 ]
Output: [1.983443 4.026511 6.099899 ]
Error: [0.016420 -0.026687 -0.101562 ]
Training successful
Input: [4.000000 5.000000 6.000000 ]
label: [8.000000 10.000000 12.000000 ]
Output: [7.900090 9.991817 11.959280 ]
Error: [0.098663 0.008176 0.040582 ]
Training successful
Input: [7.000000 8.000000 9.000000 ]
label: [14.000000 16.000000 18.000000 ]
Output: [13.900005 15.992684 17.935869 ]
Error: [0.099281 0.007312 0.063903 ]
Training successful
Input: [10.000000 12.000000 14.000000 ]
label: [20.000000 24.000000 28.000000 ]
Output: [20.030359 23.980737 27.900080 ]
Error: [-0.030405 0.019248 0.099563 ]
Training successful
in iteration: 44
Input: [1.000000 2.000000 3.000000 ]
label: [2.000000 4.000000 6.000000 ]
Output: [1.983354 4.026481 6.099961 ]
Error: [0.016507 -0.026656 -0.101627 ]
Training successful
Input: [4.000000 5.000000 6.000000 ]
label: [8.000000 10.000000 12.000000 ]
Output: [7.900093 9.991839 11.959330 ]
Error: [0.098660 0.008154 0.040533 ]
Training successful
Input: [7.000000 8.000000 9.000000 ]
label: [14.000000 16.000000 18.000000 ]
Output: [13.900035 15.992720 17.935911 ]
Error: [0.099251 0.007277 0.063861 ]
Training successful
Input: [10.000000 12.000000 14.000000 ]
label: [20.000000 24.000000 28.000000 ]
Output: [20.030412 23.980743 27.900008 ]
Error: [-0.030459 0.019241 0.099635 ]
Training successful
in iteration: 45
Input: [1.000000 2.000000 3.000000 ]
label: [2.000000 4.000000 6.000000 ]
Output: [1.983265 4.026404 6.099900 ]
Error: [0.016595 -0.026578 -0.101563 ]
Training successful
Input: [4.000000 5.000000 6.000000 ]
label: [8.000000 10.000000 12.000000 ]
Output: [7.900010 9.991853 11.959315 ]
Error: [0.098740 0.008140 0.040547 ]
Training successful
Input: [7.000000 8.000000 9.000000 ]
label: [14.000000 16.000000 18.000000 ]
Output: [13.900051 15.992763 17.935946 ]
Error: [0.099236 0.007234 0.063826 ]
Training successful
Input: [10.000000 12.000000 14.000000 ]
label: [20.000000 24.000000 28.000000 ]
Output: [20.030439 23.980773 27.900038 ]
Error: [-0.030485 0.019212 0.099605 ]
Training successful
in iteration: 46
Input: [1.000000 2.000000 3.000000 ]
label: [2.000000 4.000000 6.000000 ]
Output: [1.983178 4.026372 6.099960 ]
Error: [0.016680 -0.026546 -0.101625 ]
Training successful
Input: [4.000000 5.000000 6.000000 ]
label: [8.000000 10.000000 12.000000 ]
Output: [7.900010 9.991871 11.959359 ]
Error: [0.098741 0.008122 0.040503 ]
Training successful
Input: [7.000000 8.000000 9.000000 ]
label: [14.000000 16.000000 18.000000 ]
Output: [13.900075 15.992793 17.935982 ]
Error: [0.099212 0.007204 0.063790 ]
Training successful
Input: [10.000000 12.000000 14.000000 ]
label: [20.000000 24.000000 28.000000 ]
Output: [20.030446 23.980782 27.900049 ]
Error: [-0.030492 0.019203 0.099594 ]
Training successful
in iteration: 47
Input: [1.000000 2.000000 3.000000 ]
label: [2.000000 4.000000 6.000000 ]
Output: [1.983085 4.026291 6.099894 ]
Error: [0.016772 -0.026464 -0.101557 ]
Training successful
Input: [4.000000 5.000000 6.000000 ]
label: [8.000000 10.000000 12.000000 ]
Output: [7.900026 9.991893 11.959385 ]
Error: [0.098725 0.008100 0.040478 ]
Training successful
Input: [7.000000 8.000000 9.000000 ]
label: [14.000000 16.000000 18.000000 ]
Output: [13.900098 15.992817 17.936007 ]
Error: [0.099189 0.007179 0.063765 ]
Training successful
Input: [10.000000 12.000000 14.000000 ]
label: [20.000000 24.000000 28.000000 ]
Output: [20.030480 23.980819 27.900087 ]
Error: [-0.030526 0.019166 0.099557 ]
Training successful
in iteration: 48
Input: [1.000000 2.000000 3.000000 ]
label: [2.000000 4.000000 6.000000 ]
Output: [1.982989 4.026250 6.099944 ]
Error: [0.016866 -0.026422 -0.101608 ]
Training successful
Input: [4.000000 5.000000 6.000000 ]
label: [8.000000 10.000000 12.000000 ]
Output: [7.900031 9.991918 11.959436 ]
Error: [0.098719 0.008076 0.040427 ]
Training successful
Input: [7.000000 8.000000 9.000000 ]
label: [14.000000 16.000000 18.000000 ]
Output: [13.900118 15.992843 17.936040 ]
Error: [0.099169 0.007154 0.063733 ]
Training successful
Input: [10.000000 12.000000 14.000000 ]
label: [20.000000 24.000000 28.000000 ]
Output: [20.030463 23.980803 27.900073 ]
Error: [-0.030510 0.019182 0.099570 ]
Training successful
in iteration: 49