Input: [1.000000 2.000000 3.000000 ]
label: [3.000000 5.000000 7.000000 ]
Output: [2.999639 4.999011 7.004999 ]
Error: [0.000361 0.000989 -0.005003 ]
Training successful
Input: [10.000000 11.000000 12.000000 ]
label: [21.000000 23.000000 25.000000 ]
Output: [20.996119 22.998792 25.005000 ]
Error: [0.003880 0.001208 -0.005001 ]
Training successful
Input: [5.000000 6.000000 7.000000 ]
label: [11.000000 13.000000 15.000000 ]
Output: [11.003874 13.003230 14.995000 ]
Error: [-0.003875 -0.003230 0.004998 ]
Training successful
in iteration: 0
Input: [1.000000 2.000000 3.000000 ]
label: [3.000000 5.000000 7.000000 ]
Output: [2.999372 4.999882 7.005000 ]
Error: [0.000628 0.000118 -0.005003 ]
Training successful
Input: [10.000000 11.000000 12.000000 ]
label: [21.000000 23.000000 25.000000 ]
Output: [20.996120 22.999239 25.005000 ]
Error: [0.003879 0.000761 -0.005001 ]
Training successful
Input: [5.000000 6.000000 7.000000 ]
label: [11.000000 13.000000 15.000000 ]
Output: [11.003350 13.001974 14.995001 ]
Error: [-0.003351 -0.001975 0.004998 ]
Training successful
in iteration: 1
Input: [1.000000 2.000000 3.000000 ]
label: [3.000000 5.000000 7.000000 ]
Output: [2.999032 5.000789 7.005000 ]
Error: [0.000967 -0.000789 -0.005003 ]
Training successful
Input: [10.000000 11.000000 12.000000 ]
label: [21.000000 23.000000 25.000000 ]
Output: [20.995881 22.999580 25.005000 ]
Error: [0.004118 0.000420 -0.005001 ]
Training successful
Input: [5.000000 6.000000 7.000000 ]
label: [11.000000 13.000000 15.000000 ]
Output: [11.003483 13.001401 14.995000 ]
Error: [-0.003484 -0.001401 0.004998 ]
Training successful
in iteration: 2
Input: [1.000000 2.000000 3.000000 ]
label: [3.000000 5.000000 7.000000 ]
Output: [2.998452 5.002221 7.005000 ]
Error: [0.001547 -0.002222 -0.005003 ]
Training successful
Input: [10.000000 11.000000 12.000000 ]
label: [21.000000 23.000000 25.000000 ]
Output: [20.995468 22.999915 25.004999 ]
Error: [0.004531 0.000085 -0.005000 ]
Training successful
Input: [5.000000 6.000000 7.000000 ]
label: [11.000000 13.000000 15.000000 ]
Output: [11.003876 13.001015 14.995000 ]
Error: [-0.003877 -0.001015 0.004998 ]
Training successful
in iteration: 3
Input: [1.000000 2.000000 3.000000 ]
label: [3.000000 5.000000 7.000000 ]
Output: [2.997572 5.004722 7.005000 ]
Error: [0.002426 -0.004727 -0.005003 ]
Training successful
Input: [10.000000 11.000000 12.000000 ]
label: [21.000000 23.000000 25.000000 ]
Output: [20.995000 23.000243 25.004893 ]
Error: [0.004999 -0.000243 -0.004894 ]
Training successful
Input: [5.000000 6.000000 7.000000 ]
label: [11.000000 13.000000 15.000000 ]
Output: [11.004480 13.000742 14.995000 ]
Error: [-0.004482 -0.000742 0.004998 ]
Training successful
in iteration: 4
Input: [1.000000 2.000000 3.000000 ]
label: [3.000000 5.000000 7.000000 ]
Output: [2.998620 5.005000 7.001960 ]
Error: [0.001379 -0.005005 -0.001960 ]
Training successful

PS C:\Users\Lenovo