Input: [2.000000 4.000000 6.000000 ]
label: [8.000000 10.000000 12.000000 ]
Output: [7.972787 10.021453 12.100000 ]
Error: [0.027120 -0.021499 -0.100833 ]
Training successful
Input: [3.000000 6.000000 9.000000 ]
label: [12.000000 15.000000 18.000000 ]
Output: [12.024156 14.972953 17.900001 ]
Error: [-0.024204 0.026998 0.099444 ]
Training successful
Input: [5.000000 10.000000 15.000000 ]
label: [20.000000 25.000000 30.000000 ]
Output: [20.017620 24.966190 29.900000 ]
Error: [-0.017636 0.033764 0.099666 ]
Training successful
Input: [1.000000 2.000000 3.000000 ]
label: [4.000000 5.000000 6.000000 ]
Output: [3.990831 4.984063 6.099999 ]
Error: [0.009148 0.015886 -0.101666 ]
Training successful
Input: [10.000000 20.000000 30.000000 ]
label: [40.000000 50.000000 60.000000 ]
Output: [40.030051 49.980715 59.900001 ]
Error: [-0.030074 0.019278 0.099832 ]
Training successful
Input: [7.000000 14.000000 21.000000 ]
label: [28.000000 35.000000 42.000000 ]
Output: [28.001349 35.045844 42.100000 ]
Error: [-0.001349 -0.045904 -0.100238 ]
Training successful
in iteration: 0
Input: [2.000000 4.000000 6.000000 ]
label: [8.000000 10.000000 12.000000 ]
Output: [7.975390 10.008359 12.099999 ]
Error: [0.024534 -0.008366 -0.100833 ]
Training successful
Input: [3.000000 6.000000 9.000000 ]
label: [12.000000 15.000000 18.000000 ]
Output: [12.025351 14.976022 17.900000 ]
Error: [-0.025404 0.023940 0.099444 ]
Training successful
Input: [5.000000 10.000000 15.000000 ]
label: [20.000000 25.000000 30.000000 ]
Output: [20.020537 24.971047 29.900001 ]
Error: [-0.020558 0.028919 0.099665 ]
Training successful
Input: [1.000000 2.000000 3.000000 ]
label: [4.000000 5.000000 6.000000 ]
Output: [3.992294 4.983451 6.099999 ]
Error: [0.007691 0.016494 -0.101666 ]
Training successful
Input: [10.000000 20.000000 30.000000 ]
label: [40.000000 50.000000 60.000000 ]
Output: [40.031017 49.986302 59.900001 ]
Error: [-0.031041 0.013695 0.099832 ]
Training successful
Input: [7.000000 14.000000 21.000000 ]
label: [28.000000 35.000000 42.000000 ]
Output: [27.995196 35.039037 42.099999 ]
Error: [0.004804 -0.039080 -0.100237 ]
Training successful
in iteration: 1
Input: [2.000000 4.000000 6.000000 ]
label: [8.000000 10.000000 12.000000 ]
Output: [7.978046 10.005492 12.100000 ]
Error: [0.021894 -0.005495 -0.100833 ]
Training successful
Input: [3.000000 6.000000 9.000000 ]
label: [12.000000 15.000000 18.000000 ]
Output: [12.025597 14.979289 17.900001 ]
Error: [-0.025651 0.020682 0.099444 ]
Training successful
Input: [5.000000 10.000000 15.000000 ]
label: [20.000000 25.000000 30.000000 ]
Output: [20.022586 24.975673 29.900001 ]
Error: [-0.022611 0.024303 0.099665 ]
Training successful
Input: [1.000000 2.000000 3.000000 ]
label: [4.000000 5.000000 6.000000 ]
Output: [3.993498 4.983319 6.099999 ]
Error: [0.006491 0.016625 -0.101666 ]
Training successful
Input: [10.000000 20.000000 30.000000 ]
label: [40.000000 50.000000 60.000000 ]
Output: [40.030991 49.991345 59.900001 ]
Error: [-0.031015 0.008654 0.099833 ]
Training successful
Input: [7.000000 14.000000 21.000000 ]
label: [28.000000 35.000000 42.000000 ]
Output: [27.990000 35.032526 42.099999 ]
Error: [0.009997 -0.032556 -0.100237 ]
Training successful
in iteration: 2
Input: [2.000000 4.000000 6.000000 ]
label: [8.000000 10.000000 12.000000 ]
Output: [7.980701 10.002901 12.099999 ]
Error: [0.019252 -0.002902 -0.100832 ]
Training successful
Input: [3.000000 6.000000 9.000000 ]
label: [12.000000 15.000000 18.000000 ]
Output: [12.025104 14.982324 17.900001 ]
Error: [-0.025157 0.017655 0.099444 ]
Training successful
Input: [5.000000 10.000000 15.000000 ]
label: [20.000000 25.000000 30.000000 ]
Output: [20.023784 24.979958 29.900000 ]
Error: [-0.023813 0.020026 0.099666 ]
Training successful
Input: [1.000000 2.000000 3.000000 ]
label: [4.000000 5.000000 6.000000 ]
Output: [3.994468 4.983583 6.099999 ]
Error: [0.005524 0.016363 -0.101666 ]
Training successful
Input: [10.000000 20.000000 30.000000 ]
label: [40.000000 50.000000 60.000000 ]
Output: [40.030157 49.995778 59.900001 ]
Error: [-0.030180 0.004222 0.099832 ]
Training successful
Input: [7.000000 14.000000 21.000000 ]
label: [28.000000 35.000000 42.000000 ]
Output: [27.985874 35.026498 42.099999 ]
Error: [0.014119 -0.026518 -0.100237 ]
Training successful
in iteration: 3
Input: [2.000000 4.000000 6.000000 ]
label: [8.000000 10.000000 12.000000 ]
Output: [7.983181 10.000661 12.099999 ]
Error: [0.016784 -0.000661 -0.100832 ]
Training successful
Input: [3.000000 6.000000 9.000000 ]
label: [12.000000 15.000000 18.000000 ]
Output: [12.024041 14.985058 17.900001 ]
Error: [-0.024089 0.014927 0.099443 ]
Training successful
Input: [5.000000 10.000000 15.000000 ]
label: [20.000000 25.000000 30.000000 ]
Output: [20.024211 24.983810 29.900001 ]
Error: [-0.024240 0.016180 0.099666 ]
Training successful
Input: [1.000000 2.000000 3.000000 ]
label: [4.000000 5.000000 6.000000 ]
Output: [3.995233 4.984096 6.099998 ]
Error: [0.004762 0.015853 -0.101665 ]
Training successful
Input: [10.000000 20.000000 30.000000 ]
label: [40.000000 50.000000 60.000000 ]
Output: [40.028736 49.999545 59.900001 ]
Error: [-0.028756 0.000455 0.099833 ]
Training successful
Input: [7.000000 14.000000 21.000000 ]
label: [28.000000 35.000000 42.000000 ]
Output: [27.982838 35.021117 42.099999 ]
Error: [0.017152 -0.021129 -0.100237 ]
Training successful
in iteration: 4
Input: [2.000000 4.000000 6.000000 ]
label: [8.000000 10.000000 12.000000 ]
Output: [7.985357 9.998841 12.099999 ]
Error: [0.014617 0.001158 -0.100832 ]
Training successful
Input: [3.000000 6.000000 9.000000 ]
label: [12.000000 15.000000 18.000000 ]
Output: [12.022614 14.987424 17.900001 ]
Error: [-0.022656 0.012565 0.099443 ]
Training successful
Input: [5.000000 10.000000 15.000000 ]
label: [20.000000 25.000000 30.000000 ]
Output: [20.024006 24.987151 29.900000 ]
Error: [-0.024035 0.012842 0.099666 ]
Training successful
Input: [1.000000 2.000000 3.000000 ]
label: [4.000000 5.000000 6.000000 ]
Output: [3.995815 4.984670 6.099998 ]
Error: [0.004180 0.015283 -0.101665 ]
Training successful
Input: [10.000000 20.000000 30.000000 ]
label: [40.000000 50.000000 60.000000 ]
Output: [40.026965 50.002610 59.900001 ]
Error: [-0.026983 -0.002610 0.099833 ]
Training successful
Input: [7.000000 14.000000 21.000000 ]
label: [28.000000 35.000000 42.000000 ]
Output: [27.980813 35.016507 42.100000 ]
Error: [0.019174 -0.016515 -0.100238 ]
Training successful
in iteration: 5
Input: [2.000000 4.000000 6.000000 ]
label: [8.000000 10.000000 12.000000 ]
Output: [7.987156 9.997487 12.099999 ]
Error: [0.012823 0.002513 -0.100833 ]
Training successful
Input: [3.000000 6.000000 9.000000 ]
label: [12.000000 15.000000 18.000000 ]
Output: [12.021040 14.989355 17.900001 ]
Error: [-0.021077 0.010638 0.099444 ]
Training successful
Input: [5.000000 10.000000 15.000000 ]
label: [20.000000 25.000000 30.000000 ]
Output: [20.023352 24.989923 29.900000 ]
Error: [-0.023379 0.010073 0.099666 ]
Training successful
Input: [1.000000 2.000000 3.000000 ]
label: [4.000000 5.000000 6.000000 ]
Output: [3.996226 4.985082 6.099998 ]
Error: [0.003771 0.014873 -0.101665 ]
Training successful
Input: [10.000000 20.000000 30.000000 ]
label: [40.000000 50.000000 60.000000 ]
Output: [40.025077 50.004966 59.900001 ]
Error: [-0.025093 -0.004966 0.099832 ]
Training successful
Input: [7.000000 14.000000 21.000000 ]
label: [28.000000 35.000000 42.000000 ]
Output: [27.979634 35.012746 42.099999 ]
Error: [0.020351 -0.012751 -0.100237 ]
Training successful
in iteration: 6
Input: [2.000000 4.000000 6.000000 ]
label: [8.000000 10.000000 12.000000 ]
Output: [7.988551 9.996613 12.099999 ]
Error: [0.011432 0.003386 -0.100833 ]
Training successful
Input: [3.000000 6.000000 9.000000 ]
label: [12.000000 15.000000 18.000000 ]
Output: [12.019518 14.990789 17.900000 ]
Error: [-0.019550 0.009205 0.099444 ]
Training successful
Input: [5.000000 10.000000 15.000000 ]
label: [20.000000 25.000000 30.000000 ]
Output: [20.022451 24.992086 29.900000 ]
Error: [-0.022477 0.007911 0.099666 ]
Training successful
Input: [1.000000 2.000000 3.000000 ]
label: [4.000000 5.000000 6.000000 ]
Output: [3.996450 4.985068 6.100000 ]
Error: [0.003547 0.014887 -0.101667 ]
Training successful
Input: [10.000000 20.000000 30.000000 ]
label: [40.000000 50.000000 60.000000 ]
Output: [40.023280 50.006636 59.900000 ]
Error: [-0.023293 -0.006637 0.099833 ]
Training successful
Input: [7.000000 14.000000 21.000000 ]
label: [28.000000 35.000000 42.000000 ]
Output: [27.979077 35.009861 42.099999 ]
Error: [0.020907 -0.009864 -0.100237 ]
Training successful
in iteration: 7
Input: [2.000000 4.000000 6.000000 ]
label: [8.000000 10.000000 12.000000 ]
Output: [7.989545 9.996216 12.100000 ]
Error: [0.010441 0.003783 -0.100833 ]
Training successful
Input: [3.000000 6.000000 9.000000 ]
label: [12.000000 15.000000 18.000000 ]
Output: [12.018207 14.991674 17.900000 ]
Error: [-0.018235 0.008322 0.099444 ]
Training successful
Input: [5.000000 10.000000 15.000000 ]
label: [20.000000 25.000000 30.000000 ]
Output: [20.021503 24.993618 29.900001 ]
Error: [-0.021526 0.006380 0.099666 ]
Training successful
Input: [1.000000 2.000000 3.000000 ]
label: [4.000000 5.000000 6.000000 ]
Output: [3.996434 4.984260 6.100000 ]
Error: [0.003563 0.015691 -0.101666 ]
Training successful
Input: [10.000000 20.000000 30.000000 ]
label: [40.000000 50.000000 60.000000 ]
Output: [40.021727 50.007676 59.900000 ]
Error: [-0.021739 -0.007677 0.099833 ]
Training successful
Input: [7.000000 14.000000 21.000000 ]
label: [28.000000 35.000000 42.000000 ]
Output: [27.978897 35.007843 42.099999 ]
Error: [0.021087 -0.007845 -0.100238 ]
Training successful
in iteration: 8
Input: [2.000000 4.000000 6.000000 ]
label: [8.000000 10.000000 12.000000 ]
Output: [7.990154 9.996289 12.100000 ]
Error: [0.009834 0.003710 -0.100833 ]
Training successful
Input: [3.000000 6.000000 9.000000 ]
label: [12.000000 15.000000 18.000000 ]
Output: [12.017217 14.991958 17.900000 ]
Error: [-0.017241 0.008038 0.099444 ]
Training successful
Input: [5.000000 10.000000 15.000000 ]
label: [20.000000 25.000000 30.000000 ]
Output: [20.020672 24.994510 29.900001 ]
Error: [-0.020694 0.005489 0.099666 ]
Training successful
Input: [1.000000 2.000000 3.000000 ]
label: [4.000000 5.000000 6.000000 ]
Output: [3.996014 4.981968 6.099999 ]
Error: [0.003982 0.017967 -0.101666 ]
Training successful
Input: [10.000000 20.000000 30.000000 ]
label: [40.000000 50.000000 60.000000 ]
Output: [40.020516 50.008157 59.900001 ]
Error: [-0.020527 -0.008159 0.099832 ]
Training successful
Input: [7.000000 14.000000 21.000000 ]
label: [28.000000 35.000000 42.000000 ]
Output: [27.978864 35.006661 42.100000 ]
Error: [0.021120 -0.006662 -0.100238 ]
Training successful
in iteration: 9
Input: [2.000000 4.000000 6.000000 ]
label: [8.000000 10.000000 12.000000 ]
Output: [7.990392 9.996857 12.100000 ]
Error: [0.009596 0.003142 -0.100833 ]
Training successful
Input: [3.000000 6.000000 9.000000 ]
label: [12.000000 15.000000 18.000000 ]
Output: [12.016611 14.991587 17.900001 ]
Error: [-0.016634 0.008408 0.099444 ]
Training successful
Input: [5.000000 10.000000 15.000000 ]
label: [20.000000 25.000000 30.000000 ]
Output: [20.020086 24.994749 29.900000 ]
Error: [-0.020106 0.005250 0.099666 ]
Training successful
Input: [1.000000 2.000000 3.000000 ]
label: [4.000000 5.000000 6.000000 ]
Output: [3.994618 4.976362 6.099999 ]
Error: [0.005375 0.023527 -0.101665 ]
Training successful
Input: [10.000000 20.000000 30.000000 ]
label: [40.000000 50.000000 60.000000 ]
Output: [40.019688 50.008146 59.900001 ]
Error: [-0.019697 -0.008147 0.099832 ]
Training successful
Input: [7.000000 14.000000 21.000000 ]
label: [28.000000 35.000000 42.000000 ]
Output: [27.978794 35.006282 42.100000 ]
Error: [0.021190 -0.006283 -0.100238 ]
Training successful
in iteration: 10
Input: [2.000000 4.000000 6.000000 ]
label: [8.000000 10.000000 12.000000 ]
Output: [7.990261 9.997997 12.099999 ]
Error: [0.009728 0.002003 -0.100833 ]
Training successful
Input: [3.000000 6.000000 9.000000 ]
label: [12.000000 15.000000 18.000000 ]
Output: [12.016421 14.990495 17.900001 ]
Error: [-0.016444 0.009499 0.099444 ]
Training successful
Input: [5.000000 10.000000 15.000000 ]
label: [20.000000 25.000000 30.000000 ]
Output: [20.019824 24.994314 29.900000 ]
Error: [-0.019844 0.005685 0.099666 ]
Training successful
Input: [1.000000 2.000000 3.000000 ]
label: [4.000000 5.000000 6.000000 ]
Output: [3.989328 4.960720 6.099999 ]
Error: [0.010643 0.038972 -0.101666 ]
Training successful
Input: [10.000000 20.000000 30.000000 ]
label: [40.000000 50.000000 60.000000 ]
Output: [40.019237 50.007682 59.900000 ]
Error: [-0.019247 -0.007683 0.099833 ]
Training successful
Input: [7.000000 14.000000 21.000000 ]
label: [28.000000 35.000000 42.000000 ]
Output: [27.978559 35.006687 42.099999 ]
Error: [0.021424 -0.006689 -0.100237 ]
Training successful
in iteration: 11
Input: [2.000000 4.000000 6.000000 ]
label: [8.000000 10.000000 12.000000 ]
Output: [7.989752 9.999838 12.099999 ]
Error: [0.010235 0.000162 -0.100832 ]
Training successful
Input: [3.000000 6.000000 9.000000 ]
label: [12.000000 15.000000 18.000000 ]
Output: [12.016646 14.988609 17.900000 ]
Error: [-0.016669 0.011382 0.099444 ]
Training successful
Input: [5.000000 10.000000 15.000000 ]
label: [20.000000 25.000000 30.000000 ]
Output: [20.019924 24.993163 29.900001 ]
Error: [-0.019944 0.006835 0.099666 ]
Training successful
Input: [1.000000 2.000000 3.000000 ]
label: [4.000000 5.000000 6.000000 ]
Output: [3.967507 4.957697 6.099999 ]
Error: [0.032229 0.041945 -0.101666 ]
Training successful
Input: [10.000000 20.000000 30.000000 ]
label: [40.000000 50.000000 60.000000 ]
Output: [40.019068 50.006758 59.900000 ]
Error: [-0.019077 -0.006759 0.099833 ]
Training successful
Input: [7.000000 14.000000 21.000000 ]
label: [28.000000 35.000000 42.000000 ]
Output: [27.978098 35.008018 42.100000 ]
Error: [0.021885 -0.008020 -0.100238 ]
Training successful
in iteration: 12
Input: [2.000000 4.000000 6.000000 ]
label: [8.000000 10.000000 12.000000 ]
Output: [7.989034 10.002608 12.100000 ]
Error: [0.010951 -0.002609 -0.100833 ]
Training successful
Input: [3.000000 6.000000 9.000000 ]
label: [12.000000 15.000000 18.000000 ]
Output: [12.017096 14.985822 17.900000 ]
Error: [-0.017121 0.014165 0.099444 ]
Training successful
Input: [5.000000 10.000000 15.000000 ]
label: [20.000000 25.000000 30.000000 ]
Output: [20.020317 24.991130 29.900001 ]
Error: [-0.020338 0.008866 0.099666 ]
Training successful
Input: [1.000000 2.000000 3.000000 ]
label: [4.000000 5.000000 6.000000 ]
Output: [3.922671 5.013328 6.099999 ]
Error: [0.075834 -0.013364 -0.101666 ]
Training successful
Input: [10.000000 20.000000 30.000000 ]
label: [40.000000 50.000000 60.000000 ]
Output: [40.018742 50.004701 59.900000 ]
Error: [-0.018751 -0.004701 0.099833 ]
Training successful
Input: [7.000000 14.000000 21.000000 ]
label: [28.000000 35.000000 42.000000 ]
Output: [27.977981 35.011682 42.100000 ]
Error: [0.022001 -0.011686 -0.100238 ]
Training successful
in iteration: 13
Input: [2.000000 4.000000 6.000000 ]
label: [8.000000 10.000000 12.000000 ]
Output: [7.990688 10.007309 12.100000 ]
Error: [0.009301 -0.007314 -0.100833 ]
Training successful
Input: [3.000000 6.000000 9.000000 ]
label: [12.000000 15.000000 18.000000 ]
Output: [12.015728 14.981874 17.900001 ]
Error: [-0.015748 0.018104 0.099444 ]
Training successful
Input: [5.000000 10.000000 15.000000 ]
label: [20.000000 25.000000 30.000000 ]
Output: [20.020016 24.987104 29.900000 ]
Error: [-0.020036 0.012889 0.099667 ]
Training successful
Input: [1.000000 2.000000 3.000000 ]
label: [4.000000 5.000000 6.000000 ]
Output: [3.966568 4.960542 6.100000 ]
Error: [0.033152 0.039147 -0.101666 ]
Training successful
Input: [10.000000 20.000000 30.000000 ]
label: [40.000000 50.000000 60.000000 ]
Output: [40.019848 50.001815 59.900000 ]
Error: [-0.019858 -0.001815 0.099833 ]
Training successful
Input: [7.000000 14.000000 21.000000 ]
label: [28.000000 35.000000 42.000000 ]
Output: [27.976483 35.015346 42.099999 ]
Error: [0.023497 -0.015353 -0.100237 ]
Training successful
in iteration: 14
Input: [2.000000 4.000000 6.000000 ]
label: [8.000000 10.000000 12.000000 ]
Output: [7.988067 10.014242 12.099999 ]
Error: [0.011915 -0.014262 -0.100833 ]
Training successful
Input: [3.000000 6.000000 9.000000 ]
label: [12.000000 15.000000 18.000000 ]
Output: [12.018263 14.975438 17.900000 ]
Error: [-0.018291 0.024522 0.099444 ]
Training successful
Input: [5.000000 10.000000 15.000000 ]
label: [20.000000 25.000000 30.000000 ]
Output: [20.022049 24.982208 29.900001 ]
Error: [-0.022073 0.017780 0.099666 ]
Training successful
Input: [1.000000 2.000000 3.000000 ]
label: [4.000000 5.000000 6.000000 ]
Output: [3.900000 5.028711 6.070503 ]
Error: [0.097500 -0.028876 -0.071331 ]
Training successful
Input: [10.000000 20.000000 30.000000 ]
label: [40.000000 50.000000 60.000000 ]
Output: [39.930543 49.916114 59.900000 ]
Error: [0.069337 0.083745 0.099833 ]
Training successful
Input: [7.000000 14.000000 21.000000 ]
label: [28.000000 35.000000 42.000000 ]
Output: [28.066656 35.083331 42.100000 ]
Error: [-0.066814 -0.083530 -0.100238 ]
Training successful
in iteration: 15