Modified training model
Input: [1.000000 2.000000 3.000000 ]
label: [2.000000 4.000000 6.000000 ]
Output: [1.997266 4.001135 6.099999 ]
Error: [0.002730 -0.001135 -0.101665 ]
Training successful
Input: [2.000000 4.000000 6.000000 ]
label: [5.000000 9.000000 13.000000 ]
Output: [5.009719 8.986539 12.900000 ]
Error: [-0.009738 0.013441 0.099231 ]
Training successful
Input: [1.000000 2.000000 3.000000 ]
label: [1.000000 4.000000 9.000000 ]
Output: [0.999695 4.012120 9.099999 ]
Error: [0.000305 -0.012157 -0.101110 ]
Training successful
Input: [3.000000 5.000000 7.000000 ]
label: [10.000000 26.000000 50.000000 ]
Output: [10.006281 25.992765 49.900001 ]
Error: [-0.006285 0.007233 0.099799 ]
Training successful
in iteration: 0
Input: [1.000000 2.000000 3.000000 ]
label: [2.000000 4.000000 6.000000 ]
Output: [1.997885 3.993958 6.100000 ]
Error: [0.002112 0.006033 -0.101666 ]
Training successful
Input: [2.000000 4.000000 6.000000 ]
label: [5.000000 9.000000 13.000000 ]
Output: [5.009411 8.985731 12.900000 ]
Error: [-0.009429 0.014246 0.099231 ]
Training successful
Input: [1.000000 2.000000 3.000000 ]
label: [1.000000 4.000000 9.000000 ]
Output: [0.999707 4.012994 9.099999 ]
Error: [0.000293 -0.013037 -0.101110 ]
Training successful
Input: [3.000000 5.000000 7.000000 ]
label: [10.000000 26.000000 50.000000 ]
Output: [10.006127 25.992696 49.900001 ]
Error: [-0.006131 0.007302 0.099799 ]
Training successful
in iteration: 1
Input: [1.000000 2.000000 3.000000 ]
label: [2.000000 4.000000 6.000000 ]
Output: [1.997954 3.995088 6.100000 ]
Error: [0.002043 0.004906 -0.101666 ]
Training successful
Input: [2.000000 4.000000 6.000000 ]
label: [5.000000 9.000000 13.000000 ]
Output: [5.009128 8.984861 12.900000 ]
Error: [-0.009145 0.015114 0.099230 ]
Training successful
Input: [1.000000 2.000000 3.000000 ]
label: [1.000000 4.000000 9.000000 ]
Output: [0.999714 4.014222 9.099998 ]
Error: [0.000286 -0.014273 -0.101110 ]
Training successful
Input: [3.000000 5.000000 7.000000 ]
label: [10.000000 26.000000 50.000000 ]
Output: [10.005991 25.992498 49.900001 ]
Error: [-0.005995 0.007500 0.099799 ]
Training successful
in iteration: 2
Input: [1.000000 2.000000 3.000000 ]
label: [2.000000 4.000000 6.000000 ]
Output: [1.998002 3.996415 6.099999 ]
Error: [0.001996 0.003582 -0.101666 ]
Training successful
Input: [2.000000 4.000000 6.000000 ]
label: [5.000000 9.000000 13.000000 ]
Output: [5.008885 8.983793 12.900001 ]
Error: [-0.008901 0.016178 0.099230 ]
Training successful
Input: [1.000000 2.000000 3.000000 ]
label: [1.000000 4.000000 9.000000 ]
Output: [0.999717 4.015802 9.100000 ]
Error: [0.000283 -0.015865 -0.101111 ]
Training successful
Input: [3.000000 5.000000 7.000000 ]
label: [10.000000 26.000000 50.000000 ]
Output: [10.005872 25.992156 49.900000 ]
Error: [-0.005876 0.007842 0.099800 ]
Training successful
in iteration: 3
Input: [1.000000 2.000000 3.000000 ]
label: [2.000000 4.000000 6.000000 ]
Output: [1.998032 3.997962 6.100000 ]
Error: [0.001966 0.002037 -0.101666 ]
Training successful
Input: [2.000000 4.000000 6.000000 ]
label: [5.000000 9.000000 13.000000 ]
Output: [5.008677 8.982510 12.900001 ]
Error: [-0.008692 0.017456 0.099230 ]
Training successful
Input: [1.000000 2.000000 3.000000 ]
label: [1.000000 4.000000 9.000000 ]
Output: [0.999717 4.017736 9.100000 ]
Error: [0.000283 -0.017815 -0.101111 ]
Training successful
Input: [3.000000 5.000000 7.000000 ]
label: [10.000000 26.000000 50.000000 ]
Output: [10.005770 25.991657 49.900001 ]
Error: [-0.005774 0.008340 0.099799 ]
Training successful
in iteration: 4
Input: [1.000000 2.000000 3.000000 ]
label: [2.000000 4.000000 6.000000 ]
Output: [1.998045 3.999755 6.099999 ]
Error: [0.001953 0.000245 -0.101666 ]
Training successful
Input: [2.000000 4.000000 6.000000 ]
label: [5.000000 9.000000 13.000000 ]
Output: [5.008500 8.980997 12.900001 ]
Error: [-0.008515 0.018963 0.099230 ]
Training successful
Input: [1.000000 2.000000 3.000000 ]
label: [1.000000 4.000000 9.000000 ]
Output: [0.999715 4.020029 9.099999 ]
Error: [0.000285 -0.020129 -0.101110 ]
Training successful
Input: [3.000000 5.000000 7.000000 ]
label: [10.000000 26.000000 50.000000 ]
Output: [10.005685 25.990984 49.900001 ]
Error: [-0.005689 0.009012 0.099799 ]
Training successful
in iteration: 5
Input: [1.000000 2.000000 3.000000 ]
label: [2.000000 4.000000 6.000000 ]
Output: [1.998045 4.001818 6.099999 ]
Error: [0.001953 -0.001819 -0.101665 ]
Training successful
Input: [2.000000 4.000000 6.000000 ]
label: [5.000000 9.000000 13.000000 ]
Output: [5.008350 8.979244 12.900001 ]
Error: [-0.008364 0.020708 0.099230 ]
Training successful
Input: [1.000000 2.000000 3.000000 ]
label: [1.000000 4.000000 9.000000 ]
Output: [0.999712 4.022679 9.099999 ]
Error: [0.000288 -0.022808 -0.101110 ]
Training successful
Input: [3.000000 5.000000 7.000000 ]
label: [10.000000 26.000000 50.000000 ]
Output: [10.005618 25.990123 49.900001 ]
Error: [-0.005621 0.009874 0.099799 ]
Training successful
in iteration: 6
Input: [1.000000 2.000000 3.000000 ]
label: [2.000000 4.000000 6.000000 ]
Output: [1.998034 4.004170 6.099999 ]
Error: [0.001964 -0.004174 -0.101666 ]
Training successful
Input: [2.000000 4.000000 6.000000 ]
label: [5.000000 9.000000 13.000000 ]
Output: [5.008222 8.977244 12.900001 ]
Error: [-0.008235 0.022699 0.099230 ]
Training successful
Input: [1.000000 2.000000 3.000000 ]
label: [1.000000 4.000000 9.000000 ]
Output: [0.999707 4.025679 9.099999 ]
Error: [0.000293 -0.025844 -0.101110 ]
Training successful
Input: [3.000000 5.000000 7.000000 ]
label: [10.000000 26.000000 50.000000 ]
Output: [10.005568 25.989055 49.900001 ]
Error: [-0.005571 0.010940 0.099799 ]
Training successful
in iteration: 7
Input: [1.000000 2.000000 3.000000 ]
label: [2.000000 4.000000 6.000000 ]
Output: [1.998016 4.006822 6.100000 ]
Error: [0.001982 -0.006834 -0.101666 ]
Training successful
Input: [2.000000 4.000000 6.000000 ]
label: [5.000000 9.000000 13.000000 ]
Output: [5.008111 8.974994 12.900000 ]
Error: [-0.008124 0.024937 0.099231 ]
Training successful
Input: [1.000000 2.000000 3.000000 ]
label: [1.000000 4.000000 9.000000 ]
Output: [0.999701 4.029010 9.100000 ]
Error: [0.000299 -0.029221 -0.101111 ]
Training successful
Input: [3.000000 5.000000 7.000000 ]
label: [10.000000 26.000000 50.000000 ]
Output: [10.005537 25.987765 49.900001 ]
Error: [-0.005540 0.012229 0.099799 ]
Training successful
in iteration: 8
Input: [1.000000 2.000000 3.000000 ]
label: [2.000000 4.000000 6.000000 ]
Output: [1.997992 4.009776 6.099999 ]
Error: [0.002006 -0.009800 -0.101666 ]
Training successful
Input: [2.000000 4.000000 6.000000 ]
label: [5.000000 9.000000 13.000000 ]
Output: [5.008015 8.972500 12.900001 ]
Error: [-0.008028 0.027416 0.099230 ]
Training successful
Input: [1.000000 2.000000 3.000000 ]
label: [1.000000 4.000000 9.000000 ]
Output: [0.999696 4.032641 9.099999 ]
Error: [0.000304 -0.032907 -0.101110 ]
Training successful
Input: [3.000000 5.000000 7.000000 ]
label: [10.000000 26.000000 50.000000 ]
Output: [10.005524 25.986238 49.900001 ]
Error: [-0.005527 0.013755 0.099799 ]
Training successful
in iteration: 9
Input: [1.000000 2.000000 3.000000 ]
label: [2.000000 4.000000 6.000000 ]
Output: [1.997967 4.013018 6.099999 ]
Error: [0.002031 -0.013060 -0.101666 ]
Training successful
Input: [2.000000 4.000000 6.000000 ]
label: [5.000000 9.000000 13.000000 ]
Output: [5.007930 8.969775 12.900001 ]
Error: [-0.007943 0.030124 0.099230 ]
Training successful
Input: [1.000000 2.000000 3.000000 ]
label: [1.000000 4.000000 9.000000 ]
Output: [0.999691 4.036528 9.100000 ]
Error: [0.000309 -0.036861 -0.101111 ]
Training successful
Input: [3.000000 5.000000 7.000000 ]
label: [10.000000 26.000000 50.000000 ]
Output: [10.005530 25.984460 49.900001 ]
Error: [-0.005533 0.015531 0.099799 ]
Training successful
in iteration: 10
Input: [1.000000 2.000000 3.000000 ]
label: [2.000000 4.000000 6.000000 ]
Output: [1.997942 4.016519 6.099999 ]
Error: [0.002056 -0.016587 -0.101666 ]
Training successful
Input: [2.000000 4.000000 6.000000 ]
label: [5.000000 9.000000 13.000000 ]
Output: [5.007854 8.966838 12.900000 ]
Error: [-0.007867 0.033040 0.099231 ]
Training successful
Input: [1.000000 2.000000 3.000000 ]
label: [1.000000 4.000000 9.000000 ]
Output: [0.999687 4.040613 9.099999 ]
Error: [0.000313 -0.041026 -0.101110 ]
Training successful
Input: [3.000000 5.000000 7.000000 ]
label: [10.000000 26.000000 50.000000 ]
Output: [10.005556 25.982420 49.900001 ]
Error: [-0.005559 0.017568 0.099799 ]
Training successful
in iteration: 11
Input: [1.000000 2.000000 3.000000 ]
label: [2.000000 4.000000 6.000000 ]
Output: [1.997920 4.020237 6.100000 ]
Error: [0.002077 -0.020339 -0.101666 ]
Training successful
Input: [2.000000 4.000000 6.000000 ]
label: [5.000000 9.000000 13.000000 ]
Output: [5.007787 8.963723 12.900000 ]
Error: [-0.007799 0.036131 0.099231 ]
Training successful
Input: [1.000000 2.000000 3.000000 ]
label: [1.000000 4.000000 9.000000 ]
Output: [0.999685 4.044836 9.099999 ]
Error: [0.000315 -0.045338 -0.101110 ]
Training successful
Input: [3.000000 5.000000 7.000000 ]
label: [10.000000 26.000000 50.000000 ]
Output: [10.005601 25.980116 49.900001 ]
Error: [-0.005604 0.019869 0.099799 ]
Training successful
in iteration: 12
Input: [1.000000 2.000000 3.000000 ]
label: [2.000000 4.000000 6.000000 ]
Output: [1.997904 4.024114 6.099999 ]
Error: [0.002094 -0.024260 -0.101666 ]
Training successful
Input: [2.000000 4.000000 6.000000 ]
label: [5.000000 9.000000 13.000000 ]
Output: [5.007728 8.960467 12.900001 ]
Error: [-0.007740 0.039359 0.099230 ]
Training successful
Input: [1.000000 2.000000 3.000000 ]
label: [1.000000 4.000000 9.000000 ]
Output: [0.999683 4.049122 9.099999 ]
Error: [0.000317 -0.049725 -0.101110 ]
Training successful
Input: [3.000000 5.000000 7.000000 ]
label: [10.000000 26.000000 50.000000 ]
Output: [10.005666 25.977548 49.900001 ]
Error: [-0.005670 0.022432 0.099799 ]
Training successful
in iteration: 13
Input: [1.000000 2.000000 3.000000 ]
label: [2.000000 4.000000 6.000000 ]
Output: [1.997892 4.028086 6.099999 ]
Error: [0.002105 -0.028283 -0.101666 ]
Training successful
Input: [2.000000 4.000000 6.000000 ]
label: [5.000000 9.000000 13.000000 ]
Output: [5.007677 8.957115 12.900000 ]
Error: [-0.007689 0.042680 0.099230 ]
Training successful
Input: [1.000000 2.000000 3.000000 ]
label: [1.000000 4.000000 9.000000 ]
Output: [0.999683 4.053397 9.099999 ]
Error: [0.000317 -0.054110 -0.101111 ]
Training successful
Input: [3.000000 5.000000 7.000000 ]
label: [10.000000 26.000000 50.000000 ]
Output: [10.005752 25.974729 49.900001 ]
Error: [-0.005756 0.025247 0.099799 ]
Training successful
in iteration: 14
Input: [1.000000 2.000000 3.000000 ]
label: [2.000000 4.000000 6.000000 ]
Output: [1.997886 4.032081 6.099999 ]
Error: [0.002112 -0.032338 -0.101666 ]
Training successful
Input: [2.000000 4.000000 6.000000 ]
label: [5.000000 9.000000 13.000000 ]
Output: [5.007637 8.953722 12.900000 ]
Error: [-0.007649 0.046040 0.099230 ]
Training successful
Input: [1.000000 2.000000 3.000000 ]
label: [1.000000 4.000000 9.000000 ]
Output: [0.999684 4.057587 9.099999 ]
Error: [0.000316 -0.058416 -0.101110 ]
Training successful
Input: [3.000000 5.000000 7.000000 ]
label: [10.000000 26.000000 50.000000 ]
Output: [10.005860 25.971679 49.900000 ]
Error: [-0.005863 0.028290 0.099800 ]
Training successful
in iteration: 15
Input: [1.000000 2.000000 3.000000 ]
label: [2.000000 4.000000 6.000000 ]
Output: [1.997882 4.036026 6.100000 ]
Error: [0.002115 -0.036350 -0.101667 ]
Training successful
Input: [2.000000 4.000000 6.000000 ]
label: [5.000000 9.000000 13.000000 ]
Output: [5.007611 8.950342 12.900001 ]
Error: [-0.007623 0.049384 0.099230 ]
Training successful
Input: [1.000000 2.000000 3.000000 ]
label: [1.000000 4.000000 9.000000 ]
Output: [0.999685 4.061623 9.099999 ]
Error: [0.000315 -0.062572 -0.101110 ]
Training successful
Input: [3.000000 5.000000 7.000000 ]
label: [10.000000 26.000000 50.000000 ]
Output: [10.005988 25.968434 49.900001 ]
Error: [-0.005992 0.031528 0.099799 ]
Training successful
in iteration: 16
Input: [1.000000 2.000000 3.000000 ]
label: [2.000000 4.000000 6.000000 ]
Output: [1.997880 4.039852 6.100000 ]
Error: [0.002118 -0.040249 -0.101667 ]
Training successful
Input: [2.000000 4.000000 6.000000 ]
label: [5.000000 9.000000 13.000000 ]
Output: [5.007604 8.947034 12.900001 ]
Error: [-0.007616 0.052655 0.099230 ]
Training successful
Input: [1.000000 2.000000 3.000000 ]
label: [1.000000 4.000000 9.000000 ]
Output: [0.999687 4.065444 9.100000 ]
Error: [0.000313 -0.066515 -0.101111 ]
Training successful
Input: [3.000000 5.000000 7.000000 ]
label: [10.000000 26.000000 50.000000 ]
Output: [10.006138 25.965040 49.900001 ]
Error: [-0.006142 0.034913 0.099799 ]
Training successful
in iteration: 17
Input: [1.000000 2.000000 3.000000 ]
label: [2.000000 4.000000 6.000000 ]
Output: [1.997875 4.043499 6.100000 ]
Error: [0.002122 -0.043972 -0.101666 ]
Training successful
Input: [2.000000 4.000000 6.000000 ]
label: [5.000000 9.000000 13.000000 ]
Output: [5.007619 8.943850 12.900000 ]
Error: [-0.007631 0.055799 0.099231 ]
Training successful
Input: [1.000000 2.000000 3.000000 ]
label: [1.000000 4.000000 9.000000 ]
Output: [0.999688 4.068999 9.099999 ]
Error: [0.000312 -0.070189 -0.101110 ]
Training successful
Input: [3.000000 5.000000 7.000000 ]
label: [10.000000 26.000000 50.000000 ]
Output: [10.006310 25.961553 49.900001 ]
Error: [-0.006314 0.038390 0.099799 ]
Training successful
in iteration: 18
Input: [1.000000 2.000000 3.000000 ]
label: [2.000000 4.000000 6.000000 ]
Output: [1.997866 4.046915 6.099999 ]
Error: [0.002132 -0.047465 -0.101666 ]
Training successful
Input: [2.000000 4.000000 6.000000 ]
label: [5.000000 9.000000 13.000000 ]
Output: [5.007662 8.940842 12.900000 ]
Error: [-0.007673 0.058769 0.099231 ]
Training successful
Input: [1.000000 2.000000 3.000000 ]
label: [1.000000 4.000000 9.000000 ]
Output: [0.999688 4.072250 9.100000 ]
Error: [0.000312 -0.073555 -0.101111 ]
Training successful
Input: [3.000000 5.000000 7.000000 ]
label: [10.000000 26.000000 50.000000 ]
Output: [10.006502 25.958040 49.900000 ]
Error: [-0.006507 0.041892 0.099800 ]
Training successful
in iteration: 19
Input: [1.000000 2.000000 3.000000 ]
label: [2.000000 4.000000 6.000000 ]
Output: [1.997847 4.050061 6.099999 ]
Error: [0.002151 -0.050687 -0.101666 ]
Training successful
Input: [2.000000 4.000000 6.000000 ]
label: [5.000000 9.000000 13.000000 ]
Output: [5.007735 8.938050 12.900000 ]
Error: [-0.007747 0.061524 0.099230 ]
Training successful
Input: [1.000000 2.000000 3.000000 ]
label: [1.000000 4.000000 9.000000 ]
Output: [0.999687 4.075171 9.099999 ]
Error: [0.000313 -0.076583 -0.101111 ]
Training successful
Input: [3.000000 5.000000 7.000000 ]
label: [10.000000 26.000000 50.000000 ]
Output: [10.006715 25.954573 49.900001 ]
Error: [-0.006719 0.045348 0.099799 ]
Training successful
in iteration: 20
Input: [1.000000 2.000000 3.000000 ]
label: [2.000000 4.000000 6.000000 ]
Output: [1.997816 4.052911 6.100000 ]
Error: [0.002182 -0.053611 -0.101667 ]
Training successful
Input: [2.000000 4.000000 6.000000 ]
label: [5.000000 9.000000 13.000000 ]
Output: [5.007844 8.935506 12.900001 ]
Error: [-0.007857 0.064032 0.099230 ]
Training successful
Input: [1.000000 2.000000 3.000000 ]
label: [1.000000 4.000000 9.000000 ]
Output: [0.999683 4.077747 9.099999 ]
Error: [0.000317 -0.079258 -0.101110 ]
Training successful
Input: [3.000000 5.000000 7.000000 ]
label: [10.000000 26.000000 50.000000 ]
Output: [10.006946 25.951222 49.900000 ]
Error: [-0.006951 0.048686 0.099800 ]
Training successful
in iteration: 21
Input: [1.000000 2.000000 3.000000 ]
label: [2.000000 4.000000 6.000000 ]
Output: [1.997769 4.055451 6.100000 ]
Error: [0.002228 -0.056220 -0.101667 ]
Training successful
Input: [2.000000 4.000000 6.000000 ]
label: [5.000000 9.000000 13.000000 ]
Output: [5.007993 8.933229 12.900000 ]
Error: [-0.008005 0.066276 0.099231 ]
Training successful
Input: [1.000000 2.000000 3.000000 ]
label: [1.000000 4.000000 9.000000 ]
Output: [0.999677 4.079978 9.099999 ]
Error: [0.000323 -0.081577 -0.101110 ]
Training successful
Input: [3.000000 5.000000 7.000000 ]
label: [10.000000 26.000000 50.000000 ]
Output: [10.007194 25.948056 49.900001 ]
Error: [-0.007199 0.051840 0.099799 ]
Training successful
in iteration: 22
Input: [1.000000 2.000000 3.000000 ]
label: [2.000000 4.000000 6.000000 ]
Output: [1.997704 4.057678 6.099999 ]
Error: [0.002294 -0.058510 -0.101666 ]
Training successful
Input: [2.000000 4.000000 6.000000 ]
label: [5.000000 9.000000 13.000000 ]
Output: [5.008183 8.931230 12.900000 ]
Error: [-0.008197 0.068245 0.099231 ]
Training successful
Input: [1.000000 2.000000 3.000000 ]
label: [1.000000 4.000000 9.000000 ]
Output: [0.999668 4.081873 9.100000 ]
Error: [0.000332 -0.083548 -0.101111 ]
Training successful
Input: [3.000000 5.000000 7.000000 ]
label: [10.000000 26.000000 50.000000 ]
Output: [10.007456 25.945132 49.900000 ]
Error: [-0.007462 0.054752 0.099800 ]
Training successful
in iteration: 23
Input: [1.000000 2.000000 3.000000 ]
label: [2.000000 4.000000 6.000000 ]
Output: [1.997615 4.059604 6.100000 ]
Error: [0.002382 -0.060492 -0.101667 ]
Training successful
Input: [2.000000 4.000000 6.000000 ]
label: [5.000000 9.000000 13.000000 ]
Output: [5.008418 8.929507 12.900000 ]
Error: [-0.008433 0.069941 0.099231 ]
Training successful
Input: [1.000000 2.000000 3.000000 ]
label: [1.000000 4.000000 9.000000 ]
Output: [0.999656 4.083447 9.100000 ]
Error: [0.000344 -0.085188 -0.101111 ]
Training successful
Input: [3.000000 5.000000 7.000000 ]
label: [10.000000 26.000000 50.000000 ]
Output: [10.007731 25.942493 49.900000 ]
Error: [-0.007737 0.057379 0.099800 ]
Training successful
in iteration: 24
Input: [1.000000 2.000000 3.000000 ]
label: [2.000000 4.000000 6.000000 ]
Output: [1.997499 4.061243 6.099999 ]
Error: [0.002498 -0.062180 -0.101666 ]
Training successful
Input: [2.000000 4.000000 6.000000 ]
label: [5.000000 9.000000 13.000000 ]
Output: [5.008701 8.928050 12.900001 ]
Error: [-0.008716 0.071375 0.099230 ]
Training successful
Input: [1.000000 2.000000 3.000000 ]
label: [1.000000 4.000000 9.000000 ]
Output: [0.999639 4.084727 9.100000 ]
Error: [0.000361 -0.086522 -0.101111 ]
Training successful
Input: [3.000000 5.000000 7.000000 ]
label: [10.000000 26.000000 50.000000 ]
Output: [10.008016 25.940169 49.900001 ]
Error: [-0.008023 0.059693 0.099799 ]
Training successful
in iteration: 25
Input: [1.000000 2.000000 3.000000 ]
label: [2.000000 4.000000 6.000000 ]
Output: [1.997351 4.062620 6.099999 ]
Error: [0.002646 -0.063601 -0.101666 ]
Training successful
Input: [2.000000 4.000000 6.000000 ]
label: [5.000000 9.000000 13.000000 ]
Output: [5.009032 8.926840 12.900001 ]
Error: [-0.009049 0.072566 0.099230 ]
Training successful
Input: [1.000000 2.000000 3.000000 ]
label: [1.000000 4.000000 9.000000 ]
Output: [0.999618 4.085741 9.100000 ]
Error: [0.000382 -0.087579 -0.101111 ]
Training successful
Input: [3.000000 5.000000 7.000000 ]
label: [10.000000 26.000000 50.000000 ]
Output: [10.008309 25.938169 49.900000 ]
Error: [-0.008316 0.061684 0.099800 ]
Training successful
in iteration: 26
Input: [1.000000 2.000000 3.000000 ]
label: [2.000000 4.000000 6.000000 ]
Output: [1.997166 4.063765 6.099999 ]
Error: [0.002830 -0.064782 -0.101666 ]
Training successful
Input: [2.000000 4.000000 6.000000 ]
label: [5.000000 9.000000 13.000000 ]
Output: [5.009414 8.925853 12.900000 ]
Error: [-0.009432 0.073536 0.099230 ]
Training successful
Input: [1.000000 2.000000 3.000000 ]
label: [1.000000 4.000000 9.000000 ]
Output: [0.999591 4.086521 9.100000 ]
Error: [0.000409 -0.088392 -0.101111 ]
Training successful
Input: [3.000000 5.000000 7.000000 ]
label: [10.000000 26.000000 50.000000 ]
Output: [10.008606 25.936492 49.900001 ]
Error: [-0.008614 0.063353 0.099799 ]
Training successful
in iteration: 27
Input: [1.000000 2.000000 3.000000 ]
label: [2.000000 4.000000 6.000000 ]
Output: [1.996936 4.064708 6.100000 ]
Error: [0.003059 -0.065754 -0.101666 ]
Training successful
Input: [2.000000 4.000000 6.000000 ]
label: [5.000000 9.000000 13.000000 ]
Output: [5.009847 8.925063 12.900000 ]
Error: [-0.009866 0.074313 0.099230 ]
Training successful
Input: [1.000000 2.000000 3.000000 ]
label: [1.000000 4.000000 9.000000 ]
Output: [0.999558 4.087099 9.100000 ]
Error: [0.000442 -0.088995 -0.101111 ]
Training successful
Input: [3.000000 5.000000 7.000000 ]
label: [10.000000 26.000000 50.000000 ]
Output: [10.008906 25.935119 49.900000 ]
Error: [-0.008914 0.064719 0.099800 ]
Training successful
in iteration: 28
Input: [1.000000 2.000000 3.000000 ]
label: [2.000000 4.000000 6.000000 ]
Output: [1.996654 4.065478 6.100000 ]
Error: [0.003341 -0.066550 -0.101666 ]
Training successful
Input: [2.000000 4.000000 6.000000 ]
label: [5.000000 9.000000 13.000000 ]
Output: [5.010331 8.924442 12.900000 ]
Error: [-0.010352 0.074923 0.099230 ]
Training successful
Input: [1.000000 2.000000 3.000000 ]
label: [1.000000 4.000000 9.000000 ]
Output: [0.999517 4.087506 9.100000 ]
Error: [0.000483 -0.089420 -0.101111 ]
Training successful
Input: [3.000000 5.000000 7.000000 ]
label: [10.000000 26.000000 50.000000 ]
Output: [10.009206 25.934027 49.900001 ]
Error: [-0.009215 0.065806 0.099799 ]
Training successful
in iteration: 29
Input: [1.000000 2.000000 3.000000 ]
label: [2.000000 4.000000 6.000000 ]
Output: [1.996309 4.066108 6.100000 ]
Error: [0.003685 -0.067201 -0.101667 ]
Training successful
Input: [2.000000 4.000000 6.000000 ]
label: [5.000000 9.000000 13.000000 ]
Output: [5.010864 8.923963 12.900000 ]
Error: [-0.010888 0.075395 0.099231 ]
Training successful
Input: [1.000000 2.000000 3.000000 ]
label: [1.000000 4.000000 9.000000 ]
Output: [0.999466 4.087769 9.100000 ]
Error: [0.000533 -0.089695 -0.101111 ]
Training successful
Input: [3.000000 5.000000 7.000000 ]
label: [10.000000 26.000000 50.000000 ]
Output: [10.009504 25.933184 49.900000 ]
Error: [-0.009513 0.066644 0.099800 ]
Training successful
in iteration: 30
Input: [1.000000 2.000000 3.000000 ]
label: [2.000000 4.000000 6.000000 ]
Output: [1.995888 4.066625 6.099999 ]
Error: [0.004104 -0.067734 -0.101666 ]
Training successful
Input: [2.000000 4.000000 6.000000 ]
label: [5.000000 9.000000 13.000000 ]
Output: [5.011444 8.923600 12.900001 ]
Error: [-0.011471 0.075751 0.099230 ]
Training successful
Input: [1.000000 2.000000 3.000000 ]
label: [1.000000 4.000000 9.000000 ]
Output: [0.999405 4.087916 9.100000 ]
Error: [0.000594 -0.089848 -0.101111 ]
Training successful
Input: [3.000000 5.000000 7.000000 ]
label: [10.000000 26.000000 50.000000 ]
Output: [10.009796 25.932558 49.900001 ]
Error: [-0.009805 0.067267 0.099799 ]
Training successful
in iteration: 31
Input: [1.000000 2.000000 3.000000 ]
label: [2.000000 4.000000 6.000000 ]
Output: [1.995376 4.067055 6.100000 ]
Error: [0.004614 -0.068179 -0.101667 ]
Training successful
Input: [2.000000 4.000000 6.000000 ]
label: [5.000000 9.000000 13.000000 ]
Output: [5.012068 8.923330 12.900001 ]
Error: [-0.012098 0.076017 0.099230 ]
Training successful
Input: [1.000000 2.000000 3.000000 ]
label: [1.000000 4.000000 9.000000 ]
Output: [0.999331 4.087967 9.100000 ]
Error: [0.000668 -0.089901 -0.101111 ]
Training successful
Input: [3.000000 5.000000 7.000000 ]
label: [10.000000 26.000000 50.000000 ]
Output: [10.010079 25.932114 49.900000 ]
Error: [-0.010089 0.067709 0.099800 ]
Training successful
in iteration: 32
Input: [1.000000 2.000000 3.000000 ]
label: [2.000000 4.000000 6.000000 ]
Output: [1.994751 4.067420 6.099999 ]
Error: [0.005235 -0.068556 -0.101666 ]
Training successful
Input: [2.000000 4.000000 6.000000 ]
label: [5.000000 9.000000 13.000000 ]
Output: [5.012730 8.923133 12.900001 ]
Error: [-0.012762 0.076211 0.099230 ]
Training successful
Input: [1.000000 2.000000 3.000000 ]
label: [1.000000 4.000000 9.000000 ]
Output: [0.999242 4.087941 9.100000 ]
Error: [0.000758 -0.089875 -0.101111 ]
Training successful
Input: [3.000000 5.000000 7.000000 ]
label: [10.000000 26.000000 50.000000 ]
Output: [10.010351 25.931824 49.900000 ]
Error: [-0.010362 0.067998 0.099800 ]
Training successful
in iteration: 33
Input: [1.000000 2.000000 3.000000 ]
label: [2.000000 4.000000 6.000000 ]
Output: [1.993988 4.067742 6.099999 ]
Error: [0.005994 -0.068889 -0.101666 ]
Training successful
Input: [2.000000 4.000000 6.000000 ]
label: [5.000000 9.000000 13.000000 ]
Output: [5.013422 8.922991 12.900001 ]
Error: [-0.013458 0.076351 0.099230 ]
Training successful
Input: [1.000000 2.000000 3.000000 ]
label: [1.000000 4.000000 9.000000 ]
Output: [0.999134 4.087853 9.099999 ]
Error: [0.000866 -0.089782 -0.101110 ]
Training successful
Input: [3.000000 5.000000 7.000000 ]
label: [10.000000 26.000000 50.000000 ]
Output: [10.010609 25.931657 49.900000 ]
Error: [-0.010621 0.068164 0.099800 ]
Training successful
in iteration: 34
Input: [1.000000 2.000000 3.000000 ]
label: [2.000000 4.000000 6.000000 ]
Output: [1.993050 4.068038 6.099999 ]
Error: [0.006926 -0.069195 -0.101666 ]
Training successful
Input: [2.000000 4.000000 6.000000 ]
label: [5.000000 9.000000 13.000000 ]
Output: [5.014137 8.922888 12.900000 ]
Error: [-0.014177 0.076451 0.099230 ]
Training successful
Input: [1.000000 2.000000 3.000000 ]
label: [1.000000 4.000000 9.000000 ]
Output: [0.999004 4.087716 9.100000 ]
Error: [0.000995 -0.089640 -0.101111 ]
Training successful
Input: [3.000000 5.000000 7.000000 ]
label: [10.000000 26.000000 50.000000 ]
Output: [10.010851 25.931590 49.900000 ]
Error: [-0.010863 0.068230 0.099800 ]
Training successful
in iteration: 35
Input: [1.000000 2.000000 3.000000 ]
label: [2.000000 4.000000 6.000000 ]
Output: [1.991883 4.068324 6.100000 ]
Error: [0.008084 -0.069491 -0.101666 ]
Training successful
Input: [2.000000 4.000000 6.000000 ]
label: [5.000000 9.000000 13.000000 ]
Output: [5.014865 8.922815 12.900001 ]
Error: [-0.014909 0.076523 0.099230 ]
Training successful
Input: [1.000000 2.000000 3.000000 ]
label: [1.000000 4.000000 9.000000 ]
Output: [0.998847 4.087540 9.100000 ]
Error: [0.001151 -0.089456 -0.101111 ]
Training successful
Input: [3.000000 5.000000 7.000000 ]
label: [10.000000 26.000000 50.000000 ]
Output: [10.011074 25.931602 49.900000 ]
Error: [-0.011086 0.068218 0.099800 ]
Training successful
in iteration: 36
Input: [1.000000 2.000000 3.000000 ]
label: [2.000000 4.000000 6.000000 ]
Output: [1.990402 4.068613 6.099999 ]
Error: [0.009552 -0.069790 -0.101666 ]
Training successful
Input: [2.000000 4.000000 6.000000 ]
label: [5.000000 9.000000 13.000000 ]
Output: [5.015597 8.922759 12.900001 ]
Error: [-0.015645 0.076578 0.099230 ]
Training successful
Input: [1.000000 2.000000 3.000000 ]
label: [1.000000 4.000000 9.000000 ]
Output: [0.998659 4.087332 9.100000 ]
Error: [0.001339 -0.089239 -0.101111 ]
Training successful
Input: [3.000000 5.000000 7.000000 ]
label: [10.000000 26.000000 50.000000 ]
Output: [10.011277 25.931675 49.900001 ]
Error: [-0.011290 0.068145 0.099799 ]
Training successful
in iteration: 37
Input: [1.000000 2.000000 3.000000 ]
label: [2.000000 4.000000 6.000000 ]
Output: [1.988465 4.068923 6.100000 ]
Error: [0.011468 -0.070110 -0.101666 ]
Training successful
Input: [2.000000 4.000000 6.000000 ]
label: [5.000000 9.000000 13.000000 ]
Output: [5.016325 8.922712 12.900000 ]
Error: [-0.016378 0.076624 0.099231 ]
Training successful
Input: [1.000000 2.000000 3.000000 ]
label: [1.000000 4.000000 9.000000 ]
Output: [0.998430 4.087100 9.100000 ]
Error: [0.001567 -0.088996 -0.101111 ]
Training successful
Input: [3.000000 5.000000 7.000000 ]
label: [10.000000 26.000000 50.000000 ]
Output: [10.011461 25.931792 49.900001 ]
Error: [-0.011474 0.068029 0.099799 ]
Training successful
in iteration: 38
Input: [1.000000 2.000000 3.000000 ]
label: [2.000000 4.000000 6.000000 ]
Output: [1.985809 4.069269 6.099999 ]
Error: [0.014091 -0.070469 -0.101666 ]
Training successful
Input: [2.000000 4.000000 6.000000 ]
label: [5.000000 9.000000 13.000000 ]
Output: [5.017044 8.922666 12.900000 ]
Error: [-0.017102 0.076670 0.099231 ]
Training successful
Input: [1.000000 2.000000 3.000000 ]
label: [1.000000 4.000000 9.000000 ]
Output: [0.998149 4.086849 9.100000 ]
Error: [0.001847 -0.088735 -0.101111 ]
Training successful
Input: [3.000000 5.000000 7.000000 ]
label: [10.000000 26.000000 50.000000 ]
Output: [10.011625 25.931941 49.900001 ]
Error: [-0.011639 0.067881 0.099799 ]
Training successful
in iteration: 39
Input: [1.000000 2.000000 3.000000 ]
label: [2.000000 4.000000 6.000000 ]
Output: [1.981906 4.069677 6.100000 ]
Error: [0.017930 -0.070891 -0.101666 ]
Training successful
Input: [2.000000 4.000000 6.000000 ]
label: [5.000000 9.000000 13.000000 ]
Output: [5.017752 8.922610 12.900000 ]
Error: [-0.017815 0.076724 0.099230 ]
Training successful
Input: [1.000000 2.000000 3.000000 ]
label: [1.000000 4.000000 9.000000 ]
Output: [0.997797 4.086584 9.099999 ]
Error: [0.002199 -0.088458 -0.101110 ]
Training successful
Input: [3.000000 5.000000 7.000000 ]
label: [10.000000 26.000000 50.000000 ]
Output: [10.011772 25.932106 49.900000 ]
Error: [-0.011786 0.067717 0.099800 ]
Training successful
in iteration: 40
Input: [1.000000 2.000000 3.000000 ]
label: [2.000000 4.000000 6.000000 ]
Output: [1.975623 4.070178 6.100000 ]
Error: [0.024080 -0.071409 -0.101666 ]
Training successful
Input: [2.000000 4.000000 6.000000 ]
label: [5.000000 9.000000 13.000000 ]
Output: [5.018452 8.922533 12.900000 ]
Error: [-0.018520 0.076800 0.099230 ]
Training successful
Input: [1.000000 2.000000 3.000000 ]
label: [1.000000 4.000000 9.000000 ]
Output: [0.997340 4.086311 9.099999 ]
Error: [0.002653 -0.088173 -0.101110 ]
Training successful
Input: [3.000000 5.000000 7.000000 ]
label: [10.000000 26.000000 50.000000 ]
Output: [10.011906 25.932278 49.900001 ]
Error: [-0.011920 0.067546 0.099799 ]
Training successful
in iteration: 41
Input: [1.000000 2.000000 3.000000 ]
label: [2.000000 4.000000 6.000000 ]
Output: [1.964476 4.070798 6.100000 ]
Error: [0.034893 -0.072051 -0.101666 ]
Training successful