Input: [1.000000 2.000000 3.000000 ]
label: [6.000000 12.000000 18.000000 ]
Output: [5.999902 12.000999 17.999109 ]
Error: [0.000098 -0.000999 0.000891 ]
Training successful | Inputs: 1 2 3 | Labels: 6 12 18
Input: [2.000000 3.000000 4.000000 ]
label: [24.000000 18.000000 27.000000 ]
Output: [23.999001 18.000308 27.000530 ]
Error: [0.000999 -0.000308 -0.000530 ]
Training successful | Inputs: 2 3 4 | Labels: 24 18 27
Input: [3.000000 4.000000 5.000000 ]
label: [60.000000 24.000000 36.000000 ]
Output: [59.999000 24.000123 36.000236 ]
Error: [0.001000 -0.000123 -0.000236 ]
Training successful | Inputs: 3 4 5 | Labels: 60 24 36
Input: [4.000000 5.000000 6.000000 ]
label: [120.000000 30.000000 45.000000 ]
Output: [119.999001 30.000072 45.000136 ]
Error: [0.000999 -0.000072 -0.000136 ]
Training successful | Inputs: 4 5 6 | Labels: 120 30 45
Input: [5.000000 6.000000 7.000000 ]
label: [210.000000 36.000000 54.000000 ]
Output: [209.999000 36.000049 54.000090 ]
Error: [0.001000 -0.000049 -0.000090 ]
Training successful | Inputs: 5 6 7 | Labels: 210 36 54
Input: [6.000000 7.000000 8.000000 ]
label: [336.000000 42.000000 63.000000 ]
Output: [335.999001 42.000036 63.000064 ]
Error: [0.000999 -0.000036 -0.000064 ]
Training successful | Inputs: 6 7 8 | Labels: 336 42 63
Input: [7.000000 8.000000 9.000000 ]
label: [504.000000 48.000000 72.000000 ]
Output: [503.999000 48.000027 72.000048 ]
Error: [0.001000 -0.000027 -0.000048 ]
Training successful | Inputs: 7 8 9 | Labels: 504 48 72
Input: [8.000000 9.000000 10.000000 ]
label: [720.000000 54.000000 81.000000 ]
Output: [719.999001 54.000022 81.000038 ]
Error: [0.000999 -0.000022 -0.000038 ]
Training successful | Inputs: 8 9 10 | Labels: 720 54 81
Input: [9.000000 10.000000 11.000000 ]
label: [990.000000 60.000000 90.000000 ]
Output: [989.999001 60.000018 90.000030 ]
Error: [0.000999 -0.000018 -0.000030 ]
Training successful | Inputs: 9 10 11 | Labels: 990 60 90
Input: [10.000000 11.000000 12.000000 ]
label: [1320.000000 66.000000 99.000000 ]
Output: [1319.999001 66.000015 99.000025 ]
Error: [0.000999 -0.000015 -0.000025 ]
Training successful | Inputs: 10 11 12 | Labels: 1320 66 99
Epoch 0 completed
Input: [1.000000 2.000000 3.000000 ]
label: [6.000000 12.000000 18.000000 ]
Output: [6.000436 11.999896 17.999000 ]
Error: [-0.000436 0.000104 0.001000 ]
Training successful | Inputs: 1 2 3 | Labels: 6 12 18
Input: [2.000000 3.000000 4.000000 ]
label: [24.000000 18.000000 27.000000 ]
Output: [23.999000 18.000116 27.000262 ]
Error: [0.001000 -0.000116 -0.000262 ]
Training successful | Inputs: 2 3 4 | Labels: 24 18 27
Input: [3.000000 4.000000 5.000000 ]
label: [60.000000 24.000000 36.000000 ]
Output: [59.999001 24.000061 36.000131 ]
Error: [0.000999 -0.000061 -0.000131 ]
Training successful | Inputs: 3 4 5 | Labels: 60 24 36
Input: [4.000000 5.000000 6.000000 ]
label: [120.000000 30.000000 45.000000 ]
Output: [119.999001 30.000040 45.000082 ]
Error: [0.000999 -0.000040 -0.000082 ]
Training successful | Inputs: 4 5 6 | Labels: 120 30 45
Input: [5.000000 6.000000 7.000000 ]
label: [210.000000 36.000000 54.000000 ]
Output: [209.999001 36.000029 54.000057 ]
Error: [0.000999 -0.000029 -0.000057 ]
Training successful | Inputs: 5 6 7 | Labels: 210 36 54
Input: [6.000000 7.000000 8.000000 ]
label: [336.000000 42.000000 63.000000 ]
Output: [335.999001 42.000022 63.000043 ]
Error: [0.000999 -0.000022 -0.000043 ]
Training successful | Inputs: 6 7 8 | Labels: 336 42 63
Input: [7.000000 8.000000 9.000000 ]
label: [504.000000 48.000000 72.000000 ]
Output: [503.999000 48.000017 72.000033 ]
Error: [0.001000 -0.000017 -0.000033 ]
Training successful | Inputs: 7 8 9 | Labels: 504 48 72
Input: [8.000000 9.000000 10.000000 ]
label: [720.000000 54.000000 81.000000 ]
Output: [719.999000 54.000014 81.000027 ]
Error: [0.001000 -0.000014 -0.000027 ]
Training successful | Inputs: 8 9 10 | Labels: 720 54 81
Input: [9.000000 10.000000 11.000000 ]
label: [990.000000 60.000000 90.000000 ]
Output: [989.999001 60.000012 90.000022 ]
Error: [0.000999 -0.000012 -0.000022 ]
Training successful | Inputs: 9 10 11 | Labels: 990 60 90
Input: [10.000000 11.000000 12.000000 ]
label: [1320.000000 66.000000 99.000000 ]
Output: [1319.999000 66.000010 99.000018 ]
Error: [0.001000 -0.000010 -0.000018 ]
Training successful | Inputs: 10 11 12 | Labels: 1320 66 99
Epoch 1 completed
Input: [1.000000 2.000000 3.000000 ]
label: [6.000000 12.000000 18.000000 ]
Output: [6.001000 11.999742 17.999331 ]
Error: [-0.001000 0.000258 0.000669 ]
Training successful | Inputs: 1 2 3 | Labels: 6 12 18
Input: [2.000000 3.000000 4.000000 ]
label: [24.000000 18.000000 27.000000 ]
Output: [23.999001 18.000080 27.000181 ]
Error: [0.000999 -0.000080 -0.000181 ]
Training successful | Inputs: 2 3 4 | Labels: 24 18 27
Input: [3.000000 4.000000 5.000000 ]
label: [60.000000 24.000000 36.000000 ]
Output: [59.999001 24.000046 36.000099 ]
Error: [0.000999 -0.000046 -0.000099 ]
Training successful | Inputs: 3 4 5 | Labels: 60 24 36
Input: [4.000000 5.000000 6.000000 ]
label: [120.000000 30.000000 45.000000 ]
Output: [119.999001 30.000031 45.000064 ]
Error: [0.000999 -0.000031 -0.000064 ]
Training successful | Inputs: 4 5 6 | Labels: 120 30 45
Input: [5.000000 6.000000 7.000000 ]
label: [210.000000 36.000000 54.000000 ]
Output: [209.999001 36.000023 54.000045 ]
Error: [0.000999 -0.000023 -0.000045 ]
Training successful | Inputs: 5 6 7 | Labels: 210 36 54
Input: [6.000000 7.000000 8.000000 ]
label: [336.000000 42.000000 63.000000 ]
Output: [335.999001 42.000018 63.000034 ]
Error: [0.000999 -0.000018 -0.000034 ]
Training successful | Inputs: 6 7 8 | Labels: 336 42 63
Input: [7.000000 8.000000 9.000000 ]
label: [504.000000 48.000000 72.000000 ]
Output: [503.999000 48.000015 72.000026 ]
Error: [0.001000 -0.000015 -0.000026 ]
Training successful | Inputs: 7 8 9 | Labels: 504 48 72
Input: [8.000000 9.000000 10.000000 ]
label: [720.000000 54.000000 81.000000 ]
Output: [719.999000 54.000013 81.000021 ]
Error: [0.001000 -0.000013 -0.000021 ]
Training successful | Inputs: 8 9 10 | Labels: 720 54 81
Input: [9.000000 10.000000 11.000000 ]
label: [990.000000 60.000000 90.000000 ]
Output: [989.999000 60.000011 90.000017 ]
Error: [0.001000 -0.000011 -0.000017 ]
Training successful | Inputs: 9 10 11 | Labels: 990 60 90
Input: [10.000000 11.000000 12.000000 ]
label: [1320.000000 66.000000 99.000000 ]
Output: [1319.999001 66.000010 99.000014 ]
Error: [0.000999 -0.000010 -0.000014 ]
Training successful | Inputs: 10 11 12 | Labels: 1320 66 99
Epoch 2 completed
Input: [1.000000 2.000000 3.000000 ]
label: [6.000000 12.000000 18.000000 ]
Output: [6.000999 11.999716 17.999605 ]
Error: [-0.001000 0.000284 0.000395 ]
Training successful | Inputs: 1 2 3 | Labels: 6 12 18
Input: [2.000000 3.000000 4.000000 ]
label: [24.000000 18.000000 27.000000 ]
Output: [23.999000 18.000135 27.000139 ]
Error: [0.001000 -0.000135 -0.000139 ]
Training successful | Inputs: 2 3 4 | Labels: 24 18 27
Input: [3.000000 4.000000 5.000000 ]
label: [60.000000 24.000000 36.000000 ]
Output: [59.999001 24.000094 36.000075 ]
Error: [0.000999 -0.000094 -0.000075 ]
Training successful | Inputs: 3 4 5 | Labels: 60 24 36
Input: [4.000000 5.000000 6.000000 ]
label: [120.000000 30.000000 45.000000 ]
Output: [119.999000 30.000073 45.000046 ]
Error: [0.001000 -0.000073 -0.000046 ]
Training successful | Inputs: 4 5 6 | Labels: 120 30 45
Input: [5.000000 6.000000 7.000000 ]
label: [210.000000 36.000000 54.000000 ]
Output: [209.999001 36.000060 54.000030 ]
Error: [0.000999 -0.000060 -0.000030 ]
Training successful | Inputs: 5 6 7 | Labels: 210 36 54
Input: [6.000000 7.000000 8.000000 ]
label: [336.000000 42.000000 63.000000 ]
Output: [335.999001 42.000050 63.000021 ]
Error: [0.000999 -0.000050 -0.000021 ]
Training successful | Inputs: 6 7 8 | Labels: 336 42 63
Input: [7.000000 8.000000 9.000000 ]
label: [504.000000 48.000000 72.000000 ]
Output: [503.999001 48.000043 72.000015 ]
Error: [0.000999 -0.000043 -0.000015 ]
Training successful | Inputs: 7 8 9 | Labels: 504 48 72
Input: [8.000000 9.000000 10.000000 ]
label: [720.000000 54.000000 81.000000 ]
Output: [719.999001 54.000037 81.000011 ]
Error: [0.000999 -0.000037 -0.000011 ]
Training successful | Inputs: 8 9 10 | Labels: 720 54 81
Input: [9.000000 10.000000 11.000000 ]
label: [990.000000 60.000000 90.000000 ]
Output: [989.999001 60.000033 90.000009 ]
Error: [0.000999 -0.000033 -0.000009 ]
Training successful | Inputs: 9 10 11 | Labels: 990 60 90
Input: [10.000000 11.000000 12.000000 ]
label: [1320.000000 66.000000 99.000000 ]
Output: [1319.999001 66.000029 99.000007 ]
Error: [0.000999 -0.000029 -0.000007 ]
Training successful | Inputs: 10 11 12 | Labels: 1320 66 99
Epoch 3 completed
Input: [1.000000 2.000000 3.000000 ]
label: [6.000000 12.000000 18.000000 ]
Output: [6.000999 11.999667 17.999700 ]
Error: [-0.000999 0.000333 0.000300 ]
Training successful | Inputs: 1 2 3 | Labels: 6 12 18
Input: [2.000000 3.000000 4.000000 ]
label: [24.000000 18.000000 27.000000 ]
Output: [23.999000 18.000215 27.000110 ]
Error: [0.001000 -0.000215 -0.000110 ]
Training successful | Inputs: 2 3 4 | Labels: 24 18 27
Input: [3.000000 4.000000 5.000000 ]
label: [60.000000 24.000000 36.000000 ]
Output: [59.999001 24.000156 36.000056 ]
Error: [0.000999 -0.000156 -0.000056 ]
Training successful | Inputs: 3 4 5 | Labels: 60 24 36
Input: [4.000000 5.000000 6.000000 ]
label: [120.000000 30.000000 45.000000 ]
Output: [119.999000 30.000120 45.000032 ]
Error: [0.001000 -0.000120 -0.000032 ]
Training successful | Inputs: 4 5 6 | Labels: 120 30 45
Input: [5.000000 6.000000 7.000000 ]
label: [210.000000 36.000000 54.000000 ]
Output: [209.999001 36.000095 54.000020 ]
Error: [0.000999 -0.000095 -0.000020 ]
Training successful | Inputs: 5 6 7 | Labels: 210 36 54
Input: [6.000000 7.000000 8.000000 ]
label: [336.000000 42.000000 63.000000 ]
Output: [335.999000 42.000076 63.000013 ]
Error: [0.001000 -0.000076 -0.000013 ]
Training successful | Inputs: 6 7 8 | Labels: 336 42 63
Input: [7.000000 8.000000 9.000000 ]
label: [504.000000 48.000000 72.000000 ]
Output: [503.999000 48.000063 72.000009 ]
Error: [0.001000 -0.000063 -0.000009 ]
Training successful | Inputs: 7 8 9 | Labels: 504 48 72
Input: [8.000000 9.000000 10.000000 ]
label: [720.000000 54.000000 81.000000 ]
Output: [719.999000 54.000052 81.000007 ]
Error: [0.001000 -0.000052 -0.000007 ]
Training successful | Inputs: 8 9 10 | Labels: 720 54 81
Input: [9.000000 10.000000 11.000000 ]
label: [990.000000 60.000000 90.000000 ]
Output: [989.999001 60.000044 90.000005 ]
Error: [0.000999 -0.000044 -0.000005 ]
Training successful | Inputs: 9 10 11 | Labels: 990 60 90
Input: [10.000000 11.000000 12.000000 ]
label: [1320.000000 66.000000 99.000000 ]
Output: [1319.999000 66.000038 99.000004 ]
Error: [0.001000 -0.000038 -0.000004 ]
Training successful | Inputs: 10 11 12 | Labels: 1320 66 99
Epoch 4 completed
Input: [1.000000 2.000000 3.000000 ]
label: [6.000000 12.000000 18.000000 ]
Output: [6.001000 11.999630 17.999741 ]
Error: [-0.001000 0.000370 0.000259 ]
Training successful | Inputs: 1 2 3 | Labels: 6 12 18
Input: [2.000000 3.000000 4.000000 ]
label: [24.000000 18.000000 27.000000 ]
Output: [23.999001 18.000250 27.000099 ]
Error: [0.000999 -0.000250 -0.000099 ]
Training successful | Inputs: 2 3 4 | Labels: 24 18 27
Input: [3.000000 4.000000 5.000000 ]
label: [60.000000 24.000000 36.000000 ]
Output: [59.999000 24.000184 36.000049 ]
Error: [0.001000 -0.000184 -0.000049 ]
Training successful | Inputs: 3 4 5 | Labels: 60 24 36
Input: [4.000000 5.000000 6.000000 ]
label: [120.000000 30.000000 45.000000 ]
Output: [119.999000 30.000140 45.000028 ]
Error: [0.001000 -0.000140 -0.000028 ]
Training successful | Inputs: 4 5 6 | Labels: 120 30 45
Input: [5.000000 6.000000 7.000000 ]
label: [210.000000 36.000000 54.000000 ]
Output: [209.999000 36.000109 54.000017 ]
Error: [0.001000 -0.000109 -0.000017 ]
Training successful | Inputs: 5 6 7 | Labels: 210 36 54
Input: [6.000000 7.000000 8.000000 ]
label: [336.000000 42.000000 63.000000 ]
Output: [335.999000 42.000086 63.000011 ]
Error: [0.001000 -0.000086 -0.000011 ]
Training successful | Inputs: 6 7 8 | Labels: 336 42 63
Input: [7.000000 8.000000 9.000000 ]
label: [504.000000 48.000000 72.000000 ]
Output: [503.999001 48.000070 72.000008 ]
Error: [0.000999 -0.000070 -0.000008 ]
Training successful | Inputs: 7 8 9 | Labels: 504 48 72
Input: [8.000000 9.000000 10.000000 ]
label: [720.000000 54.000000 81.000000 ]
Output: [719.999001 54.000057 81.000006 ]
Error: [0.000999 -0.000057 -0.000006 ]
Training successful | Inputs: 8 9 10 | Labels: 720 54 81
Input: [9.000000 10.000000 11.000000 ]
label: [990.000000 60.000000 90.000000 ]
Output: [989.999001 60.000048 90.000004 ]
Error: [0.000999 -0.000048 -0.000004 ]
Training successful | Inputs: 9 10 11 | Labels: 990 60 90
Input: [10.000000 11.000000 12.000000 ]
label: [1320.000000 66.000000 99.000000 ]
Output: [1319.999001 66.000040 99.000003 ]
Error: [0.000999 -0.000040 -0.000003 ]
Training successful | Inputs: 10 11 12 | Labels: 1320 66 99
Epoch 5 completed
Input: [1.000000 2.000000 3.000000 ]
label: [6.000000 12.000000 18.000000 ]
Output: [6.000999 11.999464 17.999730 ]
Error: [-0.000999 0.000536 0.000270 ]
Training successful | Inputs: 1 2 3 | Labels: 6 12 18
Input: [2.000000 3.000000 4.000000 ]
label: [24.000000 18.000000 27.000000 ]
Output: [23.999000 18.000326 27.000103 ]
Error: [0.001000 -0.000326 -0.000103 ]
Training successful | Inputs: 2 3 4 | Labels: 24 18 27
Input: [3.000000 4.000000 5.000000 ]
label: [60.000000 24.000000 36.000000 ]
Output: [59.999000 24.000225 36.000051 ]
Error: [0.001000 -0.000225 -0.000051 ]
Training successful | Inputs: 3 4 5 | Labels: 60 24 36
Input: [4.000000 5.000000 6.000000 ]
label: [120.000000 30.000000 45.000000 ]
Output: [119.999001 30.000163 45.000030 ]
Error: [0.000999 -0.000163 -0.000030 ]
Training successful | Inputs: 4 5 6 | Labels: 120 30 45
Input: [5.000000 6.000000 7.000000 ]
label: [210.000000 36.000000 54.000000 ]
Output: [209.999000 36.000122 54.000019 ]
Error: [0.001000 -0.000122 -0.000019 ]
Training successful | Inputs: 5 6 7 | Labels: 210 36 54
Input: [6.000000 7.000000 8.000000 ]
label: [336.000000 42.000000 63.000000 ]
Output: [335.999000 42.000095 63.000013 ]
Error: [0.001000 -0.000095 -0.000013 ]
Training successful | Inputs: 6 7 8 | Labels: 336 42 63
Input: [7.000000 8.000000 9.000000 ]
label: [504.000000 48.000000 72.000000 ]
Output: [503.999000 48.000075 72.000009 ]
Error: [0.001000 -0.000075 -0.000009 ]
Training successful | Inputs: 7 8 9 | Labels: 504 48 72
Input: [8.000000 9.000000 10.000000 ]
label: [720.000000 54.000000 81.000000 ]
Output: [719.999000 54.000061 81.000007 ]
Error: [0.001000 -0.000061 -0.000007 ]
Training successful | Inputs: 8 9 10 | Labels: 720 54 81
Input: [9.000000 10.000000 11.000000 ]
label: [990.000000 60.000000 90.000000 ]
Output: [989.999001 60.000050 90.000006 ]
Error: [0.000999 -0.000050 -0.000006 ]
Training successful | Inputs: 9 10 11 | Labels: 990 60 90
Input: [10.000000 11.000000 12.000000 ]
label: [1320.000000 66.000000 99.000000 ]
Output: [1319.999001 66.000042 99.000005 ]
Error: [0.000999 -0.000042 -0.000005 ]
Training successful | Inputs: 10 11 12 | Labels: 1320 66 99
Epoch 6 completed
Input: [1.000000 2.000000 3.000000 ]
label: [6.000000 12.000000 18.000000 ]
Output: [6.000999 11.999013 17.999829 ]
Error: [-0.000999 0.000987 0.000171 ]
Training successful | Inputs: 1 2 3 | Labels: 6 12 18
Input: [2.000000 3.000000 4.000000 ]
label: [24.000000 18.000000 27.000000 ]
Output: [23.999000 18.000442 27.000073 ]
Error: [0.001000 -0.000442 -0.000073 ]
Training successful | Inputs: 2 3 4 | Labels: 24 18 27
Input: [3.000000 4.000000 5.000000 ]
label: [60.000000 24.000000 36.000000 ]
Output: [59.999001 24.000269 36.000039 ]
Error: [0.000999 -0.000269 -0.000039 ]
Training successful | Inputs: 3 4 5 | Labels: 60 24 36
Input: [4.000000 5.000000 6.000000 ]
label: [120.000000 30.000000 45.000000 ]
Output: [119.999001 30.000182 45.000024 ]
Error: [0.000999 -0.000182 -0.000024 ]
Training successful | Inputs: 4 5 6 | Labels: 120 30 45
Input: [5.000000 6.000000 7.000000 ]
label: [210.000000 36.000000 54.000000 ]
Output: [209.999001 36.000132 54.000016 ]
Error: [0.000999 -0.000132 -0.000016 ]
Training successful | Inputs: 5 6 7 | Labels: 210 36 54
Input: [6.000000 7.000000 8.000000 ]
label: [336.000000 42.000000 63.000000 ]
Output: [335.999000 42.000099 63.000012 ]
Error: [0.001000 -0.000099 -0.000012 ]
Training successful | Inputs: 6 7 8 | Labels: 336 42 63
Input: [7.000000 8.000000 9.000000 ]
label: [504.000000 48.000000 72.000000 ]
Output: [503.999001 48.000077 72.000009 ]
Error: [0.000999 -0.000077 -0.000009 ]
Training successful | Inputs: 7 8 9 | Labels: 504 48 72
Input: [8.000000 9.000000 10.000000 ]
label: [720.000000 54.000000 81.000000 ]
Output: [719.999000 54.000062 81.000007 ]
Error: [0.001000 -0.000062 -0.000007 ]
Training successful | Inputs: 8 9 10 | Labels: 720 54 81
Input: [9.000000 10.000000 11.000000 ]
label: [990.000000 60.000000 90.000000 ]
Output: [989.999001 60.000051 90.000006 ]
Error: [0.000999 -0.000051 -0.000006 ]
Training successful | Inputs: 9 10 11 | Labels: 990 60 90
Input: [10.000000 11.000000 12.000000 ]
label: [1320.000000 66.000000 99.000000 ]
Output: [1319.999001 66.000042 99.000005 ]
Error: [0.000999 -0.000042 -0.000005 ]
Training successful | Inputs: 10 11 12 | Labels: 1320 66 99
Epoch 7 completed
Input: [1.000000 2.000000 3.000000 ]
label: [6.000000 12.000000 18.000000 ]
Output: [6.000064 11.999001 18.000086 ]
Error: [-0.000064 0.000999 -0.000086 ]
Training successful | Inputs: 1 2 3 | Labels: 6 12 18
Input: [2.000000 3.000000 4.000000 ]
label: [24.000000 18.000000 27.000000 ]
Output: [23.999001 18.000687 27.000029 ]
Error: [0.000999 -0.000687 -0.000029 ]
Training successful | Inputs: 2 3 4 | Labels: 24 18 27
Input: [3.000000 4.000000 5.000000 ]
label: [60.000000 24.000000 36.000000 ]
Output: [59.999001 24.000319 36.000035 ]
Error: [0.000999 -0.000319 -0.000035 ]
Training successful | Inputs: 3 4 5 | Labels: 60 24 36
Input: [4.000000 5.000000 6.000000 ]
label: [120.000000 30.000000 45.000000 ]
Output: [119.999000 30.000192 45.000034 ]
Error: [0.001000 -0.000192 -0.000034 ]
Training successful | Inputs: 4 5 6 | Labels: 120 30 45
Input: [5.000000 6.000000 7.000000 ]
label: [210.000000 36.000000 54.000000 ]
Output: [209.999000 36.000125 54.000035 ]
Error: [0.001000 -0.000125 -0.000035 ]
Training successful | Inputs: 5 6 7 | Labels: 210 36 54
Input: [6.000000 7.000000 8.000000 ]
label: [336.000000 42.000000 63.000000 ]
Output: [335.999001 42.000072 63.000031 ]
Error: [0.000999 -0.000072 -0.000031 ]
Training successful | Inputs: 6 7 8 | Labels: 336 42 63
Input: [7.000000 8.000000 9.000000 ]
label: [504.000000 48.000000 72.000000 ]
Output: [503.999001 48.000064 72.000022 ]
Error: [0.000999 -0.000064 -0.000022 ]
Training successful | Inputs: 7 8 9 | Labels: 504 48 72
Input: [8.000000 9.000000 10.000000 ]
label: [720.000000 54.000000 81.000000 ]
Output: [719.999000 54.000051 81.000017 ]
Error: [0.001000 -0.000051 -0.000017 ]
Training successful | Inputs: 8 9 10 | Labels: 720 54 81
Input: [9.000000 10.000000 11.000000 ]
label: [990.000000 60.000000 90.000000 ]
Output: [989.999001 60.000042 90.000014 ]
Error: [0.000999 -0.000042 -0.000014 ]
Training successful | Inputs: 9 10 11 | Labels: 990 60 90
Input: [10.000000 11.000000 12.000000 ]
label: [1320.000000 66.000000 99.000000 ]
Output: [1319.999000 66.000036 99.000011 ]
Error: [0.001000 -0.000036 -0.000011 ]
Training successful | Inputs: 10 11 12 | Labels: 1320 66 99
Epoch 8 completed
Input: [1.000000 2.000000 3.000000 ]
label: [6.000000 12.000000 18.000000 ]
Output: [6.000037 11.999000 18.000048 ]
Error: [-0.000037 0.001000 -0.000048 ]
Training successful | Inputs: 1 2 3 | Labels: 6 12 18
Input: [2.000000 3.000000 4.000000 ]
label: [24.000000 18.000000 27.000000 ]
Output: [23.999000 18.000694 27.000017 ]
Error: [0.001000 -0.000694 -0.000017 ]
Training successful | Inputs: 2 3 4 | Labels: 24 18 27
Input: [3.000000 4.000000 5.000000 ]
label: [60.000000 24.000000 36.000000 ]
Output: [59.999001 24.000267 36.000030 ]
Error: [0.000999 -0.000267 -0.000030 ]
Training successful | Inputs: 3 4 5 | Labels: 60 24 36
Input: [4.000000 5.000000 6.000000 ]
label: [120.000000 30.000000 45.000000 ]
Output: [119.999000 30.000091 45.000041 ]
Error: [0.001000 -0.000091 -0.000041 ]
Training successful | Inputs: 4 5 6 | Labels: 120 30 45
Input: [5.000000 6.000000 7.000000 ]
label: [210.000000 36.000000 54.000000 ]
Output: [209.999000 36.000054 54.000036 ]
Error: [0.001000 -0.000054 -0.000036 ]
Training successful | Inputs: 5 6 7 | Labels: 210 36 54
Input: [6.000000 7.000000 8.000000 ]
label: [336.000000 42.000000 63.000000 ]
Output: [335.999000 42.000041 63.000031 ]
Error: [0.001000 -0.000041 -0.000031 ]
Training successful | Inputs: 6 7 8 | Labels: 336 42 63
Input: [7.000000 8.000000 9.000000 ]
label: [504.000000 48.000000 72.000000 ]
Output: [503.999000 48.000033 72.000026 ]
Error: [0.001000 -0.000033 -0.000026 ]
Training successful | Inputs: 7 8 9 | Labels: 504 48 72
Input: [8.000000 9.000000 10.000000 ]
label: [720.000000 54.000000 81.000000 ]
Output: [719.999000 54.000028 81.000022 ]
Error: [0.001000 -0.000028 -0.000022 ]
Training successful | Inputs: 8 9 10 | Labels: 720 54 81
Input: [9.000000 10.000000 11.000000 ]
label: [990.000000 60.000000 90.000000 ]
Output: [989.999001 60.000024 90.000018 ]
Error: [0.000999 -0.000024 -0.000018 ]
Training successful | Inputs: 9 10 11 | Labels: 990 60 90
Input: [10.000000 11.000000 12.000000 ]
label: [1320.000000 66.000000 99.000000 ]
Output: [1319.999001 66.000021 99.000016 ]
Error: [0.000999 -0.000021 -0.000016 ]
Training successful | Inputs: 10 11 12 | Labels: 1320 66 99
Epoch 9 completed